[1.382s] Invoking command in '/home/parallels/ros2_ws/src/opencv_tools': PYTHONPATH=/home/parallels/ros2_ws/build/opencv_tools/prefix_override:/home/parallels/ros2_ws/install/opencv_tools/lib/python3.10/site-packages:${PYTHONPATH} /usr/bin/python3 setup.py egg_info --egg-base ../../build/opencv_tools build --build-base /home/parallels/ros2_ws/build/opencv_tools/build install --record /home/parallels/ros2_ws/build/opencv_tools/install.log --single-version-externally-managed
[1.735s] running egg_info
[1.737s] writing ../../build/opencv_tools/opencv_tools.egg-info/PKG-INFO
[1.738s] writing dependency_links to ../../build/opencv_tools/opencv_tools.egg-info/dependency_links.txt
[1.739s] writing entry points to ../../build/opencv_tools/opencv_tools.egg-info/entry_points.txt
[1.739s] writing requirements to ../../build/opencv_tools/opencv_tools.egg-info/requires.txt
[1.740s] writing top-level names to ../../build/opencv_tools/opencv_tools.egg-info/top_level.txt
[1.743s] reading manifest file '../../build/opencv_tools/opencv_tools.egg-info/SOURCES.txt'
[1.748s] writing manifest file '../../build/opencv_tools/opencv_tools.egg-info/SOURCES.txt'
[1.748s] running build
[1.749s] running build_py
[1.749s] copying opencv_tools/basic_image_publisher.py -> /home/parallels/ros2_ws/build/opencv_tools/build/lib/opencv_tools
[1.749s] running install
[1.752s] /usr/lib/python3/dist-packages/setuptools/command/install.py:34: SetuptoolsDeprecationWarning: setup.py install is deprecated. Use build and pip and other standards-based tools.
[1.752s]   warnings.warn(
[1.753s] running install_lib
[1.755s] copying /home/parallels/ros2_ws/build/opencv_tools/build/lib/opencv_tools/basic_image_publisher.py -> /home/parallels/ros2_ws/install/opencv_tools/lib/python3.10/site-packages/opencv_tools
[1.757s] byte-compiling /home/parallels/ros2_ws/install/opencv_tools/lib/python3.10/site-packages/opencv_tools/basic_image_publisher.py to basic_image_publisher.cpython-310.pyc
[1.760s] running install_data
[1.761s] running install_egg_info
[1.764s] removing '/home/parallels/ros2_ws/install/opencv_tools/lib/python3.10/site-packages/opencv_tools-0.0.0-py3.10.egg-info' (and everything under it)
[1.773s] Copying ../../build/opencv_tools/opencv_tools.egg-info to /home/parallels/ros2_ws/install/opencv_tools/lib/python3.10/site-packages/opencv_tools-0.0.0-py3.10.egg-info
[1.773s] running install_scripts
[1.808s] Installing img_publisher script to /home/parallels/ros2_ws/install/opencv_tools/lib/opencv_tools
[1.808s] Installing img_subscriber script to /home/parallels/ros2_ws/install/opencv_tools/lib/opencv_tools
[1.808s] writing list of installed files to '/home/parallels/ros2_ws/build/opencv_tools/install.log'
[1.839s] Invoked command in '/home/parallels/ros2_ws/src/opencv_tools' returned '0': PYTHONPATH=/home/parallels/ros2_ws/build/opencv_tools/prefix_override:/home/parallels/ros2_ws/install/opencv_tools/lib/python3.10/site-packages:${PYTHONPATH} /usr/bin/python3 setup.py egg_info --egg-base ../../build/opencv_tools build --build-base /home/parallels/ros2_ws/build/opencv_tools/build install --record /home/parallels/ros2_ws/build/opencv_tools/install.log --single-version-externally-managed
