[0.642s] Invoking command in '/home/parallels/ros2_ws/src/py_pubsub': PYTHONPATH=/home/parallels/ros2_ws/build/py_pubsub/prefix_override:/home/parallels/ros2_ws/install/py_pubsub/lib/python3.10/site-packages:${PYTHONPATH} /usr/bin/python3 setup.py egg_info --egg-base ../../build/py_pubsub build --build-base /home/parallels/ros2_ws/build/py_pubsub/build install --record /home/parallels/ros2_ws/build/py_pubsub/install.log --single-version-externally-managed
[0.891s] running egg_info
[0.891s] writing ../../build/py_pubsub/py_pubsub.egg-info/PKG-INFO
[0.893s] writing dependency_links to ../../build/py_pubsub/py_pubsub.egg-info/dependency_links.txt
[0.894s] writing entry points to ../../build/py_pubsub/py_pubsub.egg-info/entry_points.txt
[0.894s] writing requirements to ../../build/py_pubsub/py_pubsub.egg-info/requires.txt
[0.894s] writing top-level names to ../../build/py_pubsub/py_pubsub.egg-info/top_level.txt
[0.895s] reading manifest file '../../build/py_pubsub/py_pubsub.egg-info/SOURCES.txt'
[0.896s] adding license file 'LICENSE'
[0.898s] writing manifest file '../../build/py_pubsub/py_pubsub.egg-info/SOURCES.txt'
[0.898s] running build
[0.898s] running build_py
[0.899s] running install
[0.899s] /usr/lib/python3/dist-packages/setuptools/command/install.py:34: SetuptoolsDeprecationWarning: setup.py install is deprecated. Use build and pip and other standards-based tools.
[0.899s]   warnings.warn(
[0.900s] running install_lib
[0.901s] running install_data
[0.902s] running install_egg_info
[0.904s] removing '/home/parallels/ros2_ws/install/py_pubsub/lib/python3.10/site-packages/py_pubsub-0.0.0-py3.10.egg-info' (and everything under it)
[0.920s] Copying ../../build/py_pubsub/py_pubsub.egg-info to /home/parallels/ros2_ws/install/py_pubsub/lib/python3.10/site-packages/py_pubsub-0.0.0-py3.10.egg-info
[0.924s] running install_scripts
[0.958s] Installing listener script to /home/parallels/ros2_ws/install/py_pubsub/lib/py_pubsub
[0.962s] Installing talker script to /home/parallels/ros2_ws/install/py_pubsub/lib/py_pubsub
[0.962s] writing list of installed files to '/home/parallels/ros2_ws/build/py_pubsub/install.log'
[1.005s] Invoked command in '/home/parallels/ros2_ws/src/py_pubsub' returned '0': PYTHONPATH=/home/parallels/ros2_ws/build/py_pubsub/prefix_override:/home/parallels/ros2_ws/install/py_pubsub/lib/python3.10/site-packages:${PYTHONPATH} /usr/bin/python3 setup.py egg_info --egg-base ../../build/py_pubsub build --build-base /home/parallels/ros2_ws/build/py_pubsub/build install --record /home/parallels/ros2_ws/build/py_pubsub/install.log --single-version-externally-managed
