[0.601s] DEBUG:colcon:Command line arguments: ['/usr/bin/colcon', 'build']
[0.602s] DEBUG:colcon:Parsed command line arguments: Namespace(log_base=None, log_level=None, verb_name='build', build_base='build', install_base='install', merge_install=False, symlink_install=False, test_result_base=None, continue_on_error=False, executor='parallel', parallel_workers=3, event_handlers=None, ignore_user_meta=False, metas=['./colcon.meta'], base_paths=['.'], packages_ignore=None, packages_ignore_regex=None, paths=None, packages_up_to=None, packages_up_to_regex=None, packages_above=None, packages_above_and_dependencies=None, packages_above_depth=None, packages_select_by_dep=None, packages_skip_by_dep=None, packages_skip_up_to=None, packages_select_build_failed=False, packages_skip_build_finished=False, packages_select_test_failures=False, packages_skip_test_passed=False, packages_select=None, packages_skip=None, packages_select_regex=None, packages_skip_regex=None, packages_start=None, packages_end=None, allow_overriding=[], cmake_args=None, cmake_target=None, cmake_target_skip_unavailable=False, cmake_clean_cache=False, cmake_clean_first=False, cmake_force_configure=False, ament_cmake_args=None, catkin_cmake_args=None, catkin_skip_building_tests=False, verb_parser=<colcon_defaults.argument_parser.defaults.DefaultArgumentsDecorator object at 0xffff7eb82b00>, verb_extension=<colcon_core.verb.build.BuildVerb object at 0xffff7f0e7ee0>, main=<bound method BuildVerb.main of <colcon_core.verb.build.BuildVerb object at 0xffff7f0e7ee0>>)
[0.630s] Level 1:colcon.colcon_core.package_discovery:discover_packages(colcon_meta) check parameters
[0.630s] Level 1:colcon.colcon_core.package_discovery:discover_packages(recursive) check parameters
[0.630s] Level 1:colcon.colcon_core.package_discovery:discover_packages(ignore) check parameters
[0.630s] Level 1:colcon.colcon_core.package_discovery:discover_packages(path) check parameters
[0.630s] Level 1:colcon.colcon_core.package_discovery:discover_packages(colcon_meta) discover
[0.630s] Level 1:colcon.colcon_core.package_discovery:discover_packages(recursive) discover
[0.631s] INFO:colcon.colcon_core.package_discovery:Crawling recursively for packages in '/home/parallels/ros2_ws'
[0.631s] Level 1:colcon.colcon_core.package_identification:_identify(.) by extensions ['ignore', 'ignore_ament_install']
[0.631s] Level 1:colcon.colcon_core.package_identification:_identify(.) by extension 'ignore'
[0.631s] Level 1:colcon.colcon_core.package_identification:_identify(.) by extension 'ignore_ament_install'
[0.631s] Level 1:colcon.colcon_core.package_identification:_identify(.) by extensions ['colcon_pkg']
[0.631s] Level 1:colcon.colcon_core.package_identification:_identify(.) by extension 'colcon_pkg'
[0.631s] Level 1:colcon.colcon_core.package_identification:_identify(.) by extensions ['colcon_meta']
[0.631s] Level 1:colcon.colcon_core.package_identification:_identify(.) by extension 'colcon_meta'
[0.631s] Level 1:colcon.colcon_core.package_identification:_identify(.) by extensions ['ros']
[0.631s] Level 1:colcon.colcon_core.package_identification:_identify(.) by extension 'ros'
[0.640s] Level 1:colcon.colcon_core.package_identification:_identify(.) by extensions ['cmake', 'python']
[0.640s] Level 1:colcon.colcon_core.package_identification:_identify(.) by extension 'cmake'
[0.640s] Level 1:colcon.colcon_core.package_identification:_identify(.) by extension 'python'
[0.640s] Level 1:colcon.colcon_core.package_identification:_identify(.) by extensions ['python_setup_py']
[0.640s] Level 1:colcon.colcon_core.package_identification:_identify(.) by extension 'python_setup_py'
[0.640s] Level 1:colcon.colcon_core.package_identification:_identify(build) by extensions ['ignore', 'ignore_ament_install']
[0.640s] Level 1:colcon.colcon_core.package_identification:_identify(build) by extension 'ignore'
[0.640s] Level 1:colcon.colcon_core.package_identification:_identify(build) ignored
[0.640s] Level 1:colcon.colcon_core.package_identification:_identify(install) by extensions ['ignore', 'ignore_ament_install']
[0.640s] Level 1:colcon.colcon_core.package_identification:_identify(install) by extension 'ignore'
[0.640s] Level 1:colcon.colcon_core.package_identification:_identify(install) ignored
[0.640s] Level 1:colcon.colcon_core.package_identification:_identify(log) by extensions ['ignore', 'ignore_ament_install']
[0.640s] Level 1:colcon.colcon_core.package_identification:_identify(log) by extension 'ignore'
[0.641s] Level 1:colcon.colcon_core.package_identification:_identify(log) ignored
[0.641s] Level 1:colcon.colcon_core.package_identification:_identify(src) by extensions ['ignore', 'ignore_ament_install']
[0.641s] Level 1:colcon.colcon_core.package_identification:_identify(src) by extension 'ignore'
[0.641s] Level 1:colcon.colcon_core.package_identification:_identify(src) by extension 'ignore_ament_install'
[0.641s] Level 1:colcon.colcon_core.package_identification:_identify(src) by extensions ['colcon_pkg']
[0.641s] Level 1:colcon.colcon_core.package_identification:_identify(src) by extension 'colcon_pkg'
[0.641s] Level 1:colcon.colcon_core.package_identification:_identify(src) by extensions ['colcon_meta']
[0.641s] Level 1:colcon.colcon_core.package_identification:_identify(src) by extension 'colcon_meta'
[0.641s] Level 1:colcon.colcon_core.package_identification:_identify(src) by extensions ['ros']
[0.641s] Level 1:colcon.colcon_core.package_identification:_identify(src) by extension 'ros'
[0.641s] Level 1:colcon.colcon_core.package_identification:_identify(src) by extensions ['cmake', 'python']
[0.641s] Level 1:colcon.colcon_core.package_identification:_identify(src) by extension 'cmake'
[0.641s] Level 1:colcon.colcon_core.package_identification:_identify(src) by extension 'python'
[0.641s] Level 1:colcon.colcon_core.package_identification:_identify(src) by extensions ['python_setup_py']
[0.641s] Level 1:colcon.colcon_core.package_identification:_identify(src) by extension 'python_setup_py'
[0.641s] Level 1:colcon.colcon_core.package_identification:_identify(src/cpp_pubsub) by extensions ['ignore', 'ignore_ament_install']
[0.641s] Level 1:colcon.colcon_core.package_identification:_identify(src/cpp_pubsub) by extension 'ignore'
[0.641s] Level 1:colcon.colcon_core.package_identification:_identify(src/cpp_pubsub) by extension 'ignore_ament_install'
[0.641s] Level 1:colcon.colcon_core.package_identification:_identify(src/cpp_pubsub) by extensions ['colcon_pkg']
[0.641s] Level 1:colcon.colcon_core.package_identification:_identify(src/cpp_pubsub) by extension 'colcon_pkg'
[0.641s] Level 1:colcon.colcon_core.package_identification:_identify(src/cpp_pubsub) by extensions ['colcon_meta']
[0.641s] Level 1:colcon.colcon_core.package_identification:_identify(src/cpp_pubsub) by extension 'colcon_meta'
[0.641s] Level 1:colcon.colcon_core.package_identification:_identify(src/cpp_pubsub) by extensions ['ros']
[0.641s] Level 1:colcon.colcon_core.package_identification:_identify(src/cpp_pubsub) by extension 'ros'
[0.643s] DEBUG:colcon.colcon_core.package_identification:Package 'src/cpp_pubsub' with type 'ros.ament_cmake' and name 'cpp_pubsub'
[0.643s] Level 1:colcon.colcon_core.package_identification:_identify(src/cpp_srvcli) by extensions ['ignore', 'ignore_ament_install']
[0.643s] Level 1:colcon.colcon_core.package_identification:_identify(src/cpp_srvcli) by extension 'ignore'
[0.643s] Level 1:colcon.colcon_core.package_identification:_identify(src/cpp_srvcli) by extension 'ignore_ament_install'
[0.643s] Level 1:colcon.colcon_core.package_identification:_identify(src/cpp_srvcli) by extensions ['colcon_pkg']
[0.643s] Level 1:colcon.colcon_core.package_identification:_identify(src/cpp_srvcli) by extension 'colcon_pkg'
[0.643s] Level 1:colcon.colcon_core.package_identification:_identify(src/cpp_srvcli) by extensions ['colcon_meta']
[0.643s] Level 1:colcon.colcon_core.package_identification:_identify(src/cpp_srvcli) by extension 'colcon_meta'
[0.643s] Level 1:colcon.colcon_core.package_identification:_identify(src/cpp_srvcli) by extensions ['ros']
[0.643s] Level 1:colcon.colcon_core.package_identification:_identify(src/cpp_srvcli) by extension 'ros'
[0.644s] DEBUG:colcon.colcon_core.package_identification:Package 'src/cpp_srvcli' with type 'ros.ament_cmake' and name 'cpp_srvcli'
[0.644s] Level 1:colcon.colcon_core.package_identification:_identify(src/custom_interfaces) by extensions ['ignore', 'ignore_ament_install']
[0.644s] Level 1:colcon.colcon_core.package_identification:_identify(src/custom_interfaces) by extension 'ignore'
[0.644s] Level 1:colcon.colcon_core.package_identification:_identify(src/custom_interfaces) by extension 'ignore_ament_install'
[0.644s] Level 1:colcon.colcon_core.package_identification:_identify(src/custom_interfaces) by extensions ['colcon_pkg']
[0.644s] Level 1:colcon.colcon_core.package_identification:_identify(src/custom_interfaces) by extension 'colcon_pkg'
[0.644s] Level 1:colcon.colcon_core.package_identification:_identify(src/custom_interfaces) by extensions ['colcon_meta']
[0.644s] Level 1:colcon.colcon_core.package_identification:_identify(src/custom_interfaces) by extension 'colcon_meta'
[0.644s] Level 1:colcon.colcon_core.package_identification:_identify(src/custom_interfaces) by extensions ['ros']
[0.644s] Level 1:colcon.colcon_core.package_identification:_identify(src/custom_interfaces) by extension 'ros'
[0.645s] DEBUG:colcon.colcon_core.package_identification:Package 'src/custom_interfaces' with type 'ros.ament_cmake' and name 'custom_interfaces'
[0.645s] Level 1:colcon.colcon_core.package_identification:_identify(src/opencv_tools) by extensions ['ignore', 'ignore_ament_install']
[0.645s] Level 1:colcon.colcon_core.package_identification:_identify(src/opencv_tools) by extension 'ignore'
[0.645s] Level 1:colcon.colcon_core.package_identification:_identify(src/opencv_tools) by extension 'ignore_ament_install'
[0.645s] Level 1:colcon.colcon_core.package_identification:_identify(src/opencv_tools) by extensions ['colcon_pkg']
[0.645s] Level 1:colcon.colcon_core.package_identification:_identify(src/opencv_tools) by extension 'colcon_pkg'
[0.645s] Level 1:colcon.colcon_core.package_identification:_identify(src/opencv_tools) by extensions ['colcon_meta']
[0.645s] Level 1:colcon.colcon_core.package_identification:_identify(src/opencv_tools) by extension 'colcon_meta'
[0.645s] Level 1:colcon.colcon_core.package_identification:_identify(src/opencv_tools) by extensions ['ros']
[0.645s] Level 1:colcon.colcon_core.package_identification:_identify(src/opencv_tools) by extension 'ros'
[0.645s] DEBUG:colcon.colcon_core.package_identification:Package 'src/opencv_tools' with type 'ros.ament_python' and name 'opencv_tools'
[0.645s] Level 1:colcon.colcon_core.package_identification:_identify(src/py_pubsub) by extensions ['ignore', 'ignore_ament_install']
[0.646s] Level 1:colcon.colcon_core.package_identification:_identify(src/py_pubsub) by extension 'ignore'
[0.646s] Level 1:colcon.colcon_core.package_identification:_identify(src/py_pubsub) by extension 'ignore_ament_install'
[0.646s] Level 1:colcon.colcon_core.package_identification:_identify(src/py_pubsub) by extensions ['colcon_pkg']
[0.646s] Level 1:colcon.colcon_core.package_identification:_identify(src/py_pubsub) by extension 'colcon_pkg'
[0.646s] Level 1:colcon.colcon_core.package_identification:_identify(src/py_pubsub) by extensions ['colcon_meta']
[0.646s] Level 1:colcon.colcon_core.package_identification:_identify(src/py_pubsub) by extension 'colcon_meta'
[0.646s] Level 1:colcon.colcon_core.package_identification:_identify(src/py_pubsub) by extensions ['ros']
[0.646s] Level 1:colcon.colcon_core.package_identification:_identify(src/py_pubsub) by extension 'ros'
[0.646s] DEBUG:colcon.colcon_core.package_identification:Package 'src/py_pubsub' with type 'ros.ament_python' and name 'py_pubsub'
[0.646s] Level 1:colcon.colcon_core.package_identification:_identify(src/py_srvcli) by extensions ['ignore', 'ignore_ament_install']
[0.646s] Level 1:colcon.colcon_core.package_identification:_identify(src/py_srvcli) by extension 'ignore'
[0.646s] Level 1:colcon.colcon_core.package_identification:_identify(src/py_srvcli) by extension 'ignore_ament_install'
[0.646s] Level 1:colcon.colcon_core.package_identification:_identify(src/py_srvcli) by extensions ['colcon_pkg']
[0.646s] Level 1:colcon.colcon_core.package_identification:_identify(src/py_srvcli) by extension 'colcon_pkg'
[0.646s] Level 1:colcon.colcon_core.package_identification:_identify(src/py_srvcli) by extensions ['colcon_meta']
[0.646s] Level 1:colcon.colcon_core.package_identification:_identify(src/py_srvcli) by extension 'colcon_meta'
[0.646s] Level 1:colcon.colcon_core.package_identification:_identify(src/py_srvcli) by extensions ['ros']
[0.646s] Level 1:colcon.colcon_core.package_identification:_identify(src/py_srvcli) by extension 'ros'
[0.647s] DEBUG:colcon.colcon_core.package_identification:Package 'src/py_srvcli' with type 'ros.ament_python' and name 'py_srvcli'
[0.647s] Level 1:colcon.colcon_core.package_discovery:discover_packages(recursive) using defaults
[0.647s] Level 1:colcon.colcon_core.package_discovery:discover_packages(ignore) discover
[0.647s] Level 1:colcon.colcon_core.package_discovery:discover_packages(ignore) using defaults
[0.647s] Level 1:colcon.colcon_core.package_discovery:discover_packages(path) discover
[0.647s] Level 1:colcon.colcon_core.package_discovery:discover_packages(path) using defaults
[0.703s] Level 1:colcon.colcon_core.package_discovery:discover_packages(prefix_path) check parameters
[0.703s] Level 1:colcon.colcon_core.package_discovery:discover_packages(prefix_path) discover
[0.721s] DEBUG:colcon.colcon_installed_package_information.package_discovery:Found 290 installed packages in /opt/ros/humble
[0.723s] Level 1:colcon.colcon_core.package_discovery:discover_packages(prefix_path) using defaults
[0.790s] Level 5:colcon.colcon_core.verb:set package 'cpp_pubsub' build argument 'cmake_args' from command line to 'None'
[0.790s] Level 5:colcon.colcon_core.verb:set package 'cpp_pubsub' build argument 'cmake_target' from command line to 'None'
[0.790s] Level 5:colcon.colcon_core.verb:set package 'cpp_pubsub' build argument 'cmake_target_skip_unavailable' from command line to 'False'
[0.790s] Level 5:colcon.colcon_core.verb:set package 'cpp_pubsub' build argument 'cmake_clean_cache' from command line to 'False'
[0.790s] Level 5:colcon.colcon_core.verb:set package 'cpp_pubsub' build argument 'cmake_clean_first' from command line to 'False'
[0.790s] Level 5:colcon.colcon_core.verb:set package 'cpp_pubsub' build argument 'cmake_force_configure' from command line to 'False'
[0.790s] Level 5:colcon.colcon_core.verb:set package 'cpp_pubsub' build argument 'ament_cmake_args' from command line to 'None'
[0.790s] Level 5:colcon.colcon_core.verb:set package 'cpp_pubsub' build argument 'catkin_cmake_args' from command line to 'None'
[0.790s] Level 5:colcon.colcon_core.verb:set package 'cpp_pubsub' build argument 'catkin_skip_building_tests' from command line to 'False'
[0.790s] DEBUG:colcon.colcon_core.verb:Building package 'cpp_pubsub' with the following arguments: {'ament_cmake_args': None, 'build_base': '/home/parallels/ros2_ws/build/cpp_pubsub', 'catkin_cmake_args': None, 'catkin_skip_building_tests': False, 'cmake_args': None, 'cmake_clean_cache': False, 'cmake_clean_first': False, 'cmake_force_configure': False, 'cmake_target': None, 'cmake_target_skip_unavailable': False, 'install_base': '/home/parallels/ros2_ws/install/cpp_pubsub', 'merge_install': False, 'path': '/home/parallels/ros2_ws/src/cpp_pubsub', 'symlink_install': False, 'test_result_base': None}
[0.800s] Level 5:colcon.colcon_core.verb:set package 'cpp_srvcli' build argument 'cmake_args' from command line to 'None'
[0.800s] Level 5:colcon.colcon_core.verb:set package 'cpp_srvcli' build argument 'cmake_target' from command line to 'None'
[0.800s] Level 5:colcon.colcon_core.verb:set package 'cpp_srvcli' build argument 'cmake_target_skip_unavailable' from command line to 'False'
[0.800s] Level 5:colcon.colcon_core.verb:set package 'cpp_srvcli' build argument 'cmake_clean_cache' from command line to 'False'
[0.800s] Level 5:colcon.colcon_core.verb:set package 'cpp_srvcli' build argument 'cmake_clean_first' from command line to 'False'
[0.800s] Level 5:colcon.colcon_core.verb:set package 'cpp_srvcli' build argument 'cmake_force_configure' from command line to 'False'
[0.800s] Level 5:colcon.colcon_core.verb:set package 'cpp_srvcli' build argument 'ament_cmake_args' from command line to 'None'
[0.800s] Level 5:colcon.colcon_core.verb:set package 'cpp_srvcli' build argument 'catkin_cmake_args' from command line to 'None'
[0.800s] Level 5:colcon.colcon_core.verb:set package 'cpp_srvcli' build argument 'catkin_skip_building_tests' from command line to 'False'
[0.800s] DEBUG:colcon.colcon_core.verb:Building package 'cpp_srvcli' with the following arguments: {'ament_cmake_args': None, 'build_base': '/home/parallels/ros2_ws/build/cpp_srvcli', 'catkin_cmake_args': None, 'catkin_skip_building_tests': False, 'cmake_args': None, 'cmake_clean_cache': False, 'cmake_clean_first': False, 'cmake_force_configure': False, 'cmake_target': None, 'cmake_target_skip_unavailable': False, 'install_base': '/home/parallels/ros2_ws/install/cpp_srvcli', 'merge_install': False, 'path': '/home/parallels/ros2_ws/src/cpp_srvcli', 'symlink_install': False, 'test_result_base': None}
[0.808s] Level 5:colcon.colcon_core.verb:set package 'custom_interfaces' build argument 'cmake_args' from command line to 'None'
[0.808s] Level 5:colcon.colcon_core.verb:set package 'custom_interfaces' build argument 'cmake_target' from command line to 'None'
[0.808s] Level 5:colcon.colcon_core.verb:set package 'custom_interfaces' build argument 'cmake_target_skip_unavailable' from command line to 'False'
[0.808s] Level 5:colcon.colcon_core.verb:set package 'custom_interfaces' build argument 'cmake_clean_cache' from command line to 'False'
[0.808s] Level 5:colcon.colcon_core.verb:set package 'custom_interfaces' build argument 'cmake_clean_first' from command line to 'False'
[0.808s] Level 5:colcon.colcon_core.verb:set package 'custom_interfaces' build argument 'cmake_force_configure' from command line to 'False'
[0.808s] Level 5:colcon.colcon_core.verb:set package 'custom_interfaces' build argument 'ament_cmake_args' from command line to 'None'
[0.808s] Level 5:colcon.colcon_core.verb:set package 'custom_interfaces' build argument 'catkin_cmake_args' from command line to 'None'
[0.809s] Level 5:colcon.colcon_core.verb:set package 'custom_interfaces' build argument 'catkin_skip_building_tests' from command line to 'False'
[0.809s] DEBUG:colcon.colcon_core.verb:Building package 'custom_interfaces' with the following arguments: {'ament_cmake_args': None, 'build_base': '/home/parallels/ros2_ws/build/custom_interfaces', 'catkin_cmake_args': None, 'catkin_skip_building_tests': False, 'cmake_args': None, 'cmake_clean_cache': False, 'cmake_clean_first': False, 'cmake_force_configure': False, 'cmake_target': None, 'cmake_target_skip_unavailable': False, 'install_base': '/home/parallels/ros2_ws/install/custom_interfaces', 'merge_install': False, 'path': '/home/parallels/ros2_ws/src/custom_interfaces', 'symlink_install': False, 'test_result_base': None}
[0.817s] Level 5:colcon.colcon_core.verb:set package 'opencv_tools' build argument 'cmake_args' from command line to 'None'
[0.817s] Level 5:colcon.colcon_core.verb:set package 'opencv_tools' build argument 'cmake_target' from command line to 'None'
[0.817s] Level 5:colcon.colcon_core.verb:set package 'opencv_tools' build argument 'cmake_target_skip_unavailable' from command line to 'False'
[0.817s] Level 5:colcon.colcon_core.verb:set package 'opencv_tools' build argument 'cmake_clean_cache' from command line to 'False'
[0.817s] Level 5:colcon.colcon_core.verb:set package 'opencv_tools' build argument 'cmake_clean_first' from command line to 'False'
[0.817s] Level 5:colcon.colcon_core.verb:set package 'opencv_tools' build argument 'cmake_force_configure' from command line to 'False'
[0.817s] Level 5:colcon.colcon_core.verb:set package 'opencv_tools' build argument 'ament_cmake_args' from command line to 'None'
[0.817s] Level 5:colcon.colcon_core.verb:set package 'opencv_tools' build argument 'catkin_cmake_args' from command line to 'None'
[0.818s] Level 5:colcon.colcon_core.verb:set package 'opencv_tools' build argument 'catkin_skip_building_tests' from command line to 'False'
[0.818s] DEBUG:colcon.colcon_core.verb:Building package 'opencv_tools' with the following arguments: {'ament_cmake_args': None, 'build_base': '/home/parallels/ros2_ws/build/opencv_tools', 'catkin_cmake_args': None, 'catkin_skip_building_tests': False, 'cmake_args': None, 'cmake_clean_cache': False, 'cmake_clean_first': False, 'cmake_force_configure': False, 'cmake_target': None, 'cmake_target_skip_unavailable': False, 'install_base': '/home/parallels/ros2_ws/install/opencv_tools', 'merge_install': False, 'path': '/home/parallels/ros2_ws/src/opencv_tools', 'symlink_install': False, 'test_result_base': None}
[0.827s] Level 5:colcon.colcon_core.verb:set package 'py_pubsub' build argument 'cmake_args' from command line to 'None'
[0.827s] Level 5:colcon.colcon_core.verb:set package 'py_pubsub' build argument 'cmake_target' from command line to 'None'
[0.827s] Level 5:colcon.colcon_core.verb:set package 'py_pubsub' build argument 'cmake_target_skip_unavailable' from command line to 'False'
[0.827s] Level 5:colcon.colcon_core.verb:set package 'py_pubsub' build argument 'cmake_clean_cache' from command line to 'False'
[0.827s] Level 5:colcon.colcon_core.verb:set package 'py_pubsub' build argument 'cmake_clean_first' from command line to 'False'
[0.827s] Level 5:colcon.colcon_core.verb:set package 'py_pubsub' build argument 'cmake_force_configure' from command line to 'False'
[0.827s] Level 5:colcon.colcon_core.verb:set package 'py_pubsub' build argument 'ament_cmake_args' from command line to 'None'
[0.827s] Level 5:colcon.colcon_core.verb:set package 'py_pubsub' build argument 'catkin_cmake_args' from command line to 'None'
[0.827s] Level 5:colcon.colcon_core.verb:set package 'py_pubsub' build argument 'catkin_skip_building_tests' from command line to 'False'
[0.827s] DEBUG:colcon.colcon_core.verb:Building package 'py_pubsub' with the following arguments: {'ament_cmake_args': None, 'build_base': '/home/parallels/ros2_ws/build/py_pubsub', 'catkin_cmake_args': None, 'catkin_skip_building_tests': False, 'cmake_args': None, 'cmake_clean_cache': False, 'cmake_clean_first': False, 'cmake_force_configure': False, 'cmake_target': None, 'cmake_target_skip_unavailable': False, 'install_base': '/home/parallels/ros2_ws/install/py_pubsub', 'merge_install': False, 'path': '/home/parallels/ros2_ws/src/py_pubsub', 'symlink_install': False, 'test_result_base': None}
[0.835s] Level 5:colcon.colcon_core.verb:set package 'py_srvcli' build argument 'cmake_args' from command line to 'None'
[0.836s] Level 5:colcon.colcon_core.verb:set package 'py_srvcli' build argument 'cmake_target' from command line to 'None'
[0.836s] Level 5:colcon.colcon_core.verb:set package 'py_srvcli' build argument 'cmake_target_skip_unavailable' from command line to 'False'
[0.836s] Level 5:colcon.colcon_core.verb:set package 'py_srvcli' build argument 'cmake_clean_cache' from command line to 'False'
[0.836s] Level 5:colcon.colcon_core.verb:set package 'py_srvcli' build argument 'cmake_clean_first' from command line to 'False'
[0.836s] Level 5:colcon.colcon_core.verb:set package 'py_srvcli' build argument 'cmake_force_configure' from command line to 'False'
[0.836s] Level 5:colcon.colcon_core.verb:set package 'py_srvcli' build argument 'ament_cmake_args' from command line to 'None'
[0.836s] Level 5:colcon.colcon_core.verb:set package 'py_srvcli' build argument 'catkin_cmake_args' from command line to 'None'
[0.836s] Level 5:colcon.colcon_core.verb:set package 'py_srvcli' build argument 'catkin_skip_building_tests' from command line to 'False'
[0.836s] DEBUG:colcon.colcon_core.verb:Building package 'py_srvcli' with the following arguments: {'ament_cmake_args': None, 'build_base': '/home/parallels/ros2_ws/build/py_srvcli', 'catkin_cmake_args': None, 'catkin_skip_building_tests': False, 'cmake_args': None, 'cmake_clean_cache': False, 'cmake_clean_first': False, 'cmake_force_configure': False, 'cmake_target': None, 'cmake_target_skip_unavailable': False, 'install_base': '/home/parallels/ros2_ws/install/py_srvcli', 'merge_install': False, 'path': '/home/parallels/ros2_ws/src/py_srvcli', 'symlink_install': False, 'test_result_base': None}
[0.844s] INFO:colcon.colcon_core.executor:Executing jobs using 'parallel' executor
[0.853s] DEBUG:colcon.colcon_parallel_executor.executor.parallel:run_until_complete
[0.854s] INFO:colcon.colcon_ros.task.ament_cmake.build:Building ROS package in '/home/parallels/ros2_ws/src/cpp_pubsub' with build type 'ament_cmake'
[0.854s] INFO:colcon.colcon_cmake.task.cmake.build:Building CMake package in '/home/parallels/ros2_ws/src/cpp_pubsub'
[0.865s] INFO:colcon.colcon_core.plugin_system:Skipping extension 'colcon_core.shell.bat': Not used on non-Windows systems
[0.865s] INFO:colcon.colcon_core.shell:Skip shell extension 'powershell' for command environment: Not usable outside of PowerShell
[0.865s] DEBUG:colcon.colcon_core.shell:Skip shell extension 'dsv' for command environment
[0.886s] INFO:colcon.colcon_ros.task.ament_cmake.build:Building ROS package in '/home/parallels/ros2_ws/src/cpp_srvcli' with build type 'ament_cmake'
[0.886s] INFO:colcon.colcon_cmake.task.cmake.build:Building CMake package in '/home/parallels/ros2_ws/src/cpp_srvcli'
[0.895s] INFO:colcon.colcon_core.shell:Skip shell extension 'powershell' for command environment: Not usable outside of PowerShell
[0.895s] DEBUG:colcon.colcon_core.shell:Skip shell extension 'dsv' for command environment
[0.916s] INFO:colcon.colcon_ros.task.ament_cmake.build:Building ROS package in '/home/parallels/ros2_ws/src/custom_interfaces' with build type 'ament_cmake'
[0.916s] INFO:colcon.colcon_cmake.task.cmake.build:Building CMake package in '/home/parallels/ros2_ws/src/custom_interfaces'
[0.926s] INFO:colcon.colcon_core.shell:Skip shell extension 'powershell' for command environment: Not usable outside of PowerShell
[0.926s] DEBUG:colcon.colcon_core.shell:Skip shell extension 'dsv' for command environment
[0.958s] DEBUG:colcon.colcon_core.event_handler.log_command:Invoking command in '/home/parallels/ros2_ws/build/cpp_pubsub': CMAKE_PREFIX_PATH=/opt/ros/humble /usr/bin/cmake --build /home/parallels/ros2_ws/build/cpp_pubsub -- -j3 -l3
[0.959s] DEBUG:colcon.colcon_core.event_handler.log_command:Invoking command in '/home/parallels/ros2_ws/build/cpp_srvcli': CMAKE_PREFIX_PATH=/opt/ros/humble /usr/bin/cmake --build /home/parallels/ros2_ws/build/cpp_srvcli -- -j3 -l3
[0.961s] DEBUG:colcon.colcon_core.event_handler.log_command:Invoking command in '/home/parallels/ros2_ws/build/custom_interfaces': CMAKE_PREFIX_PATH=/opt/ros/humble /usr/bin/cmake --build /home/parallels/ros2_ws/build/custom_interfaces -- -j3 -l3
[1.054s] DEBUG:colcon.colcon_core.event_handler.log_command:Invoked command in '/home/parallels/ros2_ws/build/cpp_srvcli' returned '0': CMAKE_PREFIX_PATH=/opt/ros/humble /usr/bin/cmake --build /home/parallels/ros2_ws/build/cpp_srvcli -- -j3 -l3
[1.054s] DEBUG:colcon.colcon_core.event_handler.log_command:Invoked command in '/home/parallels/ros2_ws/build/cpp_pubsub' returned '0': CMAKE_PREFIX_PATH=/opt/ros/humble /usr/bin/cmake --build /home/parallels/ros2_ws/build/cpp_pubsub -- -j3 -l3
[1.139s] DEBUG:colcon.colcon_core.event_handler.log_command:Invoking command in '/home/parallels/ros2_ws/build/cpp_srvcli': CMAKE_PREFIX_PATH=/opt/ros/humble /usr/bin/cmake --install /home/parallels/ros2_ws/build/cpp_srvcli
[1.157s] DEBUG:colcon.colcon_core.event_handler.log_command:Invoking command in '/home/parallels/ros2_ws/build/cpp_pubsub': CMAKE_PREFIX_PATH=/opt/ros/humble /usr/bin/cmake --install /home/parallels/ros2_ws/build/cpp_pubsub
[1.162s] Level 1:colcon.colcon_core.environment:create_environment_scripts_only(cpp_srvcli)
[1.165s] DEBUG:colcon.colcon_core.event_handler.log_command:Invoked command in '/home/parallels/ros2_ws/build/cpp_srvcli' returned '0': CMAKE_PREFIX_PATH=/opt/ros/humble /usr/bin/cmake --install /home/parallels/ros2_ws/build/cpp_srvcli
[1.185s] Level 1:colcon.colcon_core.environment:checking '/home/parallels/ros2_ws/install/cpp_srvcli' for CMake module files
[1.186s] Level 1:colcon.colcon_core.environment:checking '/home/parallels/ros2_ws/install/cpp_srvcli' for CMake config files
[1.186s] Level 1:colcon.colcon_core.shell:create_environment_hook('cpp_srvcli', 'cmake_prefix_path')
[1.208s] INFO:colcon.colcon_core.shell:Creating environment hook '/home/parallels/ros2_ws/install/cpp_srvcli/share/cpp_srvcli/hook/cmake_prefix_path.ps1'
[1.208s] INFO:colcon.colcon_core.shell:Creating environment descriptor '/home/parallels/ros2_ws/install/cpp_srvcli/share/cpp_srvcli/hook/cmake_prefix_path.dsv'
[1.211s] INFO:colcon.colcon_core.shell:Creating environment hook '/home/parallels/ros2_ws/install/cpp_srvcli/share/cpp_srvcli/hook/cmake_prefix_path.sh'
[1.212s] Level 1:colcon.colcon_core.environment:checking '/home/parallels/ros2_ws/install/cpp_srvcli/lib'
[1.216s] Level 1:colcon.colcon_core.environment:checking '/home/parallels/ros2_ws/install/cpp_srvcli/bin'
[1.216s] Level 1:colcon.colcon_core.environment:checking '/home/parallels/ros2_ws/install/cpp_srvcli/lib/pkgconfig/cpp_srvcli.pc'
[1.217s] Level 1:colcon.colcon_core.environment:checking '/home/parallels/ros2_ws/install/cpp_srvcli/lib/python3.10/site-packages'
[1.217s] Level 1:colcon.colcon_core.environment:checking '/home/parallels/ros2_ws/install/cpp_srvcli/bin'
[1.237s] INFO:colcon.colcon_core.shell:Creating package script '/home/parallels/ros2_ws/install/cpp_srvcli/share/cpp_srvcli/package.ps1'
[1.238s] INFO:colcon.colcon_core.shell:Creating package descriptor '/home/parallels/ros2_ws/install/cpp_srvcli/share/cpp_srvcli/package.dsv'
[1.241s] INFO:colcon.colcon_core.shell:Creating package script '/home/parallels/ros2_ws/install/cpp_srvcli/share/cpp_srvcli/package.sh'
[1.243s] INFO:colcon.colcon_core.shell:Creating package script '/home/parallels/ros2_ws/install/cpp_srvcli/share/cpp_srvcli/package.bash'
[1.244s] INFO:colcon.colcon_core.shell:Creating package script '/home/parallels/ros2_ws/install/cpp_srvcli/share/cpp_srvcli/package.zsh'
[1.244s] Level 1:colcon.colcon_core.environment:create_file_with_runtime_dependencies(/home/parallels/ros2_ws/install/cpp_srvcli/share/colcon-core/packages/cpp_srvcli)
[1.257s] Level 1:colcon.colcon_core.environment:create_environment_scripts_only(cpp_pubsub)
[1.261s] DEBUG:colcon.colcon_core.event_handler.log_command:Invoked command in '/home/parallels/ros2_ws/build/cpp_pubsub' returned '0': CMAKE_PREFIX_PATH=/opt/ros/humble /usr/bin/cmake --install /home/parallels/ros2_ws/build/cpp_pubsub
[1.274s] Level 1:colcon.colcon_core.environment:checking '/home/parallels/ros2_ws/install/cpp_pubsub' for CMake module files
[1.274s] Level 1:colcon.colcon_core.environment:checking '/home/parallels/ros2_ws/install/cpp_pubsub' for CMake config files
[1.274s] Level 1:colcon.colcon_core.shell:create_environment_hook('cpp_pubsub', 'cmake_prefix_path')
[1.296s] INFO:colcon.colcon_core.shell:Creating environment hook '/home/parallels/ros2_ws/install/cpp_pubsub/share/cpp_pubsub/hook/cmake_prefix_path.ps1'
[1.297s] INFO:colcon.colcon_core.shell:Creating environment descriptor '/home/parallels/ros2_ws/install/cpp_pubsub/share/cpp_pubsub/hook/cmake_prefix_path.dsv'
[1.297s] INFO:colcon.colcon_core.shell:Creating environment hook '/home/parallels/ros2_ws/install/cpp_pubsub/share/cpp_pubsub/hook/cmake_prefix_path.sh'
[1.298s] Level 1:colcon.colcon_core.environment:checking '/home/parallels/ros2_ws/install/cpp_pubsub/lib'
[1.298s] Level 1:colcon.colcon_core.shell:create_environment_hook('cpp_pubsub', 'ld_library_path_lib')
[1.316s] INFO:colcon.colcon_core.shell:Creating environment hook '/home/parallels/ros2_ws/install/cpp_pubsub/share/cpp_pubsub/hook/ld_library_path_lib.ps1'
[1.321s] INFO:colcon.colcon_core.shell:Creating environment descriptor '/home/parallels/ros2_ws/install/cpp_pubsub/share/cpp_pubsub/hook/ld_library_path_lib.dsv'
[1.321s] INFO:colcon.colcon_core.shell:Creating environment hook '/home/parallels/ros2_ws/install/cpp_pubsub/share/cpp_pubsub/hook/ld_library_path_lib.sh'
[1.322s] Level 1:colcon.colcon_core.environment:checking '/home/parallels/ros2_ws/install/cpp_pubsub/bin'
[1.322s] Level 1:colcon.colcon_core.environment:checking '/home/parallels/ros2_ws/install/cpp_pubsub/lib/pkgconfig/cpp_pubsub.pc'
[1.322s] Level 1:colcon.colcon_core.environment:checking '/home/parallels/ros2_ws/install/cpp_pubsub/lib/python3.10/site-packages'
[1.322s] Level 1:colcon.colcon_core.environment:checking '/home/parallels/ros2_ws/install/cpp_pubsub/bin'
[1.339s] INFO:colcon.colcon_core.shell:Creating package script '/home/parallels/ros2_ws/install/cpp_pubsub/share/cpp_pubsub/package.ps1'
[1.339s] INFO:colcon.colcon_core.shell:Creating package descriptor '/home/parallels/ros2_ws/install/cpp_pubsub/share/cpp_pubsub/package.dsv'
[1.339s] INFO:colcon.colcon_core.shell:Creating package script '/home/parallels/ros2_ws/install/cpp_pubsub/share/cpp_pubsub/package.sh'
[1.340s] INFO:colcon.colcon_core.shell:Creating package script '/home/parallels/ros2_ws/install/cpp_pubsub/share/cpp_pubsub/package.bash'
[1.340s] INFO:colcon.colcon_core.shell:Creating package script '/home/parallels/ros2_ws/install/cpp_pubsub/share/cpp_pubsub/package.zsh'
[1.346s] Level 1:colcon.colcon_core.environment:create_file_with_runtime_dependencies(/home/parallels/ros2_ws/install/cpp_pubsub/share/colcon-core/packages/cpp_pubsub)
[1.365s] Level 1:colcon.colcon_core.environment:create_environment_scripts_only(cpp_srvcli)
[1.375s] Level 1:colcon.colcon_core.environment:checking '/home/parallels/ros2_ws/install/cpp_srvcli' for CMake module files
[1.376s] Level 1:colcon.colcon_core.environment:checking '/home/parallels/ros2_ws/install/cpp_srvcli' for CMake config files
[1.377s] Level 1:colcon.colcon_core.shell:create_environment_hook('cpp_srvcli', 'cmake_prefix_path')
[1.394s] INFO:colcon.colcon_core.shell:Creating environment hook '/home/parallels/ros2_ws/install/cpp_srvcli/share/cpp_srvcli/hook/cmake_prefix_path.ps1'
[1.395s] INFO:colcon.colcon_core.shell:Creating environment descriptor '/home/parallels/ros2_ws/install/cpp_srvcli/share/cpp_srvcli/hook/cmake_prefix_path.dsv'
[1.395s] INFO:colcon.colcon_core.shell:Creating environment hook '/home/parallels/ros2_ws/install/cpp_srvcli/share/cpp_srvcli/hook/cmake_prefix_path.sh'
[1.395s] Level 1:colcon.colcon_core.environment:checking '/home/parallels/ros2_ws/install/cpp_srvcli/lib'
[1.395s] Level 1:colcon.colcon_core.environment:checking '/home/parallels/ros2_ws/install/cpp_srvcli/bin'
[1.395s] Level 1:colcon.colcon_core.environment:checking '/home/parallels/ros2_ws/install/cpp_srvcli/lib/pkgconfig/cpp_srvcli.pc'
[1.396s] Level 1:colcon.colcon_core.environment:checking '/home/parallels/ros2_ws/install/cpp_srvcli/lib/python3.10/site-packages'
[1.396s] Level 1:colcon.colcon_core.environment:checking '/home/parallels/ros2_ws/install/cpp_srvcli/bin'
[1.410s] INFO:colcon.colcon_core.shell:Creating package script '/home/parallels/ros2_ws/install/cpp_srvcli/share/cpp_srvcli/package.ps1'
[1.411s] INFO:colcon.colcon_core.shell:Creating package descriptor '/home/parallels/ros2_ws/install/cpp_srvcli/share/cpp_srvcli/package.dsv'
[1.411s] INFO:colcon.colcon_core.shell:Creating package script '/home/parallels/ros2_ws/install/cpp_srvcli/share/cpp_srvcli/package.sh'
[1.411s] INFO:colcon.colcon_core.shell:Creating package script '/home/parallels/ros2_ws/install/cpp_srvcli/share/cpp_srvcli/package.bash'
[1.412s] INFO:colcon.colcon_core.shell:Creating package script '/home/parallels/ros2_ws/install/cpp_srvcli/share/cpp_srvcli/package.zsh'
[1.412s] Level 1:colcon.colcon_core.environment:create_file_with_runtime_dependencies(/home/parallels/ros2_ws/install/cpp_srvcli/share/colcon-core/packages/cpp_srvcli)
[1.414s] INFO:colcon.colcon_ros.task.ament_python.build:Building ROS package in '/home/parallels/ros2_ws/src/opencv_tools' with build type 'ament_python'
[1.414s] Level 1:colcon.colcon_core.shell:create_environment_hook('opencv_tools', 'ament_prefix_path')
[1.428s] INFO:colcon.colcon_core.shell:Creating environment hook '/home/parallels/ros2_ws/install/opencv_tools/share/opencv_tools/hook/ament_prefix_path.ps1'
[1.429s] INFO:colcon.colcon_core.shell:Creating environment descriptor '/home/parallels/ros2_ws/install/opencv_tools/share/opencv_tools/hook/ament_prefix_path.dsv'
[1.429s] INFO:colcon.colcon_core.shell:Creating environment hook '/home/parallels/ros2_ws/install/opencv_tools/share/opencv_tools/hook/ament_prefix_path.sh'
[1.464s] INFO:colcon.colcon_core.shell:Skip shell extension 'powershell' for command environment: Not usable outside of PowerShell
[1.464s] DEBUG:colcon.colcon_core.shell:Skip shell extension 'dsv' for command environment
[1.519s] Level 1:colcon.colcon_core.environment:create_environment_scripts_only(cpp_pubsub)
[1.532s] Level 1:colcon.colcon_core.environment:checking '/home/parallels/ros2_ws/install/cpp_pubsub' for CMake module files
[1.533s] Level 1:colcon.colcon_core.environment:checking '/home/parallels/ros2_ws/install/cpp_pubsub' for CMake config files
[1.533s] Level 1:colcon.colcon_core.shell:create_environment_hook('cpp_pubsub', 'cmake_prefix_path')
[1.558s] INFO:colcon.colcon_core.shell:Creating environment hook '/home/parallels/ros2_ws/install/cpp_pubsub/share/cpp_pubsub/hook/cmake_prefix_path.ps1'
[1.558s] INFO:colcon.colcon_core.shell:Creating environment descriptor '/home/parallels/ros2_ws/install/cpp_pubsub/share/cpp_pubsub/hook/cmake_prefix_path.dsv'
[1.559s] INFO:colcon.colcon_core.shell:Creating environment hook '/home/parallels/ros2_ws/install/cpp_pubsub/share/cpp_pubsub/hook/cmake_prefix_path.sh'
[1.560s] Level 1:colcon.colcon_core.environment:checking '/home/parallels/ros2_ws/install/cpp_pubsub/lib'
[1.560s] Level 1:colcon.colcon_core.shell:create_environment_hook('cpp_pubsub', 'ld_library_path_lib')
[1.578s] INFO:colcon.colcon_core.shell:Creating environment hook '/home/parallels/ros2_ws/install/cpp_pubsub/share/cpp_pubsub/hook/ld_library_path_lib.ps1'
[1.578s] INFO:colcon.colcon_core.shell:Creating environment descriptor '/home/parallels/ros2_ws/install/cpp_pubsub/share/cpp_pubsub/hook/ld_library_path_lib.dsv'
[1.579s] INFO:colcon.colcon_core.shell:Creating environment hook '/home/parallels/ros2_ws/install/cpp_pubsub/share/cpp_pubsub/hook/ld_library_path_lib.sh'
[1.579s] Level 1:colcon.colcon_core.environment:checking '/home/parallels/ros2_ws/install/cpp_pubsub/bin'
[1.579s] Level 1:colcon.colcon_core.environment:checking '/home/parallels/ros2_ws/install/cpp_pubsub/lib/pkgconfig/cpp_pubsub.pc'
[1.580s] Level 1:colcon.colcon_core.environment:checking '/home/parallels/ros2_ws/install/cpp_pubsub/lib/python3.10/site-packages'
[1.580s] Level 1:colcon.colcon_core.environment:checking '/home/parallels/ros2_ws/install/cpp_pubsub/bin'
[1.600s] INFO:colcon.colcon_core.shell:Creating package script '/home/parallels/ros2_ws/install/cpp_pubsub/share/cpp_pubsub/package.ps1'
[1.601s] INFO:colcon.colcon_core.shell:Creating package descriptor '/home/parallels/ros2_ws/install/cpp_pubsub/share/cpp_pubsub/package.dsv'
[1.602s] INFO:colcon.colcon_core.shell:Creating package script '/home/parallels/ros2_ws/install/cpp_pubsub/share/cpp_pubsub/package.sh'
[1.603s] INFO:colcon.colcon_core.shell:Creating package script '/home/parallels/ros2_ws/install/cpp_pubsub/share/cpp_pubsub/package.bash'
[1.603s] INFO:colcon.colcon_core.shell:Creating package script '/home/parallels/ros2_ws/install/cpp_pubsub/share/cpp_pubsub/package.zsh'
[1.604s] Level 1:colcon.colcon_core.environment:create_file_with_runtime_dependencies(/home/parallels/ros2_ws/install/cpp_pubsub/share/colcon-core/packages/cpp_pubsub)
[1.606s] INFO:colcon.colcon_ros.task.ament_python.build:Building ROS package in '/home/parallels/ros2_ws/src/py_pubsub' with build type 'ament_python'
[1.606s] Level 1:colcon.colcon_core.shell:create_environment_hook('py_pubsub', 'ament_prefix_path')
[1.635s] INFO:colcon.colcon_core.shell:Creating environment hook '/home/parallels/ros2_ws/install/py_pubsub/share/py_pubsub/hook/ament_prefix_path.ps1'
[1.636s] INFO:colcon.colcon_core.shell:Creating environment descriptor '/home/parallels/ros2_ws/install/py_pubsub/share/py_pubsub/hook/ament_prefix_path.dsv'
[1.637s] INFO:colcon.colcon_core.shell:Creating environment hook '/home/parallels/ros2_ws/install/py_pubsub/share/py_pubsub/hook/ament_prefix_path.sh'
[1.662s] INFO:colcon.colcon_core.shell:Skip shell extension 'powershell' for command environment: Not usable outside of PowerShell
[1.662s] DEBUG:colcon.colcon_core.shell:Skip shell extension 'dsv' for command environment
[2.098s] INFO:colcon.colcon_core.task.python.build:Building Python package in '/home/parallels/ros2_ws/src/opencv_tools'
[2.111s] INFO:colcon.colcon_core.shell:Skip shell extension 'powershell' for command environment: Not usable outside of PowerShell
[2.111s] DEBUG:colcon.colcon_core.shell:Skip shell extension 'dsv' for command environment
[2.139s] DEBUG:colcon.colcon_core.event_handler.log_command:Invoked command in '/home/parallels/ros2_ws/build/custom_interfaces' returned '0': CMAKE_PREFIX_PATH=/opt/ros/humble /usr/bin/cmake --build /home/parallels/ros2_ws/build/custom_interfaces -- -j3 -l3
[2.369s] INFO:colcon.colcon_core.task.python.build:Building Python package in '/home/parallels/ros2_ws/src/py_pubsub'
[2.381s] INFO:colcon.colcon_core.shell:Skip shell extension 'powershell' for command environment: Not usable outside of PowerShell
[2.381s] DEBUG:colcon.colcon_core.shell:Skip shell extension 'dsv' for command environment
[2.725s] DEBUG:colcon.colcon_core.event_handler.log_command:Invoking command in '/home/parallels/ros2_ws/src/opencv_tools': PYTHONPATH=/home/parallels/ros2_ws/build/opencv_tools/prefix_override:/home/parallels/ros2_ws/install/opencv_tools/lib/python3.10/site-packages:${PYTHONPATH} /usr/bin/python3 setup.py egg_info --egg-base ../../build/opencv_tools build --build-base /home/parallels/ros2_ws/build/opencv_tools/build install --record /home/parallels/ros2_ws/build/opencv_tools/install.log --single-version-externally-managed
[2.739s] DEBUG:colcon.colcon_core.event_handler.log_command:Invoking command in '/home/parallels/ros2_ws/src/py_pubsub': PYTHONPATH=/home/parallels/ros2_ws/build/py_pubsub/prefix_override:/home/parallels/ros2_ws/install/py_pubsub/lib/python3.10/site-packages:${PYTHONPATH} /usr/bin/python3 setup.py egg_info --egg-base ../../build/py_pubsub build --build-base /home/parallels/ros2_ws/build/py_pubsub/build install --record /home/parallels/ros2_ws/build/py_pubsub/install.log --single-version-externally-managed
[2.935s] DEBUG:colcon.colcon_core.event_handler.log_command:Invoking command in '/home/parallels/ros2_ws/build/custom_interfaces': CMAKE_PREFIX_PATH=/opt/ros/humble /usr/bin/cmake --install /home/parallels/ros2_ws/build/custom_interfaces
[3.036s] DEBUG:colcon.colcon_core.event_handler.log_command:Invoked command in '/home/parallels/ros2_ws/src/opencv_tools' returned '0': PYTHONPATH=/home/parallels/ros2_ws/build/opencv_tools/prefix_override:/home/parallels/ros2_ws/install/opencv_tools/lib/python3.10/site-packages:${PYTHONPATH} /usr/bin/python3 setup.py egg_info --egg-base ../../build/opencv_tools build --build-base /home/parallels/ros2_ws/build/opencv_tools/build install --record /home/parallels/ros2_ws/build/opencv_tools/install.log --single-version-externally-managed
[3.043s] Level 1:colcon.colcon_core.environment:checking '/home/parallels/ros2_ws/install/opencv_tools' for CMake module files
[3.043s] Level 1:colcon.colcon_core.environment:checking '/home/parallels/ros2_ws/install/opencv_tools' for CMake config files
[3.044s] Level 1:colcon.colcon_core.environment:checking '/home/parallels/ros2_ws/install/opencv_tools/lib'
[3.044s] Level 1:colcon.colcon_core.environment:checking '/home/parallels/ros2_ws/install/opencv_tools/bin'
[3.044s] Level 1:colcon.colcon_core.environment:checking '/home/parallels/ros2_ws/install/opencv_tools/lib/pkgconfig/opencv_tools.pc'
[3.044s] Level 1:colcon.colcon_core.environment:checking '/home/parallels/ros2_ws/install/opencv_tools/lib/python3.10/site-packages'
[3.044s] Level 1:colcon.colcon_core.shell:create_environment_hook('opencv_tools', 'pythonpath')
[3.083s] INFO:colcon.colcon_core.shell:Creating environment hook '/home/parallels/ros2_ws/install/opencv_tools/share/opencv_tools/hook/pythonpath.ps1'
[3.084s] INFO:colcon.colcon_core.shell:Creating environment descriptor '/home/parallels/ros2_ws/install/opencv_tools/share/opencv_tools/hook/pythonpath.dsv'
[3.084s] INFO:colcon.colcon_core.shell:Creating environment hook '/home/parallels/ros2_ws/install/opencv_tools/share/opencv_tools/hook/pythonpath.sh'
[3.084s] Level 1:colcon.colcon_core.environment:checking '/home/parallels/ros2_ws/install/opencv_tools/bin'
[3.084s] Level 1:colcon.colcon_core.environment:create_environment_scripts_only(opencv_tools)
[3.110s] INFO:colcon.colcon_core.shell:Creating package script '/home/parallels/ros2_ws/install/opencv_tools/share/opencv_tools/package.ps1'
[3.111s] INFO:colcon.colcon_core.shell:Creating package descriptor '/home/parallels/ros2_ws/install/opencv_tools/share/opencv_tools/package.dsv'
[3.111s] INFO:colcon.colcon_core.shell:Creating package script '/home/parallels/ros2_ws/install/opencv_tools/share/opencv_tools/package.sh'
[3.112s] INFO:colcon.colcon_core.shell:Creating package script '/home/parallels/ros2_ws/install/opencv_tools/share/opencv_tools/package.bash'
[3.112s] INFO:colcon.colcon_core.shell:Creating package script '/home/parallels/ros2_ws/install/opencv_tools/share/opencv_tools/package.zsh'
[3.112s] Level 1:colcon.colcon_core.environment:create_file_with_runtime_dependencies(/home/parallels/ros2_ws/install/opencv_tools/share/colcon-core/packages/opencv_tools)
[3.113s] INFO:colcon.colcon_ros.task.ament_python.build:Building ROS package in '/home/parallels/ros2_ws/src/py_srvcli' with build type 'ament_python'
[3.113s] Level 1:colcon.colcon_core.shell:create_environment_hook('py_srvcli', 'ament_prefix_path')
[3.131s] INFO:colcon.colcon_core.shell:Creating environment hook '/home/parallels/ros2_ws/install/py_srvcli/share/py_srvcli/hook/ament_prefix_path.ps1'
[3.131s] INFO:colcon.colcon_core.shell:Creating environment descriptor '/home/parallels/ros2_ws/install/py_srvcli/share/py_srvcli/hook/ament_prefix_path.dsv'
[3.132s] INFO:colcon.colcon_core.shell:Creating environment hook '/home/parallels/ros2_ws/install/py_srvcli/share/py_srvcli/hook/ament_prefix_path.sh'
[3.146s] INFO:colcon.colcon_core.shell:Skip shell extension 'powershell' for command environment: Not usable outside of PowerShell
[3.146s] DEBUG:colcon.colcon_core.shell:Skip shell extension 'dsv' for command environment
[3.173s] Level 1:colcon.colcon_core.environment:create_environment_scripts_only(custom_interfaces)
[3.176s] DEBUG:colcon.colcon_core.event_handler.log_command:Invoked command in '/home/parallels/ros2_ws/build/custom_interfaces' returned '0': CMAKE_PREFIX_PATH=/opt/ros/humble /usr/bin/cmake --install /home/parallels/ros2_ws/build/custom_interfaces
[3.187s] Level 1:colcon.colcon_core.environment:checking '/home/parallels/ros2_ws/install/custom_interfaces' for CMake module files
[3.187s] Level 1:colcon.colcon_core.environment:checking '/home/parallels/ros2_ws/install/custom_interfaces' for CMake config files
[3.188s] Level 1:colcon.colcon_core.shell:create_environment_hook('custom_interfaces', 'cmake_prefix_path')
[3.198s] INFO:colcon.colcon_core.shell:Creating environment hook '/home/parallels/ros2_ws/install/custom_interfaces/share/custom_interfaces/hook/cmake_prefix_path.ps1'
[3.198s] INFO:colcon.colcon_core.shell:Creating environment descriptor '/home/parallels/ros2_ws/install/custom_interfaces/share/custom_interfaces/hook/cmake_prefix_path.dsv'
[3.198s] INFO:colcon.colcon_core.shell:Creating environment hook '/home/parallels/ros2_ws/install/custom_interfaces/share/custom_interfaces/hook/cmake_prefix_path.sh'
[3.199s] Level 1:colcon.colcon_core.environment:checking '/home/parallels/ros2_ws/install/custom_interfaces/lib'
[3.199s] Level 1:colcon.colcon_core.shell:create_environment_hook('custom_interfaces', 'ld_library_path_lib')
[3.208s] INFO:colcon.colcon_core.shell:Creating environment hook '/home/parallels/ros2_ws/install/custom_interfaces/share/custom_interfaces/hook/ld_library_path_lib.ps1'
[3.209s] INFO:colcon.colcon_core.shell:Creating environment descriptor '/home/parallels/ros2_ws/install/custom_interfaces/share/custom_interfaces/hook/ld_library_path_lib.dsv'
[3.209s] INFO:colcon.colcon_core.shell:Creating environment hook '/home/parallels/ros2_ws/install/custom_interfaces/share/custom_interfaces/hook/ld_library_path_lib.sh'
[3.209s] Level 1:colcon.colcon_core.environment:checking '/home/parallels/ros2_ws/install/custom_interfaces/bin'
[3.210s] Level 1:colcon.colcon_core.environment:checking '/home/parallels/ros2_ws/install/custom_interfaces/lib/pkgconfig/custom_interfaces.pc'
[3.210s] Level 1:colcon.colcon_core.environment:checking '/home/parallels/ros2_ws/install/custom_interfaces/lib/python3.10/site-packages'
[3.210s] Level 1:colcon.colcon_core.environment:checking '/home/parallels/ros2_ws/install/custom_interfaces/bin'
[3.220s] INFO:colcon.colcon_core.shell:Creating package script '/home/parallels/ros2_ws/install/custom_interfaces/share/custom_interfaces/package.ps1'
[3.220s] INFO:colcon.colcon_core.shell:Creating package descriptor '/home/parallels/ros2_ws/install/custom_interfaces/share/custom_interfaces/package.dsv'
[3.221s] INFO:colcon.colcon_core.shell:Creating package script '/home/parallels/ros2_ws/install/custom_interfaces/share/custom_interfaces/package.sh'
[3.221s] INFO:colcon.colcon_core.shell:Creating package script '/home/parallels/ros2_ws/install/custom_interfaces/share/custom_interfaces/package.bash'
[3.221s] INFO:colcon.colcon_core.shell:Creating package script '/home/parallels/ros2_ws/install/custom_interfaces/share/custom_interfaces/package.zsh'
[3.222s] Level 1:colcon.colcon_core.environment:create_file_with_runtime_dependencies(/home/parallels/ros2_ws/install/custom_interfaces/share/colcon-core/packages/custom_interfaces)
[3.236s] DEBUG:colcon.colcon_core.event_handler.log_command:Invoked command in '/home/parallels/ros2_ws/src/py_pubsub' returned '0': PYTHONPATH=/home/parallels/ros2_ws/build/py_pubsub/prefix_override:/home/parallels/ros2_ws/install/py_pubsub/lib/python3.10/site-packages:${PYTHONPATH} /usr/bin/python3 setup.py egg_info --egg-base ../../build/py_pubsub build --build-base /home/parallels/ros2_ws/build/py_pubsub/build install --record /home/parallels/ros2_ws/build/py_pubsub/install.log --single-version-externally-managed
[3.238s] Level 1:colcon.colcon_core.environment:checking '/home/parallels/ros2_ws/install/py_pubsub' for CMake module files
[3.238s] Level 1:colcon.colcon_core.environment:checking '/home/parallels/ros2_ws/install/py_pubsub' for CMake config files
[3.239s] Level 1:colcon.colcon_core.environment:checking '/home/parallels/ros2_ws/install/py_pubsub/lib'
[3.239s] Level 1:colcon.colcon_core.environment:checking '/home/parallels/ros2_ws/install/py_pubsub/bin'
[3.239s] Level 1:colcon.colcon_core.environment:checking '/home/parallels/ros2_ws/install/py_pubsub/lib/pkgconfig/py_pubsub.pc'
[3.239s] Level 1:colcon.colcon_core.environment:checking '/home/parallels/ros2_ws/install/py_pubsub/lib/python3.10/site-packages'
[3.239s] Level 1:colcon.colcon_core.shell:create_environment_hook('py_pubsub', 'pythonpath')
[3.249s] INFO:colcon.colcon_core.shell:Creating environment hook '/home/parallels/ros2_ws/install/py_pubsub/share/py_pubsub/hook/pythonpath.ps1'
[3.249s] INFO:colcon.colcon_core.shell:Creating environment descriptor '/home/parallels/ros2_ws/install/py_pubsub/share/py_pubsub/hook/pythonpath.dsv'
[3.250s] INFO:colcon.colcon_core.shell:Creating environment hook '/home/parallels/ros2_ws/install/py_pubsub/share/py_pubsub/hook/pythonpath.sh'
[3.250s] Level 1:colcon.colcon_core.environment:checking '/home/parallels/ros2_ws/install/py_pubsub/bin'
[3.250s] Level 1:colcon.colcon_core.environment:create_environment_scripts_only(py_pubsub)
[3.261s] INFO:colcon.colcon_core.shell:Creating package script '/home/parallels/ros2_ws/install/py_pubsub/share/py_pubsub/package.ps1'
[3.261s] INFO:colcon.colcon_core.shell:Creating package descriptor '/home/parallels/ros2_ws/install/py_pubsub/share/py_pubsub/package.dsv'
[3.261s] INFO:colcon.colcon_core.shell:Creating package script '/home/parallels/ros2_ws/install/py_pubsub/share/py_pubsub/package.sh'
[3.262s] INFO:colcon.colcon_core.shell:Creating package script '/home/parallels/ros2_ws/install/py_pubsub/share/py_pubsub/package.bash'
[3.262s] INFO:colcon.colcon_core.shell:Creating package script '/home/parallels/ros2_ws/install/py_pubsub/share/py_pubsub/package.zsh'
[3.262s] Level 1:colcon.colcon_core.environment:create_file_with_runtime_dependencies(/home/parallels/ros2_ws/install/py_pubsub/share/colcon-core/packages/py_pubsub)
[3.474s] INFO:colcon.colcon_core.task.python.build:Building Python package in '/home/parallels/ros2_ws/src/py_srvcli'
[3.486s] INFO:colcon.colcon_core.shell:Skip shell extension 'powershell' for command environment: Not usable outside of PowerShell
[3.486s] DEBUG:colcon.colcon_core.shell:Skip shell extension 'dsv' for command environment
[3.899s] DEBUG:colcon.colcon_core.event_handler.log_command:Invoking command in '/home/parallels/ros2_ws/src/py_srvcli': PYTHONPATH=/home/parallels/ros2_ws/build/py_srvcli/prefix_override:/home/parallels/ros2_ws/install/py_srvcli/lib/python3.10/site-packages:${PYTHONPATH} /usr/bin/python3 setup.py egg_info --egg-base ../../build/py_srvcli build --build-base /home/parallels/ros2_ws/build/py_srvcli/build install --record /home/parallels/ros2_ws/build/py_srvcli/install.log --single-version-externally-managed
[4.192s] DEBUG:colcon.colcon_core.event_handler.log_command:Invoked command in '/home/parallels/ros2_ws/src/py_srvcli' returned '0': PYTHONPATH=/home/parallels/ros2_ws/build/py_srvcli/prefix_override:/home/parallels/ros2_ws/install/py_srvcli/lib/python3.10/site-packages:${PYTHONPATH} /usr/bin/python3 setup.py egg_info --egg-base ../../build/py_srvcli build --build-base /home/parallels/ros2_ws/build/py_srvcli/build install --record /home/parallels/ros2_ws/build/py_srvcli/install.log --single-version-externally-managed
[4.200s] Level 1:colcon.colcon_core.environment:checking '/home/parallels/ros2_ws/install/py_srvcli' for CMake module files
[4.201s] Level 1:colcon.colcon_core.environment:checking '/home/parallels/ros2_ws/install/py_srvcli' for CMake config files
[4.201s] Level 1:colcon.colcon_core.environment:checking '/home/parallels/ros2_ws/install/py_srvcli/lib'
[4.201s] Level 1:colcon.colcon_core.environment:checking '/home/parallels/ros2_ws/install/py_srvcli/bin'
[4.201s] Level 1:colcon.colcon_core.environment:checking '/home/parallels/ros2_ws/install/py_srvcli/lib/pkgconfig/py_srvcli.pc'
[4.204s] Level 1:colcon.colcon_core.environment:checking '/home/parallels/ros2_ws/install/py_srvcli/lib/python3.10/site-packages'
[4.204s] Level 1:colcon.colcon_core.shell:create_environment_hook('py_srvcli', 'pythonpath')
[4.213s] INFO:colcon.colcon_core.shell:Creating environment hook '/home/parallels/ros2_ws/install/py_srvcli/share/py_srvcli/hook/pythonpath.ps1'
[4.214s] INFO:colcon.colcon_core.shell:Creating environment descriptor '/home/parallels/ros2_ws/install/py_srvcli/share/py_srvcli/hook/pythonpath.dsv'
[4.214s] INFO:colcon.colcon_core.shell:Creating environment hook '/home/parallels/ros2_ws/install/py_srvcli/share/py_srvcli/hook/pythonpath.sh'
[4.214s] Level 1:colcon.colcon_core.environment:checking '/home/parallels/ros2_ws/install/py_srvcli/bin'
[4.214s] Level 1:colcon.colcon_core.environment:create_environment_scripts_only(py_srvcli)
[4.223s] INFO:colcon.colcon_core.shell:Creating package script '/home/parallels/ros2_ws/install/py_srvcli/share/py_srvcli/package.ps1'
[4.224s] INFO:colcon.colcon_core.shell:Creating package descriptor '/home/parallels/ros2_ws/install/py_srvcli/share/py_srvcli/package.dsv'
[4.224s] INFO:colcon.colcon_core.shell:Creating package script '/home/parallels/ros2_ws/install/py_srvcli/share/py_srvcli/package.sh'
[4.224s] INFO:colcon.colcon_core.shell:Creating package script '/home/parallels/ros2_ws/install/py_srvcli/share/py_srvcli/package.bash'
[4.224s] INFO:colcon.colcon_core.shell:Creating package script '/home/parallels/ros2_ws/install/py_srvcli/share/py_srvcli/package.zsh'
[4.225s] Level 1:colcon.colcon_core.environment:create_file_with_runtime_dependencies(/home/parallels/ros2_ws/install/py_srvcli/share/colcon-core/packages/py_srvcli)
[4.235s] Level 1:colcon.colcon_core.environment:create_environment_scripts_only(custom_interfaces)
[4.243s] Level 1:colcon.colcon_core.environment:checking '/home/parallels/ros2_ws/install/custom_interfaces' for CMake module files
[4.244s] Level 1:colcon.colcon_core.environment:checking '/home/parallels/ros2_ws/install/custom_interfaces' for CMake config files
[4.244s] Level 1:colcon.colcon_core.shell:create_environment_hook('custom_interfaces', 'cmake_prefix_path')
[4.253s] INFO:colcon.colcon_core.shell:Creating environment hook '/home/parallels/ros2_ws/install/custom_interfaces/share/custom_interfaces/hook/cmake_prefix_path.ps1'
[4.253s] INFO:colcon.colcon_core.shell:Creating environment descriptor '/home/parallels/ros2_ws/install/custom_interfaces/share/custom_interfaces/hook/cmake_prefix_path.dsv'
[4.254s] INFO:colcon.colcon_core.shell:Creating environment hook '/home/parallels/ros2_ws/install/custom_interfaces/share/custom_interfaces/hook/cmake_prefix_path.sh'
[4.254s] Level 1:colcon.colcon_core.environment:checking '/home/parallels/ros2_ws/install/custom_interfaces/lib'
[4.254s] Level 1:colcon.colcon_core.shell:create_environment_hook('custom_interfaces', 'ld_library_path_lib')
[4.265s] INFO:colcon.colcon_core.shell:Creating environment hook '/home/parallels/ros2_ws/install/custom_interfaces/share/custom_interfaces/hook/ld_library_path_lib.ps1'
[4.265s] INFO:colcon.colcon_core.shell:Creating environment descriptor '/home/parallels/ros2_ws/install/custom_interfaces/share/custom_interfaces/hook/ld_library_path_lib.dsv'
[4.265s] INFO:colcon.colcon_core.shell:Creating environment hook '/home/parallels/ros2_ws/install/custom_interfaces/share/custom_interfaces/hook/ld_library_path_lib.sh'
[4.265s] Level 1:colcon.colcon_core.environment:checking '/home/parallels/ros2_ws/install/custom_interfaces/bin'
[4.265s] Level 1:colcon.colcon_core.environment:checking '/home/parallels/ros2_ws/install/custom_interfaces/lib/pkgconfig/custom_interfaces.pc'
[4.266s] Level 1:colcon.colcon_core.environment:checking '/home/parallels/ros2_ws/install/custom_interfaces/lib/python3.10/site-packages'
[4.266s] Level 1:colcon.colcon_core.environment:checking '/home/parallels/ros2_ws/install/custom_interfaces/bin'
[4.276s] INFO:colcon.colcon_core.shell:Creating package script '/home/parallels/ros2_ws/install/custom_interfaces/share/custom_interfaces/package.ps1'
[4.276s] INFO:colcon.colcon_core.shell:Creating package descriptor '/home/parallels/ros2_ws/install/custom_interfaces/share/custom_interfaces/package.dsv'
[4.277s] INFO:colcon.colcon_core.shell:Creating package script '/home/parallels/ros2_ws/install/custom_interfaces/share/custom_interfaces/package.sh'
[4.277s] INFO:colcon.colcon_core.shell:Creating package script '/home/parallels/ros2_ws/install/custom_interfaces/share/custom_interfaces/package.bash'
[4.277s] INFO:colcon.colcon_core.shell:Creating package script '/home/parallels/ros2_ws/install/custom_interfaces/share/custom_interfaces/package.zsh'
[4.278s] Level 1:colcon.colcon_core.environment:create_file_with_runtime_dependencies(/home/parallels/ros2_ws/install/custom_interfaces/share/colcon-core/packages/custom_interfaces)
[4.278s] DEBUG:colcon.colcon_parallel_executor.executor.parallel:closing loop
[4.279s] DEBUG:colcon.colcon_parallel_executor.executor.parallel:loop closed
[4.279s] DEBUG:colcon.colcon_parallel_executor.executor.parallel:run_until_complete finished with '0'
[4.279s] DEBUG:colcon.colcon_core.event_reactor:joining thread
[4.295s] INFO:colcon.colcon_core.plugin_system:Skipping extension 'colcon_notification.desktop_notification.terminal_notifier': Not used on non-Darwin systems
[4.296s] INFO:colcon.colcon_core.plugin_system:Skipping extension 'colcon_notification.desktop_notification.win32': Not used on non-Windows systems
[4.296s] INFO:colcon.colcon_notification.desktop_notification:Sending desktop notification using 'notify2'
[4.305s] DEBUG:colcon.colcon_core.event_reactor:joined thread
[4.316s] INFO:colcon.colcon_core.shell:Creating prefix script '/home/parallels/ros2_ws/install/local_setup.ps1'
[4.317s] INFO:colcon.colcon_core.shell:Creating prefix util module '/home/parallels/ros2_ws/install/_local_setup_util_ps1.py'
[4.318s] INFO:colcon.colcon_core.shell:Creating prefix chain script '/home/parallels/ros2_ws/install/setup.ps1'
[4.329s] INFO:colcon.colcon_core.shell:Creating prefix script '/home/parallels/ros2_ws/install/local_setup.sh'
[4.329s] INFO:colcon.colcon_core.shell:Creating prefix util module '/home/parallels/ros2_ws/install/_local_setup_util_sh.py'
[4.330s] INFO:colcon.colcon_core.shell:Creating prefix chain script '/home/parallels/ros2_ws/install/setup.sh'
[4.341s] INFO:colcon.colcon_core.shell:Creating prefix script '/home/parallels/ros2_ws/install/local_setup.bash'
[4.342s] INFO:colcon.colcon_core.shell:Creating prefix chain script '/home/parallels/ros2_ws/install/setup.bash'
[4.352s] INFO:colcon.colcon_core.shell:Creating prefix script '/home/parallels/ros2_ws/install/local_setup.zsh'
[4.353s] INFO:colcon.colcon_core.shell:Creating prefix chain script '/home/parallels/ros2_ws/install/setup.zsh'
