[2.233s] Invoking command in '/home/parallels/ros2_ws/src/py_pubsub': PYTHONPATH=/home/parallels/ros2_ws/build/py_pubsub/prefix_override:/home/parallels/ros2_ws/install/py_pubsub/lib/python3.10/site-packages:${PYTHONPATH} /usr/bin/python3 setup.py egg_info --egg-base ../../build/py_pubsub build --build-base /home/parallels/ros2_ws/build/py_pubsub/build install --record /home/parallels/ros2_ws/build/py_pubsub/install.log --single-version-externally-managed
[2.925s] running egg_info
[2.931s] writing ../../build/py_pubsub/py_pubsub.egg-info/PKG-INFO
[2.931s] writing dependency_links to ../../build/py_pubsub/py_pubsub.egg-info/dependency_links.txt
[2.931s] writing entry points to ../../build/py_pubsub/py_pubsub.egg-info/entry_points.txt
[2.931s] writing requirements to ../../build/py_pubsub/py_pubsub.egg-info/requires.txt
[2.931s] writing top-level names to ../../build/py_pubsub/py_pubsub.egg-info/top_level.txt
[2.932s] reading manifest file '../../build/py_pubsub/py_pubsub.egg-info/SOURCES.txt'
[2.932s] adding license file 'LICENSE'
[2.932s] writing manifest file '../../build/py_pubsub/py_pubsub.egg-info/SOURCES.txt'
[2.932s] running build
[2.932s] running build_py
[2.932s] running install
[2.932s] /usr/lib/python3/dist-packages/setuptools/command/install.py:34: SetuptoolsDeprecationWarning: setup.py install is deprecated. Use build and pip and other standards-based tools.
[2.933s]   warnings.warn(
[2.933s] running install_lib
[2.936s] running install_data
[2.938s] running install_egg_info
[2.943s] removing '/home/parallels/ros2_ws/install/py_pubsub/lib/python3.10/site-packages/py_pubsub-0.0.0-py3.10.egg-info' (and everything under it)
[2.944s] Copying ../../build/py_pubsub/py_pubsub.egg-info to /home/parallels/ros2_ws/install/py_pubsub/lib/python3.10/site-packages/py_pubsub-0.0.0-py3.10.egg-info
[2.946s] running install_scripts
[2.991s] Installing listener script to /home/parallels/ros2_ws/install/py_pubsub/lib/py_pubsub
[3.001s] Installing talker script to /home/parallels/ros2_ws/install/py_pubsub/lib/py_pubsub
[3.001s] writing list of installed files to '/home/parallels/ros2_ws/build/py_pubsub/install.log'
[3.038s] Invoked command in '/home/parallels/ros2_ws/src/py_pubsub' returned '0': PYTHONPATH=/home/parallels/ros2_ws/build/py_pubsub/prefix_override:/home/parallels/ros2_ws/install/py_pubsub/lib/python3.10/site-packages:${PYTHONPATH} /usr/bin/python3 setup.py egg_info --egg-base ../../build/py_pubsub build --build-base /home/parallels/ros2_ws/build/py_pubsub/build install --record /home/parallels/ros2_ws/build/py_pubsub/install.log --single-version-externally-managed
