[0.033s] Invoking command in '/home/parallels/ros2_ws/build/cpp_pubsub': CMAKE_PREFIX_PATH=/opt/ros/humble /usr/bin/cmake --build /home/parallels/ros2_ws/build/cpp_pubsub -- -j2 -l2
[0.054s] -- Found ament_cmake: 1.3.8 (/opt/ros/humble/share/ament_cmake/cmake)
[0.152s] -- Found rclcpp: 16.0.8 (/opt/ros/humble/share/rclcpp/cmake)
[0.176s] -- Found rosidl_generator_c: 3.1.5 (/opt/ros/humble/share/rosidl_generator_c/cmake)
[0.178s] -- Found rosidl_adapter: 3.1.5 (/opt/ros/humble/share/rosidl_adapter/cmake)
[0.183s] -- Found rosidl_generator_cpp: 3.1.5 (/opt/ros/humble/share/rosidl_generator_cpp/cmake)
[0.192s] -- Using all available rosidl_typesupport_c: rosidl_typesupport_fastrtps_c;rosidl_typesupport_introspection_c
[0.204s] -- Using all available rosidl_typesupport_cpp: rosidl_typesupport_fastrtps_cpp;rosidl_typesupport_introspection_cpp
[0.255s] -- Found rmw_implementation_cmake: 6.1.1 (/opt/ros/humble/share/rmw_implementation_cmake/cmake)
[0.256s] -- Found rmw_fastrtps_cpp: 6.2.6 (/opt/ros/humble/share/rmw_fastrtps_cpp/cmake)
[0.362s] -- Using RMW implementation 'rmw_fastrtps_cpp' as default
[0.513s] -- Found ament_lint_auto: 0.12.10 (/opt/ros/humble/share/ament_lint_auto/cmake)
[0.569s] -- Added test 'cppcheck' to perform static code analysis on C / C++ code
[0.569s] -- Configured cppcheck include dirs: 
[0.570s] -- Configured cppcheck exclude dirs and/or files: 
[0.570s] -- Added test 'lint_cmake' to check CMake code style
[0.570s] -- Added test 'uncrustify' to check C / C++ code style
[0.571s] -- Configured uncrustify additional arguments: 
[0.572s] -- Added test 'xmllint' to check XML markup files
[0.572s] -- Configuring done
[0.588s] -- Generating done
[0.589s] -- Build files have been written to: /home/parallels/ros2_ws/build/cpp_pubsub
[0.610s] [35m[1mConsolidate compiler generated dependencies of target listener[0m
[0.614s] [35m[1mConsolidate compiler generated dependencies of target talker[0m
[0.647s] [ 50%] Built target listener
[0.648s] [100%] Built target talker
[0.656s] Invoked command in '/home/parallels/ros2_ws/build/cpp_pubsub' returned '0': CMAKE_PREFIX_PATH=/opt/ros/humble /usr/bin/cmake --build /home/parallels/ros2_ws/build/cpp_pubsub -- -j2 -l2
[0.678s] Invoking command in '/home/parallels/ros2_ws/build/cpp_pubsub': CMAKE_PREFIX_PATH=/opt/ros/humble /usr/bin/cmake --install /home/parallels/ros2_ws/build/cpp_pubsub
[0.682s] -- Install configuration: ""
[0.683s] -- Up-to-date: /home/parallels/ros2_ws/install/cpp_pubsub/lib/cpp_pubsub/talker
[0.683s] -- Up-to-date: /home/parallels/ros2_ws/install/cpp_pubsub/lib/cpp_pubsub/talker
[0.685s] -- Up-to-date: /home/parallels/ros2_ws/install/cpp_pubsub/lib/cpp_pubsub/listener
[0.689s] -- Installing: /home/parallels/ros2_ws/install/cpp_pubsub/share/ament_index/resource_index/package_run_dependencies/cpp_pubsub
[0.689s] -- Up-to-date: /home/parallels/ros2_ws/install/cpp_pubsub/share/ament_index/resource_index/parent_prefix_path/cpp_pubsub
[0.689s] -- Up-to-date: /home/parallels/ros2_ws/install/cpp_pubsub/share/cpp_pubsub/environment/ament_prefix_path.sh
[0.689s] -- Installing: /home/parallels/ros2_ws/install/cpp_pubsub/share/cpp_pubsub/environment/ament_prefix_path.dsv
[0.689s] -- Up-to-date: /home/parallels/ros2_ws/install/cpp_pubsub/share/cpp_pubsub/environment/path.sh
[0.689s] -- Installing: /home/parallels/ros2_ws/install/cpp_pubsub/share/cpp_pubsub/environment/path.dsv
[0.689s] -- Up-to-date: /home/parallels/ros2_ws/install/cpp_pubsub/share/cpp_pubsub/local_setup.bash
[0.689s] -- Installing: /home/parallels/ros2_ws/install/cpp_pubsub/share/cpp_pubsub/local_setup.sh
[0.689s] -- Up-to-date: /home/parallels/ros2_ws/install/cpp_pubsub/share/cpp_pubsub/local_setup.zsh
[0.690s] -- Installing: /home/parallels/ros2_ws/install/cpp_pubsub/share/cpp_pubsub/local_setup.dsv
[0.690s] -- Installing: /home/parallels/ros2_ws/install/cpp_pubsub/share/cpp_pubsub/package.dsv
[0.690s] -- Up-to-date: /home/parallels/ros2_ws/install/cpp_pubsub/share/ament_index/resource_index/packages/cpp_pubsub
[0.690s] -- Installing: /home/parallels/ros2_ws/install/cpp_pubsub/share/cpp_pubsub/cmake/cpp_pubsubConfig.cmake
[0.690s] -- Up-to-date: /home/parallels/ros2_ws/install/cpp_pubsub/share/cpp_pubsub/cmake/cpp_pubsubConfig-version.cmake
[0.690s] -- Installing: /home/parallels/ros2_ws/install/cpp_pubsub/share/cpp_pubsub/package.xml
[0.696s] Invoked command in '/home/parallels/ros2_ws/build/cpp_pubsub' returned '0': CMAKE_PREFIX_PATH=/opt/ros/humble /usr/bin/cmake --install /home/parallels/ros2_ws/build/cpp_pubsub
