[0.036s] Invoking command in '/home/parallels/ros2_ws/build/cpp_pubsub': CMAKE_PREFIX_PATH=/opt/ros/humble /usr/bin/cmake --build /home/parallels/ros2_ws/build/cpp_pubsub -- -j2 -l2
[0.059s] -- Found ament_cmake: 1.3.8 (/opt/ros/humble/share/ament_cmake/cmake)
[0.159s] -- Found rclcpp: 16.0.8 (/opt/ros/humble/share/rclcpp/cmake)
[0.184s] -- Found rosidl_generator_c: 3.1.5 (/opt/ros/humble/share/rosidl_generator_c/cmake)
[0.187s] -- Found rosidl_adapter: 3.1.5 (/opt/ros/humble/share/rosidl_adapter/cmake)
[0.191s] -- Found rosidl_generator_cpp: 3.1.5 (/opt/ros/humble/share/rosidl_generator_cpp/cmake)
[0.200s] -- Using all available rosidl_typesupport_c: rosidl_typesupport_fastrtps_c;rosidl_typesupport_introspection_c
[0.213s] -- Using all available rosidl_typesupport_cpp: rosidl_typesupport_fastrtps_cpp;rosidl_typesupport_introspection_cpp
[0.263s] -- Found rmw_implementation_cmake: 6.1.1 (/opt/ros/humble/share/rmw_implementation_cmake/cmake)
[0.264s] -- Found rmw_fastrtps_cpp: 6.2.6 (/opt/ros/humble/share/rmw_fastrtps_cpp/cmake)
[0.368s] -- Using RMW implementation 'rmw_fastrtps_cpp' as default
[0.517s] -- Found geometry_msgs: 4.2.3 (/opt/ros/humble/share/geometry_msgs/cmake)
[0.560s] -- Found rosidl_default_generators: 1.2.0 (/opt/ros/humble/share/rosidl_default_generators/cmake)
[0.778s] -- Found ament_cmake_ros: 0.10.0 (/opt/ros/humble/share/ament_cmake_ros/cmake)
[1.103s] -- Using all available rosidl_typesupport_c: rosidl_typesupport_fastrtps_c;rosidl_typesupport_introspection_c
[1.236s] -- Using all available rosidl_typesupport_cpp: rosidl_typesupport_fastrtps_cpp;rosidl_typesupport_introspection_cpp
[1.254s] -- Found python_cmake_module: 0.10.0 (/opt/ros/humble/share/python_cmake_module/cmake)
[1.271s] -- Using PYTHON_EXECUTABLE: /usr/bin/python3
[1.271s] -- Using PYTHON_INCLUDE_DIRS: /usr/include/python3.10
[1.272s] -- Using PYTHON_LIBRARIES: /usr/lib/aarch64-linux-gnu/libpython3.10.so
[1.300s] -- Found ament_lint_auto: 0.12.10 (/opt/ros/humble/share/ament_lint_auto/cmake)
[1.307s] -- Added test 'cppcheck' to perform static code analysis on C / C++ code
[1.307s] -- Configured cppcheck include dirs: 
[1.307s] -- Configured cppcheck exclude dirs and/or files: 
[1.308s] -- Added test 'lint_cmake' to check CMake code style
[1.308s] -- Added test 'uncrustify' to check C / C++ code style
[1.308s] -- Configured uncrustify additional arguments: 
[1.309s] -- Added test 'xmllint' to check XML markup files
[1.310s] -- Configuring done
[1.342s] -- Generating done
[1.345s] -- Build files have been written to: /home/parallels/ros2_ws/build/cpp_pubsub
[1.363s] [  2%] [34m[1mGenerating C code for ROS interfaces[0m
[1.369s] [  5%] [34m[1mGenerating C++ code for ROS interfaces[0m
[1.606s] [  5%] Built target cpp_pubsub__cpp
[1.627s] [  5%] Built target ament_cmake_python_copy_cpp_pubsub
[1.635s] [35m[1mConsolidate compiler generated dependencies of target talker[0m
[1.640s] [  8%] [32mBuilding C object CMakeFiles/cpp_pubsub__rosidl_generator_c.dir/rosidl_generator_c/cpp_pubsub/msg/detail/num__functions.c.o[0m
[1.656s] [ 11%] [32mBuilding CXX object CMakeFiles/talker.dir/src/publisher_member_function.cpp.o[0m
[1.756s] [ 14%] [32m[1mLinking C shared library libcpp_pubsub__rosidl_generator_c.so[0m
[1.807s] [ 14%] Built target cpp_pubsub__rosidl_generator_c
[1.818s] [35m[1mConsolidate compiler generated dependencies of target listener[0m
[1.842s] [ 17%] [32mBuilding CXX object CMakeFiles/listener.dir/src/subscriber_member_function.cpp.o[0m
[8.948s] [ 20%] [32m[1mLinking CXX executable talker[0m
[9.255s] [ 20%] Built target talker
[9.277s] [ 22%] [34m[1mGenerating C++ type support dispatch for ROS interfaces[0m
[9.616s] [ 25%] [32mBuilding CXX object CMakeFiles/cpp_pubsub__rosidl_typesupport_cpp.dir/rosidl_typesupport_cpp/cpp_pubsub/msg/num__type_support.cpp.o[0m
[9.964s] [ 28%] [32m[1mLinking CXX shared library libcpp_pubsub__rosidl_typesupport_cpp.so[0m
[10.002s] [ 28%] Built target cpp_pubsub__rosidl_typesupport_cpp
[10.019s] [ 31%] [34m[1mGenerating C type support for eProsima Fast-RTPS[0m
[10.245s] [ 34%] [32mBuilding CXX object CMakeFiles/cpp_pubsub__rosidl_typesupport_fastrtps_c.dir/rosidl_typesupport_fastrtps_c/cpp_pubsub/msg/detail/num__type_support_c.cpp.o[0m
[10.528s] [ 37%] [32m[1mLinking CXX shared library libcpp_pubsub__rosidl_typesupport_fastrtps_c.so[0m
[10.674s] [ 37%] Built target cpp_pubsub__rosidl_typesupport_fastrtps_c
[10.684s] [ 40%] [34m[1mGenerating C++ type support for eProsima Fast-RTPS[0m
[10.910s] [ 42%] [32mBuilding CXX object CMakeFiles/cpp_pubsub__rosidl_typesupport_fastrtps_cpp.dir/rosidl_typesupport_fastrtps_cpp/cpp_pubsub/msg/detail/dds_fastrtps/num__type_support.cpp.o[0m
[11.250s] [ 45%] [32m[1mLinking CXX shared library libcpp_pubsub__rosidl_typesupport_fastrtps_cpp.so[0m
[11.305s] [ 45%] Built target cpp_pubsub__rosidl_typesupport_fastrtps_cpp
[11.313s] [ 48%] [34m[1mGenerating C introspection for ROS interfaces[0m
[11.509s] [ 51%] [32mBuilding C object CMakeFiles/cpp_pubsub__rosidl_typesupport_introspection_c.dir/rosidl_typesupport_introspection_c/cpp_pubsub/msg/detail/num__type_support.c.o[0m
[11.566s] [ 54%] [32m[1mLinking C shared library libcpp_pubsub__rosidl_typesupport_introspection_c.so[0m
[11.590s] [ 54%] Built target cpp_pubsub__rosidl_typesupport_introspection_c
[11.598s] [ 57%] [34m[1mGenerating C type support dispatch for ROS interfaces[0m
[11.773s] [ 60%] [32mBuilding CXX object CMakeFiles/cpp_pubsub__rosidl_typesupport_c.dir/rosidl_typesupport_c/cpp_pubsub/msg/num__type_support.cpp.o[0m
[11.803s] [ 62%] [32m[1mLinking CXX shared library libcpp_pubsub__rosidl_typesupport_c.so[0m
[11.837s] [ 62%] Built target cpp_pubsub__rosidl_typesupport_c
[11.845s] [ 65%] [34m[1mGenerating C++ introspection for ROS interfaces[0m
[12.051s] [ 68%] [32mBuilding CXX object CMakeFiles/cpp_pubsub__rosidl_typesupport_introspection_cpp.dir/rosidl_typesupport_introspection_cpp/cpp_pubsub/msg/detail/num__type_support.cpp.o[0m
[12.360s] [ 71%] [32m[1mLinking CXX shared library libcpp_pubsub__rosidl_typesupport_introspection_cpp.so[0m
[12.392s] [ 71%] Built target cpp_pubsub__rosidl_typesupport_introspection_cpp
[12.801s] running egg_info
[12.802s] creating cpp_pubsub.egg-info
[12.802s] writing cpp_pubsub.egg-info/PKG-INFO
[12.802s] writing dependency_links to cpp_pubsub.egg-info/dependency_links.txt
[12.803s] writing top-level names to cpp_pubsub.egg-info/top_level.txt
[12.803s] writing manifest file 'cpp_pubsub.egg-info/SOURCES.txt'
[12.804s] reading manifest file 'cpp_pubsub.egg-info/SOURCES.txt'
[12.806s] writing manifest file 'cpp_pubsub.egg-info/SOURCES.txt'
[12.827s] [ 71%] Built target ament_cmake_python_build_cpp_pubsub_egg
[12.829s] [ 74%] [32m[1mLinking CXX executable listener[0m
[12.845s] [ 74%] Built target cpp_pubsub
[12.869s] [ 77%] [34m[1mGenerating Python code for ROS interfaces[0m
[13.153s] [ 77%] Built target cpp_pubsub__py
[13.180s] [ 80%] [32mBuilding C object CMakeFiles/cpp_pubsub__rosidl_generator_py.dir/rosidl_generator_py/cpp_pubsub/msg/_num_s.c.o[0m
[13.305s] [ 80%] Built target listener
[13.374s] [ 82%] [32m[1mLinking C shared library rosidl_generator_py/cpp_pubsub/libcpp_pubsub__rosidl_generator_py.so[0m
[13.440s] [ 82%] Built target cpp_pubsub__rosidl_generator_py
[13.484s] [ 85%] [32mBuilding C object CMakeFiles/cpp_pubsub__rosidl_typesupport_fastrtps_c__pyext.dir/rosidl_generator_py/cpp_pubsub/_cpp_pubsub_s.ep.rosidl_typesupport_fastrtps_c.c.o[0m
[13.491s] [ 88%] [32mBuilding C object CMakeFiles/cpp_pubsub__rosidl_typesupport_introspection_c__pyext.dir/rosidl_generator_py/cpp_pubsub/_cpp_pubsub_s.ep.rosidl_typesupport_introspection_c.c.o[0m
[13.705s] [ 91%] [32m[1mLinking C shared library rosidl_generator_py/cpp_pubsub/cpp_pubsub_s__rosidl_typesupport_fastrtps_c.cpython-310-aarch64-linux-gnu.so[0m
[13.717s] [ 94%] [32m[1mLinking C shared library rosidl_generator_py/cpp_pubsub/cpp_pubsub_s__rosidl_typesupport_introspection_c.cpython-310-aarch64-linux-gnu.so[0m
[13.752s] [ 94%] Built target cpp_pubsub__rosidl_typesupport_fastrtps_c__pyext
[13.768s] [ 94%] Built target cpp_pubsub__rosidl_typesupport_introspection_c__pyext
[13.786s] [ 97%] [32mBuilding C object CMakeFiles/cpp_pubsub__rosidl_typesupport_c__pyext.dir/rosidl_generator_py/cpp_pubsub/_cpp_pubsub_s.ep.rosidl_typesupport_c.c.o[0m
[13.861s] [100%] [32m[1mLinking C shared library rosidl_generator_py/cpp_pubsub/cpp_pubsub_s__rosidl_typesupport_c.cpython-310-aarch64-linux-gnu.so[0m
[13.903s] [100%] Built target cpp_pubsub__rosidl_typesupport_c__pyext
[14.083s] Invoked command in '/home/parallels/ros2_ws/build/cpp_pubsub' returned '0': CMAKE_PREFIX_PATH=/opt/ros/humble /usr/bin/cmake --build /home/parallels/ros2_ws/build/cpp_pubsub -- -j2 -l2
[14.177s] Invoking command in '/home/parallels/ros2_ws/build/cpp_pubsub': CMAKE_PREFIX_PATH=/opt/ros/humble /usr/bin/cmake --install /home/parallels/ros2_ws/build/cpp_pubsub
[14.182s] -- Install configuration: ""
[14.184s] -- Installing: /home/parallels/ros2_ws/install/cpp_pubsub/share/ament_index/resource_index/rosidl_interfaces/cpp_pubsub
[14.185s] -- Installing: /home/parallels/ros2_ws/install/cpp_pubsub/include/cpp_pubsub/cpp_pubsub
[14.185s] -- Installing: /home/parallels/ros2_ws/install/cpp_pubsub/include/cpp_pubsub/cpp_pubsub/msg
[14.185s] -- Installing: /home/parallels/ros2_ws/install/cpp_pubsub/include/cpp_pubsub/cpp_pubsub/msg/rosidl_generator_c__visibility_control.h
[14.185s] -- Installing: /home/parallels/ros2_ws/install/cpp_pubsub/include/cpp_pubsub/cpp_pubsub/msg/detail
[14.185s] -- Installing: /home/parallels/ros2_ws/install/cpp_pubsub/include/cpp_pubsub/cpp_pubsub/msg/detail/num__struct.h
[14.185s] -- Installing: /home/parallels/ros2_ws/install/cpp_pubsub/include/cpp_pubsub/cpp_pubsub/msg/detail/num__functions.c
[14.185s] -- Installing: /home/parallels/ros2_ws/install/cpp_pubsub/include/cpp_pubsub/cpp_pubsub/msg/detail/num__functions.h
[14.185s] -- Installing: /home/parallels/ros2_ws/install/cpp_pubsub/include/cpp_pubsub/cpp_pubsub/msg/detail/num__type_support.h
[14.185s] -- Installing: /home/parallels/ros2_ws/install/cpp_pubsub/include/cpp_pubsub/cpp_pubsub/msg/num.h
[14.189s] -- Installing: /home/parallels/ros2_ws/install/cpp_pubsub/share/cpp_pubsub/environment/library_path.sh
[14.189s] -- Installing: /home/parallels/ros2_ws/install/cpp_pubsub/share/cpp_pubsub/environment/library_path.dsv
[14.189s] -- Installing: /home/parallels/ros2_ws/install/cpp_pubsub/lib/libcpp_pubsub__rosidl_generator_c.so
[14.189s] -- Set runtime path of "/home/parallels/ros2_ws/install/cpp_pubsub/lib/libcpp_pubsub__rosidl_generator_c.so" to ""
[14.189s] -- Up-to-date: /home/parallels/ros2_ws/install/cpp_pubsub/include/cpp_pubsub/cpp_pubsub
[14.189s] -- Up-to-date: /home/parallels/ros2_ws/install/cpp_pubsub/include/cpp_pubsub/cpp_pubsub/msg
[14.189s] -- Up-to-date: /home/parallels/ros2_ws/install/cpp_pubsub/include/cpp_pubsub/cpp_pubsub/msg/detail
[14.189s] -- Installing: /home/parallels/ros2_ws/install/cpp_pubsub/include/cpp_pubsub/cpp_pubsub/msg/detail/num__rosidl_typesupport_fastrtps_c.h
[14.189s] -- Installing: /home/parallels/ros2_ws/install/cpp_pubsub/include/cpp_pubsub/cpp_pubsub/msg/rosidl_typesupport_fastrtps_c__visibility_control.h
[14.189s] -- Installing: /home/parallels/ros2_ws/install/cpp_pubsub/lib/libcpp_pubsub__rosidl_typesupport_fastrtps_c.so
[14.189s] -- Set runtime path of "/home/parallels/ros2_ws/install/cpp_pubsub/lib/libcpp_pubsub__rosidl_typesupport_fastrtps_c.so" to ""
[14.189s] -- Up-to-date: /home/parallels/ros2_ws/install/cpp_pubsub/include/cpp_pubsub/cpp_pubsub
[14.189s] -- Up-to-date: /home/parallels/ros2_ws/install/cpp_pubsub/include/cpp_pubsub/cpp_pubsub/msg
[14.189s] -- Up-to-date: /home/parallels/ros2_ws/install/cpp_pubsub/include/cpp_pubsub/cpp_pubsub/msg/detail
[14.189s] -- Installing: /home/parallels/ros2_ws/install/cpp_pubsub/include/cpp_pubsub/cpp_pubsub/msg/detail/num__traits.hpp
[14.189s] -- Installing: /home/parallels/ros2_ws/install/cpp_pubsub/include/cpp_pubsub/cpp_pubsub/msg/detail/num__builder.hpp
[14.189s] -- Installing: /home/parallels/ros2_ws/install/cpp_pubsub/include/cpp_pubsub/cpp_pubsub/msg/detail/num__struct.hpp
[14.189s] -- Installing: /home/parallels/ros2_ws/install/cpp_pubsub/include/cpp_pubsub/cpp_pubsub/msg/num.hpp
[14.192s] -- Up-to-date: /home/parallels/ros2_ws/install/cpp_pubsub/include/cpp_pubsub/cpp_pubsub
[14.192s] -- Up-to-date: /home/parallels/ros2_ws/install/cpp_pubsub/include/cpp_pubsub/cpp_pubsub/msg
[14.192s] -- Up-to-date: /home/parallels/ros2_ws/install/cpp_pubsub/include/cpp_pubsub/cpp_pubsub/msg/detail
[14.192s] -- Installing: /home/parallels/ros2_ws/install/cpp_pubsub/include/cpp_pubsub/cpp_pubsub/msg/detail/dds_fastrtps
[14.192s] -- Installing: /home/parallels/ros2_ws/install/cpp_pubsub/include/cpp_pubsub/cpp_pubsub/msg/detail/num__rosidl_typesupport_fastrtps_cpp.hpp
[14.192s] -- Installing: /home/parallels/ros2_ws/install/cpp_pubsub/include/cpp_pubsub/cpp_pubsub/msg/rosidl_typesupport_fastrtps_cpp__visibility_control.h
[14.192s] -- Installing: /home/parallels/ros2_ws/install/cpp_pubsub/lib/libcpp_pubsub__rosidl_typesupport_fastrtps_cpp.so
[14.192s] -- Set runtime path of "/home/parallels/ros2_ws/install/cpp_pubsub/lib/libcpp_pubsub__rosidl_typesupport_fastrtps_cpp.so" to ""
[14.192s] -- Up-to-date: /home/parallels/ros2_ws/install/cpp_pubsub/include/cpp_pubsub/cpp_pubsub
[14.192s] -- Up-to-date: /home/parallels/ros2_ws/install/cpp_pubsub/include/cpp_pubsub/cpp_pubsub/msg
[14.192s] -- Up-to-date: /home/parallels/ros2_ws/install/cpp_pubsub/include/cpp_pubsub/cpp_pubsub/msg/detail
[14.192s] -- Installing: /home/parallels/ros2_ws/install/cpp_pubsub/include/cpp_pubsub/cpp_pubsub/msg/detail/num__type_support.c
[14.192s] -- Installing: /home/parallels/ros2_ws/install/cpp_pubsub/include/cpp_pubsub/cpp_pubsub/msg/detail/num__rosidl_typesupport_introspection_c.h
[14.192s] -- Installing: /home/parallels/ros2_ws/install/cpp_pubsub/include/cpp_pubsub/cpp_pubsub/msg/rosidl_typesupport_introspection_c__visibility_control.h
[14.192s] -- Installing: /home/parallels/ros2_ws/install/cpp_pubsub/lib/libcpp_pubsub__rosidl_typesupport_introspection_c.so
[14.192s] -- Set runtime path of "/home/parallels/ros2_ws/install/cpp_pubsub/lib/libcpp_pubsub__rosidl_typesupport_introspection_c.so" to ""
[14.192s] -- Installing: /home/parallels/ros2_ws/install/cpp_pubsub/lib/libcpp_pubsub__rosidl_typesupport_c.so
[14.192s] -- Set runtime path of "/home/parallels/ros2_ws/install/cpp_pubsub/lib/libcpp_pubsub__rosidl_typesupport_c.so" to ""
[14.192s] -- Up-to-date: /home/parallels/ros2_ws/install/cpp_pubsub/include/cpp_pubsub/cpp_pubsub
[14.192s] -- Up-to-date: /home/parallels/ros2_ws/install/cpp_pubsub/include/cpp_pubsub/cpp_pubsub/msg
[14.193s] -- Up-to-date: /home/parallels/ros2_ws/install/cpp_pubsub/include/cpp_pubsub/cpp_pubsub/msg/detail
[14.193s] -- Installing: /home/parallels/ros2_ws/install/cpp_pubsub/include/cpp_pubsub/cpp_pubsub/msg/detail/num__type_support.cpp
[14.193s] -- Installing: /home/parallels/ros2_ws/install/cpp_pubsub/include/cpp_pubsub/cpp_pubsub/msg/detail/num__rosidl_typesupport_introspection_cpp.hpp
[14.193s] -- Installing: /home/parallels/ros2_ws/install/cpp_pubsub/lib/libcpp_pubsub__rosidl_typesupport_introspection_cpp.so
[14.193s] -- Set runtime path of "/home/parallels/ros2_ws/install/cpp_pubsub/lib/libcpp_pubsub__rosidl_typesupport_introspection_cpp.so" to ""
[14.193s] -- Installing: /home/parallels/ros2_ws/install/cpp_pubsub/lib/libcpp_pubsub__rosidl_typesupport_cpp.so
[14.193s] -- Set runtime path of "/home/parallels/ros2_ws/install/cpp_pubsub/lib/libcpp_pubsub__rosidl_typesupport_cpp.so" to ""
[14.193s] -- Installing: /home/parallels/ros2_ws/install/cpp_pubsub/share/cpp_pubsub/environment/pythonpath.sh
[14.200s] -- Installing: /home/parallels/ros2_ws/install/cpp_pubsub/share/cpp_pubsub/environment/pythonpath.dsv
[14.200s] -- Installing: /home/parallels/ros2_ws/install/cpp_pubsub/local/lib/python3.10/dist-packages/cpp_pubsub-0.0.0-py3.10.egg-info
[14.200s] -- Installing: /home/parallels/ros2_ws/install/cpp_pubsub/local/lib/python3.10/dist-packages/cpp_pubsub-0.0.0-py3.10.egg-info/dependency_links.txt
[14.200s] -- Installing: /home/parallels/ros2_ws/install/cpp_pubsub/local/lib/python3.10/dist-packages/cpp_pubsub-0.0.0-py3.10.egg-info/top_level.txt
[14.200s] -- Installing: /home/parallels/ros2_ws/install/cpp_pubsub/local/lib/python3.10/dist-packages/cpp_pubsub-0.0.0-py3.10.egg-info/PKG-INFO
[14.200s] -- Installing: /home/parallels/ros2_ws/install/cpp_pubsub/local/lib/python3.10/dist-packages/cpp_pubsub-0.0.0-py3.10.egg-info/SOURCES.txt
[14.200s] -- Installing: /home/parallels/ros2_ws/install/cpp_pubsub/local/lib/python3.10/dist-packages/cpp_pubsub
[14.200s] -- Installing: /home/parallels/ros2_ws/install/cpp_pubsub/local/lib/python3.10/dist-packages/cpp_pubsub/cpp_pubsub_s__rosidl_typesupport_c.cpython-310-aarch64-linux-gnu.so
[14.200s] -- Installing: /home/parallels/ros2_ws/install/cpp_pubsub/local/lib/python3.10/dist-packages/cpp_pubsub/cpp_pubsub_s__rosidl_typesupport_introspection_c.cpython-310-aarch64-linux-gnu.so
[14.200s] -- Installing: /home/parallels/ros2_ws/install/cpp_pubsub/local/lib/python3.10/dist-packages/cpp_pubsub/cpp_pubsub_s__rosidl_typesupport_fastrtps_c.cpython-310-aarch64-linux-gnu.so
[14.200s] -- Installing: /home/parallels/ros2_ws/install/cpp_pubsub/local/lib/python3.10/dist-packages/cpp_pubsub/msg
[14.200s] -- Installing: /home/parallels/ros2_ws/install/cpp_pubsub/local/lib/python3.10/dist-packages/cpp_pubsub/msg/_num_s.c
[14.200s] -- Installing: /home/parallels/ros2_ws/install/cpp_pubsub/local/lib/python3.10/dist-packages/cpp_pubsub/msg/__init__.py
[14.200s] -- Installing: /home/parallels/ros2_ws/install/cpp_pubsub/local/lib/python3.10/dist-packages/cpp_pubsub/msg/_num.py
[14.200s] -- Installing: /home/parallels/ros2_ws/install/cpp_pubsub/local/lib/python3.10/dist-packages/cpp_pubsub/_cpp_pubsub_s.ep.rosidl_typesupport_c.c
[14.200s] -- Installing: /home/parallels/ros2_ws/install/cpp_pubsub/local/lib/python3.10/dist-packages/cpp_pubsub/__init__.py
[14.200s] -- Installing: /home/parallels/ros2_ws/install/cpp_pubsub/local/lib/python3.10/dist-packages/cpp_pubsub/libcpp_pubsub__rosidl_generator_py.so
[14.200s] -- Installing: /home/parallels/ros2_ws/install/cpp_pubsub/local/lib/python3.10/dist-packages/cpp_pubsub/_cpp_pubsub_s.ep.rosidl_typesupport_introspection_c.c
[14.200s] -- Installing: /home/parallels/ros2_ws/install/cpp_pubsub/local/lib/python3.10/dist-packages/cpp_pubsub/_cpp_pubsub_s.ep.rosidl_typesupport_fastrtps_c.c
[14.221s] Listing '/home/parallels/ros2_ws/install/cpp_pubsub/local/lib/python3.10/dist-packages/cpp_pubsub'...
[14.221s] Compiling '/home/parallels/ros2_ws/install/cpp_pubsub/local/lib/python3.10/dist-packages/cpp_pubsub/__init__.py'...
[14.222s] Listing '/home/parallels/ros2_ws/install/cpp_pubsub/local/lib/python3.10/dist-packages/cpp_pubsub/msg'...
[14.222s] Compiling '/home/parallels/ros2_ws/install/cpp_pubsub/local/lib/python3.10/dist-packages/cpp_pubsub/msg/__init__.py'...
[14.222s] Compiling '/home/parallels/ros2_ws/install/cpp_pubsub/local/lib/python3.10/dist-packages/cpp_pubsub/msg/_num.py'...
[14.226s] -- Installing: /home/parallels/ros2_ws/install/cpp_pubsub/local/lib/python3.10/dist-packages/cpp_pubsub/cpp_pubsub_s__rosidl_typesupport_fastrtps_c.cpython-310-aarch64-linux-gnu.so
[14.226s] -- Set runtime path of "/home/parallels/ros2_ws/install/cpp_pubsub/local/lib/python3.10/dist-packages/cpp_pubsub/cpp_pubsub_s__rosidl_typesupport_fastrtps_c.cpython-310-aarch64-linux-gnu.so" to ""
[14.226s] -- Installing: /home/parallels/ros2_ws/install/cpp_pubsub/local/lib/python3.10/dist-packages/cpp_pubsub/cpp_pubsub_s__rosidl_typesupport_introspection_c.cpython-310-aarch64-linux-gnu.so
[14.226s] -- Set runtime path of "/home/parallels/ros2_ws/install/cpp_pubsub/local/lib/python3.10/dist-packages/cpp_pubsub/cpp_pubsub_s__rosidl_typesupport_introspection_c.cpython-310-aarch64-linux-gnu.so" to ""
[14.226s] -- Installing: /home/parallels/ros2_ws/install/cpp_pubsub/local/lib/python3.10/dist-packages/cpp_pubsub/cpp_pubsub_s__rosidl_typesupport_c.cpython-310-aarch64-linux-gnu.so
[14.227s] -- Set runtime path of "/home/parallels/ros2_ws/install/cpp_pubsub/local/lib/python3.10/dist-packages/cpp_pubsub/cpp_pubsub_s__rosidl_typesupport_c.cpython-310-aarch64-linux-gnu.so" to ""
[14.227s] -- Installing: /home/parallels/ros2_ws/install/cpp_pubsub/lib/libcpp_pubsub__rosidl_generator_py.so
[14.227s] -- Set runtime path of "/home/parallels/ros2_ws/install/cpp_pubsub/lib/libcpp_pubsub__rosidl_generator_py.so" to ""
[14.227s] -- Installing: /home/parallels/ros2_ws/install/cpp_pubsub/share/cpp_pubsub/msg/Num.idl
[14.227s] -- Installing: /home/parallels/ros2_ws/install/cpp_pubsub/share/cpp_pubsub/msg/Num.msg
[14.228s] -- Installing: /home/parallels/ros2_ws/install/cpp_pubsub/lib/cpp_pubsub/talker
[14.229s] -- Set runtime path of "/home/parallels/ros2_ws/install/cpp_pubsub/lib/cpp_pubsub/talker" to ""
[14.230s] -- Installing: /home/parallels/ros2_ws/install/cpp_pubsub/lib/cpp_pubsub/listener
[14.233s] -- Set runtime path of "/home/parallels/ros2_ws/install/cpp_pubsub/lib/cpp_pubsub/listener" to ""
[14.233s] -- Up-to-date: /home/parallels/ros2_ws/install/cpp_pubsub/share/ament_index/resource_index/package_run_dependencies/cpp_pubsub
[14.233s] -- Up-to-date: /home/parallels/ros2_ws/install/cpp_pubsub/share/ament_index/resource_index/parent_prefix_path/cpp_pubsub
[14.234s] -- Up-to-date: /home/parallels/ros2_ws/install/cpp_pubsub/share/cpp_pubsub/environment/ament_prefix_path.sh
[14.234s] -- Installing: /home/parallels/ros2_ws/install/cpp_pubsub/share/cpp_pubsub/environment/ament_prefix_path.dsv
[14.234s] -- Up-to-date: /home/parallels/ros2_ws/install/cpp_pubsub/share/cpp_pubsub/environment/path.sh
[14.234s] -- Installing: /home/parallels/ros2_ws/install/cpp_pubsub/share/cpp_pubsub/environment/path.dsv
[14.234s] -- Up-to-date: /home/parallels/ros2_ws/install/cpp_pubsub/share/cpp_pubsub/local_setup.bash
[14.234s] -- Installing: /home/parallels/ros2_ws/install/cpp_pubsub/share/cpp_pubsub/local_setup.sh
[14.234s] -- Up-to-date: /home/parallels/ros2_ws/install/cpp_pubsub/share/cpp_pubsub/local_setup.zsh
[14.234s] -- Installing: /home/parallels/ros2_ws/install/cpp_pubsub/share/cpp_pubsub/local_setup.dsv
[14.235s] -- Installing: /home/parallels/ros2_ws/install/cpp_pubsub/share/cpp_pubsub/package.dsv
[14.235s] -- Up-to-date: /home/parallels/ros2_ws/install/cpp_pubsub/share/ament_index/resource_index/packages/cpp_pubsub
[14.236s] -- Installing: /home/parallels/ros2_ws/install/cpp_pubsub/share/cpp_pubsub/cmake/export_cpp_pubsub__rosidl_generator_cExport.cmake
[14.236s] -- Installing: /home/parallels/ros2_ws/install/cpp_pubsub/share/cpp_pubsub/cmake/export_cpp_pubsub__rosidl_generator_cExport-noconfig.cmake
[14.238s] -- Installing: /home/parallels/ros2_ws/install/cpp_pubsub/share/cpp_pubsub/cmake/export_cpp_pubsub__rosidl_typesupport_fastrtps_cExport.cmake
[14.240s] -- Installing: /home/parallels/ros2_ws/install/cpp_pubsub/share/cpp_pubsub/cmake/export_cpp_pubsub__rosidl_typesupport_fastrtps_cExport-noconfig.cmake
[14.240s] -- Installing: /home/parallels/ros2_ws/install/cpp_pubsub/share/cpp_pubsub/cmake/export_cpp_pubsub__rosidl_generator_cppExport.cmake
[14.240s] -- Installing: /home/parallels/ros2_ws/install/cpp_pubsub/share/cpp_pubsub/cmake/export_cpp_pubsub__rosidl_typesupport_fastrtps_cppExport.cmake
[14.240s] -- Installing: /home/parallels/ros2_ws/install/cpp_pubsub/share/cpp_pubsub/cmake/export_cpp_pubsub__rosidl_typesupport_fastrtps_cppExport-noconfig.cmake
[14.240s] -- Installing: /home/parallels/ros2_ws/install/cpp_pubsub/share/cpp_pubsub/cmake/cpp_pubsub__rosidl_typesupport_introspection_cExport.cmake
[14.240s] -- Installing: /home/parallels/ros2_ws/install/cpp_pubsub/share/cpp_pubsub/cmake/cpp_pubsub__rosidl_typesupport_introspection_cExport-noconfig.cmake
[14.240s] -- Installing: /home/parallels/ros2_ws/install/cpp_pubsub/share/cpp_pubsub/cmake/cpp_pubsub__rosidl_typesupport_cExport.cmake
[14.240s] -- Installing: /home/parallels/ros2_ws/install/cpp_pubsub/share/cpp_pubsub/cmake/cpp_pubsub__rosidl_typesupport_cExport-noconfig.cmake
[14.240s] -- Installing: /home/parallels/ros2_ws/install/cpp_pubsub/share/cpp_pubsub/cmake/cpp_pubsub__rosidl_typesupport_introspection_cppExport.cmake
[14.240s] -- Installing: /home/parallels/ros2_ws/install/cpp_pubsub/share/cpp_pubsub/cmake/cpp_pubsub__rosidl_typesupport_introspection_cppExport-noconfig.cmake
[14.240s] -- Installing: /home/parallels/ros2_ws/install/cpp_pubsub/share/cpp_pubsub/cmake/cpp_pubsub__rosidl_typesupport_cppExport.cmake
[14.240s] -- Installing: /home/parallels/ros2_ws/install/cpp_pubsub/share/cpp_pubsub/cmake/cpp_pubsub__rosidl_typesupport_cppExport-noconfig.cmake
[14.241s] -- Installing: /home/parallels/ros2_ws/install/cpp_pubsub/share/cpp_pubsub/cmake/export_cpp_pubsub__rosidl_generator_pyExport.cmake
[14.241s] -- Installing: /home/parallels/ros2_ws/install/cpp_pubsub/share/cpp_pubsub/cmake/export_cpp_pubsub__rosidl_generator_pyExport-noconfig.cmake
[14.241s] -- Installing: /home/parallels/ros2_ws/install/cpp_pubsub/share/cpp_pubsub/cmake/rosidl_cmake-extras.cmake
[14.241s] -- Installing: /home/parallels/ros2_ws/install/cpp_pubsub/share/cpp_pubsub/cmake/ament_cmake_export_dependencies-extras.cmake
[14.242s] -- Installing: /home/parallels/ros2_ws/install/cpp_pubsub/share/cpp_pubsub/cmake/ament_cmake_export_include_directories-extras.cmake
[14.242s] -- Installing: /home/parallels/ros2_ws/install/cpp_pubsub/share/cpp_pubsub/cmake/ament_cmake_export_libraries-extras.cmake
[14.242s] -- Installing: /home/parallels/ros2_ws/install/cpp_pubsub/share/cpp_pubsub/cmake/ament_cmake_export_targets-extras.cmake
[14.242s] -- Installing: /home/parallels/ros2_ws/install/cpp_pubsub/share/cpp_pubsub/cmake/rosidl_cmake_export_typesupport_targets-extras.cmake
[14.242s] -- Installing: /home/parallels/ros2_ws/install/cpp_pubsub/share/cpp_pubsub/cmake/rosidl_cmake_export_typesupport_libraries-extras.cmake
[14.243s] -- Installing: /home/parallels/ros2_ws/install/cpp_pubsub/share/cpp_pubsub/cmake/cpp_pubsubConfig.cmake
[14.243s] -- Up-to-date: /home/parallels/ros2_ws/install/cpp_pubsub/share/cpp_pubsub/cmake/cpp_pubsubConfig-version.cmake
[14.243s] -- Up-to-date: /home/parallels/ros2_ws/install/cpp_pubsub/share/cpp_pubsub/package.xml
[14.252s] Invoked command in '/home/parallels/ros2_ws/build/cpp_pubsub' returned '0': CMAKE_PREFIX_PATH=/opt/ros/humble /usr/bin/cmake --install /home/parallels/ros2_ws/build/cpp_pubsub
