[1.457s] Invoking command in '/home/parallels/ros2_ws/src/py_pubsub': PYTHONPATH=/home/parallels/ros2_ws/build/py_pubsub/prefix_override:/home/parallels/ros2_ws/install/py_pubsub/lib/python3.10/site-packages:${PYTHONPATH} /usr/bin/python3 setup.py egg_info --egg-base ../../build/py_pubsub build --build-base /home/parallels/ros2_ws/build/py_pubsub/build install --record /home/parallels/ros2_ws/build/py_pubsub/install.log --single-version-externally-managed
[2.023s] running egg_info
[2.024s] writing ../../build/py_pubsub/py_pubsub.egg-info/PKG-INFO
[2.026s] writing dependency_links to ../../build/py_pubsub/py_pubsub.egg-info/dependency_links.txt
[2.027s] writing entry points to ../../build/py_pubsub/py_pubsub.egg-info/entry_points.txt
[2.027s] writing requirements to ../../build/py_pubsub/py_pubsub.egg-info/requires.txt
[2.027s] writing top-level names to ../../build/py_pubsub/py_pubsub.egg-info/top_level.txt
[2.032s] reading manifest file '../../build/py_pubsub/py_pubsub.egg-info/SOURCES.txt'
[2.032s] adding license file 'LICENSE'
[2.032s] writing manifest file '../../build/py_pubsub/py_pubsub.egg-info/SOURCES.txt'
[2.032s] running build
[2.036s] running build_py
[2.040s] /usr/lib/python3/dist-packages/setuptools/command/install.py:34: SetuptoolsDeprecationWarning: setup.py install is deprecated. Use build and pip and other standards-based tools.
[2.040s]   warnings.warn(
[2.040s] running install
[2.042s] running install_lib
[2.042s] running install_data
[2.043s] running install_egg_info
[2.046s] removing '/home/parallels/ros2_ws/install/py_pubsub/lib/python3.10/site-packages/py_pubsub-0.0.0-py3.10.egg-info' (and everything under it)
[2.046s] Copying ../../build/py_pubsub/py_pubsub.egg-info to /home/parallels/ros2_ws/install/py_pubsub/lib/python3.10/site-packages/py_pubsub-0.0.0-py3.10.egg-info
[2.050s] running install_scripts
[2.096s] Installing listener script to /home/parallels/ros2_ws/install/py_pubsub/lib/py_pubsub
[2.097s] Installing talker script to /home/parallels/ros2_ws/install/py_pubsub/lib/py_pubsub
[2.097s] writing list of installed files to '/home/parallels/ros2_ws/build/py_pubsub/install.log'
[2.248s] Invoked command in '/home/parallels/ros2_ws/src/py_pubsub' returned '0': PYTHONPATH=/home/parallels/ros2_ws/build/py_pubsub/prefix_override:/home/parallels/ros2_ws/install/py_pubsub/lib/python3.10/site-packages:${PYTHONPATH} /usr/bin/python3 setup.py egg_info --egg-base ../../build/py_pubsub build --build-base /home/parallels/ros2_ws/build/py_pubsub/build install --record /home/parallels/ros2_ws/build/py_pubsub/install.log --single-version-externally-managed
