[0.887s] Invoking command in '/home/parallels/ros2_ws/build/examples_rclpy_minimal_publisher': PYTHONPATH=/home/parallels/ros2_ws/build/examples_rclpy_minimal_publisher/prefix_override:/home/parallels/ros2_ws/install/examples_rclpy_minimal_publisher/lib/python3.10/site-packages:${PYTHONPATH} /usr/bin/python3 setup.py develop --editable --build-directory /home/parallels/ros2_ws/build/examples_rclpy_minimal_publisher/build --no-deps install_data
[1.112s] running develop
[1.113s] /usr/lib/python3/dist-packages/setuptools/command/easy_install.py:158: EasyInstallDeprecationWarning: easy_install command is deprecated. Use build and pip and other standards-based tools.
[1.113s]   warnings.warn(
[1.114s] /usr/lib/python3/dist-packages/setuptools/command/install.py:34: SetuptoolsDeprecationWarning: setup.py install is deprecated. Use build and pip and other standards-based tools.
[1.114s]   warnings.warn(
[1.244s] running egg_info
[1.245s] creating examples_rclpy_minimal_publisher.egg-info
[1.245s] writing examples_rclpy_minimal_publisher.egg-info/PKG-INFO
[1.245s] writing dependency_links to examples_rclpy_minimal_publisher.egg-info/dependency_links.txt
[1.246s] writing entry points to examples_rclpy_minimal_publisher.egg-info/entry_points.txt
[1.246s] writing requirements to examples_rclpy_minimal_publisher.egg-info/requires.txt
[1.246s] writing top-level names to examples_rclpy_minimal_publisher.egg-info/top_level.txt
[1.246s] writing manifest file 'examples_rclpy_minimal_publisher.egg-info/SOURCES.txt'
[1.252s] reading manifest file 'examples_rclpy_minimal_publisher.egg-info/SOURCES.txt'
[1.252s] writing manifest file 'examples_rclpy_minimal_publisher.egg-info/SOURCES.txt'
[1.254s] running build_ext
[1.254s] Creating /home/parallels/ros2_ws/install/examples_rclpy_minimal_publisher/lib/python3.10/site-packages/examples-rclpy-minimal-publisher.egg-link (link to .)
[1.255s] Installing publisher_local_function script to /home/parallels/ros2_ws/install/examples_rclpy_minimal_publisher/lib/examples_rclpy_minimal_publisher
[1.255s] Installing publisher_member_function script to /home/parallels/ros2_ws/install/examples_rclpy_minimal_publisher/lib/examples_rclpy_minimal_publisher
[1.255s] Installing publisher_old_school script to /home/parallels/ros2_ws/install/examples_rclpy_minimal_publisher/lib/examples_rclpy_minimal_publisher
[1.256s] 
[1.256s] Installed /home/parallels/ros2_ws/build/examples_rclpy_minimal_publisher
[1.256s] running install_data
[1.256s] creating /home/parallels/ros2_ws/install/examples_rclpy_minimal_publisher/share/ament_index
[1.256s] creating /home/parallels/ros2_ws/install/examples_rclpy_minimal_publisher/share/ament_index/resource_index
[1.256s] creating /home/parallels/ros2_ws/install/examples_rclpy_minimal_publisher/share/ament_index/resource_index/packages
[1.257s] copying resource/examples_rclpy_minimal_publisher -> /home/parallels/ros2_ws/install/examples_rclpy_minimal_publisher/share/ament_index/resource_index/packages
[1.257s] copying package.xml -> /home/parallels/ros2_ws/install/examples_rclpy_minimal_publisher/share/examples_rclpy_minimal_publisher
[1.291s] Invoked command in '/home/parallels/ros2_ws/build/examples_rclpy_minimal_publisher' returned '0': PYTHONPATH=/home/parallels/ros2_ws/build/examples_rclpy_minimal_publisher/prefix_override:/home/parallels/ros2_ws/install/examples_rclpy_minimal_publisher/lib/python3.10/site-packages:${PYTHONPATH} /usr/bin/python3 setup.py develop --editable --build-directory /home/parallels/ros2_ws/build/examples_rclpy_minimal_publisher/build --no-deps install_data
