[0.058s] Invoking command in '/home/parallels/ros2_ws/build/examples_rclcpp_wait_set': CMAKE_PREFIX_PATH=/opt/ros/humble /usr/bin/cmake /home/parallels/ros2_ws/src/examples/rclcpp/wait_set -DAMENT_CMAKE_SYMLINK_INSTALL=1 -DCMAKE_INSTALL_PREFIX=/home/parallels/ros2_ws/install/examples_rclcpp_wait_set
[0.114s] -- The C compiler identification is GNU 11.4.0
[0.170s] -- The CXX compiler identification is GNU 11.4.0
[0.176s] -- Detecting C compiler ABI info
[0.241s] -- Detecting C compiler ABI info - done
[0.250s] -- Check for working C compiler: /usr/bin/cc - skipped
[0.251s] -- Detecting C compile features
[0.251s] -- Detecting C compile features - done
[0.255s] -- Detecting CXX compiler ABI info
[0.336s] -- Detecting CXX compiler ABI info - done
[0.343s] -- Check for working CXX compiler: /usr/bin/c++ - skipped
[0.344s] -- Detecting CXX compile features
[0.350s] -- Detecting CXX compile features - done
[0.350s] -- Found ament_cmake: 1.3.8 (/opt/ros/humble/share/ament_cmake/cmake)
[0.496s] -- Found Python3: /usr/bin/python3 (found version "3.10.12") found components: Interpreter 
[0.557s] -- Override CMake install command with custom implementation using symlinks instead of copying resources
[0.580s] -- Found example_interfaces: 0.9.3 (/opt/ros/humble/share/example_interfaces/cmake)
[0.616s] -- Found rosidl_generator_c: 3.1.5 (/opt/ros/humble/share/rosidl_generator_c/cmake)
[0.620s] -- Found rosidl_adapter: 3.1.5 (/opt/ros/humble/share/rosidl_adapter/cmake)
[0.631s] -- Found rosidl_generator_cpp: 3.1.5 (/opt/ros/humble/share/rosidl_generator_cpp/cmake)
[0.643s] -- Using all available rosidl_typesupport_c: rosidl_typesupport_fastrtps_c;rosidl_typesupport_introspection_c
[0.661s] -- Using all available rosidl_typesupport_cpp: rosidl_typesupport_fastrtps_cpp;rosidl_typesupport_introspection_cpp
[0.859s] -- Found rclcpp: 16.0.8 (/opt/ros/humble/share/rclcpp/cmake)
[0.935s] -- Found rmw_implementation_cmake: 6.1.1 (/opt/ros/humble/share/rmw_implementation_cmake/cmake)
[0.938s] -- Found rmw_fastrtps_cpp: 6.2.6 (/opt/ros/humble/share/rmw_fastrtps_cpp/cmake)
[1.027s] -- Found OpenSSL: /usr/lib/aarch64-linux-gnu/libcrypto.so (found version "3.0.2")  
[1.055s] -- Found FastRTPS: /opt/ros/humble/include  
[1.104s] -- Using RMW implementation 'rmw_fastrtps_cpp' as default
[1.113s] -- Looking for pthread.h
[1.171s] -- Looking for pthread.h - found
[1.171s] -- Performing Test CMAKE_HAVE_LIBC_PTHREAD
[1.230s] -- Performing Test CMAKE_HAVE_LIBC_PTHREAD - Success
[1.231s] -- Found Threads: TRUE  
[1.446s] -- Found rclcpp_components: 16.0.8 (/opt/ros/humble/share/rclcpp_components/cmake)
[1.532s] -- Found ament_lint_auto: 0.12.10 (/opt/ros/humble/share/ament_lint_auto/cmake)
[1.607s] -- Added test 'copyright' to check source files copyright and LICENSE
[1.610s] -- Added test 'cppcheck' to perform static code analysis on C / C++ code
[1.610s] -- Configured cppcheck include dirs: /home/parallels/ros2_ws/src/examples/rclcpp/wait_set/include
[1.610s] -- Configured cppcheck exclude dirs and/or files: 
[1.611s] -- Added test 'cpplint' to check C / C++ code against the Google style
[1.611s] -- Configured cpplint exclude dirs and/or files: 
[1.612s] -- Added test 'lint_cmake' to check CMake code style
[1.613s] -- Added test 'uncrustify' to check C / C++ code style
[1.613s] -- Configured uncrustify additional arguments: 
[1.614s] -- Added test 'xmllint' to check XML markup files
[1.615s] -- Configuring done
[1.652s] -- Generating done
[1.654s] -- Build files have been written to: /home/parallels/ros2_ws/build/examples_rclcpp_wait_set
[1.664s] Invoked command in '/home/parallels/ros2_ws/build/examples_rclcpp_wait_set' returned '0': CMAKE_PREFIX_PATH=/opt/ros/humble /usr/bin/cmake /home/parallels/ros2_ws/src/examples/rclcpp/wait_set -DAMENT_CMAKE_SYMLINK_INSTALL=1 -DCMAKE_INSTALL_PREFIX=/home/parallels/ros2_ws/install/examples_rclcpp_wait_set
[1.665s] Invoking command in '/home/parallels/ros2_ws/build/examples_rclcpp_wait_set': CMAKE_PREFIX_PATH=/opt/ros/humble /usr/bin/cmake --build /home/parallels/ros2_ws/build/examples_rclcpp_wait_set -- -j2 -l2
[1.706s] [  4%] [32mBuilding CXX object CMakeFiles/talker.dir/src/talker.cpp.o[0m
[5.310s] [  8%] [32m[1mLinking CXX shared library libtalker.so[0m
[5.491s] [  8%] Built target talker
[5.504s] [ 12%] [32mBuilding CXX object CMakeFiles/wait_set_talker.dir/rclcpp_components/node_main_wait_set_talker.cpp.o[0m
[8.386s] [ 16%] [32m[1mLinking CXX executable wait_set_talker[0m
[8.497s] [ 16%] Built target wait_set_talker
[8.511s] [ 20%] [32mBuilding CXX object CMakeFiles/listener.dir/src/listener.cpp.o[0m
[16.539s] [ 25%] [32m[1mLinking CXX shared library liblistener.so[0m
[17.000s] [ 25%] Built target listener
[17.014s] [ 29%] [32mBuilding CXX object CMakeFiles/wait_set_listener.dir/rclcpp_components/node_main_wait_set_listener.cpp.o[0m
[19.722s] [ 33%] [32m[1mLinking CXX executable wait_set_listener[0m
[19.844s] [ 33%] Built target wait_set_listener
[19.860s] [ 37%] [32mBuilding CXX object CMakeFiles/wait_set.dir/src/wait_set.cpp.o[0m
[28.358s] [ 41%] [32m[1mLinking CXX executable wait_set[0m
[28.855s] [ 41%] Built target wait_set
[28.869s] [ 45%] [32mBuilding CXX object CMakeFiles/static_wait_set.dir/src/static_wait_set.cpp.o[0m
[36.842s] [ 50%] [32m[1mLinking CXX executable static_wait_set[0m
[37.314s] [ 50%] Built target static_wait_set
[37.344s] [ 54%] [32mBuilding CXX object CMakeFiles/thread_safe_wait_set.dir/src/thread_safe_wait_set.cpp.o[0m
[46.608s] [ 58%] [32m[1mLinking CXX executable thread_safe_wait_set[0m
[47.326s] [ 58%] Built target thread_safe_wait_set
[47.361s] [ 62%] [32mBuilding CXX object CMakeFiles/wait_set_topics_and_timer.dir/src/wait_set_topics_and_timer.cpp.o[0m
[55.192s] [ 66%] [32m[1mLinking CXX executable wait_set_topics_and_timer[0m
[55.669s] [ 66%] Built target wait_set_topics_and_timer
[55.685s] [ 70%] [32mBuilding CXX object CMakeFiles/wait_set_random_order.dir/src/wait_set_random_order.cpp.o[0m
[63.801s] [ 75%] [32m[1mLinking CXX executable wait_set_random_order[0m
[64.315s] [ 75%] Built target wait_set_random_order
[64.331s] [ 79%] [32mBuilding CXX object CMakeFiles/executor_random_order.dir/src/executor_random_order.cpp.o[0m
[72.341s] [ 83%] [32m[1mLinking CXX executable executor_random_order[0m
[72.769s] [ 83%] Built target executor_random_order
[72.785s] [ 87%] [32mBuilding CXX object CMakeFiles/wait_set_topics_with_different_rates.dir/src/wait_set_topics_with_different_rates.cpp.o[0m
[79.688s] [ 91%] [32m[1mLinking CXX executable wait_set_topics_with_different_rates[0m
[80.054s] [ 91%] Built target wait_set_topics_with_different_rates
[80.067s] [ 95%] [32mBuilding CXX object CMakeFiles/wait_set_composed.dir/src/wait_set_composed.cpp.o[0m
[81.992s] [100%] [32m[1mLinking CXX executable wait_set_composed[0m
[82.175s] [100%] Built target wait_set_composed
[82.261s] Invoked command in '/home/parallels/ros2_ws/build/examples_rclcpp_wait_set' returned '0': CMAKE_PREFIX_PATH=/opt/ros/humble /usr/bin/cmake --build /home/parallels/ros2_ws/build/examples_rclcpp_wait_set -- -j2 -l2
[82.294s] Invoking command in '/home/parallels/ros2_ws/build/examples_rclcpp_wait_set': CMAKE_PREFIX_PATH=/opt/ros/humble /usr/bin/cmake --install /home/parallels/ros2_ws/build/examples_rclcpp_wait_set
[82.299s] -- Install configuration: ""
[82.301s] -- Execute custom install script
[82.301s] -- Symlinking: /home/parallels/ros2_ws/install/examples_rclcpp_wait_set/lib/examples_rclcpp_wait_set/wait_set_talker
[82.307s] -- Symlinking: /home/parallels/ros2_ws/install/examples_rclcpp_wait_set/lib/examples_rclcpp_wait_set/wait_set_listener
[82.312s] -- Symlinking: /home/parallels/ros2_ws/install/examples_rclcpp_wait_set/lib/libtalker.so
[82.316s] -- Symlinking: /home/parallels/ros2_ws/install/examples_rclcpp_wait_set/lib/liblistener.so
[82.321s] -- Symlinking: /home/parallels/ros2_ws/install/examples_rclcpp_wait_set/lib/examples_rclcpp_wait_set/wait_set
[82.326s] -- Symlinking: /home/parallels/ros2_ws/install/examples_rclcpp_wait_set/lib/examples_rclcpp_wait_set/static_wait_set
[82.331s] -- Symlinking: /home/parallels/ros2_ws/install/examples_rclcpp_wait_set/lib/examples_rclcpp_wait_set/thread_safe_wait_set
[82.336s] -- Symlinking: /home/parallels/ros2_ws/install/examples_rclcpp_wait_set/lib/examples_rclcpp_wait_set/wait_set_topics_and_timer
[82.341s] -- Symlinking: /home/parallels/ros2_ws/install/examples_rclcpp_wait_set/lib/examples_rclcpp_wait_set/wait_set_random_order
[82.347s] -- Symlinking: /home/parallels/ros2_ws/install/examples_rclcpp_wait_set/lib/examples_rclcpp_wait_set/executor_random_order
[82.352s] -- Symlinking: /home/parallels/ros2_ws/install/examples_rclcpp_wait_set/lib/examples_rclcpp_wait_set/wait_set_topics_with_different_rates
[82.356s] -- Symlinking: /home/parallels/ros2_ws/install/examples_rclcpp_wait_set/lib/examples_rclcpp_wait_set/wait_set_composed
[82.365s] -- Symlinking: /home/parallels/ros2_ws/install/examples_rclcpp_wait_set/share/ament_index/resource_index/package_run_dependencies/examples_rclcpp_wait_set
[82.370s] -- Symlinking: /home/parallels/ros2_ws/install/examples_rclcpp_wait_set/share/ament_index/resource_index/parent_prefix_path/examples_rclcpp_wait_set
[82.374s] -- Symlinking: /home/parallels/ros2_ws/install/examples_rclcpp_wait_set/share/examples_rclcpp_wait_set/environment/ament_prefix_path.sh
[82.379s] -- Symlinking: /home/parallels/ros2_ws/install/examples_rclcpp_wait_set/share/examples_rclcpp_wait_set/environment/ament_prefix_path.dsv
[82.384s] -- Symlinking: /home/parallels/ros2_ws/install/examples_rclcpp_wait_set/share/examples_rclcpp_wait_set/environment/path.sh
[82.388s] -- Symlinking: /home/parallels/ros2_ws/install/examples_rclcpp_wait_set/share/examples_rclcpp_wait_set/environment/path.dsv
[82.393s] -- Symlinking: /home/parallels/ros2_ws/install/examples_rclcpp_wait_set/share/examples_rclcpp_wait_set/local_setup.bash
[82.397s] -- Symlinking: /home/parallels/ros2_ws/install/examples_rclcpp_wait_set/share/examples_rclcpp_wait_set/local_setup.sh
[82.402s] -- Symlinking: /home/parallels/ros2_ws/install/examples_rclcpp_wait_set/share/examples_rclcpp_wait_set/local_setup.zsh
[82.407s] -- Symlinking: /home/parallels/ros2_ws/install/examples_rclcpp_wait_set/share/examples_rclcpp_wait_set/local_setup.dsv
[82.411s] -- Symlinking: /home/parallels/ros2_ws/install/examples_rclcpp_wait_set/share/examples_rclcpp_wait_set/package.dsv
[82.416s] -- Symlinking: /home/parallels/ros2_ws/install/examples_rclcpp_wait_set/share/ament_index/resource_index/packages/examples_rclcpp_wait_set
[82.420s] -- Symlinking: /home/parallels/ros2_ws/install/examples_rclcpp_wait_set/share/ament_index/resource_index/rclcpp_components/examples_rclcpp_wait_set
[82.425s] -- Symlinking: /home/parallels/ros2_ws/install/examples_rclcpp_wait_set/share/examples_rclcpp_wait_set/cmake/examples_rclcpp_wait_setConfig.cmake
[82.430s] -- Symlinking: /home/parallels/ros2_ws/install/examples_rclcpp_wait_set/share/examples_rclcpp_wait_set/cmake/examples_rclcpp_wait_setConfig-version.cmake
[82.436s] -- Symlinking: /home/parallels/ros2_ws/install/examples_rclcpp_wait_set/share/examples_rclcpp_wait_set/package.xml
[82.442s] Invoked command in '/home/parallels/ros2_ws/build/examples_rclcpp_wait_set' returned '0': CMAKE_PREFIX_PATH=/opt/ros/humble /usr/bin/cmake --install /home/parallels/ros2_ws/build/examples_rclcpp_wait_set
