[0.660s] DEBUG:colcon:Command line arguments: ['/usr/bin/colcon', 'build']
[0.660s] DEBUG:colcon:Parsed command line arguments: Namespace(log_base=None, log_level=None, verb_name='build', build_base='build', install_base='install', merge_install=False, symlink_install=False, test_result_base=None, continue_on_error=False, executor='parallel', parallel_workers=3, event_handlers=None, ignore_user_meta=False, metas=['./colcon.meta'], base_paths=['.'], packages_ignore=None, packages_ignore_regex=None, paths=None, packages_up_to=None, packages_up_to_regex=None, packages_above=None, packages_above_and_dependencies=None, packages_above_depth=None, packages_select_by_dep=None, packages_skip_by_dep=None, packages_skip_up_to=None, packages_select_build_failed=False, packages_skip_build_finished=False, packages_select_test_failures=False, packages_skip_test_passed=False, packages_select=None, packages_skip=None, packages_select_regex=None, packages_skip_regex=None, packages_start=None, packages_end=None, allow_overriding=[], cmake_args=None, cmake_target=None, cmake_target_skip_unavailable=False, cmake_clean_cache=False, cmake_clean_first=False, cmake_force_configure=False, ament_cmake_args=None, catkin_cmake_args=None, catkin_skip_building_tests=False, verb_parser=<colcon_defaults.argument_parser.defaults.DefaultArgumentsDecorator object at 0xffff815b3c40>, verb_extension=<colcon_core.verb.build.BuildVerb object at 0xffff81b17ee0>, main=<bound method BuildVerb.main of <colcon_core.verb.build.BuildVerb object at 0xffff81b17ee0>>)
[0.694s] Level 1:colcon.colcon_core.package_discovery:discover_packages(colcon_meta) check parameters
[0.694s] Level 1:colcon.colcon_core.package_discovery:discover_packages(recursive) check parameters
[0.694s] Level 1:colcon.colcon_core.package_discovery:discover_packages(ignore) check parameters
[0.694s] Level 1:colcon.colcon_core.package_discovery:discover_packages(path) check parameters
[0.694s] Level 1:colcon.colcon_core.package_discovery:discover_packages(colcon_meta) discover
[0.694s] Level 1:colcon.colcon_core.package_discovery:discover_packages(recursive) discover
[0.694s] INFO:colcon.colcon_core.package_discovery:Crawling recursively for packages in '/home/parallels/ros2_ws'
[0.694s] Level 1:colcon.colcon_core.package_identification:_identify(.) by extensions ['ignore', 'ignore_ament_install']
[0.694s] Level 1:colcon.colcon_core.package_identification:_identify(.) by extension 'ignore'
[0.694s] Level 1:colcon.colcon_core.package_identification:_identify(.) by extension 'ignore_ament_install'
[0.694s] Level 1:colcon.colcon_core.package_identification:_identify(.) by extensions ['colcon_pkg']
[0.694s] Level 1:colcon.colcon_core.package_identification:_identify(.) by extension 'colcon_pkg'
[0.694s] Level 1:colcon.colcon_core.package_identification:_identify(.) by extensions ['colcon_meta']
[0.694s] Level 1:colcon.colcon_core.package_identification:_identify(.) by extension 'colcon_meta'
[0.694s] Level 1:colcon.colcon_core.package_identification:_identify(.) by extensions ['ros']
[0.694s] Level 1:colcon.colcon_core.package_identification:_identify(.) by extension 'ros'
[0.706s] Level 1:colcon.colcon_core.package_identification:_identify(.) by extensions ['cmake', 'python']
[0.706s] Level 1:colcon.colcon_core.package_identification:_identify(.) by extension 'cmake'
[0.706s] Level 1:colcon.colcon_core.package_identification:_identify(.) by extension 'python'
[0.706s] Level 1:colcon.colcon_core.package_identification:_identify(.) by extensions ['python_setup_py']
[0.706s] Level 1:colcon.colcon_core.package_identification:_identify(.) by extension 'python_setup_py'
[0.706s] Level 1:colcon.colcon_core.package_identification:_identify(build) by extensions ['ignore', 'ignore_ament_install']
[0.706s] Level 1:colcon.colcon_core.package_identification:_identify(build) by extension 'ignore'
[0.706s] Level 1:colcon.colcon_core.package_identification:_identify(build) ignored
[0.706s] Level 1:colcon.colcon_core.package_identification:_identify(install) by extensions ['ignore', 'ignore_ament_install']
[0.706s] Level 1:colcon.colcon_core.package_identification:_identify(install) by extension 'ignore'
[0.706s] Level 1:colcon.colcon_core.package_identification:_identify(install) ignored
[0.707s] Level 1:colcon.colcon_core.package_identification:_identify(log) by extensions ['ignore', 'ignore_ament_install']
[0.707s] Level 1:colcon.colcon_core.package_identification:_identify(log) by extension 'ignore'
[0.707s] Level 1:colcon.colcon_core.package_identification:_identify(log) ignored
[0.707s] Level 1:colcon.colcon_core.package_identification:_identify(src) by extensions ['ignore', 'ignore_ament_install']
[0.707s] Level 1:colcon.colcon_core.package_identification:_identify(src) by extension 'ignore'
[0.707s] Level 1:colcon.colcon_core.package_identification:_identify(src) by extension 'ignore_ament_install'
[0.707s] Level 1:colcon.colcon_core.package_identification:_identify(src) by extensions ['colcon_pkg']
[0.707s] Level 1:colcon.colcon_core.package_identification:_identify(src) by extension 'colcon_pkg'
[0.707s] Level 1:colcon.colcon_core.package_identification:_identify(src) by extensions ['colcon_meta']
[0.707s] Level 1:colcon.colcon_core.package_identification:_identify(src) by extension 'colcon_meta'
[0.707s] Level 1:colcon.colcon_core.package_identification:_identify(src) by extensions ['ros']
[0.707s] Level 1:colcon.colcon_core.package_identification:_identify(src) by extension 'ros'
[0.707s] Level 1:colcon.colcon_core.package_identification:_identify(src) by extensions ['cmake', 'python']
[0.707s] Level 1:colcon.colcon_core.package_identification:_identify(src) by extension 'cmake'
[0.707s] Level 1:colcon.colcon_core.package_identification:_identify(src) by extension 'python'
[0.707s] Level 1:colcon.colcon_core.package_identification:_identify(src) by extensions ['python_setup_py']
[0.707s] Level 1:colcon.colcon_core.package_identification:_identify(src) by extension 'python_setup_py'
[0.707s] Level 1:colcon.colcon_core.package_identification:_identify(src/cpp_pubsub) by extensions ['ignore', 'ignore_ament_install']
[0.707s] Level 1:colcon.colcon_core.package_identification:_identify(src/cpp_pubsub) by extension 'ignore'
[0.707s] Level 1:colcon.colcon_core.package_identification:_identify(src/cpp_pubsub) by extension 'ignore_ament_install'
[0.707s] Level 1:colcon.colcon_core.package_identification:_identify(src/cpp_pubsub) by extensions ['colcon_pkg']
[0.707s] Level 1:colcon.colcon_core.package_identification:_identify(src/cpp_pubsub) by extension 'colcon_pkg'
[0.707s] Level 1:colcon.colcon_core.package_identification:_identify(src/cpp_pubsub) by extensions ['colcon_meta']
[0.707s] Level 1:colcon.colcon_core.package_identification:_identify(src/cpp_pubsub) by extension 'colcon_meta'
[0.707s] Level 1:colcon.colcon_core.package_identification:_identify(src/cpp_pubsub) by extensions ['ros']
[0.707s] Level 1:colcon.colcon_core.package_identification:_identify(src/cpp_pubsub) by extension 'ros'
[0.710s] DEBUG:colcon.colcon_core.package_identification:Package 'src/cpp_pubsub' with type 'ros.ament_cmake' and name 'cpp_pubsub'
[0.710s] Level 1:colcon.colcon_core.package_identification:_identify(src/cpp_srvcli) by extensions ['ignore', 'ignore_ament_install']
[0.710s] Level 1:colcon.colcon_core.package_identification:_identify(src/cpp_srvcli) by extension 'ignore'
[0.710s] Level 1:colcon.colcon_core.package_identification:_identify(src/cpp_srvcli) by extension 'ignore_ament_install'
[0.710s] Level 1:colcon.colcon_core.package_identification:_identify(src/cpp_srvcli) by extensions ['colcon_pkg']
[0.710s] Level 1:colcon.colcon_core.package_identification:_identify(src/cpp_srvcli) by extension 'colcon_pkg'
[0.710s] Level 1:colcon.colcon_core.package_identification:_identify(src/cpp_srvcli) by extensions ['colcon_meta']
[0.710s] Level 1:colcon.colcon_core.package_identification:_identify(src/cpp_srvcli) by extension 'colcon_meta'
[0.711s] Level 1:colcon.colcon_core.package_identification:_identify(src/cpp_srvcli) by extensions ['ros']
[0.711s] Level 1:colcon.colcon_core.package_identification:_identify(src/cpp_srvcli) by extension 'ros'
[0.711s] DEBUG:colcon.colcon_core.package_identification:Package 'src/cpp_srvcli' with type 'ros.ament_cmake' and name 'cpp_srvcli'
[0.711s] Level 1:colcon.colcon_core.package_identification:_identify(src/custom_interfaces) by extensions ['ignore', 'ignore_ament_install']
[0.711s] Level 1:colcon.colcon_core.package_identification:_identify(src/custom_interfaces) by extension 'ignore'
[0.711s] Level 1:colcon.colcon_core.package_identification:_identify(src/custom_interfaces) by extension 'ignore_ament_install'
[0.711s] Level 1:colcon.colcon_core.package_identification:_identify(src/custom_interfaces) by extensions ['colcon_pkg']
[0.711s] Level 1:colcon.colcon_core.package_identification:_identify(src/custom_interfaces) by extension 'colcon_pkg'
[0.711s] Level 1:colcon.colcon_core.package_identification:_identify(src/custom_interfaces) by extensions ['colcon_meta']
[0.711s] Level 1:colcon.colcon_core.package_identification:_identify(src/custom_interfaces) by extension 'colcon_meta'
[0.711s] Level 1:colcon.colcon_core.package_identification:_identify(src/custom_interfaces) by extensions ['ros']
[0.711s] Level 1:colcon.colcon_core.package_identification:_identify(src/custom_interfaces) by extension 'ros'
[0.712s] DEBUG:colcon.colcon_core.package_identification:Package 'src/custom_interfaces' with type 'ros.ament_cmake' and name 'custom_interfaces'
[0.712s] Level 1:colcon.colcon_core.package_identification:_identify(src/opencv_tools) by extensions ['ignore', 'ignore_ament_install']
[0.712s] Level 1:colcon.colcon_core.package_identification:_identify(src/opencv_tools) by extension 'ignore'
[0.712s] Level 1:colcon.colcon_core.package_identification:_identify(src/opencv_tools) by extension 'ignore_ament_install'
[0.712s] Level 1:colcon.colcon_core.package_identification:_identify(src/opencv_tools) by extensions ['colcon_pkg']
[0.712s] Level 1:colcon.colcon_core.package_identification:_identify(src/opencv_tools) by extension 'colcon_pkg'
[0.712s] Level 1:colcon.colcon_core.package_identification:_identify(src/opencv_tools) by extensions ['colcon_meta']
[0.712s] Level 1:colcon.colcon_core.package_identification:_identify(src/opencv_tools) by extension 'colcon_meta'
[0.712s] Level 1:colcon.colcon_core.package_identification:_identify(src/opencv_tools) by extensions ['ros']
[0.712s] Level 1:colcon.colcon_core.package_identification:_identify(src/opencv_tools) by extension 'ros'
[0.713s] DEBUG:colcon.colcon_core.package_identification:Package 'src/opencv_tools' with type 'ros.ament_python' and name 'opencv_tools'
[0.713s] Level 1:colcon.colcon_core.package_identification:_identify(src/py_pubsub) by extensions ['ignore', 'ignore_ament_install']
[0.713s] Level 1:colcon.colcon_core.package_identification:_identify(src/py_pubsub) by extension 'ignore'
[0.713s] Level 1:colcon.colcon_core.package_identification:_identify(src/py_pubsub) by extension 'ignore_ament_install'
[0.713s] Level 1:colcon.colcon_core.package_identification:_identify(src/py_pubsub) by extensions ['colcon_pkg']
[0.713s] Level 1:colcon.colcon_core.package_identification:_identify(src/py_pubsub) by extension 'colcon_pkg'
[0.713s] Level 1:colcon.colcon_core.package_identification:_identify(src/py_pubsub) by extensions ['colcon_meta']
[0.713s] Level 1:colcon.colcon_core.package_identification:_identify(src/py_pubsub) by extension 'colcon_meta'
[0.713s] Level 1:colcon.colcon_core.package_identification:_identify(src/py_pubsub) by extensions ['ros']
[0.713s] Level 1:colcon.colcon_core.package_identification:_identify(src/py_pubsub) by extension 'ros'
[0.713s] DEBUG:colcon.colcon_core.package_identification:Package 'src/py_pubsub' with type 'ros.ament_python' and name 'py_pubsub'
[0.713s] Level 1:colcon.colcon_core.package_identification:_identify(src/py_srvcli) by extensions ['ignore', 'ignore_ament_install']
[0.713s] Level 1:colcon.colcon_core.package_identification:_identify(src/py_srvcli) by extension 'ignore'
[0.713s] Level 1:colcon.colcon_core.package_identification:_identify(src/py_srvcli) by extension 'ignore_ament_install'
[0.713s] Level 1:colcon.colcon_core.package_identification:_identify(src/py_srvcli) by extensions ['colcon_pkg']
[0.713s] Level 1:colcon.colcon_core.package_identification:_identify(src/py_srvcli) by extension 'colcon_pkg'
[0.713s] Level 1:colcon.colcon_core.package_identification:_identify(src/py_srvcli) by extensions ['colcon_meta']
[0.714s] Level 1:colcon.colcon_core.package_identification:_identify(src/py_srvcli) by extension 'colcon_meta'
[0.714s] Level 1:colcon.colcon_core.package_identification:_identify(src/py_srvcli) by extensions ['ros']
[0.714s] Level 1:colcon.colcon_core.package_identification:_identify(src/py_srvcli) by extension 'ros'
[0.714s] DEBUG:colcon.colcon_core.package_identification:Package 'src/py_srvcli' with type 'ros.ament_python' and name 'py_srvcli'
[0.714s] Level 1:colcon.colcon_core.package_discovery:discover_packages(recursive) using defaults
[0.714s] Level 1:colcon.colcon_core.package_discovery:discover_packages(ignore) discover
[0.714s] Level 1:colcon.colcon_core.package_discovery:discover_packages(ignore) using defaults
[0.714s] Level 1:colcon.colcon_core.package_discovery:discover_packages(path) discover
[0.714s] Level 1:colcon.colcon_core.package_discovery:discover_packages(path) using defaults
[0.780s] Level 1:colcon.colcon_core.package_discovery:discover_packages(prefix_path) check parameters
[0.780s] Level 1:colcon.colcon_core.package_discovery:discover_packages(prefix_path) discover
[0.801s] DEBUG:colcon.colcon_installed_package_information.package_discovery:Found 290 installed packages in /opt/ros/humble
[0.803s] Level 1:colcon.colcon_core.package_discovery:discover_packages(prefix_path) using defaults
[0.917s] Level 5:colcon.colcon_core.verb:set package 'cpp_pubsub' build argument 'cmake_args' from command line to 'None'
[0.917s] Level 5:colcon.colcon_core.verb:set package 'cpp_pubsub' build argument 'cmake_target' from command line to 'None'
[0.917s] Level 5:colcon.colcon_core.verb:set package 'cpp_pubsub' build argument 'cmake_target_skip_unavailable' from command line to 'False'
[0.917s] Level 5:colcon.colcon_core.verb:set package 'cpp_pubsub' build argument 'cmake_clean_cache' from command line to 'False'
[0.918s] Level 5:colcon.colcon_core.verb:set package 'cpp_pubsub' build argument 'cmake_clean_first' from command line to 'False'
[0.918s] Level 5:colcon.colcon_core.verb:set package 'cpp_pubsub' build argument 'cmake_force_configure' from command line to 'False'
[0.918s] Level 5:colcon.colcon_core.verb:set package 'cpp_pubsub' build argument 'ament_cmake_args' from command line to 'None'
[0.918s] Level 5:colcon.colcon_core.verb:set package 'cpp_pubsub' build argument 'catkin_cmake_args' from command line to 'None'
[0.918s] Level 5:colcon.colcon_core.verb:set package 'cpp_pubsub' build argument 'catkin_skip_building_tests' from command line to 'False'
[0.918s] DEBUG:colcon.colcon_core.verb:Building package 'cpp_pubsub' with the following arguments: {'ament_cmake_args': None, 'build_base': '/home/parallels/ros2_ws/build/cpp_pubsub', 'catkin_cmake_args': None, 'catkin_skip_building_tests': False, 'cmake_args': None, 'cmake_clean_cache': False, 'cmake_clean_first': False, 'cmake_force_configure': False, 'cmake_target': None, 'cmake_target_skip_unavailable': False, 'install_base': '/home/parallels/ros2_ws/install/cpp_pubsub', 'merge_install': False, 'path': '/home/parallels/ros2_ws/src/cpp_pubsub', 'symlink_install': False, 'test_result_base': None}
[0.926s] Level 5:colcon.colcon_core.verb:set package 'cpp_srvcli' build argument 'cmake_args' from command line to 'None'
[0.926s] Level 5:colcon.colcon_core.verb:set package 'cpp_srvcli' build argument 'cmake_target' from command line to 'None'
[0.926s] Level 5:colcon.colcon_core.verb:set package 'cpp_srvcli' build argument 'cmake_target_skip_unavailable' from command line to 'False'
[0.926s] Level 5:colcon.colcon_core.verb:set package 'cpp_srvcli' build argument 'cmake_clean_cache' from command line to 'False'
[0.926s] Level 5:colcon.colcon_core.verb:set package 'cpp_srvcli' build argument 'cmake_clean_first' from command line to 'False'
[0.926s] Level 5:colcon.colcon_core.verb:set package 'cpp_srvcli' build argument 'cmake_force_configure' from command line to 'False'
[0.926s] Level 5:colcon.colcon_core.verb:set package 'cpp_srvcli' build argument 'ament_cmake_args' from command line to 'None'
[0.926s] Level 5:colcon.colcon_core.verb:set package 'cpp_srvcli' build argument 'catkin_cmake_args' from command line to 'None'
[0.926s] Level 5:colcon.colcon_core.verb:set package 'cpp_srvcli' build argument 'catkin_skip_building_tests' from command line to 'False'
[0.927s] DEBUG:colcon.colcon_core.verb:Building package 'cpp_srvcli' with the following arguments: {'ament_cmake_args': None, 'build_base': '/home/parallels/ros2_ws/build/cpp_srvcli', 'catkin_cmake_args': None, 'catkin_skip_building_tests': False, 'cmake_args': None, 'cmake_clean_cache': False, 'cmake_clean_first': False, 'cmake_force_configure': False, 'cmake_target': None, 'cmake_target_skip_unavailable': False, 'install_base': '/home/parallels/ros2_ws/install/cpp_srvcli', 'merge_install': False, 'path': '/home/parallels/ros2_ws/src/cpp_srvcli', 'symlink_install': False, 'test_result_base': None}
[0.935s] Level 5:colcon.colcon_core.verb:set package 'custom_interfaces' build argument 'cmake_args' from command line to 'None'
[0.935s] Level 5:colcon.colcon_core.verb:set package 'custom_interfaces' build argument 'cmake_target' from command line to 'None'
[0.935s] Level 5:colcon.colcon_core.verb:set package 'custom_interfaces' build argument 'cmake_target_skip_unavailable' from command line to 'False'
[0.935s] Level 5:colcon.colcon_core.verb:set package 'custom_interfaces' build argument 'cmake_clean_cache' from command line to 'False'
[0.935s] Level 5:colcon.colcon_core.verb:set package 'custom_interfaces' build argument 'cmake_clean_first' from command line to 'False'
[0.935s] Level 5:colcon.colcon_core.verb:set package 'custom_interfaces' build argument 'cmake_force_configure' from command line to 'False'
[0.935s] Level 5:colcon.colcon_core.verb:set package 'custom_interfaces' build argument 'ament_cmake_args' from command line to 'None'
[0.935s] Level 5:colcon.colcon_core.verb:set package 'custom_interfaces' build argument 'catkin_cmake_args' from command line to 'None'
[0.935s] Level 5:colcon.colcon_core.verb:set package 'custom_interfaces' build argument 'catkin_skip_building_tests' from command line to 'False'
[0.935s] DEBUG:colcon.colcon_core.verb:Building package 'custom_interfaces' with the following arguments: {'ament_cmake_args': None, 'build_base': '/home/parallels/ros2_ws/build/custom_interfaces', 'catkin_cmake_args': None, 'catkin_skip_building_tests': False, 'cmake_args': None, 'cmake_clean_cache': False, 'cmake_clean_first': False, 'cmake_force_configure': False, 'cmake_target': None, 'cmake_target_skip_unavailable': False, 'install_base': '/home/parallels/ros2_ws/install/custom_interfaces', 'merge_install': False, 'path': '/home/parallels/ros2_ws/src/custom_interfaces', 'symlink_install': False, 'test_result_base': None}
[0.943s] Level 5:colcon.colcon_core.verb:set package 'opencv_tools' build argument 'cmake_args' from command line to 'None'
[0.944s] Level 5:colcon.colcon_core.verb:set package 'opencv_tools' build argument 'cmake_target' from command line to 'None'
[0.944s] Level 5:colcon.colcon_core.verb:set package 'opencv_tools' build argument 'cmake_target_skip_unavailable' from command line to 'False'
[0.944s] Level 5:colcon.colcon_core.verb:set package 'opencv_tools' build argument 'cmake_clean_cache' from command line to 'False'
[0.944s] Level 5:colcon.colcon_core.verb:set package 'opencv_tools' build argument 'cmake_clean_first' from command line to 'False'
[0.944s] Level 5:colcon.colcon_core.verb:set package 'opencv_tools' build argument 'cmake_force_configure' from command line to 'False'
[0.944s] Level 5:colcon.colcon_core.verb:set package 'opencv_tools' build argument 'ament_cmake_args' from command line to 'None'
[0.944s] Level 5:colcon.colcon_core.verb:set package 'opencv_tools' build argument 'catkin_cmake_args' from command line to 'None'
[0.944s] Level 5:colcon.colcon_core.verb:set package 'opencv_tools' build argument 'catkin_skip_building_tests' from command line to 'False'
[0.944s] DEBUG:colcon.colcon_core.verb:Building package 'opencv_tools' with the following arguments: {'ament_cmake_args': None, 'build_base': '/home/parallels/ros2_ws/build/opencv_tools', 'catkin_cmake_args': None, 'catkin_skip_building_tests': False, 'cmake_args': None, 'cmake_clean_cache': False, 'cmake_clean_first': False, 'cmake_force_configure': False, 'cmake_target': None, 'cmake_target_skip_unavailable': False, 'install_base': '/home/parallels/ros2_ws/install/opencv_tools', 'merge_install': False, 'path': '/home/parallels/ros2_ws/src/opencv_tools', 'symlink_install': False, 'test_result_base': None}
[0.952s] Level 5:colcon.colcon_core.verb:set package 'py_pubsub' build argument 'cmake_args' from command line to 'None'
[0.952s] Level 5:colcon.colcon_core.verb:set package 'py_pubsub' build argument 'cmake_target' from command line to 'None'
[0.952s] Level 5:colcon.colcon_core.verb:set package 'py_pubsub' build argument 'cmake_target_skip_unavailable' from command line to 'False'
[0.952s] Level 5:colcon.colcon_core.verb:set package 'py_pubsub' build argument 'cmake_clean_cache' from command line to 'False'
[0.952s] Level 5:colcon.colcon_core.verb:set package 'py_pubsub' build argument 'cmake_clean_first' from command line to 'False'
[0.952s] Level 5:colcon.colcon_core.verb:set package 'py_pubsub' build argument 'cmake_force_configure' from command line to 'False'
[0.952s] Level 5:colcon.colcon_core.verb:set package 'py_pubsub' build argument 'ament_cmake_args' from command line to 'None'
[0.952s] Level 5:colcon.colcon_core.verb:set package 'py_pubsub' build argument 'catkin_cmake_args' from command line to 'None'
[0.952s] Level 5:colcon.colcon_core.verb:set package 'py_pubsub' build argument 'catkin_skip_building_tests' from command line to 'False'
[0.952s] DEBUG:colcon.colcon_core.verb:Building package 'py_pubsub' with the following arguments: {'ament_cmake_args': None, 'build_base': '/home/parallels/ros2_ws/build/py_pubsub', 'catkin_cmake_args': None, 'catkin_skip_building_tests': False, 'cmake_args': None, 'cmake_clean_cache': False, 'cmake_clean_first': False, 'cmake_force_configure': False, 'cmake_target': None, 'cmake_target_skip_unavailable': False, 'install_base': '/home/parallels/ros2_ws/install/py_pubsub', 'merge_install': False, 'path': '/home/parallels/ros2_ws/src/py_pubsub', 'symlink_install': False, 'test_result_base': None}
[0.961s] Level 5:colcon.colcon_core.verb:set package 'py_srvcli' build argument 'cmake_args' from command line to 'None'
[0.961s] Level 5:colcon.colcon_core.verb:set package 'py_srvcli' build argument 'cmake_target' from command line to 'None'
[0.961s] Level 5:colcon.colcon_core.verb:set package 'py_srvcli' build argument 'cmake_target_skip_unavailable' from command line to 'False'
[0.961s] Level 5:colcon.colcon_core.verb:set package 'py_srvcli' build argument 'cmake_clean_cache' from command line to 'False'
[0.961s] Level 5:colcon.colcon_core.verb:set package 'py_srvcli' build argument 'cmake_clean_first' from command line to 'False'
[0.961s] Level 5:colcon.colcon_core.verb:set package 'py_srvcli' build argument 'cmake_force_configure' from command line to 'False'
[0.961s] Level 5:colcon.colcon_core.verb:set package 'py_srvcli' build argument 'ament_cmake_args' from command line to 'None'
[0.961s] Level 5:colcon.colcon_core.verb:set package 'py_srvcli' build argument 'catkin_cmake_args' from command line to 'None'
[0.961s] Level 5:colcon.colcon_core.verb:set package 'py_srvcli' build argument 'catkin_skip_building_tests' from command line to 'False'
[0.961s] DEBUG:colcon.colcon_core.verb:Building package 'py_srvcli' with the following arguments: {'ament_cmake_args': None, 'build_base': '/home/parallels/ros2_ws/build/py_srvcli', 'catkin_cmake_args': None, 'catkin_skip_building_tests': False, 'cmake_args': None, 'cmake_clean_cache': False, 'cmake_clean_first': False, 'cmake_force_configure': False, 'cmake_target': None, 'cmake_target_skip_unavailable': False, 'install_base': '/home/parallels/ros2_ws/install/py_srvcli', 'merge_install': False, 'path': '/home/parallels/ros2_ws/src/py_srvcli', 'symlink_install': False, 'test_result_base': None}
[0.969s] INFO:colcon.colcon_core.executor:Executing jobs using 'parallel' executor
[0.979s] DEBUG:colcon.colcon_parallel_executor.executor.parallel:run_until_complete
[0.980s] INFO:colcon.colcon_ros.task.ament_cmake.build:Building ROS package in '/home/parallels/ros2_ws/src/cpp_pubsub' with build type 'ament_cmake'
[0.980s] INFO:colcon.colcon_cmake.task.cmake.build:Building CMake package in '/home/parallels/ros2_ws/src/cpp_pubsub'
[0.994s] INFO:colcon.colcon_core.plugin_system:Skipping extension 'colcon_core.shell.bat': Not used on non-Windows systems
[0.994s] INFO:colcon.colcon_core.shell:Skip shell extension 'powershell' for command environment: Not usable outside of PowerShell
[0.994s] DEBUG:colcon.colcon_core.shell:Skip shell extension 'dsv' for command environment
[1.016s] INFO:colcon.colcon_ros.task.ament_cmake.build:Building ROS package in '/home/parallels/ros2_ws/src/cpp_srvcli' with build type 'ament_cmake'
[1.017s] INFO:colcon.colcon_cmake.task.cmake.build:Building CMake package in '/home/parallels/ros2_ws/src/cpp_srvcli'
[1.029s] INFO:colcon.colcon_core.shell:Skip shell extension 'powershell' for command environment: Not usable outside of PowerShell
[1.029s] DEBUG:colcon.colcon_core.shell:Skip shell extension 'dsv' for command environment
[1.052s] INFO:colcon.colcon_ros.task.ament_cmake.build:Building ROS package in '/home/parallels/ros2_ws/src/custom_interfaces' with build type 'ament_cmake'
[1.053s] INFO:colcon.colcon_cmake.task.cmake.build:Building CMake package in '/home/parallels/ros2_ws/src/custom_interfaces'
[1.064s] INFO:colcon.colcon_core.shell:Skip shell extension 'powershell' for command environment: Not usable outside of PowerShell
[1.064s] DEBUG:colcon.colcon_core.shell:Skip shell extension 'dsv' for command environment
[1.095s] DEBUG:colcon.colcon_core.event_handler.log_command:Invoking command in '/home/parallels/ros2_ws/build/cpp_pubsub': CMAKE_PREFIX_PATH=/opt/ros/humble /usr/bin/cmake --build /home/parallels/ros2_ws/build/cpp_pubsub -- -j3 -l3
[1.102s] DEBUG:colcon.colcon_core.event_handler.log_command:Invoking command in '/home/parallels/ros2_ws/build/cpp_srvcli': CMAKE_PREFIX_PATH=/opt/ros/humble /usr/bin/cmake --build /home/parallels/ros2_ws/build/cpp_srvcli -- -j3 -l3
[1.106s] DEBUG:colcon.colcon_core.event_handler.log_command:Invoking command in '/home/parallels/ros2_ws/build/custom_interfaces': CMAKE_PREFIX_PATH=/opt/ros/humble /usr/bin/cmake --build /home/parallels/ros2_ws/build/custom_interfaces -- -j3 -l3
[1.275s] DEBUG:colcon.colcon_core.event_handler.log_command:Invoked command in '/home/parallels/ros2_ws/build/cpp_srvcli' returned '0': CMAKE_PREFIX_PATH=/opt/ros/humble /usr/bin/cmake --build /home/parallels/ros2_ws/build/cpp_srvcli -- -j3 -l3
[1.298s] DEBUG:colcon.colcon_core.event_handler.log_command:Invoked command in '/home/parallels/ros2_ws/build/cpp_pubsub' returned '0': CMAKE_PREFIX_PATH=/opt/ros/humble /usr/bin/cmake --build /home/parallels/ros2_ws/build/cpp_pubsub -- -j3 -l3
[1.426s] DEBUG:colcon.colcon_core.event_handler.log_command:Invoking command in '/home/parallels/ros2_ws/build/cpp_pubsub': CMAKE_PREFIX_PATH=/opt/ros/humble /usr/bin/cmake --install /home/parallels/ros2_ws/build/cpp_pubsub
[1.435s] DEBUG:colcon.colcon_core.event_handler.log_command:Invoking command in '/home/parallels/ros2_ws/build/cpp_srvcli': CMAKE_PREFIX_PATH=/opt/ros/humble /usr/bin/cmake --install /home/parallels/ros2_ws/build/cpp_srvcli
[1.464s] Level 1:colcon.colcon_core.environment:create_environment_scripts_only(cpp_srvcli)
[1.468s] DEBUG:colcon.colcon_core.event_handler.log_command:Invoked command in '/home/parallels/ros2_ws/build/cpp_srvcli' returned '0': CMAKE_PREFIX_PATH=/opt/ros/humble /usr/bin/cmake --install /home/parallels/ros2_ws/build/cpp_srvcli
[1.548s] Level 1:colcon.colcon_core.environment:checking '/home/parallels/ros2_ws/install/cpp_srvcli' for CMake module files
[1.549s] Level 1:colcon.colcon_core.environment:checking '/home/parallels/ros2_ws/install/cpp_srvcli' for CMake config files
[1.550s] Level 1:colcon.colcon_core.shell:create_environment_hook('cpp_srvcli', 'cmake_prefix_path')
[1.592s] INFO:colcon.colcon_core.shell:Creating environment hook '/home/parallels/ros2_ws/install/cpp_srvcli/share/cpp_srvcli/hook/cmake_prefix_path.ps1'
[1.596s] INFO:colcon.colcon_core.shell:Creating environment descriptor '/home/parallels/ros2_ws/install/cpp_srvcli/share/cpp_srvcli/hook/cmake_prefix_path.dsv'
[1.597s] INFO:colcon.colcon_core.shell:Creating environment hook '/home/parallels/ros2_ws/install/cpp_srvcli/share/cpp_srvcli/hook/cmake_prefix_path.sh'
[1.598s] Level 1:colcon.colcon_core.environment:checking '/home/parallels/ros2_ws/install/cpp_srvcli/lib'
[1.598s] Level 1:colcon.colcon_core.environment:checking '/home/parallels/ros2_ws/install/cpp_srvcli/bin'
[1.598s] Level 1:colcon.colcon_core.environment:checking '/home/parallels/ros2_ws/install/cpp_srvcli/lib/pkgconfig/cpp_srvcli.pc'
[1.599s] Level 1:colcon.colcon_core.environment:checking '/home/parallels/ros2_ws/install/cpp_srvcli/lib/python3.10/site-packages'
[1.599s] Level 1:colcon.colcon_core.environment:checking '/home/parallels/ros2_ws/install/cpp_srvcli/bin'
[1.636s] INFO:colcon.colcon_core.shell:Creating package script '/home/parallels/ros2_ws/install/cpp_srvcli/share/cpp_srvcli/package.ps1'
[1.637s] INFO:colcon.colcon_core.shell:Creating package descriptor '/home/parallels/ros2_ws/install/cpp_srvcli/share/cpp_srvcli/package.dsv'
[1.638s] INFO:colcon.colcon_core.shell:Creating package script '/home/parallels/ros2_ws/install/cpp_srvcli/share/cpp_srvcli/package.sh'
[1.642s] INFO:colcon.colcon_core.shell:Creating package script '/home/parallels/ros2_ws/install/cpp_srvcli/share/cpp_srvcli/package.bash'
[1.643s] INFO:colcon.colcon_core.shell:Creating package script '/home/parallels/ros2_ws/install/cpp_srvcli/share/cpp_srvcli/package.zsh'
[1.653s] Level 1:colcon.colcon_core.environment:create_file_with_runtime_dependencies(/home/parallels/ros2_ws/install/cpp_srvcli/share/colcon-core/packages/cpp_srvcli)
[1.660s] Level 1:colcon.colcon_core.environment:create_environment_scripts_only(cpp_pubsub)
[1.664s] DEBUG:colcon.colcon_core.event_handler.log_command:Invoked command in '/home/parallels/ros2_ws/build/cpp_pubsub' returned '0': CMAKE_PREFIX_PATH=/opt/ros/humble /usr/bin/cmake --install /home/parallels/ros2_ws/build/cpp_pubsub
[1.686s] Level 1:colcon.colcon_core.environment:checking '/home/parallels/ros2_ws/install/cpp_pubsub' for CMake module files
[1.687s] Level 1:colcon.colcon_core.environment:checking '/home/parallels/ros2_ws/install/cpp_pubsub' for CMake config files
[1.687s] Level 1:colcon.colcon_core.shell:create_environment_hook('cpp_pubsub', 'cmake_prefix_path')
[1.714s] INFO:colcon.colcon_core.shell:Creating environment hook '/home/parallels/ros2_ws/install/cpp_pubsub/share/cpp_pubsub/hook/cmake_prefix_path.ps1'
[1.715s] INFO:colcon.colcon_core.shell:Creating environment descriptor '/home/parallels/ros2_ws/install/cpp_pubsub/share/cpp_pubsub/hook/cmake_prefix_path.dsv'
[1.716s] INFO:colcon.colcon_core.shell:Creating environment hook '/home/parallels/ros2_ws/install/cpp_pubsub/share/cpp_pubsub/hook/cmake_prefix_path.sh'
[1.717s] Level 1:colcon.colcon_core.environment:checking '/home/parallels/ros2_ws/install/cpp_pubsub/lib'
[1.717s] Level 1:colcon.colcon_core.shell:create_environment_hook('cpp_pubsub', 'ld_library_path_lib')
[1.731s] INFO:colcon.colcon_core.shell:Creating environment hook '/home/parallels/ros2_ws/install/cpp_pubsub/share/cpp_pubsub/hook/ld_library_path_lib.ps1'
[1.733s] INFO:colcon.colcon_core.shell:Creating environment descriptor '/home/parallels/ros2_ws/install/cpp_pubsub/share/cpp_pubsub/hook/ld_library_path_lib.dsv'
[1.733s] INFO:colcon.colcon_core.shell:Creating environment hook '/home/parallels/ros2_ws/install/cpp_pubsub/share/cpp_pubsub/hook/ld_library_path_lib.sh'
[1.734s] Level 1:colcon.colcon_core.environment:checking '/home/parallels/ros2_ws/install/cpp_pubsub/bin'
[1.734s] Level 1:colcon.colcon_core.environment:checking '/home/parallels/ros2_ws/install/cpp_pubsub/lib/pkgconfig/cpp_pubsub.pc'
[1.735s] Level 1:colcon.colcon_core.environment:checking '/home/parallels/ros2_ws/install/cpp_pubsub/lib/python3.10/site-packages'
[1.735s] Level 1:colcon.colcon_core.environment:checking '/home/parallels/ros2_ws/install/cpp_pubsub/bin'
[1.751s] INFO:colcon.colcon_core.shell:Creating package script '/home/parallels/ros2_ws/install/cpp_pubsub/share/cpp_pubsub/package.ps1'
[1.753s] INFO:colcon.colcon_core.shell:Creating package descriptor '/home/parallels/ros2_ws/install/cpp_pubsub/share/cpp_pubsub/package.dsv'
[1.753s] INFO:colcon.colcon_core.shell:Creating package script '/home/parallels/ros2_ws/install/cpp_pubsub/share/cpp_pubsub/package.sh'
[1.754s] INFO:colcon.colcon_core.shell:Creating package script '/home/parallels/ros2_ws/install/cpp_pubsub/share/cpp_pubsub/package.bash'
[1.755s] INFO:colcon.colcon_core.shell:Creating package script '/home/parallels/ros2_ws/install/cpp_pubsub/share/cpp_pubsub/package.zsh'
[1.757s] Level 1:colcon.colcon_core.environment:create_file_with_runtime_dependencies(/home/parallels/ros2_ws/install/cpp_pubsub/share/colcon-core/packages/cpp_pubsub)
[1.814s] Level 1:colcon.colcon_core.environment:create_environment_scripts_only(cpp_srvcli)
[1.841s] Level 1:colcon.colcon_core.environment:checking '/home/parallels/ros2_ws/install/cpp_srvcli' for CMake module files
[1.842s] Level 1:colcon.colcon_core.environment:checking '/home/parallels/ros2_ws/install/cpp_srvcli' for CMake config files
[1.842s] Level 1:colcon.colcon_core.shell:create_environment_hook('cpp_srvcli', 'cmake_prefix_path')
[1.866s] INFO:colcon.colcon_core.shell:Creating environment hook '/home/parallels/ros2_ws/install/cpp_srvcli/share/cpp_srvcli/hook/cmake_prefix_path.ps1'
[1.867s] INFO:colcon.colcon_core.shell:Creating environment descriptor '/home/parallels/ros2_ws/install/cpp_srvcli/share/cpp_srvcli/hook/cmake_prefix_path.dsv'
[1.872s] INFO:colcon.colcon_core.shell:Creating environment hook '/home/parallels/ros2_ws/install/cpp_srvcli/share/cpp_srvcli/hook/cmake_prefix_path.sh'
[1.873s] Level 1:colcon.colcon_core.environment:checking '/home/parallels/ros2_ws/install/cpp_srvcli/lib'
[1.880s] Level 1:colcon.colcon_core.environment:checking '/home/parallels/ros2_ws/install/cpp_srvcli/bin'
[1.880s] Level 1:colcon.colcon_core.environment:checking '/home/parallels/ros2_ws/install/cpp_srvcli/lib/pkgconfig/cpp_srvcli.pc'
[1.880s] Level 1:colcon.colcon_core.environment:checking '/home/parallels/ros2_ws/install/cpp_srvcli/lib/python3.10/site-packages'
[1.881s] Level 1:colcon.colcon_core.environment:checking '/home/parallels/ros2_ws/install/cpp_srvcli/bin'
[1.914s] INFO:colcon.colcon_core.shell:Creating package script '/home/parallels/ros2_ws/install/cpp_srvcli/share/cpp_srvcli/package.ps1'
[1.915s] INFO:colcon.colcon_core.shell:Creating package descriptor '/home/parallels/ros2_ws/install/cpp_srvcli/share/cpp_srvcli/package.dsv'
[1.916s] INFO:colcon.colcon_core.shell:Creating package script '/home/parallels/ros2_ws/install/cpp_srvcli/share/cpp_srvcli/package.sh'
[1.917s] INFO:colcon.colcon_core.shell:Creating package script '/home/parallels/ros2_ws/install/cpp_srvcli/share/cpp_srvcli/package.bash'
[1.917s] INFO:colcon.colcon_core.shell:Creating package script '/home/parallels/ros2_ws/install/cpp_srvcli/share/cpp_srvcli/package.zsh'
[1.917s] Level 1:colcon.colcon_core.environment:create_file_with_runtime_dependencies(/home/parallels/ros2_ws/install/cpp_srvcli/share/colcon-core/packages/cpp_srvcli)
[1.919s] INFO:colcon.colcon_ros.task.ament_python.build:Building ROS package in '/home/parallels/ros2_ws/src/opencv_tools' with build type 'ament_python'
[1.919s] Level 1:colcon.colcon_core.shell:create_environment_hook('opencv_tools', 'ament_prefix_path')
[1.947s] INFO:colcon.colcon_core.shell:Creating environment hook '/home/parallels/ros2_ws/install/opencv_tools/share/opencv_tools/hook/ament_prefix_path.ps1'
[1.951s] INFO:colcon.colcon_core.shell:Creating environment descriptor '/home/parallels/ros2_ws/install/opencv_tools/share/opencv_tools/hook/ament_prefix_path.dsv'
[1.951s] INFO:colcon.colcon_core.shell:Creating environment hook '/home/parallels/ros2_ws/install/opencv_tools/share/opencv_tools/hook/ament_prefix_path.sh'
[1.984s] INFO:colcon.colcon_core.shell:Skip shell extension 'powershell' for command environment: Not usable outside of PowerShell
[1.984s] DEBUG:colcon.colcon_core.shell:Skip shell extension 'dsv' for command environment
[2.035s] Level 1:colcon.colcon_core.environment:create_environment_scripts_only(cpp_pubsub)
[2.047s] Level 1:colcon.colcon_core.environment:checking '/home/parallels/ros2_ws/install/cpp_pubsub' for CMake module files
[2.048s] Level 1:colcon.colcon_core.environment:checking '/home/parallels/ros2_ws/install/cpp_pubsub' for CMake config files
[2.048s] Level 1:colcon.colcon_core.shell:create_environment_hook('cpp_pubsub', 'cmake_prefix_path')
[2.062s] INFO:colcon.colcon_core.shell:Creating environment hook '/home/parallels/ros2_ws/install/cpp_pubsub/share/cpp_pubsub/hook/cmake_prefix_path.ps1'
[2.062s] INFO:colcon.colcon_core.shell:Creating environment descriptor '/home/parallels/ros2_ws/install/cpp_pubsub/share/cpp_pubsub/hook/cmake_prefix_path.dsv'
[2.063s] INFO:colcon.colcon_core.shell:Creating environment hook '/home/parallels/ros2_ws/install/cpp_pubsub/share/cpp_pubsub/hook/cmake_prefix_path.sh'
[2.063s] Level 1:colcon.colcon_core.environment:checking '/home/parallels/ros2_ws/install/cpp_pubsub/lib'
[2.063s] Level 1:colcon.colcon_core.shell:create_environment_hook('cpp_pubsub', 'ld_library_path_lib')
[2.077s] INFO:colcon.colcon_core.shell:Creating environment hook '/home/parallels/ros2_ws/install/cpp_pubsub/share/cpp_pubsub/hook/ld_library_path_lib.ps1'
[2.078s] INFO:colcon.colcon_core.shell:Creating environment descriptor '/home/parallels/ros2_ws/install/cpp_pubsub/share/cpp_pubsub/hook/ld_library_path_lib.dsv'
[2.078s] INFO:colcon.colcon_core.shell:Creating environment hook '/home/parallels/ros2_ws/install/cpp_pubsub/share/cpp_pubsub/hook/ld_library_path_lib.sh'
[2.079s] Level 1:colcon.colcon_core.environment:checking '/home/parallels/ros2_ws/install/cpp_pubsub/bin'
[2.079s] Level 1:colcon.colcon_core.environment:checking '/home/parallels/ros2_ws/install/cpp_pubsub/lib/pkgconfig/cpp_pubsub.pc'
[2.079s] Level 1:colcon.colcon_core.environment:checking '/home/parallels/ros2_ws/install/cpp_pubsub/lib/python3.10/site-packages'
[2.079s] Level 1:colcon.colcon_core.environment:checking '/home/parallels/ros2_ws/install/cpp_pubsub/bin'
[2.093s] INFO:colcon.colcon_core.shell:Creating package script '/home/parallels/ros2_ws/install/cpp_pubsub/share/cpp_pubsub/package.ps1'
[2.093s] INFO:colcon.colcon_core.shell:Creating package descriptor '/home/parallels/ros2_ws/install/cpp_pubsub/share/cpp_pubsub/package.dsv'
[2.094s] INFO:colcon.colcon_core.shell:Creating package script '/home/parallels/ros2_ws/install/cpp_pubsub/share/cpp_pubsub/package.sh'
[2.094s] INFO:colcon.colcon_core.shell:Creating package script '/home/parallels/ros2_ws/install/cpp_pubsub/share/cpp_pubsub/package.bash'
[2.095s] INFO:colcon.colcon_core.shell:Creating package script '/home/parallels/ros2_ws/install/cpp_pubsub/share/cpp_pubsub/package.zsh'
[2.095s] Level 1:colcon.colcon_core.environment:create_file_with_runtime_dependencies(/home/parallels/ros2_ws/install/cpp_pubsub/share/colcon-core/packages/cpp_pubsub)
[2.096s] INFO:colcon.colcon_ros.task.ament_python.build:Building ROS package in '/home/parallels/ros2_ws/src/py_pubsub' with build type 'ament_python'
[2.096s] Level 1:colcon.colcon_core.shell:create_environment_hook('py_pubsub', 'ament_prefix_path')
[2.109s] INFO:colcon.colcon_core.shell:Creating environment hook '/home/parallels/ros2_ws/install/py_pubsub/share/py_pubsub/hook/ament_prefix_path.ps1'
[2.109s] INFO:colcon.colcon_core.shell:Creating environment descriptor '/home/parallels/ros2_ws/install/py_pubsub/share/py_pubsub/hook/ament_prefix_path.dsv'
[2.109s] INFO:colcon.colcon_core.shell:Creating environment hook '/home/parallels/ros2_ws/install/py_pubsub/share/py_pubsub/hook/ament_prefix_path.sh'
[2.122s] INFO:colcon.colcon_core.shell:Skip shell extension 'powershell' for command environment: Not usable outside of PowerShell
[2.122s] DEBUG:colcon.colcon_core.shell:Skip shell extension 'dsv' for command environment
[2.153s] DEBUG:colcon.colcon_core.event_handler.log_command:Invoked command in '/home/parallels/ros2_ws/build/custom_interfaces' returned '0': CMAKE_PREFIX_PATH=/opt/ros/humble /usr/bin/cmake --build /home/parallels/ros2_ws/build/custom_interfaces -- -j3 -l3
[2.449s] INFO:colcon.colcon_core.task.python.build:Building Python package in '/home/parallels/ros2_ws/src/opencv_tools'
[2.461s] INFO:colcon.colcon_core.shell:Skip shell extension 'powershell' for command environment: Not usable outside of PowerShell
[2.461s] DEBUG:colcon.colcon_core.shell:Skip shell extension 'dsv' for command environment
[2.770s] INFO:colcon.colcon_core.task.python.build:Building Python package in '/home/parallels/ros2_ws/src/py_pubsub'
[2.798s] INFO:colcon.colcon_core.shell:Skip shell extension 'powershell' for command environment: Not usable outside of PowerShell
[2.799s] DEBUG:colcon.colcon_core.shell:Skip shell extension 'dsv' for command environment
[3.553s] DEBUG:colcon.colcon_core.event_handler.log_command:Invoking command in '/home/parallels/ros2_ws/src/py_pubsub': PYTHONPATH=/home/parallels/ros2_ws/build/py_pubsub/prefix_override:/home/parallels/ros2_ws/install/py_pubsub/lib/python3.10/site-packages:${PYTHONPATH} /usr/bin/python3 setup.py egg_info --egg-base ../../build/py_pubsub build --build-base /home/parallels/ros2_ws/build/py_pubsub/build install --record /home/parallels/ros2_ws/build/py_pubsub/install.log --single-version-externally-managed
[3.562s] DEBUG:colcon.colcon_core.event_handler.log_command:Invoking command in '/home/parallels/ros2_ws/src/opencv_tools': PYTHONPATH=/home/parallels/ros2_ws/build/opencv_tools/prefix_override:/home/parallels/ros2_ws/install/opencv_tools/lib/python3.10/site-packages:${PYTHONPATH} /usr/bin/python3 setup.py egg_info --egg-base ../../build/opencv_tools build --build-base /home/parallels/ros2_ws/build/opencv_tools/build install --record /home/parallels/ros2_ws/build/opencv_tools/install.log --single-version-externally-managed
[4.240s] DEBUG:colcon.colcon_core.event_handler.log_command:Invoked command in '/home/parallels/ros2_ws/src/opencv_tools' returned '0': PYTHONPATH=/home/parallels/ros2_ws/build/opencv_tools/prefix_override:/home/parallels/ros2_ws/install/opencv_tools/lib/python3.10/site-packages:${PYTHONPATH} /usr/bin/python3 setup.py egg_info --egg-base ../../build/opencv_tools build --build-base /home/parallels/ros2_ws/build/opencv_tools/build install --record /home/parallels/ros2_ws/build/opencv_tools/install.log --single-version-externally-managed
[4.251s] Level 1:colcon.colcon_core.environment:checking '/home/parallels/ros2_ws/install/opencv_tools' for CMake module files
[4.252s] Level 1:colcon.colcon_core.environment:checking '/home/parallels/ros2_ws/install/opencv_tools' for CMake config files
[4.253s] Level 1:colcon.colcon_core.environment:checking '/home/parallels/ros2_ws/install/opencv_tools/lib'
[4.253s] Level 1:colcon.colcon_core.environment:checking '/home/parallels/ros2_ws/install/opencv_tools/bin'
[4.253s] Level 1:colcon.colcon_core.environment:checking '/home/parallels/ros2_ws/install/opencv_tools/lib/pkgconfig/opencv_tools.pc'
[4.253s] Level 1:colcon.colcon_core.environment:checking '/home/parallels/ros2_ws/install/opencv_tools/lib/python3.10/site-packages'
[4.253s] Level 1:colcon.colcon_core.shell:create_environment_hook('opencv_tools', 'pythonpath')
[4.266s] INFO:colcon.colcon_core.shell:Creating environment hook '/home/parallels/ros2_ws/install/opencv_tools/share/opencv_tools/hook/pythonpath.ps1'
[4.266s] INFO:colcon.colcon_core.shell:Creating environment descriptor '/home/parallels/ros2_ws/install/opencv_tools/share/opencv_tools/hook/pythonpath.dsv'
[4.266s] INFO:colcon.colcon_core.shell:Creating environment hook '/home/parallels/ros2_ws/install/opencv_tools/share/opencv_tools/hook/pythonpath.sh'
[4.267s] Level 1:colcon.colcon_core.environment:checking '/home/parallels/ros2_ws/install/opencv_tools/bin'
[4.267s] Level 1:colcon.colcon_core.environment:create_environment_scripts_only(opencv_tools)
[4.280s] INFO:colcon.colcon_core.shell:Creating package script '/home/parallels/ros2_ws/install/opencv_tools/share/opencv_tools/package.ps1'
[4.280s] INFO:colcon.colcon_core.shell:Creating package descriptor '/home/parallels/ros2_ws/install/opencv_tools/share/opencv_tools/package.dsv'
[4.281s] INFO:colcon.colcon_core.shell:Creating package script '/home/parallels/ros2_ws/install/opencv_tools/share/opencv_tools/package.sh'
[4.281s] INFO:colcon.colcon_core.shell:Creating package script '/home/parallels/ros2_ws/install/opencv_tools/share/opencv_tools/package.bash'
[4.281s] INFO:colcon.colcon_core.shell:Creating package script '/home/parallels/ros2_ws/install/opencv_tools/share/opencv_tools/package.zsh'
[4.281s] Level 1:colcon.colcon_core.environment:create_file_with_runtime_dependencies(/home/parallels/ros2_ws/install/opencv_tools/share/colcon-core/packages/opencv_tools)
[4.283s] INFO:colcon.colcon_ros.task.ament_python.build:Building ROS package in '/home/parallels/ros2_ws/src/py_srvcli' with build type 'ament_python'
[4.283s] Level 1:colcon.colcon_core.shell:create_environment_hook('py_srvcli', 'ament_prefix_path')
[4.297s] INFO:colcon.colcon_core.shell:Creating environment hook '/home/parallels/ros2_ws/install/py_srvcli/share/py_srvcli/hook/ament_prefix_path.ps1'
[4.297s] INFO:colcon.colcon_core.shell:Creating environment descriptor '/home/parallels/ros2_ws/install/py_srvcli/share/py_srvcli/hook/ament_prefix_path.dsv'
[4.297s] INFO:colcon.colcon_core.shell:Creating environment hook '/home/parallels/ros2_ws/install/py_srvcli/share/py_srvcli/hook/ament_prefix_path.sh'
[4.309s] INFO:colcon.colcon_core.shell:Skip shell extension 'powershell' for command environment: Not usable outside of PowerShell
[4.309s] DEBUG:colcon.colcon_core.shell:Skip shell extension 'dsv' for command environment
[4.344s] DEBUG:colcon.colcon_core.event_handler.log_command:Invoked command in '/home/parallels/ros2_ws/src/py_pubsub' returned '0': PYTHONPATH=/home/parallels/ros2_ws/build/py_pubsub/prefix_override:/home/parallels/ros2_ws/install/py_pubsub/lib/python3.10/site-packages:${PYTHONPATH} /usr/bin/python3 setup.py egg_info --egg-base ../../build/py_pubsub build --build-base /home/parallels/ros2_ws/build/py_pubsub/build install --record /home/parallels/ros2_ws/build/py_pubsub/install.log --single-version-externally-managed
[4.351s] Level 1:colcon.colcon_core.environment:checking '/home/parallels/ros2_ws/install/py_pubsub' for CMake module files
[4.351s] Level 1:colcon.colcon_core.environment:checking '/home/parallels/ros2_ws/install/py_pubsub' for CMake config files
[4.352s] Level 1:colcon.colcon_core.environment:checking '/home/parallels/ros2_ws/install/py_pubsub/lib'
[4.352s] Level 1:colcon.colcon_core.environment:checking '/home/parallels/ros2_ws/install/py_pubsub/bin'
[4.352s] Level 1:colcon.colcon_core.environment:checking '/home/parallels/ros2_ws/install/py_pubsub/lib/pkgconfig/py_pubsub.pc'
[4.352s] Level 1:colcon.colcon_core.environment:checking '/home/parallels/ros2_ws/install/py_pubsub/lib/python3.10/site-packages'
[4.352s] Level 1:colcon.colcon_core.shell:create_environment_hook('py_pubsub', 'pythonpath')
[4.363s] INFO:colcon.colcon_core.shell:Creating environment hook '/home/parallels/ros2_ws/install/py_pubsub/share/py_pubsub/hook/pythonpath.ps1'
[4.363s] INFO:colcon.colcon_core.shell:Creating environment descriptor '/home/parallels/ros2_ws/install/py_pubsub/share/py_pubsub/hook/pythonpath.dsv'
[4.363s] INFO:colcon.colcon_core.shell:Creating environment hook '/home/parallels/ros2_ws/install/py_pubsub/share/py_pubsub/hook/pythonpath.sh'
[4.364s] Level 1:colcon.colcon_core.environment:checking '/home/parallels/ros2_ws/install/py_pubsub/bin'
[4.364s] Level 1:colcon.colcon_core.environment:create_environment_scripts_only(py_pubsub)
[4.375s] INFO:colcon.colcon_core.shell:Creating package script '/home/parallels/ros2_ws/install/py_pubsub/share/py_pubsub/package.ps1'
[4.375s] INFO:colcon.colcon_core.shell:Creating package descriptor '/home/parallels/ros2_ws/install/py_pubsub/share/py_pubsub/package.dsv'
[4.375s] INFO:colcon.colcon_core.shell:Creating package script '/home/parallels/ros2_ws/install/py_pubsub/share/py_pubsub/package.sh'
[4.376s] INFO:colcon.colcon_core.shell:Creating package script '/home/parallels/ros2_ws/install/py_pubsub/share/py_pubsub/package.bash'
[4.376s] INFO:colcon.colcon_core.shell:Creating package script '/home/parallels/ros2_ws/install/py_pubsub/share/py_pubsub/package.zsh'
[4.376s] Level 1:colcon.colcon_core.environment:create_file_with_runtime_dependencies(/home/parallels/ros2_ws/install/py_pubsub/share/colcon-core/packages/py_pubsub)
[4.600s] INFO:colcon.colcon_core.task.python.build:Building Python package in '/home/parallels/ros2_ws/src/py_srvcli'
[4.610s] INFO:colcon.colcon_core.shell:Skip shell extension 'powershell' for command environment: Not usable outside of PowerShell
[4.610s] DEBUG:colcon.colcon_core.shell:Skip shell extension 'dsv' for command environment
[4.636s] DEBUG:colcon.colcon_core.event_handler.log_command:Invoking command in '/home/parallels/ros2_ws/build/custom_interfaces': CMAKE_PREFIX_PATH=/opt/ros/humble /usr/bin/cmake --install /home/parallels/ros2_ws/build/custom_interfaces
[4.822s] Level 1:colcon.colcon_core.environment:create_environment_scripts_only(custom_interfaces)
[4.825s] DEBUG:colcon.colcon_core.event_handler.log_command:Invoked command in '/home/parallels/ros2_ws/build/custom_interfaces' returned '0': CMAKE_PREFIX_PATH=/opt/ros/humble /usr/bin/cmake --install /home/parallels/ros2_ws/build/custom_interfaces
[4.842s] Level 1:colcon.colcon_core.environment:checking '/home/parallels/ros2_ws/install/custom_interfaces' for CMake module files
[4.842s] Level 1:colcon.colcon_core.environment:checking '/home/parallels/ros2_ws/install/custom_interfaces' for CMake config files
[4.842s] Level 1:colcon.colcon_core.shell:create_environment_hook('custom_interfaces', 'cmake_prefix_path')
[4.855s] INFO:colcon.colcon_core.shell:Creating environment hook '/home/parallels/ros2_ws/install/custom_interfaces/share/custom_interfaces/hook/cmake_prefix_path.ps1'
[4.855s] INFO:colcon.colcon_core.shell:Creating environment descriptor '/home/parallels/ros2_ws/install/custom_interfaces/share/custom_interfaces/hook/cmake_prefix_path.dsv'
[4.856s] INFO:colcon.colcon_core.shell:Creating environment hook '/home/parallels/ros2_ws/install/custom_interfaces/share/custom_interfaces/hook/cmake_prefix_path.sh'
[4.857s] Level 1:colcon.colcon_core.environment:checking '/home/parallels/ros2_ws/install/custom_interfaces/lib'
[4.857s] Level 1:colcon.colcon_core.shell:create_environment_hook('custom_interfaces', 'ld_library_path_lib')
[4.869s] INFO:colcon.colcon_core.shell:Creating environment hook '/home/parallels/ros2_ws/install/custom_interfaces/share/custom_interfaces/hook/ld_library_path_lib.ps1'
[4.870s] INFO:colcon.colcon_core.shell:Creating environment descriptor '/home/parallels/ros2_ws/install/custom_interfaces/share/custom_interfaces/hook/ld_library_path_lib.dsv'
[4.870s] INFO:colcon.colcon_core.shell:Creating environment hook '/home/parallels/ros2_ws/install/custom_interfaces/share/custom_interfaces/hook/ld_library_path_lib.sh'
[4.870s] Level 1:colcon.colcon_core.environment:checking '/home/parallels/ros2_ws/install/custom_interfaces/bin'
[4.870s] Level 1:colcon.colcon_core.environment:checking '/home/parallels/ros2_ws/install/custom_interfaces/lib/pkgconfig/custom_interfaces.pc'
[4.871s] Level 1:colcon.colcon_core.environment:checking '/home/parallels/ros2_ws/install/custom_interfaces/lib/python3.10/site-packages'
[4.871s] Level 1:colcon.colcon_core.environment:checking '/home/parallels/ros2_ws/install/custom_interfaces/bin'
[4.886s] INFO:colcon.colcon_core.shell:Creating package script '/home/parallels/ros2_ws/install/custom_interfaces/share/custom_interfaces/package.ps1'
[4.887s] INFO:colcon.colcon_core.shell:Creating package descriptor '/home/parallels/ros2_ws/install/custom_interfaces/share/custom_interfaces/package.dsv'
[4.888s] INFO:colcon.colcon_core.shell:Creating package script '/home/parallels/ros2_ws/install/custom_interfaces/share/custom_interfaces/package.sh'
[4.888s] INFO:colcon.colcon_core.shell:Creating package script '/home/parallels/ros2_ws/install/custom_interfaces/share/custom_interfaces/package.bash'
[4.888s] INFO:colcon.colcon_core.shell:Creating package script '/home/parallels/ros2_ws/install/custom_interfaces/share/custom_interfaces/package.zsh'
[4.889s] Level 1:colcon.colcon_core.environment:create_file_with_runtime_dependencies(/home/parallels/ros2_ws/install/custom_interfaces/share/colcon-core/packages/custom_interfaces)
[5.060s] DEBUG:colcon.colcon_core.event_handler.log_command:Invoking command in '/home/parallels/ros2_ws/src/py_srvcli': PYTHONPATH=/home/parallels/ros2_ws/build/py_srvcli/prefix_override:/home/parallels/ros2_ws/install/py_srvcli/lib/python3.10/site-packages:${PYTHONPATH} /usr/bin/python3 setup.py egg_info --egg-base ../../build/py_srvcli build --build-base /home/parallels/ros2_ws/build/py_srvcli/build install --record /home/parallels/ros2_ws/build/py_srvcli/install.log --single-version-externally-managed
[5.348s] DEBUG:colcon.colcon_core.event_handler.log_command:Invoked command in '/home/parallels/ros2_ws/src/py_srvcli' returned '0': PYTHONPATH=/home/parallels/ros2_ws/build/py_srvcli/prefix_override:/home/parallels/ros2_ws/install/py_srvcli/lib/python3.10/site-packages:${PYTHONPATH} /usr/bin/python3 setup.py egg_info --egg-base ../../build/py_srvcli build --build-base /home/parallels/ros2_ws/build/py_srvcli/build install --record /home/parallels/ros2_ws/build/py_srvcli/install.log --single-version-externally-managed
[5.354s] Level 1:colcon.colcon_core.environment:checking '/home/parallels/ros2_ws/install/py_srvcli' for CMake module files
[5.354s] Level 1:colcon.colcon_core.environment:checking '/home/parallels/ros2_ws/install/py_srvcli' for CMake config files
[5.355s] Level 1:colcon.colcon_core.environment:checking '/home/parallels/ros2_ws/install/py_srvcli/lib'
[5.355s] Level 1:colcon.colcon_core.environment:checking '/home/parallels/ros2_ws/install/py_srvcli/bin'
[5.355s] Level 1:colcon.colcon_core.environment:checking '/home/parallels/ros2_ws/install/py_srvcli/lib/pkgconfig/py_srvcli.pc'
[5.355s] Level 1:colcon.colcon_core.environment:checking '/home/parallels/ros2_ws/install/py_srvcli/lib/python3.10/site-packages'
[5.355s] Level 1:colcon.colcon_core.shell:create_environment_hook('py_srvcli', 'pythonpath')
[5.367s] INFO:colcon.colcon_core.shell:Creating environment hook '/home/parallels/ros2_ws/install/py_srvcli/share/py_srvcli/hook/pythonpath.ps1'
[5.367s] INFO:colcon.colcon_core.shell:Creating environment descriptor '/home/parallels/ros2_ws/install/py_srvcli/share/py_srvcli/hook/pythonpath.dsv'
[5.368s] INFO:colcon.colcon_core.shell:Creating environment hook '/home/parallels/ros2_ws/install/py_srvcli/share/py_srvcli/hook/pythonpath.sh'
[5.368s] Level 1:colcon.colcon_core.environment:checking '/home/parallels/ros2_ws/install/py_srvcli/bin'
[5.368s] Level 1:colcon.colcon_core.environment:create_environment_scripts_only(py_srvcli)
[5.380s] INFO:colcon.colcon_core.shell:Creating package script '/home/parallels/ros2_ws/install/py_srvcli/share/py_srvcli/package.ps1'
[5.380s] INFO:colcon.colcon_core.shell:Creating package descriptor '/home/parallels/ros2_ws/install/py_srvcli/share/py_srvcli/package.dsv'
[5.381s] INFO:colcon.colcon_core.shell:Creating package script '/home/parallels/ros2_ws/install/py_srvcli/share/py_srvcli/package.sh'
[5.381s] INFO:colcon.colcon_core.shell:Creating package script '/home/parallels/ros2_ws/install/py_srvcli/share/py_srvcli/package.bash'
[5.381s] INFO:colcon.colcon_core.shell:Creating package script '/home/parallels/ros2_ws/install/py_srvcli/share/py_srvcli/package.zsh'
[5.382s] Level 1:colcon.colcon_core.environment:create_file_with_runtime_dependencies(/home/parallels/ros2_ws/install/py_srvcli/share/colcon-core/packages/py_srvcli)
[5.694s] Level 1:colcon.colcon_core.environment:create_environment_scripts_only(custom_interfaces)
[5.704s] Level 1:colcon.colcon_core.environment:checking '/home/parallels/ros2_ws/install/custom_interfaces' for CMake module files
[5.705s] Level 1:colcon.colcon_core.environment:checking '/home/parallels/ros2_ws/install/custom_interfaces' for CMake config files
[5.705s] Level 1:colcon.colcon_core.shell:create_environment_hook('custom_interfaces', 'cmake_prefix_path')
[5.715s] INFO:colcon.colcon_core.shell:Creating environment hook '/home/parallels/ros2_ws/install/custom_interfaces/share/custom_interfaces/hook/cmake_prefix_path.ps1'
[5.715s] INFO:colcon.colcon_core.shell:Creating environment descriptor '/home/parallels/ros2_ws/install/custom_interfaces/share/custom_interfaces/hook/cmake_prefix_path.dsv'
[5.715s] INFO:colcon.colcon_core.shell:Creating environment hook '/home/parallels/ros2_ws/install/custom_interfaces/share/custom_interfaces/hook/cmake_prefix_path.sh'
[5.716s] Level 1:colcon.colcon_core.environment:checking '/home/parallels/ros2_ws/install/custom_interfaces/lib'
[5.716s] Level 1:colcon.colcon_core.shell:create_environment_hook('custom_interfaces', 'ld_library_path_lib')
[5.725s] INFO:colcon.colcon_core.shell:Creating environment hook '/home/parallels/ros2_ws/install/custom_interfaces/share/custom_interfaces/hook/ld_library_path_lib.ps1'
[5.726s] INFO:colcon.colcon_core.shell:Creating environment descriptor '/home/parallels/ros2_ws/install/custom_interfaces/share/custom_interfaces/hook/ld_library_path_lib.dsv'
[5.726s] INFO:colcon.colcon_core.shell:Creating environment hook '/home/parallels/ros2_ws/install/custom_interfaces/share/custom_interfaces/hook/ld_library_path_lib.sh'
[5.727s] Level 1:colcon.colcon_core.environment:checking '/home/parallels/ros2_ws/install/custom_interfaces/bin'
[5.727s] Level 1:colcon.colcon_core.environment:checking '/home/parallels/ros2_ws/install/custom_interfaces/lib/pkgconfig/custom_interfaces.pc'
[5.727s] Level 1:colcon.colcon_core.environment:checking '/home/parallels/ros2_ws/install/custom_interfaces/lib/python3.10/site-packages'
[5.727s] Level 1:colcon.colcon_core.environment:checking '/home/parallels/ros2_ws/install/custom_interfaces/bin'
[5.737s] INFO:colcon.colcon_core.shell:Creating package script '/home/parallels/ros2_ws/install/custom_interfaces/share/custom_interfaces/package.ps1'
[5.737s] INFO:colcon.colcon_core.shell:Creating package descriptor '/home/parallels/ros2_ws/install/custom_interfaces/share/custom_interfaces/package.dsv'
[5.738s] INFO:colcon.colcon_core.shell:Creating package script '/home/parallels/ros2_ws/install/custom_interfaces/share/custom_interfaces/package.sh'
[5.738s] INFO:colcon.colcon_core.shell:Creating package script '/home/parallels/ros2_ws/install/custom_interfaces/share/custom_interfaces/package.bash'
[5.738s] INFO:colcon.colcon_core.shell:Creating package script '/home/parallels/ros2_ws/install/custom_interfaces/share/custom_interfaces/package.zsh'
[5.739s] Level 1:colcon.colcon_core.environment:create_file_with_runtime_dependencies(/home/parallels/ros2_ws/install/custom_interfaces/share/colcon-core/packages/custom_interfaces)
[5.739s] DEBUG:colcon.colcon_parallel_executor.executor.parallel:closing loop
[5.739s] DEBUG:colcon.colcon_parallel_executor.executor.parallel:loop closed
[5.739s] DEBUG:colcon.colcon_parallel_executor.executor.parallel:run_until_complete finished with '0'
[5.739s] DEBUG:colcon.colcon_core.event_reactor:joining thread
[5.756s] INFO:colcon.colcon_core.plugin_system:Skipping extension 'colcon_notification.desktop_notification.terminal_notifier': Not used on non-Darwin systems
[5.756s] INFO:colcon.colcon_core.plugin_system:Skipping extension 'colcon_notification.desktop_notification.win32': Not used on non-Windows systems
[5.757s] INFO:colcon.colcon_notification.desktop_notification:Sending desktop notification using 'notify2'
[5.772s] DEBUG:colcon.colcon_core.event_reactor:joined thread
[5.782s] INFO:colcon.colcon_core.shell:Creating prefix script '/home/parallels/ros2_ws/install/local_setup.ps1'
[5.783s] INFO:colcon.colcon_core.shell:Creating prefix util module '/home/parallels/ros2_ws/install/_local_setup_util_ps1.py'
[5.784s] INFO:colcon.colcon_core.shell:Creating prefix chain script '/home/parallels/ros2_ws/install/setup.ps1'
[5.793s] INFO:colcon.colcon_core.shell:Creating prefix script '/home/parallels/ros2_ws/install/local_setup.sh'
[5.794s] INFO:colcon.colcon_core.shell:Creating prefix util module '/home/parallels/ros2_ws/install/_local_setup_util_sh.py'
[5.794s] INFO:colcon.colcon_core.shell:Creating prefix chain script '/home/parallels/ros2_ws/install/setup.sh'
[5.804s] INFO:colcon.colcon_core.shell:Creating prefix script '/home/parallels/ros2_ws/install/local_setup.bash'
[5.806s] INFO:colcon.colcon_core.shell:Creating prefix chain script '/home/parallels/ros2_ws/install/setup.bash'
[5.815s] INFO:colcon.colcon_core.shell:Creating prefix script '/home/parallels/ros2_ws/install/local_setup.zsh'
[5.816s] INFO:colcon.colcon_core.shell:Creating prefix chain script '/home/parallels/ros2_ws/install/setup.zsh'
