[0.770s] Invoking command in '/home/parallels/ros2_ws/src/py_pubsub': PYTHONPATH=/home/parallels/ros2_ws/build/py_pubsub/prefix_override:/home/parallels/ros2_ws/install/py_pubsub/lib/python3.10/site-packages:${PYTHONPATH} /usr/bin/python3 setup.py egg_info --egg-base ../../build/py_pubsub build --build-base /home/parallels/ros2_ws/build/py_pubsub/build install --record /home/parallels/ros2_ws/build/py_pubsub/install.log --single-version-externally-managed
[0.966s] running egg_info
[0.968s] writing ../../build/py_pubsub/py_pubsub.egg-info/PKG-INFO
[0.968s] writing dependency_links to ../../build/py_pubsub/py_pubsub.egg-info/dependency_links.txt
[0.968s] writing entry points to ../../build/py_pubsub/py_pubsub.egg-info/entry_points.txt
[0.968s] writing requirements to ../../build/py_pubsub/py_pubsub.egg-info/requires.txt
[0.968s] writing top-level names to ../../build/py_pubsub/py_pubsub.egg-info/top_level.txt
[0.971s] reading manifest file '../../build/py_pubsub/py_pubsub.egg-info/SOURCES.txt'
[0.972s] adding license file 'LICENSE'
[0.973s] writing manifest file '../../build/py_pubsub/py_pubsub.egg-info/SOURCES.txt'
[0.973s] running build
[0.974s] running build_py
[0.974s] running install
[0.974s] /usr/lib/python3/dist-packages/setuptools/command/install.py:34: SetuptoolsDeprecationWarning: setup.py install is deprecated. Use build and pip and other standards-based tools.
[0.974s]   warnings.warn(
[0.976s] running install_lib
[0.977s] running install_data
[0.978s] running install_egg_info
[0.980s] removing '/home/parallels/ros2_ws/install/py_pubsub/lib/python3.10/site-packages/py_pubsub-0.0.0-py3.10.egg-info' (and everything under it)
[0.981s] Copying ../../build/py_pubsub/py_pubsub.egg-info to /home/parallels/ros2_ws/install/py_pubsub/lib/python3.10/site-packages/py_pubsub-0.0.0-py3.10.egg-info
[0.984s] running install_scripts
[1.002s] Installing listener script to /home/parallels/ros2_ws/install/py_pubsub/lib/py_pubsub
[1.002s] Installing talker script to /home/parallels/ros2_ws/install/py_pubsub/lib/py_pubsub
[1.003s] writing list of installed files to '/home/parallels/ros2_ws/build/py_pubsub/install.log'
[1.028s] Invoked command in '/home/parallels/ros2_ws/src/py_pubsub' returned '0': PYTHONPATH=/home/parallels/ros2_ws/build/py_pubsub/prefix_override:/home/parallels/ros2_ws/install/py_pubsub/lib/python3.10/site-packages:${PYTHONPATH} /usr/bin/python3 setup.py egg_info --egg-base ../../build/py_pubsub build --build-base /home/parallels/ros2_ws/build/py_pubsub/build install --record /home/parallels/ros2_ws/build/py_pubsub/install.log --single-version-externally-managed
