[0.074s] Invoking command in '/home/parallels/ros2_ws/build/cpp_srvcli': CMAKE_PREFIX_PATH=/opt/ros/humble /usr/bin/cmake --build /home/parallels/ros2_ws/build/cpp_srvcli -- -j3 -l3
[0.147s] [ 75%] Built target server
[0.158s] [100%] Built target client
[0.176s] Invoked command in '/home/parallels/ros2_ws/build/cpp_srvcli' returned '0': CMAKE_PREFIX_PATH=/opt/ros/humble /usr/bin/cmake --build /home/parallels/ros2_ws/build/cpp_srvcli -- -j3 -l3
[0.328s] Invoking command in '/home/parallels/ros2_ws/build/cpp_srvcli': CMAKE_PREFIX_PATH=/opt/ros/humble /usr/bin/cmake --install /home/parallels/ros2_ws/build/cpp_srvcli
[0.333s] -- Install configuration: ""
[0.334s] -- Up-to-date: /home/parallels/ros2_ws/install/cpp_srvcli/lib/cpp_srvcli/server
[0.335s] -- Up-to-date: /home/parallels/ros2_ws/install/cpp_srvcli/lib/cpp_srvcli/client
[0.336s] -- Up-to-date: /home/parallels/ros2_ws/install/cpp_srvcli/share/ament_index/resource_index/package_run_dependencies/cpp_srvcli
[0.337s] -- Up-to-date: /home/parallels/ros2_ws/install/cpp_srvcli/share/ament_index/resource_index/parent_prefix_path/cpp_srvcli
[0.341s] -- Up-to-date: /home/parallels/ros2_ws/install/cpp_srvcli/share/cpp_srvcli/environment/ament_prefix_path.sh
[0.341s] -- Up-to-date: /home/parallels/ros2_ws/install/cpp_srvcli/share/cpp_srvcli/environment/ament_prefix_path.dsv
[0.341s] -- Up-to-date: /home/parallels/ros2_ws/install/cpp_srvcli/share/cpp_srvcli/environment/path.sh
[0.341s] -- Up-to-date: /home/parallels/ros2_ws/install/cpp_srvcli/share/cpp_srvcli/environment/path.dsv
[0.346s] -- Up-to-date: /home/parallels/ros2_ws/install/cpp_srvcli/share/cpp_srvcli/local_setup.bash
[0.346s] -- Up-to-date: /home/parallels/ros2_ws/install/cpp_srvcli/share/cpp_srvcli/local_setup.sh
[0.346s] -- Up-to-date: /home/parallels/ros2_ws/install/cpp_srvcli/share/cpp_srvcli/local_setup.zsh
[0.346s] -- Up-to-date: /home/parallels/ros2_ws/install/cpp_srvcli/share/cpp_srvcli/local_setup.dsv
[0.346s] -- Installing: /home/parallels/ros2_ws/install/cpp_srvcli/share/cpp_srvcli/package.dsv
[0.348s] -- Up-to-date: /home/parallels/ros2_ws/install/cpp_srvcli/share/ament_index/resource_index/packages/cpp_srvcli
[0.348s] -- Up-to-date: /home/parallels/ros2_ws/install/cpp_srvcli/share/cpp_srvcli/cmake/cpp_srvcliConfig.cmake
[0.348s] -- Up-to-date: /home/parallels/ros2_ws/install/cpp_srvcli/share/cpp_srvcli/cmake/cpp_srvcliConfig-version.cmake
[0.348s] -- Up-to-date: /home/parallels/ros2_ws/install/cpp_srvcli/share/cpp_srvcli/package.xml
[0.460s] Invoked command in '/home/parallels/ros2_ws/build/cpp_srvcli' returned '0': CMAKE_PREFIX_PATH=/opt/ros/humble /usr/bin/cmake --install /home/parallels/ros2_ws/build/cpp_srvcli
