[0.673s] Invoking command in '/home/parallels/ros2_ws/build/examples_rclpy_minimal_action_server': PYTHONPATH=/home/parallels/ros2_ws/build/examples_rclpy_minimal_action_server/prefix_override:/home/parallels/ros2_ws/install/examples_rclpy_minimal_action_server/lib/python3.10/site-packages:${PYTHONPATH} /usr/bin/python3 setup.py develop --editable --build-directory /home/parallels/ros2_ws/build/examples_rclpy_minimal_action_server/build --no-deps install_data
[0.916s] running develop
[0.917s] /usr/lib/python3/dist-packages/setuptools/command/easy_install.py:158: EasyInstallDeprecationWarning: easy_install command is deprecated. Use build and pip and other standards-based tools.
[0.917s]   warnings.warn(
[0.918s] /usr/lib/python3/dist-packages/setuptools/command/install.py:34: SetuptoolsDeprecationWarning: setup.py install is deprecated. Use build and pip and other standards-based tools.
[0.918s]   warnings.warn(
[1.058s] running egg_info
[1.058s] creating examples_rclpy_minimal_action_server.egg-info
[1.059s] writing examples_rclpy_minimal_action_server.egg-info/PKG-INFO
[1.059s] writing dependency_links to examples_rclpy_minimal_action_server.egg-info/dependency_links.txt
[1.059s] writing entry points to examples_rclpy_minimal_action_server.egg-info/entry_points.txt
[1.059s] writing requirements to examples_rclpy_minimal_action_server.egg-info/requires.txt
[1.059s] writing top-level names to examples_rclpy_minimal_action_server.egg-info/top_level.txt
[1.060s] writing manifest file 'examples_rclpy_minimal_action_server.egg-info/SOURCES.txt'
[1.062s] reading manifest file 'examples_rclpy_minimal_action_server.egg-info/SOURCES.txt'
[1.063s] writing manifest file 'examples_rclpy_minimal_action_server.egg-info/SOURCES.txt'
[1.065s] running build_ext
[1.065s] Creating /home/parallels/ros2_ws/install/examples_rclpy_minimal_action_server/lib/python3.10/site-packages/examples-rclpy-minimal-action-server.egg-link (link to .)
[1.066s] Installing server script to /home/parallels/ros2_ws/install/examples_rclpy_minimal_action_server/lib/examples_rclpy_minimal_action_server
[1.066s] Installing server_defer script to /home/parallels/ros2_ws/install/examples_rclpy_minimal_action_server/lib/examples_rclpy_minimal_action_server
[1.066s] Installing server_not_composable script to /home/parallels/ros2_ws/install/examples_rclpy_minimal_action_server/lib/examples_rclpy_minimal_action_server
[1.066s] Installing server_queue_goals script to /home/parallels/ros2_ws/install/examples_rclpy_minimal_action_server/lib/examples_rclpy_minimal_action_server
[1.067s] Installing server_single_goal script to /home/parallels/ros2_ws/install/examples_rclpy_minimal_action_server/lib/examples_rclpy_minimal_action_server
[1.067s] 
[1.067s] Installed /home/parallels/ros2_ws/build/examples_rclpy_minimal_action_server
[1.067s] running install_data
[1.067s] creating /home/parallels/ros2_ws/install/examples_rclpy_minimal_action_server/share/ament_index
[1.067s] creating /home/parallels/ros2_ws/install/examples_rclpy_minimal_action_server/share/ament_index/resource_index
[1.068s] creating /home/parallels/ros2_ws/install/examples_rclpy_minimal_action_server/share/ament_index/resource_index/packages
[1.068s] copying resource/examples_rclpy_minimal_action_server -> /home/parallels/ros2_ws/install/examples_rclpy_minimal_action_server/share/ament_index/resource_index/packages
[1.068s] copying package.xml -> /home/parallels/ros2_ws/install/examples_rclpy_minimal_action_server/share/examples_rclpy_minimal_action_server
[1.096s] Invoked command in '/home/parallels/ros2_ws/build/examples_rclpy_minimal_action_server' returned '0': PYTHONPATH=/home/parallels/ros2_ws/build/examples_rclpy_minimal_action_server/prefix_override:/home/parallels/ros2_ws/install/examples_rclpy_minimal_action_server/lib/python3.10/site-packages:${PYTHONPATH} /usr/bin/python3 setup.py develop --editable --build-directory /home/parallels/ros2_ws/build/examples_rclpy_minimal_action_server/build --no-deps install_data
