[0.065s] Invoking command in '/home/parallels/ros2_ws/build/examples_rclcpp_minimal_action_client': CMAKE_PREFIX_PATH=/opt/ros/humble /usr/bin/cmake /home/parallels/ros2_ws/src/examples/rclcpp/actions/minimal_action_client -DAMENT_CMAKE_SYMLINK_INSTALL=1 -DCMAKE_INSTALL_PREFIX=/home/parallels/ros2_ws/install/examples_rclcpp_minimal_action_client
[0.257s] -- The C compiler identification is GNU 11.4.0
[0.381s] -- The CXX compiler identification is GNU 11.4.0
[0.401s] -- Detecting C compiler ABI info
[0.574s] -- Detecting C compiler ABI info - done
[0.581s] -- Check for working C compiler: /usr/bin/cc - skipped
[0.590s] -- Detecting C compile features
[0.591s] -- Detecting C compile features - done
[0.594s] -- Detecting CXX compiler ABI info
[0.804s] -- Detecting CXX compiler ABI info - done
[0.817s] -- Check for working CXX compiler: /usr/bin/c++ - skipped
[0.818s] -- Detecting CXX compile features
[0.818s] -- Detecting CXX compile features - done
[0.824s] -- Found ament_cmake: 1.3.8 (/opt/ros/humble/share/ament_cmake/cmake)
[0.992s] -- Found Python3: /usr/bin/python3 (found version "3.10.12") found components: Interpreter 
[1.086s] -- Override CMake install command with custom implementation using symlinks instead of copying resources
[1.142s] -- Found example_interfaces: 0.9.3 (/opt/ros/humble/share/example_interfaces/cmake)
[1.221s] -- Found rosidl_generator_c: 3.1.5 (/opt/ros/humble/share/rosidl_generator_c/cmake)
[1.234s] -- Found rosidl_adapter: 3.1.5 (/opt/ros/humble/share/rosidl_adapter/cmake)
[1.269s] -- Found rosidl_generator_cpp: 3.1.5 (/opt/ros/humble/share/rosidl_generator_cpp/cmake)
[1.297s] -- Using all available rosidl_typesupport_c: rosidl_typesupport_fastrtps_c;rosidl_typesupport_introspection_c
[1.334s] -- Using all available rosidl_typesupport_cpp: rosidl_typesupport_fastrtps_cpp;rosidl_typesupport_introspection_cpp
[1.646s] -- Found rclcpp: 16.0.8 (/opt/ros/humble/share/rclcpp/cmake)
[1.722s] -- Found rmw_implementation_cmake: 6.1.1 (/opt/ros/humble/share/rmw_implementation_cmake/cmake)
[1.724s] -- Found rmw_fastrtps_cpp: 6.2.6 (/opt/ros/humble/share/rmw_fastrtps_cpp/cmake)
[1.995s] -- Found OpenSSL: /usr/lib/aarch64-linux-gnu/libcrypto.so (found version "3.0.2")  
[2.040s] -- Found FastRTPS: /opt/ros/humble/include  
[2.153s] -- Using RMW implementation 'rmw_fastrtps_cpp' as default
[2.171s] -- Looking for pthread.h
[2.408s] -- Looking for pthread.h - found
[2.409s] -- Performing Test CMAKE_HAVE_LIBC_PTHREAD
[2.633s] -- Performing Test CMAKE_HAVE_LIBC_PTHREAD - Success
[2.634s] -- Found Threads: TRUE  
[2.989s] -- Found rclcpp_action: 16.0.8 (/opt/ros/humble/share/rclcpp_action/cmake)
[3.053s] -- Found ament_lint_auto: 0.12.10 (/opt/ros/humble/share/ament_lint_auto/cmake)
[3.207s] -- Added test 'copyright' to check source files copyright and LICENSE
[3.208s] -- Added test 'cppcheck' to perform static code analysis on C / C++ code
[3.208s] -- Configured cppcheck include dirs: 
[3.208s] -- Configured cppcheck exclude dirs and/or files: 
[3.209s] -- Added test 'cpplint' to check C / C++ code against the Google style
[3.209s] -- Configured cpplint exclude dirs and/or files: 
[3.211s] -- Added test 'lint_cmake' to check CMake code style
[3.212s] -- Added test 'uncrustify' to check C / C++ code style
[3.212s] -- Configured uncrustify additional arguments: 
[3.212s] -- Added test 'xmllint' to check XML markup files
[3.217s] -- Configuring done
[3.257s] -- Generating done
[3.257s] -- Build files have been written to: /home/parallels/ros2_ws/build/examples_rclcpp_minimal_action_client
[3.276s] Invoked command in '/home/parallels/ros2_ws/build/examples_rclcpp_minimal_action_client' returned '0': CMAKE_PREFIX_PATH=/opt/ros/humble /usr/bin/cmake /home/parallels/ros2_ws/src/examples/rclcpp/actions/minimal_action_client -DAMENT_CMAKE_SYMLINK_INSTALL=1 -DCMAKE_INSTALL_PREFIX=/home/parallels/ros2_ws/install/examples_rclcpp_minimal_action_client
[3.283s] Invoking command in '/home/parallels/ros2_ws/build/examples_rclcpp_minimal_action_client': CMAKE_PREFIX_PATH=/opt/ros/humble /usr/bin/cmake --build /home/parallels/ros2_ws/build/examples_rclcpp_minimal_action_client -- -j2 -l2
[3.390s] [ 12%] [32mBuilding CXX object CMakeFiles/action_client_member_functions.dir/member_functions.cpp.o[0m
[3.409s] [ 25%] [32mBuilding CXX object CMakeFiles/action_client_not_composable.dir/not_composable.cpp.o[0m
[9.841s] [ 37%] [32m[1mLinking CXX executable action_client_not_composable[0m
[9.933s] [ 50%] [32m[1mLinking CXX executable action_client_member_functions[0m
[10.197s] [ 50%] Built target action_client_member_functions
[10.207s] [ 50%] Built target action_client_not_composable
[10.243s] [ 62%] [32mBuilding CXX object CMakeFiles/action_client_not_composable_with_cancel.dir/not_composable_with_cancel.cpp.o[0m
[10.243s] [ 75%] [32mBuilding CXX object CMakeFiles/action_client_not_composable_with_feedback.dir/not_composable_with_feedback.cpp.o[0m
[17.605s] [ 87%] [32m[1mLinking CXX executable action_client_not_composable_with_feedback[0m
[17.629s] [100%] [32m[1mLinking CXX executable action_client_not_composable_with_cancel[0m
[18.134s] [100%] Built target action_client_not_composable_with_feedback
[18.139s] [100%] Built target action_client_not_composable_with_cancel
[18.206s] Invoked command in '/home/parallels/ros2_ws/build/examples_rclcpp_minimal_action_client' returned '0': CMAKE_PREFIX_PATH=/opt/ros/humble /usr/bin/cmake --build /home/parallels/ros2_ws/build/examples_rclcpp_minimal_action_client -- -j2 -l2
[18.397s] Invoking command in '/home/parallels/ros2_ws/build/examples_rclcpp_minimal_action_client': CMAKE_PREFIX_PATH=/opt/ros/humble /usr/bin/cmake --install /home/parallels/ros2_ws/build/examples_rclcpp_minimal_action_client
[18.412s] -- Install configuration: ""
[18.412s] -- Execute custom install script
[18.422s] -- Symlinking: /home/parallels/ros2_ws/install/examples_rclcpp_minimal_action_client/lib/examples_rclcpp_minimal_action_client/action_client_member_functions
[18.439s] -- Symlinking: /home/parallels/ros2_ws/install/examples_rclcpp_minimal_action_client/lib/examples_rclcpp_minimal_action_client/action_client_not_composable
[18.455s] -- Symlinking: /home/parallels/ros2_ws/install/examples_rclcpp_minimal_action_client/lib/examples_rclcpp_minimal_action_client/action_client_not_composable_with_cancel
[18.470s] -- Symlinking: /home/parallels/ros2_ws/install/examples_rclcpp_minimal_action_client/lib/examples_rclcpp_minimal_action_client/action_client_not_composable_with_feedback
[18.487s] -- Symlinking: /home/parallels/ros2_ws/install/examples_rclcpp_minimal_action_client/share/ament_index/resource_index/package_run_dependencies/examples_rclcpp_minimal_action_client
[18.503s] -- Symlinking: /home/parallels/ros2_ws/install/examples_rclcpp_minimal_action_client/share/ament_index/resource_index/parent_prefix_path/examples_rclcpp_minimal_action_client
[18.520s] -- Symlinking: /home/parallels/ros2_ws/install/examples_rclcpp_minimal_action_client/share/examples_rclcpp_minimal_action_client/environment/ament_prefix_path.sh
[18.543s] -- Symlinking: /home/parallels/ros2_ws/install/examples_rclcpp_minimal_action_client/share/examples_rclcpp_minimal_action_client/environment/ament_prefix_path.dsv
[18.558s] -- Symlinking: /home/parallels/ros2_ws/install/examples_rclcpp_minimal_action_client/share/examples_rclcpp_minimal_action_client/environment/path.sh
[18.577s] -- Symlinking: /home/parallels/ros2_ws/install/examples_rclcpp_minimal_action_client/share/examples_rclcpp_minimal_action_client/environment/path.dsv
[18.591s] -- Symlinking: /home/parallels/ros2_ws/install/examples_rclcpp_minimal_action_client/share/examples_rclcpp_minimal_action_client/local_setup.bash
[18.599s] -- Symlinking: /home/parallels/ros2_ws/install/examples_rclcpp_minimal_action_client/share/examples_rclcpp_minimal_action_client/local_setup.sh
[18.613s] -- Symlinking: /home/parallels/ros2_ws/install/examples_rclcpp_minimal_action_client/share/examples_rclcpp_minimal_action_client/local_setup.zsh
[18.632s] -- Symlinking: /home/parallels/ros2_ws/install/examples_rclcpp_minimal_action_client/share/examples_rclcpp_minimal_action_client/local_setup.dsv
[18.646s] -- Symlinking: /home/parallels/ros2_ws/install/examples_rclcpp_minimal_action_client/share/examples_rclcpp_minimal_action_client/package.dsv
[18.660s] -- Symlinking: /home/parallels/ros2_ws/install/examples_rclcpp_minimal_action_client/share/ament_index/resource_index/packages/examples_rclcpp_minimal_action_client
[18.674s] -- Symlinking: /home/parallels/ros2_ws/install/examples_rclcpp_minimal_action_client/share/examples_rclcpp_minimal_action_client/cmake/examples_rclcpp_minimal_action_clientConfig.cmake
[18.688s] -- Symlinking: /home/parallels/ros2_ws/install/examples_rclcpp_minimal_action_client/share/examples_rclcpp_minimal_action_client/cmake/examples_rclcpp_minimal_action_clientConfig-version.cmake
[18.709s] -- Symlinking: /home/parallels/ros2_ws/install/examples_rclcpp_minimal_action_client/share/examples_rclcpp_minimal_action_client/package.xml
[18.729s] Invoked command in '/home/parallels/ros2_ws/build/examples_rclcpp_minimal_action_client' returned '0': CMAKE_PREFIX_PATH=/opt/ros/humble /usr/bin/cmake --install /home/parallels/ros2_ws/build/examples_rclcpp_minimal_action_client
