[0.646s] Invoking command in '/home/parallels/ros2_ws/build/examples_rclpy_minimal_service': PYTHONPATH=/home/parallels/ros2_ws/build/examples_rclpy_minimal_service/prefix_override:/home/parallels/ros2_ws/install/examples_rclpy_minimal_service/lib/python3.10/site-packages:${PYTHONPATH} /usr/bin/python3 setup.py develop --editable --build-directory /home/parallels/ros2_ws/build/examples_rclpy_minimal_service/build --no-deps install_data
[0.884s] running develop
[0.884s] /usr/lib/python3/dist-packages/setuptools/command/easy_install.py:158: EasyInstallDeprecationWarning: easy_install command is deprecated. Use build and pip and other standards-based tools.
[0.884s]   warnings.warn(
[0.888s] /usr/lib/python3/dist-packages/setuptools/command/install.py:34: SetuptoolsDeprecationWarning: setup.py install is deprecated. Use build and pip and other standards-based tools.
[0.888s]   warnings.warn(
[1.010s] running egg_info
[1.010s] creating examples_rclpy_minimal_service.egg-info
[1.010s] writing examples_rclpy_minimal_service.egg-info/PKG-INFO
[1.010s] writing dependency_links to examples_rclpy_minimal_service.egg-info/dependency_links.txt
[1.011s] writing entry points to examples_rclpy_minimal_service.egg-info/entry_points.txt
[1.011s] writing requirements to examples_rclpy_minimal_service.egg-info/requires.txt
[1.011s] writing top-level names to examples_rclpy_minimal_service.egg-info/top_level.txt
[1.011s] writing manifest file 'examples_rclpy_minimal_service.egg-info/SOURCES.txt'
[1.018s] reading manifest file 'examples_rclpy_minimal_service.egg-info/SOURCES.txt'
[1.018s] writing manifest file 'examples_rclpy_minimal_service.egg-info/SOURCES.txt'
[1.020s] running build_ext
[1.020s] Creating /home/parallels/ros2_ws/install/examples_rclpy_minimal_service/lib/python3.10/site-packages/examples-rclpy-minimal-service.egg-link (link to .)
[1.020s] Installing service script to /home/parallels/ros2_ws/install/examples_rclpy_minimal_service/lib/examples_rclpy_minimal_service
[1.020s] Installing service_member_function script to /home/parallels/ros2_ws/install/examples_rclpy_minimal_service/lib/examples_rclpy_minimal_service
[1.021s] 
[1.021s] Installed /home/parallels/ros2_ws/build/examples_rclpy_minimal_service
[1.021s] running install_data
[1.021s] creating /home/parallels/ros2_ws/install/examples_rclpy_minimal_service/share/ament_index
[1.021s] creating /home/parallels/ros2_ws/install/examples_rclpy_minimal_service/share/ament_index/resource_index
[1.021s] creating /home/parallels/ros2_ws/install/examples_rclpy_minimal_service/share/ament_index/resource_index/packages
[1.021s] copying resource/examples_rclpy_minimal_service -> /home/parallels/ros2_ws/install/examples_rclpy_minimal_service/share/ament_index/resource_index/packages
[1.021s] copying package.xml -> /home/parallels/ros2_ws/install/examples_rclpy_minimal_service/share/examples_rclpy_minimal_service
[1.045s] Invoked command in '/home/parallels/ros2_ws/build/examples_rclpy_minimal_service' returned '0': PYTHONPATH=/home/parallels/ros2_ws/build/examples_rclpy_minimal_service/prefix_override:/home/parallels/ros2_ws/install/examples_rclpy_minimal_service/lib/python3.10/site-packages:${PYTHONPATH} /usr/bin/python3 setup.py develop --editable --build-directory /home/parallels/ros2_ws/build/examples_rclpy_minimal_service/build --no-deps install_data
