[0.036s] Invoking command in '/home/parallels/ros2_ws/build/cpp_srvcli': CMAKE_PREFIX_PATH=/opt/ros/humble /usr/bin/cmake /home/parallels/ros2_ws/src/cpp_srvcli -DCMAKE_INSTALL_PREFIX=/home/parallels/ros2_ws/install/cpp_srvcli
[0.137s] -- The C compiler identification is GNU 11.4.0
[0.217s] -- The CXX compiler identification is GNU 11.4.0
[0.230s] -- Detecting C compiler ABI info
[0.299s] -- Detecting C compiler ABI info - done
[0.302s] -- Check for working C compiler: /usr/bin/cc - skipped
[0.304s] -- Detecting C compile features
[0.305s] -- Detecting C compile features - done
[0.316s] -- Detecting CXX compiler ABI info
[0.384s] -- Detecting CXX compiler ABI info - done
[0.391s] -- Check for working CXX compiler: /usr/bin/c++ - skipped
[0.392s] -- Detecting CXX compile features
[0.392s] -- Detecting CXX compile features - done
[0.398s] -- Found ament_cmake: 1.3.8 (/opt/ros/humble/share/ament_cmake/cmake)
[0.635s] -- Found Python3: /usr/bin/python3 (found version "3.10.12") found components: Interpreter 
[0.811s] -- Found rclcpp: 16.0.8 (/opt/ros/humble/share/rclcpp/cmake)
[0.909s] -- Found rosidl_generator_c: 3.1.5 (/opt/ros/humble/share/rosidl_generator_c/cmake)
[0.917s] -- Found rosidl_adapter: 3.1.5 (/opt/ros/humble/share/rosidl_adapter/cmake)
[0.936s] -- Found rosidl_generator_cpp: 3.1.5 (/opt/ros/humble/share/rosidl_generator_cpp/cmake)
[0.967s] -- Using all available rosidl_typesupport_c: rosidl_typesupport_fastrtps_c;rosidl_typesupport_introspection_c
[1.007s] -- Using all available rosidl_typesupport_cpp: rosidl_typesupport_fastrtps_cpp;rosidl_typesupport_introspection_cpp
[1.107s] -- Found rmw_implementation_cmake: 6.1.1 (/opt/ros/humble/share/rmw_implementation_cmake/cmake)
[1.111s] -- Found rmw_fastrtps_cpp: 6.2.6 (/opt/ros/humble/share/rmw_fastrtps_cpp/cmake)
[1.230s] -- Found OpenSSL: /usr/lib/aarch64-linux-gnu/libcrypto.so (found version "3.0.2")  
[1.259s] -- Found FastRTPS: /opt/ros/humble/include  
[1.313s] -- Using RMW implementation 'rmw_fastrtps_cpp' as default
[1.326s] -- Looking for pthread.h
[1.395s] -- Looking for pthread.h - found
[1.396s] -- Performing Test CMAKE_HAVE_LIBC_PTHREAD
[1.458s] -- Performing Test CMAKE_HAVE_LIBC_PTHREAD - Success
[1.458s] -- Found Threads: TRUE  
[1.642s] -- Found example_interfaces: 0.9.3 (/opt/ros/humble/share/example_interfaces/cmake)
[1.807s] -- Found ament_lint_auto: 0.12.10 (/opt/ros/humble/share/ament_lint_auto/cmake)
[1.887s] -- Added test 'cppcheck' to perform static code analysis on C / C++ code
[1.887s] -- Configured cppcheck include dirs: 
[1.887s] -- Configured cppcheck exclude dirs and/or files: 
[1.888s] -- Added test 'lint_cmake' to check CMake code style
[1.888s] -- Added test 'uncrustify' to check C / C++ code style
[1.888s] -- Configured uncrustify additional arguments: 
[1.889s] -- Added test 'xmllint' to check XML markup files
[1.890s] -- Configuring done
[1.902s] -- Generating done
[1.904s] -- Build files have been written to: /home/parallels/ros2_ws/build/cpp_srvcli
[1.917s] Invoked command in '/home/parallels/ros2_ws/build/cpp_srvcli' returned '0': CMAKE_PREFIX_PATH=/opt/ros/humble /usr/bin/cmake /home/parallels/ros2_ws/src/cpp_srvcli -DCMAKE_INSTALL_PREFIX=/home/parallels/ros2_ws/install/cpp_srvcli
[1.919s] Invoking command in '/home/parallels/ros2_ws/build/cpp_srvcli': CMAKE_PREFIX_PATH=/opt/ros/humble /usr/bin/cmake --build /home/parallels/ros2_ws/build/cpp_srvcli -- -j2 -l2
[1.959s] [ 50%] [32mBuilding CXX object CMakeFiles/client.dir/src/add_two_ints_client.cpp.o[0m
[1.960s] [ 50%] [32mBuilding CXX object CMakeFiles/server.dir/src/add_two_ints_server.cpp.o[0m
[7.316s] [ 75%] [32m[1mLinking CXX executable server[0m
[7.319s] [100%] [32m[1mLinking CXX executable client[0m
[7.576s] [100%] Built target client
[7.619s] [100%] Built target server
[7.719s] Invoked command in '/home/parallels/ros2_ws/build/cpp_srvcli' returned '0': CMAKE_PREFIX_PATH=/opt/ros/humble /usr/bin/cmake --build /home/parallels/ros2_ws/build/cpp_srvcli -- -j2 -l2
[7.818s] Invoking command in '/home/parallels/ros2_ws/build/cpp_srvcli': CMAKE_PREFIX_PATH=/opt/ros/humble /usr/bin/cmake --install /home/parallels/ros2_ws/build/cpp_srvcli
[7.833s] -- Install configuration: ""
[7.836s] -- Installing: /home/parallels/ros2_ws/install/cpp_srvcli/lib/cpp_srvcli/server
[7.837s] -- Set runtime path of "/home/parallels/ros2_ws/install/cpp_srvcli/lib/cpp_srvcli/server" to ""
[7.837s] -- Installing: /home/parallels/ros2_ws/install/cpp_srvcli/lib/cpp_srvcli/client
[7.838s] -- Set runtime path of "/home/parallels/ros2_ws/install/cpp_srvcli/lib/cpp_srvcli/client" to ""
[7.838s] -- Installing: /home/parallels/ros2_ws/install/cpp_srvcli/share/ament_index/resource_index/package_run_dependencies/cpp_srvcli
[7.841s] -- Installing: /home/parallels/ros2_ws/install/cpp_srvcli/share/ament_index/resource_index/parent_prefix_path/cpp_srvcli
[7.843s] -- Installing: /home/parallels/ros2_ws/install/cpp_srvcli/share/cpp_srvcli/environment/ament_prefix_path.sh
[7.844s] -- Installing: /home/parallels/ros2_ws/install/cpp_srvcli/share/cpp_srvcli/environment/ament_prefix_path.dsv
[7.844s] -- Installing: /home/parallels/ros2_ws/install/cpp_srvcli/share/cpp_srvcli/environment/path.sh
[7.845s] -- Installing: /home/parallels/ros2_ws/install/cpp_srvcli/share/cpp_srvcli/environment/path.dsv
[7.845s] -- Installing: /home/parallels/ros2_ws/install/cpp_srvcli/share/cpp_srvcli/local_setup.bash
[7.845s] -- Installing: /home/parallels/ros2_ws/install/cpp_srvcli/share/cpp_srvcli/local_setup.sh
[7.845s] -- Installing: /home/parallels/ros2_ws/install/cpp_srvcli/share/cpp_srvcli/local_setup.zsh
[7.846s] -- Installing: /home/parallels/ros2_ws/install/cpp_srvcli/share/cpp_srvcli/local_setup.dsv
[7.846s] -- Installing: /home/parallels/ros2_ws/install/cpp_srvcli/share/cpp_srvcli/package.dsv
[7.847s] -- Installing: /home/parallels/ros2_ws/install/cpp_srvcli/share/ament_index/resource_index/packages/cpp_srvcli
[7.847s] -- Installing: /home/parallels/ros2_ws/install/cpp_srvcli/share/cpp_srvcli/cmake/cpp_srvcliConfig.cmake
[7.847s] -- Installing: /home/parallels/ros2_ws/install/cpp_srvcli/share/cpp_srvcli/cmake/cpp_srvcliConfig-version.cmake
[7.848s] -- Installing: /home/parallels/ros2_ws/install/cpp_srvcli/share/cpp_srvcli/package.xml
[7.857s] Invoked command in '/home/parallels/ros2_ws/build/cpp_srvcli' returned '0': CMAKE_PREFIX_PATH=/opt/ros/humble /usr/bin/cmake --install /home/parallels/ros2_ws/build/cpp_srvcli
