[0.626s] DEBUG:colcon:Command line arguments: ['/usr/bin/colcon', 'build', '--packages-select', 'cpp_pubsub']
[0.626s] DEBUG:colcon:Parsed command line arguments: Namespace(log_base=None, log_level=None, verb_name='build', build_base='build', install_base='install', merge_install=False, symlink_install=False, test_result_base=None, continue_on_error=False, executor='parallel', parallel_workers=2, event_handlers=None, ignore_user_meta=False, metas=['./colcon.meta'], base_paths=['.'], packages_ignore=None, packages_ignore_regex=None, paths=None, packages_up_to=None, packages_up_to_regex=None, packages_above=None, packages_above_and_dependencies=None, packages_above_depth=None, packages_select_by_dep=None, packages_skip_by_dep=None, packages_skip_up_to=None, packages_select_build_failed=False, packages_skip_build_finished=False, packages_select_test_failures=False, packages_skip_test_passed=False, packages_select=['cpp_pubsub'], packages_skip=None, packages_select_regex=None, packages_skip_regex=None, packages_start=None, packages_end=None, allow_overriding=[], cmake_args=None, cmake_target=None, cmake_target_skip_unavailable=False, cmake_clean_cache=False, cmake_clean_first=False, cmake_force_configure=False, ament_cmake_args=None, catkin_cmake_args=None, catkin_skip_building_tests=False, verb_parser=<colcon_defaults.argument_parser.defaults.DefaultArgumentsDecorator object at 0xffff97de9ed0>, verb_extension=<colcon_core.verb.build.BuildVerb object at 0xffff982def20>, main=<bound method BuildVerb.main of <colcon_core.verb.build.BuildVerb object at 0xffff982def20>>)
[0.657s] Level 1:colcon.colcon_core.package_discovery:discover_packages(colcon_meta) check parameters
[0.657s] Level 1:colcon.colcon_core.package_discovery:discover_packages(recursive) check parameters
[0.657s] Level 1:colcon.colcon_core.package_discovery:discover_packages(ignore) check parameters
[0.657s] Level 1:colcon.colcon_core.package_discovery:discover_packages(path) check parameters
[0.657s] Level 1:colcon.colcon_core.package_discovery:discover_packages(colcon_meta) discover
[0.657s] Level 1:colcon.colcon_core.package_discovery:discover_packages(recursive) discover
[0.657s] INFO:colcon.colcon_core.package_discovery:Crawling recursively for packages in '/home/parallels/ros2_ws'
[0.657s] Level 1:colcon.colcon_core.package_identification:_identify(.) by extensions ['ignore', 'ignore_ament_install']
[0.657s] Level 1:colcon.colcon_core.package_identification:_identify(.) by extension 'ignore'
[0.657s] Level 1:colcon.colcon_core.package_identification:_identify(.) by extension 'ignore_ament_install'
[0.657s] Level 1:colcon.colcon_core.package_identification:_identify(.) by extensions ['colcon_pkg']
[0.657s] Level 1:colcon.colcon_core.package_identification:_identify(.) by extension 'colcon_pkg'
[0.657s] Level 1:colcon.colcon_core.package_identification:_identify(.) by extensions ['colcon_meta']
[0.658s] Level 1:colcon.colcon_core.package_identification:_identify(.) by extension 'colcon_meta'
[0.658s] Level 1:colcon.colcon_core.package_identification:_identify(.) by extensions ['ros']
[0.658s] Level 1:colcon.colcon_core.package_identification:_identify(.) by extension 'ros'
[0.666s] Level 1:colcon.colcon_core.package_identification:_identify(.) by extensions ['cmake', 'python']
[0.666s] Level 1:colcon.colcon_core.package_identification:_identify(.) by extension 'cmake'
[0.666s] Level 1:colcon.colcon_core.package_identification:_identify(.) by extension 'python'
[0.666s] Level 1:colcon.colcon_core.package_identification:_identify(.) by extensions ['python_setup_py']
[0.666s] Level 1:colcon.colcon_core.package_identification:_identify(.) by extension 'python_setup_py'
[0.666s] Level 1:colcon.colcon_core.package_identification:_identify(build) by extensions ['ignore', 'ignore_ament_install']
[0.666s] Level 1:colcon.colcon_core.package_identification:_identify(build) by extension 'ignore'
[0.666s] Level 1:colcon.colcon_core.package_identification:_identify(build) ignored
[0.666s] Level 1:colcon.colcon_core.package_identification:_identify(install) by extensions ['ignore', 'ignore_ament_install']
[0.667s] Level 1:colcon.colcon_core.package_identification:_identify(install) by extension 'ignore'
[0.667s] Level 1:colcon.colcon_core.package_identification:_identify(install) ignored
[0.667s] Level 1:colcon.colcon_core.package_identification:_identify(log) by extensions ['ignore', 'ignore_ament_install']
[0.667s] Level 1:colcon.colcon_core.package_identification:_identify(log) by extension 'ignore'
[0.667s] Level 1:colcon.colcon_core.package_identification:_identify(log) ignored
[0.667s] Level 1:colcon.colcon_core.package_identification:_identify(src) by extensions ['ignore', 'ignore_ament_install']
[0.667s] Level 1:colcon.colcon_core.package_identification:_identify(src) by extension 'ignore'
[0.667s] Level 1:colcon.colcon_core.package_identification:_identify(src) by extension 'ignore_ament_install'
[0.667s] Level 1:colcon.colcon_core.package_identification:_identify(src) by extensions ['colcon_pkg']
[0.667s] Level 1:colcon.colcon_core.package_identification:_identify(src) by extension 'colcon_pkg'
[0.667s] Level 1:colcon.colcon_core.package_identification:_identify(src) by extensions ['colcon_meta']
[0.667s] Level 1:colcon.colcon_core.package_identification:_identify(src) by extension 'colcon_meta'
[0.667s] Level 1:colcon.colcon_core.package_identification:_identify(src) by extensions ['ros']
[0.667s] Level 1:colcon.colcon_core.package_identification:_identify(src) by extension 'ros'
[0.667s] Level 1:colcon.colcon_core.package_identification:_identify(src) by extensions ['cmake', 'python']
[0.667s] Level 1:colcon.colcon_core.package_identification:_identify(src) by extension 'cmake'
[0.667s] Level 1:colcon.colcon_core.package_identification:_identify(src) by extension 'python'
[0.667s] Level 1:colcon.colcon_core.package_identification:_identify(src) by extensions ['python_setup_py']
[0.667s] Level 1:colcon.colcon_core.package_identification:_identify(src) by extension 'python_setup_py'
[0.667s] Level 1:colcon.colcon_core.package_identification:_identify(src/cpp_pubsub) by extensions ['ignore', 'ignore_ament_install']
[0.667s] Level 1:colcon.colcon_core.package_identification:_identify(src/cpp_pubsub) by extension 'ignore'
[0.667s] Level 1:colcon.colcon_core.package_identification:_identify(src/cpp_pubsub) by extension 'ignore_ament_install'
[0.667s] Level 1:colcon.colcon_core.package_identification:_identify(src/cpp_pubsub) by extensions ['colcon_pkg']
[0.667s] Level 1:colcon.colcon_core.package_identification:_identify(src/cpp_pubsub) by extension 'colcon_pkg'
[0.667s] Level 1:colcon.colcon_core.package_identification:_identify(src/cpp_pubsub) by extensions ['colcon_meta']
[0.667s] Level 1:colcon.colcon_core.package_identification:_identify(src/cpp_pubsub) by extension 'colcon_meta'
[0.667s] Level 1:colcon.colcon_core.package_identification:_identify(src/cpp_pubsub) by extensions ['ros']
[0.667s] Level 1:colcon.colcon_core.package_identification:_identify(src/cpp_pubsub) by extension 'ros'
[0.669s] DEBUG:colcon.colcon_core.package_identification:Package 'src/cpp_pubsub' with type 'ros.ament_cmake' and name 'cpp_pubsub'
[0.669s] Level 1:colcon.colcon_core.package_identification:_identify(src/cpp_srvcli) by extensions ['ignore', 'ignore_ament_install']
[0.669s] Level 1:colcon.colcon_core.package_identification:_identify(src/cpp_srvcli) by extension 'ignore'
[0.669s] Level 1:colcon.colcon_core.package_identification:_identify(src/cpp_srvcli) by extension 'ignore_ament_install'
[0.670s] Level 1:colcon.colcon_core.package_identification:_identify(src/cpp_srvcli) by extensions ['colcon_pkg']
[0.670s] Level 1:colcon.colcon_core.package_identification:_identify(src/cpp_srvcli) by extension 'colcon_pkg'
[0.670s] Level 1:colcon.colcon_core.package_identification:_identify(src/cpp_srvcli) by extensions ['colcon_meta']
[0.670s] Level 1:colcon.colcon_core.package_identification:_identify(src/cpp_srvcli) by extension 'colcon_meta'
[0.670s] Level 1:colcon.colcon_core.package_identification:_identify(src/cpp_srvcli) by extensions ['ros']
[0.670s] Level 1:colcon.colcon_core.package_identification:_identify(src/cpp_srvcli) by extension 'ros'
[0.670s] DEBUG:colcon.colcon_core.package_identification:Package 'src/cpp_srvcli' with type 'ros.ament_cmake' and name 'cpp_srvcli'
[0.670s] Level 1:colcon.colcon_core.package_identification:_identify(src/py_pubsub) by extensions ['ignore', 'ignore_ament_install']
[0.670s] Level 1:colcon.colcon_core.package_identification:_identify(src/py_pubsub) by extension 'ignore'
[0.670s] Level 1:colcon.colcon_core.package_identification:_identify(src/py_pubsub) by extension 'ignore_ament_install'
[0.670s] Level 1:colcon.colcon_core.package_identification:_identify(src/py_pubsub) by extensions ['colcon_pkg']
[0.670s] Level 1:colcon.colcon_core.package_identification:_identify(src/py_pubsub) by extension 'colcon_pkg'
[0.670s] Level 1:colcon.colcon_core.package_identification:_identify(src/py_pubsub) by extensions ['colcon_meta']
[0.670s] Level 1:colcon.colcon_core.package_identification:_identify(src/py_pubsub) by extension 'colcon_meta'
[0.670s] Level 1:colcon.colcon_core.package_identification:_identify(src/py_pubsub) by extensions ['ros']
[0.670s] Level 1:colcon.colcon_core.package_identification:_identify(src/py_pubsub) by extension 'ros'
[0.671s] DEBUG:colcon.colcon_core.package_identification:Package 'src/py_pubsub' with type 'ros.ament_python' and name 'py_pubsub'
[0.671s] Level 1:colcon.colcon_core.package_identification:_identify(src/py_srvcli) by extensions ['ignore', 'ignore_ament_install']
[0.671s] Level 1:colcon.colcon_core.package_identification:_identify(src/py_srvcli) by extension 'ignore'
[0.671s] Level 1:colcon.colcon_core.package_identification:_identify(src/py_srvcli) by extension 'ignore_ament_install'
[0.671s] Level 1:colcon.colcon_core.package_identification:_identify(src/py_srvcli) by extensions ['colcon_pkg']
[0.671s] Level 1:colcon.colcon_core.package_identification:_identify(src/py_srvcli) by extension 'colcon_pkg'
[0.671s] Level 1:colcon.colcon_core.package_identification:_identify(src/py_srvcli) by extensions ['colcon_meta']
[0.671s] Level 1:colcon.colcon_core.package_identification:_identify(src/py_srvcli) by extension 'colcon_meta'
[0.671s] Level 1:colcon.colcon_core.package_identification:_identify(src/py_srvcli) by extensions ['ros']
[0.671s] Level 1:colcon.colcon_core.package_identification:_identify(src/py_srvcli) by extension 'ros'
[0.671s] DEBUG:colcon.colcon_core.package_identification:Package 'src/py_srvcli' with type 'ros.ament_python' and name 'py_srvcli'
[0.671s] Level 1:colcon.colcon_core.package_discovery:discover_packages(recursive) using defaults
[0.671s] Level 1:colcon.colcon_core.package_discovery:discover_packages(ignore) discover
[0.671s] Level 1:colcon.colcon_core.package_discovery:discover_packages(ignore) using defaults
[0.671s] Level 1:colcon.colcon_core.package_discovery:discover_packages(path) discover
[0.671s] Level 1:colcon.colcon_core.package_discovery:discover_packages(path) using defaults
[0.713s] INFO:colcon.colcon_core.package_selection:Skipping not selected package 'cpp_srvcli' in 'src/cpp_srvcli'
[0.714s] INFO:colcon.colcon_core.package_selection:Skipping not selected package 'py_pubsub' in 'src/py_pubsub'
[0.714s] INFO:colcon.colcon_core.package_selection:Skipping not selected package 'py_srvcli' in 'src/py_srvcli'
[0.731s] Level 1:colcon.colcon_core.package_discovery:discover_packages(prefix_path) check parameters
[0.731s] Level 1:colcon.colcon_core.package_discovery:discover_packages(prefix_path) discover
[0.750s] DEBUG:colcon.colcon_installed_package_information.package_discovery:Found 27 installed packages in /home/parallels/ros2_ws/install
[0.759s] DEBUG:colcon.colcon_installed_package_information.package_discovery:Found 288 installed packages in /opt/ros/humble
[0.760s] Level 1:colcon.colcon_core.package_discovery:discover_packages(prefix_path) using defaults
[0.827s] Level 5:colcon.colcon_core.verb:set package 'cpp_pubsub' build argument 'cmake_args' from command line to 'None'
[0.828s] Level 5:colcon.colcon_core.verb:set package 'cpp_pubsub' build argument 'cmake_target' from command line to 'None'
[0.828s] Level 5:colcon.colcon_core.verb:set package 'cpp_pubsub' build argument 'cmake_target_skip_unavailable' from command line to 'False'
[0.828s] Level 5:colcon.colcon_core.verb:set package 'cpp_pubsub' build argument 'cmake_clean_cache' from command line to 'False'
[0.828s] Level 5:colcon.colcon_core.verb:set package 'cpp_pubsub' build argument 'cmake_clean_first' from command line to 'False'
[0.828s] Level 5:colcon.colcon_core.verb:set package 'cpp_pubsub' build argument 'cmake_force_configure' from command line to 'False'
[0.828s] Level 5:colcon.colcon_core.verb:set package 'cpp_pubsub' build argument 'ament_cmake_args' from command line to 'None'
[0.828s] Level 5:colcon.colcon_core.verb:set package 'cpp_pubsub' build argument 'catkin_cmake_args' from command line to 'None'
[0.828s] Level 5:colcon.colcon_core.verb:set package 'cpp_pubsub' build argument 'catkin_skip_building_tests' from command line to 'False'
[0.828s] DEBUG:colcon.colcon_core.verb:Building package 'cpp_pubsub' with the following arguments: {'ament_cmake_args': None, 'build_base': '/home/parallels/ros2_ws/build/cpp_pubsub', 'catkin_cmake_args': None, 'catkin_skip_building_tests': False, 'cmake_args': None, 'cmake_clean_cache': False, 'cmake_clean_first': False, 'cmake_force_configure': False, 'cmake_target': None, 'cmake_target_skip_unavailable': False, 'install_base': '/home/parallels/ros2_ws/install/cpp_pubsub', 'merge_install': False, 'path': '/home/parallels/ros2_ws/src/cpp_pubsub', 'symlink_install': False, 'test_result_base': None}
[0.843s] INFO:colcon.colcon_core.executor:Executing jobs using 'parallel' executor
[0.852s] DEBUG:colcon.colcon_parallel_executor.executor.parallel:run_until_complete
[0.852s] INFO:colcon.colcon_ros.task.ament_cmake.build:Building ROS package in '/home/parallels/ros2_ws/src/cpp_pubsub' with build type 'ament_cmake'
[0.852s] INFO:colcon.colcon_cmake.task.cmake.build:Building CMake package in '/home/parallels/ros2_ws/src/cpp_pubsub'
[0.862s] INFO:colcon.colcon_core.plugin_system:Skipping extension 'colcon_core.shell.bat': Not used on non-Windows systems
[0.862s] INFO:colcon.colcon_core.shell:Skip shell extension 'powershell' for command environment: Not usable outside of PowerShell
[0.862s] DEBUG:colcon.colcon_core.shell:Skip shell extension 'dsv' for command environment
[0.908s] DEBUG:colcon.colcon_core.event_handler.log_command:Invoking command in '/home/parallels/ros2_ws/build/cpp_pubsub': CMAKE_PREFIX_PATH=${CMAKE_PREFIX_PATH}:/home/parallels/ros2_ws/install/py_srvcli:/home/parallels/ros2_ws/install/py_pubsub:/home/parallels/ros2_ws/install/launch_testing_examples:/home/parallels/ros2_ws/install/examples_rclpy_pointcloud_publisher:/home/parallels/ros2_ws/install/examples_rclpy_minimal_subscriber:/home/parallels/ros2_ws/install/examples_rclpy_minimal_service:/home/parallels/ros2_ws/install/examples_rclpy_minimal_publisher:/home/parallels/ros2_ws/install/examples_rclpy_minimal_client:/home/parallels/ros2_ws/install/examples_rclpy_minimal_action_server:/home/parallels/ros2_ws/install/examples_rclpy_minimal_action_client:/home/parallels/ros2_ws/install/examples_rclpy_guard_conditions:/home/parallels/ros2_ws/install/examples_rclpy_executors:/opt/ros/humble /usr/bin/cmake --build /home/parallels/ros2_ws/build/cpp_pubsub -- -j2 -l2
[6.326s] DEBUG:colcon.colcon_core.event_handler.log_command:Invoked command in '/home/parallels/ros2_ws/build/cpp_pubsub' returned '0': CMAKE_PREFIX_PATH=${CMAKE_PREFIX_PATH}:/home/parallels/ros2_ws/install/py_srvcli:/home/parallels/ros2_ws/install/py_pubsub:/home/parallels/ros2_ws/install/launch_testing_examples:/home/parallels/ros2_ws/install/examples_rclpy_pointcloud_publisher:/home/parallels/ros2_ws/install/examples_rclpy_minimal_subscriber:/home/parallels/ros2_ws/install/examples_rclpy_minimal_service:/home/parallels/ros2_ws/install/examples_rclpy_minimal_publisher:/home/parallels/ros2_ws/install/examples_rclpy_minimal_client:/home/parallels/ros2_ws/install/examples_rclpy_minimal_action_server:/home/parallels/ros2_ws/install/examples_rclpy_minimal_action_client:/home/parallels/ros2_ws/install/examples_rclpy_guard_conditions:/home/parallels/ros2_ws/install/examples_rclpy_executors:/opt/ros/humble /usr/bin/cmake --build /home/parallels/ros2_ws/build/cpp_pubsub -- -j2 -l2
[6.410s] DEBUG:colcon.colcon_core.event_handler.log_command:Invoking command in '/home/parallels/ros2_ws/build/cpp_pubsub': CMAKE_PREFIX_PATH=${CMAKE_PREFIX_PATH}:/home/parallels/ros2_ws/install/py_srvcli:/home/parallels/ros2_ws/install/py_pubsub:/home/parallels/ros2_ws/install/launch_testing_examples:/home/parallels/ros2_ws/install/examples_rclpy_pointcloud_publisher:/home/parallels/ros2_ws/install/examples_rclpy_minimal_subscriber:/home/parallels/ros2_ws/install/examples_rclpy_minimal_service:/home/parallels/ros2_ws/install/examples_rclpy_minimal_publisher:/home/parallels/ros2_ws/install/examples_rclpy_minimal_client:/home/parallels/ros2_ws/install/examples_rclpy_minimal_action_server:/home/parallels/ros2_ws/install/examples_rclpy_minimal_action_client:/home/parallels/ros2_ws/install/examples_rclpy_guard_conditions:/home/parallels/ros2_ws/install/examples_rclpy_executors:/opt/ros/humble /usr/bin/cmake --install /home/parallels/ros2_ws/build/cpp_pubsub
[6.477s] Level 1:colcon.colcon_core.environment:create_environment_scripts_only(cpp_pubsub)
[6.483s] DEBUG:colcon.colcon_core.event_handler.log_command:Invoked command in '/home/parallels/ros2_ws/build/cpp_pubsub' returned '0': CMAKE_PREFIX_PATH=${CMAKE_PREFIX_PATH}:/home/parallels/ros2_ws/install/py_srvcli:/home/parallels/ros2_ws/install/py_pubsub:/home/parallels/ros2_ws/install/launch_testing_examples:/home/parallels/ros2_ws/install/examples_rclpy_pointcloud_publisher:/home/parallels/ros2_ws/install/examples_rclpy_minimal_subscriber:/home/parallels/ros2_ws/install/examples_rclpy_minimal_service:/home/parallels/ros2_ws/install/examples_rclpy_minimal_publisher:/home/parallels/ros2_ws/install/examples_rclpy_minimal_client:/home/parallels/ros2_ws/install/examples_rclpy_minimal_action_server:/home/parallels/ros2_ws/install/examples_rclpy_minimal_action_client:/home/parallels/ros2_ws/install/examples_rclpy_guard_conditions:/home/parallels/ros2_ws/install/examples_rclpy_executors:/opt/ros/humble /usr/bin/cmake --install /home/parallels/ros2_ws/build/cpp_pubsub
[6.492s] Level 1:colcon.colcon_core.environment:checking '/home/parallels/ros2_ws/install/cpp_pubsub' for CMake module files
[6.492s] Level 1:colcon.colcon_core.environment:checking '/home/parallels/ros2_ws/install/cpp_pubsub' for CMake config files
[6.492s] Level 1:colcon.colcon_core.shell:create_environment_hook('cpp_pubsub', 'cmake_prefix_path')
[6.502s] INFO:colcon.colcon_core.shell:Creating environment hook '/home/parallels/ros2_ws/install/cpp_pubsub/share/cpp_pubsub/hook/cmake_prefix_path.ps1'
[6.503s] INFO:colcon.colcon_core.shell:Creating environment descriptor '/home/parallels/ros2_ws/install/cpp_pubsub/share/cpp_pubsub/hook/cmake_prefix_path.dsv'
[6.503s] INFO:colcon.colcon_core.shell:Creating environment hook '/home/parallels/ros2_ws/install/cpp_pubsub/share/cpp_pubsub/hook/cmake_prefix_path.sh'
[6.504s] Level 1:colcon.colcon_core.environment:checking '/home/parallels/ros2_ws/install/cpp_pubsub/lib'
[6.504s] Level 1:colcon.colcon_core.shell:create_environment_hook('cpp_pubsub', 'ld_library_path_lib')
[6.514s] INFO:colcon.colcon_core.shell:Creating environment hook '/home/parallels/ros2_ws/install/cpp_pubsub/share/cpp_pubsub/hook/ld_library_path_lib.ps1'
[6.514s] INFO:colcon.colcon_core.shell:Creating environment descriptor '/home/parallels/ros2_ws/install/cpp_pubsub/share/cpp_pubsub/hook/ld_library_path_lib.dsv'
[6.514s] INFO:colcon.colcon_core.shell:Creating environment hook '/home/parallels/ros2_ws/install/cpp_pubsub/share/cpp_pubsub/hook/ld_library_path_lib.sh'
[6.515s] Level 1:colcon.colcon_core.environment:checking '/home/parallels/ros2_ws/install/cpp_pubsub/bin'
[6.515s] Level 1:colcon.colcon_core.environment:checking '/home/parallels/ros2_ws/install/cpp_pubsub/lib/pkgconfig/cpp_pubsub.pc'
[6.515s] Level 1:colcon.colcon_core.environment:checking '/home/parallels/ros2_ws/install/cpp_pubsub/lib/python3.10/site-packages'
[6.515s] Level 1:colcon.colcon_core.environment:checking '/home/parallels/ros2_ws/install/cpp_pubsub/bin'
[6.525s] INFO:colcon.colcon_core.shell:Creating package script '/home/parallels/ros2_ws/install/cpp_pubsub/share/cpp_pubsub/package.ps1'
[6.526s] INFO:colcon.colcon_core.shell:Creating package descriptor '/home/parallels/ros2_ws/install/cpp_pubsub/share/cpp_pubsub/package.dsv'
[6.527s] INFO:colcon.colcon_core.shell:Creating package script '/home/parallels/ros2_ws/install/cpp_pubsub/share/cpp_pubsub/package.sh'
[6.527s] INFO:colcon.colcon_core.shell:Creating package script '/home/parallels/ros2_ws/install/cpp_pubsub/share/cpp_pubsub/package.bash'
[6.528s] INFO:colcon.colcon_core.shell:Creating package script '/home/parallels/ros2_ws/install/cpp_pubsub/share/cpp_pubsub/package.zsh'
[6.529s] Level 1:colcon.colcon_core.environment:create_file_with_runtime_dependencies(/home/parallels/ros2_ws/install/cpp_pubsub/share/colcon-core/packages/cpp_pubsub)
[6.584s] Level 1:colcon.colcon_core.environment:create_environment_scripts_only(cpp_pubsub)
[6.593s] Level 1:colcon.colcon_core.environment:checking '/home/parallels/ros2_ws/install/cpp_pubsub' for CMake module files
[6.593s] Level 1:colcon.colcon_core.environment:checking '/home/parallels/ros2_ws/install/cpp_pubsub' for CMake config files
[6.593s] Level 1:colcon.colcon_core.shell:create_environment_hook('cpp_pubsub', 'cmake_prefix_path')
[6.603s] INFO:colcon.colcon_core.shell:Creating environment hook '/home/parallels/ros2_ws/install/cpp_pubsub/share/cpp_pubsub/hook/cmake_prefix_path.ps1'
[6.603s] INFO:colcon.colcon_core.shell:Creating environment descriptor '/home/parallels/ros2_ws/install/cpp_pubsub/share/cpp_pubsub/hook/cmake_prefix_path.dsv'
[6.604s] INFO:colcon.colcon_core.shell:Creating environment hook '/home/parallels/ros2_ws/install/cpp_pubsub/share/cpp_pubsub/hook/cmake_prefix_path.sh'
[6.604s] Level 1:colcon.colcon_core.environment:checking '/home/parallels/ros2_ws/install/cpp_pubsub/lib'
[6.604s] Level 1:colcon.colcon_core.shell:create_environment_hook('cpp_pubsub', 'ld_library_path_lib')
[6.614s] INFO:colcon.colcon_core.shell:Creating environment hook '/home/parallels/ros2_ws/install/cpp_pubsub/share/cpp_pubsub/hook/ld_library_path_lib.ps1'
[6.614s] INFO:colcon.colcon_core.shell:Creating environment descriptor '/home/parallels/ros2_ws/install/cpp_pubsub/share/cpp_pubsub/hook/ld_library_path_lib.dsv'
[6.614s] INFO:colcon.colcon_core.shell:Creating environment hook '/home/parallels/ros2_ws/install/cpp_pubsub/share/cpp_pubsub/hook/ld_library_path_lib.sh'
[6.615s] Level 1:colcon.colcon_core.environment:checking '/home/parallels/ros2_ws/install/cpp_pubsub/bin'
[6.615s] Level 1:colcon.colcon_core.environment:checking '/home/parallels/ros2_ws/install/cpp_pubsub/lib/pkgconfig/cpp_pubsub.pc'
[6.615s] Level 1:colcon.colcon_core.environment:checking '/home/parallels/ros2_ws/install/cpp_pubsub/lib/python3.10/site-packages'
[6.615s] Level 1:colcon.colcon_core.environment:checking '/home/parallels/ros2_ws/install/cpp_pubsub/bin'
[6.624s] INFO:colcon.colcon_core.shell:Creating package script '/home/parallels/ros2_ws/install/cpp_pubsub/share/cpp_pubsub/package.ps1'
[6.624s] INFO:colcon.colcon_core.shell:Creating package descriptor '/home/parallels/ros2_ws/install/cpp_pubsub/share/cpp_pubsub/package.dsv'
[6.624s] INFO:colcon.colcon_core.shell:Creating package script '/home/parallels/ros2_ws/install/cpp_pubsub/share/cpp_pubsub/package.sh'
[6.625s] INFO:colcon.colcon_core.shell:Creating package script '/home/parallels/ros2_ws/install/cpp_pubsub/share/cpp_pubsub/package.bash'
[6.625s] INFO:colcon.colcon_core.shell:Creating package script '/home/parallels/ros2_ws/install/cpp_pubsub/share/cpp_pubsub/package.zsh'
[6.625s] Level 1:colcon.colcon_core.environment:create_file_with_runtime_dependencies(/home/parallels/ros2_ws/install/cpp_pubsub/share/colcon-core/packages/cpp_pubsub)
[6.625s] DEBUG:colcon.colcon_parallel_executor.executor.parallel:closing loop
[6.625s] DEBUG:colcon.colcon_parallel_executor.executor.parallel:loop closed
[6.625s] DEBUG:colcon.colcon_parallel_executor.executor.parallel:run_until_complete finished with '0'
[6.626s] DEBUG:colcon.colcon_core.event_reactor:joining thread
[6.643s] INFO:colcon.colcon_core.plugin_system:Skipping extension 'colcon_notification.desktop_notification.terminal_notifier': Not used on non-Darwin systems
[6.643s] INFO:colcon.colcon_core.plugin_system:Skipping extension 'colcon_notification.desktop_notification.win32': Not used on non-Windows systems
[6.643s] INFO:colcon.colcon_notification.desktop_notification:Sending desktop notification using 'notify2'
[6.665s] DEBUG:colcon.colcon_core.event_reactor:joined thread
[6.675s] INFO:colcon.colcon_core.shell:Creating prefix script '/home/parallels/ros2_ws/install/local_setup.ps1'
[6.676s] INFO:colcon.colcon_core.shell:Creating prefix util module '/home/parallels/ros2_ws/install/_local_setup_util_ps1.py'
[6.678s] INFO:colcon.colcon_core.shell:Creating prefix chain script '/home/parallels/ros2_ws/install/setup.ps1'
[6.688s] INFO:colcon.colcon_core.shell:Creating prefix script '/home/parallels/ros2_ws/install/local_setup.sh'
[6.689s] INFO:colcon.colcon_core.shell:Creating prefix util module '/home/parallels/ros2_ws/install/_local_setup_util_sh.py'
[6.689s] INFO:colcon.colcon_core.shell:Creating prefix chain script '/home/parallels/ros2_ws/install/setup.sh'
[6.699s] INFO:colcon.colcon_core.shell:Creating prefix script '/home/parallels/ros2_ws/install/local_setup.bash'
[6.700s] INFO:colcon.colcon_core.shell:Creating prefix chain script '/home/parallels/ros2_ws/install/setup.bash'
[6.710s] INFO:colcon.colcon_core.shell:Creating prefix script '/home/parallels/ros2_ws/install/local_setup.zsh'
[6.710s] INFO:colcon.colcon_core.shell:Creating prefix chain script '/home/parallels/ros2_ws/install/setup.zsh'
