[0.033s] Invoking command in '/home/parallels/ros2_ws/build/cpp_pubsub': CMAKE_PREFIX_PATH=/opt/ros/humble /usr/bin/cmake --build /home/parallels/ros2_ws/build/cpp_pubsub -- -j2 -l2
[0.066s] -- Found ament_cmake: 1.3.8 (/opt/ros/humble/share/ament_cmake/cmake)
[0.184s] -- Found rclcpp: 16.0.8 (/opt/ros/humble/share/rclcpp/cmake)
[0.224s] -- Found rosidl_generator_c: 3.1.5 (/opt/ros/humble/share/rosidl_generator_c/cmake)
[0.227s] -- Found rosidl_adapter: 3.1.5 (/opt/ros/humble/share/rosidl_adapter/cmake)
[0.236s] -- Found rosidl_generator_cpp: 3.1.5 (/opt/ros/humble/share/rosidl_generator_cpp/cmake)
[0.248s] -- Using all available rosidl_typesupport_c: rosidl_typesupport_fastrtps_c;rosidl_typesupport_introspection_c
[0.264s] -- Using all available rosidl_typesupport_cpp: rosidl_typesupport_fastrtps_cpp;rosidl_typesupport_introspection_cpp
[0.326s] -- Found rmw_implementation_cmake: 6.1.1 (/opt/ros/humble/share/rmw_implementation_cmake/cmake)
[0.328s] -- Found rmw_fastrtps_cpp: 6.2.6 (/opt/ros/humble/share/rmw_fastrtps_cpp/cmake)
[0.451s] -- Using RMW implementation 'rmw_fastrtps_cpp' as default
[0.670s] -- Configuring done
[0.682s] -- Generating done
[0.683s] -- Build files have been written to: /home/parallels/ros2_ws/build/cpp_pubsub
[0.705s] [35m[1mConsolidate compiler generated dependencies of target talker[0m
[0.719s] [ 50%] [32mBuilding CXX object CMakeFiles/talker.dir/src/publisher_member_function.cpp.o[0m
[3.778s] [100%] [32m[1mLinking CXX executable talker[0m
[3.979s] [100%] Built target talker
[3.988s] Invoked command in '/home/parallels/ros2_ws/build/cpp_pubsub' returned '0': CMAKE_PREFIX_PATH=/opt/ros/humble /usr/bin/cmake --build /home/parallels/ros2_ws/build/cpp_pubsub -- -j2 -l2
[4.008s] Invoking command in '/home/parallels/ros2_ws/build/cpp_pubsub': CMAKE_PREFIX_PATH=/opt/ros/humble /usr/bin/cmake --install /home/parallels/ros2_ws/build/cpp_pubsub
[4.016s] -- Install configuration: ""
[4.018s] -- Installing: /home/parallels/ros2_ws/install/cpp_pubsub/lib/cpp_pubsub/talker
[4.019s] -- Set runtime path of "/home/parallels/ros2_ws/install/cpp_pubsub/lib/cpp_pubsub/talker" to ""
[4.019s] -- Up-to-date: /home/parallels/ros2_ws/install/cpp_pubsub/share/ament_index/resource_index/package_run_dependencies/cpp_pubsub
[4.019s] -- Installing: /home/parallels/ros2_ws/install/cpp_pubsub/share/ament_index/resource_index/parent_prefix_path/cpp_pubsub
[4.020s] -- Up-to-date: /home/parallels/ros2_ws/install/cpp_pubsub/share/cpp_pubsub/environment/ament_prefix_path.sh
[4.020s] -- Installing: /home/parallels/ros2_ws/install/cpp_pubsub/share/cpp_pubsub/environment/ament_prefix_path.dsv
[4.020s] -- Up-to-date: /home/parallels/ros2_ws/install/cpp_pubsub/share/cpp_pubsub/environment/path.sh
[4.020s] -- Installing: /home/parallels/ros2_ws/install/cpp_pubsub/share/cpp_pubsub/environment/path.dsv
[4.020s] -- Up-to-date: /home/parallels/ros2_ws/install/cpp_pubsub/share/cpp_pubsub/local_setup.bash
[4.021s] -- Installing: /home/parallels/ros2_ws/install/cpp_pubsub/share/cpp_pubsub/local_setup.sh
[4.021s] -- Up-to-date: /home/parallels/ros2_ws/install/cpp_pubsub/share/cpp_pubsub/local_setup.zsh
[4.021s] -- Installing: /home/parallels/ros2_ws/install/cpp_pubsub/share/cpp_pubsub/local_setup.dsv
[4.021s] -- Installing: /home/parallels/ros2_ws/install/cpp_pubsub/share/cpp_pubsub/package.dsv
[4.021s] -- Up-to-date: /home/parallels/ros2_ws/install/cpp_pubsub/share/ament_index/resource_index/packages/cpp_pubsub
[4.021s] -- Installing: /home/parallels/ros2_ws/install/cpp_pubsub/share/cpp_pubsub/cmake/cpp_pubsubConfig.cmake
[4.022s] -- Up-to-date: /home/parallels/ros2_ws/install/cpp_pubsub/share/cpp_pubsub/cmake/cpp_pubsubConfig-version.cmake
[4.022s] -- Up-to-date: /home/parallels/ros2_ws/install/cpp_pubsub/share/cpp_pubsub/package.xml
[4.028s] Invoked command in '/home/parallels/ros2_ws/build/cpp_pubsub' returned '0': CMAKE_PREFIX_PATH=/opt/ros/humble /usr/bin/cmake --install /home/parallels/ros2_ws/build/cpp_pubsub
