[0.041s] Invoking command in '/home/parallels/ros2_ws/build/cpp_pubsub': CMAKE_PREFIX_PATH=/opt/ros/humble /usr/bin/cmake --build /home/parallels/ros2_ws/build/cpp_pubsub -- -j2 -l2
[0.160s] [  2%] Built target cpp_pubsub__cpp
[0.161s] [ 11%] Built target cpp_pubsub__rosidl_generator_c
[0.207s] [ 14%] [32mBuilding CXX object CMakeFiles/talker.dir/src/publisher_member_function.cpp.o[0m
[0.212s] [ 14%] Built target ament_cmake_python_copy_cpp_pubsub
[0.228s] [35m[1mConsolidate compiler generated dependencies of target listener[0m
[0.251s] [ 17%] [32mBuilding CXX object CMakeFiles/listener.dir/src/subscriber_member_function.cpp.o[0m
[0.631s] [01m[K/home/parallels/ros2_ws/src/cpp_pubsub/src/publisher_member_function.cpp:7:10:[m[K [01;31m[Kfatal error: [m[Kstd_msgs/msg/string.hpp: No such file or directory
[0.632s]     7 | #include [01;31m[K"std_msgs/msg/string.hpp"[m[K
[0.632s]       |          [01;31m[K^~~~~~~~~~~~~~~~~~~~~~~~~[m[K
[0.632s] compilation terminated.
[0.636s] gmake[2]: *** [CMakeFiles/talker.dir/build.make:76: CMakeFiles/talker.dir/src/publisher_member_function.cpp.o] Error 1
[0.637s] gmake[1]: *** [CMakeFiles/Makefile2:594: CMakeFiles/talker.dir/all] Error 2
[0.637s] gmake[1]: *** Waiting for unfinished jobs....
[0.656s] [01m[K/home/parallels/ros2_ws/src/cpp_pubsub/src/subscriber_member_function.cpp:4:10:[m[K [01;31m[Kfatal error: [m[Kstd_msgs/msg/string.hpp: No such file or directory
[0.656s]     4 | #include [01;31m[K"std_msgs/msg/string.hpp"[m[K
[0.657s]       |          [01;31m[K^~~~~~~~~~~~~~~~~~~~~~~~~[m[K
[0.657s] compilation terminated.
[0.659s] gmake[2]: *** [CMakeFiles/listener.dir/build.make:76: CMakeFiles/listener.dir/src/subscriber_member_function.cpp.o] Error 1
[0.659s] gmake[1]: *** [CMakeFiles/Makefile2:620: CMakeFiles/listener.dir/all] Error 2
[0.659s] gmake: *** [Makefile:146: all] Error 2
[0.661s] Invoked command in '/home/parallels/ros2_ws/build/cpp_pubsub' returned '2': CMAKE_PREFIX_PATH=/opt/ros/humble /usr/bin/cmake --build /home/parallels/ros2_ws/build/cpp_pubsub -- -j2 -l2
