[0.822s] Invoking command in '/home/parallels/ros2_ws/build/examples_rclpy_executors': PYTHONPATH=/home/parallels/ros2_ws/build/examples_rclpy_executors/prefix_override:/home/parallels/ros2_ws/install/examples_rclpy_executors/lib/python3.10/site-packages:${PYTHONPATH} /usr/bin/python3 setup.py develop --editable --build-directory /home/parallels/ros2_ws/build/examples_rclpy_executors/build --no-deps install_data
[1.038s] running develop
[1.039s] /usr/lib/python3/dist-packages/setuptools/command/easy_install.py:158: EasyInstallDeprecationWarning: easy_install command is deprecated. Use build and pip and other standards-based tools.
[1.040s]   warnings.warn(
[1.041s] /usr/lib/python3/dist-packages/setuptools/command/install.py:34: SetuptoolsDeprecationWarning: setup.py install is deprecated. Use build and pip and other standards-based tools.
[1.041s]   warnings.warn(
[1.170s] running egg_info
[1.170s] creating examples_rclpy_executors.egg-info
[1.170s] writing examples_rclpy_executors.egg-info/PKG-INFO
[1.171s] writing dependency_links to examples_rclpy_executors.egg-info/dependency_links.txt
[1.171s] writing entry points to examples_rclpy_executors.egg-info/entry_points.txt
[1.171s] writing requirements to examples_rclpy_executors.egg-info/requires.txt
[1.171s] writing top-level names to examples_rclpy_executors.egg-info/top_level.txt
[1.171s] writing manifest file 'examples_rclpy_executors.egg-info/SOURCES.txt'
[1.174s] reading manifest file 'examples_rclpy_executors.egg-info/SOURCES.txt'
[1.175s] writing manifest file 'examples_rclpy_executors.egg-info/SOURCES.txt'
[1.177s] running build_ext
[1.177s] Creating /home/parallels/ros2_ws/install/examples_rclpy_executors/lib/python3.10/site-packages/examples-rclpy-executors.egg-link (link to .)
[1.178s] Installing callback_group script to /home/parallels/ros2_ws/install/examples_rclpy_executors/lib/examples_rclpy_executors
[1.178s] Installing composed script to /home/parallels/ros2_ws/install/examples_rclpy_executors/lib/examples_rclpy_executors
[1.178s] Installing custom_callback_group script to /home/parallels/ros2_ws/install/examples_rclpy_executors/lib/examples_rclpy_executors
[1.178s] Installing custom_executor script to /home/parallels/ros2_ws/install/examples_rclpy_executors/lib/examples_rclpy_executors
[1.179s] Installing listener script to /home/parallels/ros2_ws/install/examples_rclpy_executors/lib/examples_rclpy_executors
[1.179s] Installing talker script to /home/parallels/ros2_ws/install/examples_rclpy_executors/lib/examples_rclpy_executors
[1.179s] 
[1.179s] Installed /home/parallels/ros2_ws/build/examples_rclpy_executors
[1.179s] running install_data
[1.180s] creating /home/parallels/ros2_ws/install/examples_rclpy_executors/share/ament_index
[1.180s] creating /home/parallels/ros2_ws/install/examples_rclpy_executors/share/ament_index/resource_index
[1.180s] creating /home/parallels/ros2_ws/install/examples_rclpy_executors/share/ament_index/resource_index/packages
[1.180s] copying resource/examples_rclpy_executors -> /home/parallels/ros2_ws/install/examples_rclpy_executors/share/ament_index/resource_index/packages
[1.180s] copying package.xml -> /home/parallels/ros2_ws/install/examples_rclpy_executors/share/examples_rclpy_executors
[1.211s] Invoked command in '/home/parallels/ros2_ws/build/examples_rclpy_executors' returned '0': PYTHONPATH=/home/parallels/ros2_ws/build/examples_rclpy_executors/prefix_override:/home/parallels/ros2_ws/install/examples_rclpy_executors/lib/python3.10/site-packages:${PYTHONPATH} /usr/bin/python3 setup.py develop --editable --build-directory /home/parallels/ros2_ws/build/examples_rclpy_executors/build --no-deps install_data
