[0.888s] Invoking command in '/home/parallels/ros2_ws/src/py_srvcli': PYTHONPATH=/home/parallels/ros2_ws/build/py_srvcli/prefix_override:/home/parallels/ros2_ws/install/py_srvcli/lib/python3.10/site-packages:${PYTHONPATH} /usr/bin/python3 setup.py egg_info --egg-base ../../build/py_srvcli build --build-base /home/parallels/ros2_ws/build/py_srvcli/build install --record /home/parallels/ros2_ws/build/py_srvcli/install.log --single-version-externally-managed
[1.146s] running egg_info
[1.148s] writing ../../build/py_srvcli/py_srvcli.egg-info/PKG-INFO
[1.149s] writing dependency_links to ../../build/py_srvcli/py_srvcli.egg-info/dependency_links.txt
[1.149s] writing entry points to ../../build/py_srvcli/py_srvcli.egg-info/entry_points.txt
[1.150s] writing requirements to ../../build/py_srvcli/py_srvcli.egg-info/requires.txt
[1.150s] writing top-level names to ../../build/py_srvcli/py_srvcli.egg-info/top_level.txt
[1.152s] reading manifest file '../../build/py_srvcli/py_srvcli.egg-info/SOURCES.txt'
[1.153s] adding license file 'LICENSE'
[1.154s] writing manifest file '../../build/py_srvcli/py_srvcli.egg-info/SOURCES.txt'
[1.154s] running build
[1.155s] running build_py
[1.155s] running install
[1.156s] /usr/lib/python3/dist-packages/setuptools/command/install.py:34: SetuptoolsDeprecationWarning: setup.py install is deprecated. Use build and pip and other standards-based tools.
[1.156s]   warnings.warn(
[1.157s] running install_lib
[1.158s] running install_data
[1.159s] running install_egg_info
[1.161s] removing '/home/parallels/ros2_ws/install/py_srvcli/lib/python3.10/site-packages/py_srvcli-0.0.0-py3.10.egg-info' (and everything under it)
[1.175s] Copying ../../build/py_srvcli/py_srvcli.egg-info to /home/parallels/ros2_ws/install/py_srvcli/lib/python3.10/site-packages/py_srvcli-0.0.0-py3.10.egg-info
[1.176s] running install_scripts
[1.197s] Installing client script to /home/parallels/ros2_ws/install/py_srvcli/lib/py_srvcli
[1.200s] Installing service script to /home/parallels/ros2_ws/install/py_srvcli/lib/py_srvcli
[1.200s] writing list of installed files to '/home/parallels/ros2_ws/build/py_srvcli/install.log'
[1.231s] Invoked command in '/home/parallels/ros2_ws/src/py_srvcli' returned '0': PYTHONPATH=/home/parallels/ros2_ws/build/py_srvcli/prefix_override:/home/parallels/ros2_ws/install/py_srvcli/lib/python3.10/site-packages:${PYTHONPATH} /usr/bin/python3 setup.py egg_info --egg-base ../../build/py_srvcli build --build-base /home/parallels/ros2_ws/build/py_srvcli/build install --record /home/parallels/ros2_ws/build/py_srvcli/install.log --single-version-externally-managed
