[0.627s] Invoking command in '/home/parallels/ros2_ws/src/py_pubsub': PYTHONPATH=/home/parallels/ros2_ws/build/py_pubsub/prefix_override:/home/parallels/ros2_ws/install/py_pubsub/lib/python3.10/site-packages:${PYTHONPATH} /usr/bin/python3 setup.py egg_info --egg-base ../../build/py_pubsub build --build-base /home/parallels/ros2_ws/build/py_pubsub/build install --record /home/parallels/ros2_ws/build/py_pubsub/install.log --single-version-externally-managed
[0.840s] running egg_info
[0.841s] writing ../../build/py_pubsub/py_pubsub.egg-info/PKG-INFO
[0.842s] writing dependency_links to ../../build/py_pubsub/py_pubsub.egg-info/dependency_links.txt
[0.842s] writing entry points to ../../build/py_pubsub/py_pubsub.egg-info/entry_points.txt
[0.843s] writing requirements to ../../build/py_pubsub/py_pubsub.egg-info/requires.txt
[0.844s] writing top-level names to ../../build/py_pubsub/py_pubsub.egg-info/top_level.txt
[0.845s] reading manifest file '../../build/py_pubsub/py_pubsub.egg-info/SOURCES.txt'
[0.849s] adding license file 'LICENSE'
[0.850s] writing manifest file '../../build/py_pubsub/py_pubsub.egg-info/SOURCES.txt'
[0.851s] running build
[0.851s] running build_py
[0.852s] running install
[0.853s] /usr/lib/python3/dist-packages/setuptools/command/install.py:34: SetuptoolsDeprecationWarning: setup.py install is deprecated. Use build and pip and other standards-based tools.
[0.856s]   warnings.warn(
[0.882s] running install_lib
[0.884s] running install_data
[0.930s] running install_egg_info
[0.934s] removing '/home/parallels/ros2_ws/install/py_pubsub/lib/python3.10/site-packages/py_pubsub-0.0.0-py3.10.egg-info' (and everything under it)
[0.941s] Copying ../../build/py_pubsub/py_pubsub.egg-info to /home/parallels/ros2_ws/install/py_pubsub/lib/python3.10/site-packages/py_pubsub-0.0.0-py3.10.egg-info
[0.943s] running install_scripts
[0.969s] Installing listener script to /home/parallels/ros2_ws/install/py_pubsub/lib/py_pubsub
[0.970s] Installing talker script to /home/parallels/ros2_ws/install/py_pubsub/lib/py_pubsub
[0.971s] writing list of installed files to '/home/parallels/ros2_ws/build/py_pubsub/install.log'
[1.008s] Invoked command in '/home/parallels/ros2_ws/src/py_pubsub' returned '0': PYTHONPATH=/home/parallels/ros2_ws/build/py_pubsub/prefix_override:/home/parallels/ros2_ws/install/py_pubsub/lib/python3.10/site-packages:${PYTHONPATH} /usr/bin/python3 setup.py egg_info --egg-base ../../build/py_pubsub build --build-base /home/parallels/ros2_ws/build/py_pubsub/build install --record /home/parallels/ros2_ws/build/py_pubsub/install.log --single-version-externally-managed
