[0.623s] Invoking command in '/home/parallels/ros2_ws/build/examples_rclpy_guard_conditions': PYTHONPATH=/home/parallels/ros2_ws/build/examples_rclpy_guard_conditions/prefix_override:/home/parallels/ros2_ws/install/examples_rclpy_guard_conditions/lib/python3.10/site-packages:${PYTHONPATH} /usr/bin/python3 setup.py develop --editable --build-directory /home/parallels/ros2_ws/build/examples_rclpy_guard_conditions/build --no-deps install_data
[0.847s] /usr/lib/python3/dist-packages/setuptools/command/easy_install.py:158: EasyInstallDeprecationWarning: easy_install command is deprecated. Use build and pip and other standards-based tools.
[0.847s]   warnings.warn(
[0.848s] running develop
[0.849s] /usr/lib/python3/dist-packages/setuptools/command/install.py:34: SetuptoolsDeprecationWarning: setup.py install is deprecated. Use build and pip and other standards-based tools.
[0.849s]   warnings.warn(
[0.984s] running egg_info
[0.984s] creating examples_rclpy_guard_conditions.egg-info
[0.984s] writing examples_rclpy_guard_conditions.egg-info/PKG-INFO
[0.984s] writing dependency_links to examples_rclpy_guard_conditions.egg-info/dependency_links.txt
[0.984s] writing entry points to examples_rclpy_guard_conditions.egg-info/entry_points.txt
[0.984s] writing requirements to examples_rclpy_guard_conditions.egg-info/requires.txt
[0.985s] writing top-level names to examples_rclpy_guard_conditions.egg-info/top_level.txt
[0.985s] writing manifest file 'examples_rclpy_guard_conditions.egg-info/SOURCES.txt'
[0.987s] reading manifest file 'examples_rclpy_guard_conditions.egg-info/SOURCES.txt'
[0.988s] writing manifest file 'examples_rclpy_guard_conditions.egg-info/SOURCES.txt'
[0.989s] running build_ext
[0.990s] Creating /home/parallels/ros2_ws/install/examples_rclpy_guard_conditions/lib/python3.10/site-packages/examples-rclpy-guard-conditions.egg-link (link to .)
[0.990s] Installing trigger_guard_condition script to /home/parallels/ros2_ws/install/examples_rclpy_guard_conditions/lib/examples_rclpy_guard_conditions
[0.991s] 
[0.991s] Installed /home/parallels/ros2_ws/build/examples_rclpy_guard_conditions
[0.991s] running install_data
[0.991s] creating /home/parallels/ros2_ws/install/examples_rclpy_guard_conditions/share/ament_index
[0.991s] creating /home/parallels/ros2_ws/install/examples_rclpy_guard_conditions/share/ament_index/resource_index
[0.991s] creating /home/parallels/ros2_ws/install/examples_rclpy_guard_conditions/share/ament_index/resource_index/packages
[0.991s] copying resource/examples_rclpy_guard_conditions -> /home/parallels/ros2_ws/install/examples_rclpy_guard_conditions/share/ament_index/resource_index/packages
[0.992s] copying package.xml -> /home/parallels/ros2_ws/install/examples_rclpy_guard_conditions/share/examples_rclpy_guard_conditions
[1.018s] Invoked command in '/home/parallels/ros2_ws/build/examples_rclpy_guard_conditions' returned '0': PYTHONPATH=/home/parallels/ros2_ws/build/examples_rclpy_guard_conditions/prefix_override:/home/parallels/ros2_ws/install/examples_rclpy_guard_conditions/lib/python3.10/site-packages:${PYTHONPATH} /usr/bin/python3 setup.py develop --editable --build-directory /home/parallels/ros2_ws/build/examples_rclpy_guard_conditions/build --no-deps install_data
