[0.041s] Invoking command in '/home/parallels/ros2_ws/build/cpp_pubsub': CMAKE_PREFIX_PATH=/opt/ros/humble /usr/bin/cmake --build /home/parallels/ros2_ws/build/cpp_pubsub -- -j2 -l2
[0.162s] [  2%] Built target cpp_pubsub__cpp
[0.184s] [ 11%] Built target cpp_pubsub__rosidl_generator_c
[0.202s] [ 11%] Built target ament_cmake_python_copy_cpp_pubsub
[0.245s] [ 14%] [32mBuilding CXX object CMakeFiles/talker.dir/src/publisher_member_function.cpp.o[0m
[0.245s] [ 17%] [32mBuilding CXX object CMakeFiles/listener.dir/src/subscriber_member_function.cpp.o[0m
[0.681s] [01m[K/home/parallels/ros2_ws/src/cpp_pubsub/src/publisher_member_function.cpp:5:10:[m[K [01;31m[Kfatal error: [m[Kcustom_interfaces/msg/Char.hpp: No such file or directory
[0.681s]     5 | #include [01;31m[K"custom_interfaces/msg/Char.hpp"[m[K                                            // CHANGE
[0.681s]       |          [01;31m[K^~~~~~~~~~~~~~~~~~~~~~~~~~~~~~~~[m[K
[0.682s] compilation terminated.
[0.686s] gmake[2]: *** [CMakeFiles/talker.dir/build.make:76: CMakeFiles/talker.dir/src/publisher_member_function.cpp.o] Error 1
[0.686s] gmake[1]: *** [CMakeFiles/Makefile2:594: CMakeFiles/talker.dir/all] Error 2
[0.687s] gmake[1]: *** Waiting for unfinished jobs....
[2.411s] [01m[K/home/parallels/ros2_ws/src/cpp_pubsub/src/subscriber_member_function.cpp:20:29:[m[K [01;31m[Kerror: [m[K‘[01m[Ktutorial_interfaces[m[K’ does not name a type
[2.411s]    20 |   void topic_callback(const [01;31m[Ktutorial_interfaces[m[K::msg::Num & msg) const  // CHANGE
[2.411s]       |                             [01;31m[K^~~~~~~~~~~~~~~~~~~[m[K
[2.411s] [01m[K/home/parallels/ros2_ws/src/cpp_pubsub/src/subscriber_member_function.cpp:20:53:[m[K [01;31m[Kerror: [m[Kexpected unqualified-id before ‘[01m[K::[m[K’ token
[2.411s]    20 |   void topic_callback(const tutorial_interfaces::msg[01;31m[K::[m[KNum & msg) const  // CHANGE
[2.411s]       |                                                     [01;31m[K^~[m[K
[2.411s] [01m[K/home/parallels/ros2_ws/src/cpp_pubsub/src/subscriber_member_function.cpp:20:53:[m[K [01;31m[Kerror: [m[Kexpected ‘[01m[K)[m[K’ before ‘[01m[K::[m[K’ token
[2.411s]    20 |   void topic_callback[34m[K([m[Kconst tutorial_interfaces::msg[01;31m[K:[m[K[32m[K:[m[KNum & msg) const  // CHANGE
[2.411s]       |                      [34m[K~[m[K                              [01;31m[K^[m[K[32m[K~[m[K
[2.411s]       |                                                     [32m[K)[m[K
[2.411s] [01m[K/home/parallels/ros2_ws/src/cpp_pubsub/src/subscriber_member_function.cpp:20:50:[m[K [01;31m[Kerror: [m[Kexpected ‘[01m[K;[m[K’ at end of member declaration
[2.411s]    20 |   void topic_callback(const tutorial_interfaces::[01;31m[Kmsg[m[K::Num & msg) const  // CHANGE
[2.411s]       |                                                  [01;31m[K^~~[m[K
[2.411s]       |                                                     [32m[K;[m[K
[2.417s] [01m[K/home/parallels/ros2_ws/src/cpp_pubsub/src/subscriber_member_function.cpp:20:55:[m[K [01;31m[Kerror: [m[K‘[01m[KNum[m[K’ in namespace ‘[01m[K::[m[K’ does not name a type
[2.417s]    20 |   void topic_callback(const tutorial_interfaces::msg::[01;31m[KNum[m[K & msg) const  // CHANGE
[2.417s]       |                                                       [01;31m[K^~~[m[K
[2.417s] [01m[K/home/parallels/ros2_ws/src/cpp_pubsub/src/subscriber_member_function.cpp:24:48:[m[K [01;31m[Kerror: [m[K‘[01m[KNum[m[K’ is not a member of ‘[01m[Kcustom_interfaces::msg[m[K’
[2.417s]    24 |   rclcpp::Subscription<custom_interfaces::msg::[01;31m[KNum[m[K>::SharedPtr subscription_;  // CHANGE
[2.417s]       |                                                [01;31m[K^~~[m[K
[2.417s] [01m[K/home/parallels/ros2_ws/src/cpp_pubsub/src/subscriber_member_function.cpp:24:51:[m[K [01;31m[Kerror: [m[Ktemplate argument 1 is invalid
[2.417s]    24 |   rclcpp::Subscription<custom_interfaces::msg::Num[01;31m[K>[m[K::SharedPtr subscription_;  // CHANGE
[2.417s]       |                                                   [01;31m[K^[m[K
[2.417s] [01m[K/home/parallels/ros2_ws/src/cpp_pubsub/src/subscriber_member_function.cpp:24:51:[m[K [01;31m[Kerror: [m[Ktemplate argument 3 is invalid
[2.417s] [01m[K/home/parallels/ros2_ws/src/cpp_pubsub/src/subscriber_member_function.cpp:24:51:[m[K [01;31m[Kerror: [m[Ktemplate argument 4 is invalid
[2.417s] [01m[K/home/parallels/ros2_ws/src/cpp_pubsub/src/subscriber_member_function.cpp:24:51:[m[K [01;31m[Kerror: [m[Ktemplate argument 5 is invalid
[2.417s] [01m[K/home/parallels/ros2_ws/src/cpp_pubsub/src/subscriber_member_function.cpp:24:54:[m[K [01;31m[Kerror: [m[Kexpected ‘[01m[K;[m[K’ at end of member declaration
[2.417s]    24 |   rclcpp::Subscription<custom_interfaces::msg::Num>::[01;31m[KSharedPtr[m[K subscription_;  // CHANGE
[2.417s]       |                                                      [01;31m[K^~~~~~~~~[m[K
[2.417s]       |                                                               [32m[K;[m[K
[2.417s] [01m[K/home/parallels/ros2_ws/src/cpp_pubsub/src/subscriber_member_function.cpp:24:64:[m[K [01;31m[Kerror: [m[K‘[01m[Ksubscription_[m[K’ does not name a type; did you mean ‘[01m[Krmw_subscription_t[m[K’?
[2.417s]    24 |   rclcpp::Subscription<custom_interfaces::msg::Num>::SharedPtr [01;31m[Ksubscription_[m[K;  // CHANGE
[2.417s]       |                                                                [01;31m[K^~~~~~~~~~~~~[m[K
[2.417s]       |                                                                [32m[Krmw_subscription_t[m[K
[2.428s] [01m[K/home/parallels/ros2_ws/src/cpp_pubsub/src/subscriber_member_function.cpp:[m[K In constructor ‘[01m[KMinimalSubscriber::MinimalSubscriber()[m[K’:
[2.428s] [01m[K/home/parallels/ros2_ws/src/cpp_pubsub/src/subscriber_member_function.cpp:15:5:[m[K [01;31m[Kerror: [m[K‘[01m[Ksubscription_[m[K’ was not declared in this scope; did you mean ‘[01m[Krmw_subscription_t[m[K’?
[2.428s]    15 |     [01;31m[Ksubscription_[m[K = this->create_subscription<custom_interfaces::msg::Num>(    // CHANGE
[2.428s]       |     [01;31m[K^~~~~~~~~~~~~[m[K
[2.428s]       |     [32m[Krmw_subscription_t[m[K
[2.428s] [01m[K/home/parallels/ros2_ws/src/cpp_pubsub/src/subscriber_member_function.cpp:15:71:[m[K [01;31m[Kerror: [m[K‘[01m[KNum[m[K’ is not a member of ‘[01m[Kcustom_interfaces::msg[m[K’
[2.428s]    15 |     subscription_ = this->create_subscription<custom_interfaces::msg::[01;31m[KNum[m[K>(    // CHANGE
[2.428s]       |                                                                       [01;31m[K^~~[m[K
[2.431s] [01m[K/home/parallels/ros2_ws/src/cpp_pubsub/src/subscriber_member_function.cpp:15:75:[m[K [01;31m[Kerror: [m[Kno matching function for call to ‘[01m[KMinimalSubscriber::create_subscription<<expression error> >(const char [6], int, std::_Bind_helper<false, void (MinimalSubscriber::*)(...), MinimalSubscriber*, const std::_Placeholder<1>&>::type)[m[K’
[2.431s]    15 |     subscription_ = [01;31m[Kthis->create_subscription<custom_interfaces::msg::Num>(    // CHANGE[m[K
[2.431s]       |                     [01;31m[K~~~~~~~~~~~~~~~~~~~~~~~~~~~~~~~~~~~~~~~~~~~~~~~~~~~~~~^~~~~~~~~~~~~~[m[K
[2.431s]    16 | [01;31m[K      "topic", 10, std::bind(&MinimalSubscriber::topic_callback, this, _1))[m[K;
[2.431s]       |       [01;31m[K~~~~~~~~~~~~~~~~~~~~~~~~~~~~~~~~~~~~~~~~~~~~~~~~~~~~~~~~~~~~~~~~~~~~~[m[K
[2.433s] In file included from [01m[K/opt/ros/humble/include/rclcpp/rclcpp/executors/single_threaded_executor.hpp:28[m[K,
[2.433s]                  from [01m[K/opt/ros/humble/include/rclcpp/rclcpp/executors.hpp:22[m[K,
[2.433s]                  from [01m[K/opt/ros/humble/include/rclcpp/rclcpp/rclcpp.hpp:155[m[K,
[2.433s]                  from [01m[K/home/parallels/ros2_ws/src/cpp_pubsub/src/subscriber_member_function.cpp:4[m[K:
[2.433s] [01m[K/opt/ros/humble/include/rclcpp/rclcpp/node.hpp:219:3:[m[K [01;36m[Knote: [m[Kcandidate: ‘[01m[Ktemplate<class MessageT, class CallbackT, class AllocatorT, class SubscriptionT, class MessageMemoryStrategyT> std::shared_ptr<ROSMessageT> rclcpp::Node::create_subscription(const string&, const rclcpp::QoS&, CallbackT&&, const rclcpp::SubscriptionOptionsWithAllocator<AllocatorT>&, typename MessageMemoryStrategyT::SharedPtr)[m[K’
[2.433s]   219 |   [01;36m[Kcreate_subscription[m[K(
[2.433s]       |   [01;36m[K^~~~~~~~~~~~~~~~~~~[m[K
[2.433s] [01m[K/opt/ros/humble/include/rclcpp/rclcpp/node.hpp:219:3:[m[K [01;36m[Knote: [m[K  template argument deduction/substitution failed:
[2.433s] [01m[K/home/parallels/ros2_ws/src/cpp_pubsub/src/subscriber_member_function.cpp:15:75:[m[K [01;31m[Kerror: [m[Ktemplate argument 1 is invalid
[2.433s]    15 |     subscription_ = [01;31m[Kthis->create_subscription<custom_interfaces::msg::Num>(    // CHANGE[m[K
[2.433s]       |                     [01;31m[K~~~~~~~~~~~~~~~~~~~~~~~~~~~~~~~~~~~~~~~~~~~~~~~~~~~~~~^~~~~~~~~~~~~~[m[K
[2.433s]    16 | [01;31m[K      "topic", 10, std::bind(&MinimalSubscriber::topic_callback, this, _1))[m[K;
[2.433s]       |       [01;31m[K~~~~~~~~~~~~~~~~~~~~~~~~~~~~~~~~~~~~~~~~~~~~~~~~~~~~~~~~~~~~~~~~~~~~~[m[K
[2.794s] gmake[2]: *** [CMakeFiles/listener.dir/build.make:76: CMakeFiles/listener.dir/src/subscriber_member_function.cpp.o] Error 1
[2.794s] gmake[1]: *** [CMakeFiles/Makefile2:620: CMakeFiles/listener.dir/all] Error 2
[2.794s] gmake: *** [Makefile:146: all] Error 2
[2.813s] Invoked command in '/home/parallels/ros2_ws/build/cpp_pubsub' returned '2': CMAKE_PREFIX_PATH=/opt/ros/humble /usr/bin/cmake --build /home/parallels/ros2_ws/build/cpp_pubsub -- -j2 -l2
