[1.764s] Invoking command in '/home/parallels/ros2_ws/src/py_srvcli': PYTHONPATH=/home/parallels/ros2_ws/build/py_srvcli/prefix_override:/home/parallels/ros2_ws/install/py_srvcli/lib/python3.10/site-packages:${PYTHONPATH} /usr/bin/python3 setup.py egg_info --egg-base ../../build/py_srvcli build --build-base /home/parallels/ros2_ws/build/py_srvcli/build install --record /home/parallels/ros2_ws/build/py_srvcli/install.log --single-version-externally-managed
[2.089s] running egg_info
[2.090s] writing ../../build/py_srvcli/py_srvcli.egg-info/PKG-INFO
[2.090s] writing dependency_links to ../../build/py_srvcli/py_srvcli.egg-info/dependency_links.txt
[2.090s] writing entry points to ../../build/py_srvcli/py_srvcli.egg-info/entry_points.txt
[2.090s] writing requirements to ../../build/py_srvcli/py_srvcli.egg-info/requires.txt
[2.090s] writing top-level names to ../../build/py_srvcli/py_srvcli.egg-info/top_level.txt
[2.092s] reading manifest file '../../build/py_srvcli/py_srvcli.egg-info/SOURCES.txt'
[2.092s] adding license file 'LICENSE'
[2.093s] writing manifest file '../../build/py_srvcli/py_srvcli.egg-info/SOURCES.txt'
[2.093s] running build
[2.093s] running build_py
[2.093s] running install
[2.094s] /usr/lib/python3/dist-packages/setuptools/command/install.py:34: SetuptoolsDeprecationWarning: setup.py install is deprecated. Use build and pip and other standards-based tools.
[2.094s]   warnings.warn(
[2.094s] running install_lib
[2.095s] running install_data
[2.096s] running install_egg_info
[2.097s] removing '/home/parallels/ros2_ws/install/py_srvcli/lib/python3.10/site-packages/py_srvcli-0.0.0-py3.10.egg-info' (and everything under it)
[2.113s] Copying ../../build/py_srvcli/py_srvcli.egg-info to /home/parallels/ros2_ws/install/py_srvcli/lib/python3.10/site-packages/py_srvcli-0.0.0-py3.10.egg-info
[2.116s] running install_scripts
[2.158s] Installing client script to /home/parallels/ros2_ws/install/py_srvcli/lib/py_srvcli
[2.161s] Installing service script to /home/parallels/ros2_ws/install/py_srvcli/lib/py_srvcli
[2.162s] writing list of installed files to '/home/parallels/ros2_ws/build/py_srvcli/install.log'
[2.208s] Invoked command in '/home/parallels/ros2_ws/src/py_srvcli' returned '0': PYTHONPATH=/home/parallels/ros2_ws/build/py_srvcli/prefix_override:/home/parallels/ros2_ws/install/py_srvcli/lib/python3.10/site-packages:${PYTHONPATH} /usr/bin/python3 setup.py egg_info --egg-base ../../build/py_srvcli build --build-base /home/parallels/ros2_ws/build/py_srvcli/build install --record /home/parallels/ros2_ws/build/py_srvcli/install.log --single-version-externally-managed
