[1.058s] Invoking command in '/home/parallels/ros2_ws/src/opencv_tools': PYTHONPATH=/home/parallels/ros2_ws/build/opencv_tools/prefix_override:/home/parallels/ros2_ws/install/opencv_tools/lib/python3.10/site-packages:${PYTHONPATH} /usr/bin/python3 setup.py egg_info --egg-base ../../build/opencv_tools build --build-base /home/parallels/ros2_ws/build/opencv_tools/build install --record /home/parallels/ros2_ws/build/opencv_tools/install.log --single-version-externally-managed
[1.304s] running egg_info
[1.305s] creating ../../build/opencv_tools/opencv_tools.egg-info
[1.305s] writing ../../build/opencv_tools/opencv_tools.egg-info/PKG-INFO
[1.306s] writing dependency_links to ../../build/opencv_tools/opencv_tools.egg-info/dependency_links.txt
[1.306s] writing entry points to ../../build/opencv_tools/opencv_tools.egg-info/entry_points.txt
[1.306s] writing requirements to ../../build/opencv_tools/opencv_tools.egg-info/requires.txt
[1.306s] writing top-level names to ../../build/opencv_tools/opencv_tools.egg-info/top_level.txt
[1.306s] writing manifest file '../../build/opencv_tools/opencv_tools.egg-info/SOURCES.txt'
[1.307s] reading manifest file '../../build/opencv_tools/opencv_tools.egg-info/SOURCES.txt'
[1.308s] writing manifest file '../../build/opencv_tools/opencv_tools.egg-info/SOURCES.txt'
[1.308s] running build
[1.308s] running build_py
[1.308s] creating /home/parallels/ros2_ws/build/opencv_tools/build
[1.308s] creating /home/parallels/ros2_ws/build/opencv_tools/build/lib
[1.308s] creating /home/parallels/ros2_ws/build/opencv_tools/build/lib/opencv_tools
[1.309s] copying opencv_tools/__init__.py -> /home/parallels/ros2_ws/build/opencv_tools/build/lib/opencv_tools
[1.309s] running install
[1.312s] /usr/lib/python3/dist-packages/setuptools/command/install.py:34: SetuptoolsDeprecationWarning: setup.py install is deprecated. Use build and pip and other standards-based tools.
[1.312s]   warnings.warn(
[1.313s] running install_lib
[1.313s] creating /home/parallels/ros2_ws/install/opencv_tools/lib/python3.10/site-packages/opencv_tools
[1.313s] copying /home/parallels/ros2_ws/build/opencv_tools/build/lib/opencv_tools/__init__.py -> /home/parallels/ros2_ws/install/opencv_tools/lib/python3.10/site-packages/opencv_tools
[1.315s] byte-compiling /home/parallels/ros2_ws/install/opencv_tools/lib/python3.10/site-packages/opencv_tools/__init__.py to __init__.cpython-310.pyc
[1.316s] running install_data
[1.316s] creating /home/parallels/ros2_ws/install/opencv_tools/share/ament_index
[1.316s] creating /home/parallels/ros2_ws/install/opencv_tools/share/ament_index/resource_index
[1.316s] creating /home/parallels/ros2_ws/install/opencv_tools/share/ament_index/resource_index/packages
[1.317s] copying resource/opencv_tools -> /home/parallels/ros2_ws/install/opencv_tools/share/ament_index/resource_index/packages
[1.317s] copying package.xml -> /home/parallels/ros2_ws/install/opencv_tools/share/opencv_tools
[1.317s] running install_egg_info
[1.319s] Copying ../../build/opencv_tools/opencv_tools.egg-info to /home/parallels/ros2_ws/install/opencv_tools/lib/python3.10/site-packages/opencv_tools-0.0.0-py3.10.egg-info
[1.319s] running install_scripts
[1.342s] writing list of installed files to '/home/parallels/ros2_ws/build/opencv_tools/install.log'
