[0.039s] Invoking command in '/home/parallels/ros2_ws/build/my_opencv_demo': CMAKE_PREFIX_PATH=/opt/ros/humble /usr/bin/cmake --build /home/parallels/ros2_ws/build/my_opencv_demo -- -j2 -l2
[0.201s] [35m[1mConsolidate compiler generated dependencies of target minimal_opencv_ros2_node[0m
[0.221s] [ 50%] [32mBuilding CXX object CMakeFiles/minimal_opencv_ros2_node.dir/src/minimal_opencv_ros2_node.cpp.o[0m
[5.431s] [100%] [32m[1mLinking CXX executable minimal_opencv_ros2_node[0m
[6.125s] [100%] Built target minimal_opencv_ros2_node
[6.206s] Invoked command in '/home/parallels/ros2_ws/build/my_opencv_demo' returned '0': CMAKE_PREFIX_PATH=/opt/ros/humble /usr/bin/cmake --build /home/parallels/ros2_ws/build/my_opencv_demo -- -j2 -l2
[6.283s] Invoking command in '/home/parallels/ros2_ws/build/my_opencv_demo': CMAKE_PREFIX_PATH=/opt/ros/humble /usr/bin/cmake --install /home/parallels/ros2_ws/build/my_opencv_demo
[6.293s] -- Install configuration: ""
[6.295s] -- Installing: /home/parallels/ros2_ws/install/my_opencv_demo/lib/my_opencv_demo/minimal_opencv_ros2_node
[6.300s] -- Set runtime path of "/home/parallels/ros2_ws/install/my_opencv_demo/lib/my_opencv_demo/minimal_opencv_ros2_node" to ""
[6.301s] -- Installing: /home/parallels/ros2_ws/install/my_opencv_demo/share/ament_index/resource_index/package_run_dependencies/my_opencv_demo
[6.305s] -- Installing: /home/parallels/ros2_ws/install/my_opencv_demo/share/ament_index/resource_index/parent_prefix_path/my_opencv_demo
[6.309s] -- Installing: /home/parallels/ros2_ws/install/my_opencv_demo/share/my_opencv_demo/environment/ament_prefix_path.sh
[6.310s] -- Installing: /home/parallels/ros2_ws/install/my_opencv_demo/share/my_opencv_demo/environment/ament_prefix_path.dsv
[6.311s] -- Installing: /home/parallels/ros2_ws/install/my_opencv_demo/share/my_opencv_demo/environment/path.sh
[6.311s] -- Installing: /home/parallels/ros2_ws/install/my_opencv_demo/share/my_opencv_demo/environment/path.dsv
[6.311s] -- Installing: /home/parallels/ros2_ws/install/my_opencv_demo/share/my_opencv_demo/local_setup.bash
[6.312s] -- Installing: /home/parallels/ros2_ws/install/my_opencv_demo/share/my_opencv_demo/local_setup.sh
[6.312s] -- Installing: /home/parallels/ros2_ws/install/my_opencv_demo/share/my_opencv_demo/local_setup.zsh
[6.312s] -- Installing: /home/parallels/ros2_ws/install/my_opencv_demo/share/my_opencv_demo/local_setup.dsv
[6.312s] -- Installing: /home/parallels/ros2_ws/install/my_opencv_demo/share/my_opencv_demo/package.dsv
[6.313s] -- Installing: /home/parallels/ros2_ws/install/my_opencv_demo/share/ament_index/resource_index/packages/my_opencv_demo
[6.313s] -- Installing: /home/parallels/ros2_ws/install/my_opencv_demo/share/my_opencv_demo/cmake/my_opencv_demoConfig.cmake
[6.313s] -- Installing: /home/parallels/ros2_ws/install/my_opencv_demo/share/my_opencv_demo/cmake/my_opencv_demoConfig-version.cmake
[6.313s] -- Installing: /home/parallels/ros2_ws/install/my_opencv_demo/share/my_opencv_demo/package.xml
[6.322s] Invoked command in '/home/parallels/ros2_ws/build/my_opencv_demo' returned '0': CMAKE_PREFIX_PATH=/opt/ros/humble /usr/bin/cmake --install /home/parallels/ros2_ws/build/my_opencv_demo
