[0.927s] DEBUG:colcon:Command line arguments: ['/usr/bin/colcon', 'build']
[0.927s] DEBUG:colcon:Parsed command line arguments: Namespace(log_base=None, log_level=None, verb_name='build', build_base='build', install_base='install', merge_install=False, symlink_install=False, test_result_base=None, continue_on_error=False, executor='parallel', parallel_workers=2, event_handlers=None, ignore_user_meta=False, metas=['./colcon.meta'], base_paths=['.'], packages_ignore=None, packages_ignore_regex=None, paths=None, packages_up_to=None, packages_up_to_regex=None, packages_above=None, packages_above_and_dependencies=None, packages_above_depth=None, packages_select_by_dep=None, packages_skip_by_dep=None, packages_skip_up_to=None, packages_select_build_failed=False, packages_skip_build_finished=False, packages_select_test_failures=False, packages_skip_test_passed=False, packages_select=None, packages_skip=None, packages_select_regex=None, packages_skip_regex=None, packages_start=None, packages_end=None, allow_overriding=[], cmake_args=None, cmake_target=None, cmake_target_skip_unavailable=False, cmake_clean_cache=False, cmake_clean_first=False, cmake_force_configure=False, ament_cmake_args=None, catkin_cmake_args=None, catkin_skip_building_tests=False, verb_parser=<colcon_defaults.argument_parser.defaults.DefaultArgumentsDecorator object at 0xffffb95f0820>, verb_extension=<colcon_core.verb.build.BuildVerb object at 0xffffb9b578e0>, main=<bound method BuildVerb.main of <colcon_core.verb.build.BuildVerb object at 0xffffb9b578e0>>)
[0.999s] Level 1:colcon.colcon_core.package_discovery:discover_packages(colcon_meta) check parameters
[0.999s] Level 1:colcon.colcon_core.package_discovery:discover_packages(recursive) check parameters
[1.000s] Level 1:colcon.colcon_core.package_discovery:discover_packages(ignore) check parameters
[1.000s] Level 1:colcon.colcon_core.package_discovery:discover_packages(path) check parameters
[1.000s] Level 1:colcon.colcon_core.package_discovery:discover_packages(colcon_meta) discover
[1.000s] Level 1:colcon.colcon_core.package_discovery:discover_packages(recursive) discover
[1.000s] INFO:colcon.colcon_core.package_discovery:Crawling recursively for packages in '/home/parallels/ros2_ws'
[1.000s] Level 1:colcon.colcon_core.package_identification:_identify(.) by extensions ['ignore', 'ignore_ament_install']
[1.000s] Level 1:colcon.colcon_core.package_identification:_identify(.) by extension 'ignore'
[1.000s] Level 1:colcon.colcon_core.package_identification:_identify(.) by extension 'ignore_ament_install'
[1.000s] Level 1:colcon.colcon_core.package_identification:_identify(.) by extensions ['colcon_pkg']
[1.000s] Level 1:colcon.colcon_core.package_identification:_identify(.) by extension 'colcon_pkg'
[1.000s] Level 1:colcon.colcon_core.package_identification:_identify(.) by extensions ['colcon_meta']
[1.000s] Level 1:colcon.colcon_core.package_identification:_identify(.) by extension 'colcon_meta'
[1.000s] Level 1:colcon.colcon_core.package_identification:_identify(.) by extensions ['ros']
[1.000s] Level 1:colcon.colcon_core.package_identification:_identify(.) by extension 'ros'
[1.015s] Level 1:colcon.colcon_core.package_identification:_identify(.) by extensions ['cmake', 'python']
[1.015s] Level 1:colcon.colcon_core.package_identification:_identify(.) by extension 'cmake'
[1.015s] Level 1:colcon.colcon_core.package_identification:_identify(.) by extension 'python'
[1.015s] Level 1:colcon.colcon_core.package_identification:_identify(.) by extensions ['python_setup_py']
[1.015s] Level 1:colcon.colcon_core.package_identification:_identify(.) by extension 'python_setup_py'
[1.015s] Level 1:colcon.colcon_core.package_identification:_identify(build) by extensions ['ignore', 'ignore_ament_install']
[1.015s] Level 1:colcon.colcon_core.package_identification:_identify(build) by extension 'ignore'
[1.015s] Level 1:colcon.colcon_core.package_identification:_identify(build) ignored
[1.015s] Level 1:colcon.colcon_core.package_identification:_identify(install) by extensions ['ignore', 'ignore_ament_install']
[1.015s] Level 1:colcon.colcon_core.package_identification:_identify(install) by extension 'ignore'
[1.015s] Level 1:colcon.colcon_core.package_identification:_identify(install) ignored
[1.015s] Level 1:colcon.colcon_core.package_identification:_identify(log) by extensions ['ignore', 'ignore_ament_install']
[1.015s] Level 1:colcon.colcon_core.package_identification:_identify(log) by extension 'ignore'
[1.015s] Level 1:colcon.colcon_core.package_identification:_identify(log) ignored
[1.016s] Level 1:colcon.colcon_core.package_identification:_identify(src) by extensions ['ignore', 'ignore_ament_install']
[1.016s] Level 1:colcon.colcon_core.package_identification:_identify(src) by extension 'ignore'
[1.016s] Level 1:colcon.colcon_core.package_identification:_identify(src) by extension 'ignore_ament_install'
[1.016s] Level 1:colcon.colcon_core.package_identification:_identify(src) by extensions ['colcon_pkg']
[1.016s] Level 1:colcon.colcon_core.package_identification:_identify(src) by extension 'colcon_pkg'
[1.016s] Level 1:colcon.colcon_core.package_identification:_identify(src) by extensions ['colcon_meta']
[1.016s] Level 1:colcon.colcon_core.package_identification:_identify(src) by extension 'colcon_meta'
[1.016s] Level 1:colcon.colcon_core.package_identification:_identify(src) by extensions ['ros']
[1.016s] Level 1:colcon.colcon_core.package_identification:_identify(src) by extension 'ros'
[1.016s] Level 1:colcon.colcon_core.package_identification:_identify(src) by extensions ['cmake', 'python']
[1.016s] Level 1:colcon.colcon_core.package_identification:_identify(src) by extension 'cmake'
[1.016s] Level 1:colcon.colcon_core.package_identification:_identify(src) by extension 'python'
[1.016s] Level 1:colcon.colcon_core.package_identification:_identify(src) by extensions ['python_setup_py']
[1.016s] Level 1:colcon.colcon_core.package_identification:_identify(src) by extension 'python_setup_py'
[1.016s] Level 1:colcon.colcon_core.package_identification:_identify(src/cpp_pubsub) by extensions ['ignore', 'ignore_ament_install']
[1.016s] Level 1:colcon.colcon_core.package_identification:_identify(src/cpp_pubsub) by extension 'ignore'
[1.016s] Level 1:colcon.colcon_core.package_identification:_identify(src/cpp_pubsub) by extension 'ignore_ament_install'
[1.016s] Level 1:colcon.colcon_core.package_identification:_identify(src/cpp_pubsub) by extensions ['colcon_pkg']
[1.016s] Level 1:colcon.colcon_core.package_identification:_identify(src/cpp_pubsub) by extension 'colcon_pkg'
[1.016s] Level 1:colcon.colcon_core.package_identification:_identify(src/cpp_pubsub) by extensions ['colcon_meta']
[1.017s] Level 1:colcon.colcon_core.package_identification:_identify(src/cpp_pubsub) by extension 'colcon_meta'
[1.017s] Level 1:colcon.colcon_core.package_identification:_identify(src/cpp_pubsub) by extensions ['ros']
[1.017s] Level 1:colcon.colcon_core.package_identification:_identify(src/cpp_pubsub) by extension 'ros'
[1.020s] DEBUG:colcon.colcon_core.package_identification:Package 'src/cpp_pubsub' with type 'ros.ament_cmake' and name 'cpp_pubsub'
[1.020s] Level 1:colcon.colcon_core.package_identification:_identify(src/cpp_srvcli) by extensions ['ignore', 'ignore_ament_install']
[1.020s] Level 1:colcon.colcon_core.package_identification:_identify(src/cpp_srvcli) by extension 'ignore'
[1.020s] Level 1:colcon.colcon_core.package_identification:_identify(src/cpp_srvcli) by extension 'ignore_ament_install'
[1.020s] Level 1:colcon.colcon_core.package_identification:_identify(src/cpp_srvcli) by extensions ['colcon_pkg']
[1.020s] Level 1:colcon.colcon_core.package_identification:_identify(src/cpp_srvcli) by extension 'colcon_pkg'
[1.020s] Level 1:colcon.colcon_core.package_identification:_identify(src/cpp_srvcli) by extensions ['colcon_meta']
[1.020s] Level 1:colcon.colcon_core.package_identification:_identify(src/cpp_srvcli) by extension 'colcon_meta'
[1.020s] Level 1:colcon.colcon_core.package_identification:_identify(src/cpp_srvcli) by extensions ['ros']
[1.020s] Level 1:colcon.colcon_core.package_identification:_identify(src/cpp_srvcli) by extension 'ros'
[1.021s] DEBUG:colcon.colcon_core.package_identification:Package 'src/cpp_srvcli' with type 'ros.ament_cmake' and name 'cpp_srvcli'
[1.022s] Level 1:colcon.colcon_core.package_identification:_identify(src/custom_interfaces) by extensions ['ignore', 'ignore_ament_install']
[1.022s] Level 1:colcon.colcon_core.package_identification:_identify(src/custom_interfaces) by extension 'ignore'
[1.022s] Level 1:colcon.colcon_core.package_identification:_identify(src/custom_interfaces) by extension 'ignore_ament_install'
[1.022s] Level 1:colcon.colcon_core.package_identification:_identify(src/custom_interfaces) by extensions ['colcon_pkg']
[1.022s] Level 1:colcon.colcon_core.package_identification:_identify(src/custom_interfaces) by extension 'colcon_pkg'
[1.022s] Level 1:colcon.colcon_core.package_identification:_identify(src/custom_interfaces) by extensions ['colcon_meta']
[1.022s] Level 1:colcon.colcon_core.package_identification:_identify(src/custom_interfaces) by extension 'colcon_meta'
[1.022s] Level 1:colcon.colcon_core.package_identification:_identify(src/custom_interfaces) by extensions ['ros']
[1.022s] Level 1:colcon.colcon_core.package_identification:_identify(src/custom_interfaces) by extension 'ros'
[1.023s] DEBUG:colcon.colcon_core.package_identification:Package 'src/custom_interfaces' with type 'ros.ament_cmake' and name 'custom_interfaces'
[1.023s] Level 1:colcon.colcon_core.package_identification:_identify(src/opencv_tools) by extensions ['ignore', 'ignore_ament_install']
[1.023s] Level 1:colcon.colcon_core.package_identification:_identify(src/opencv_tools) by extension 'ignore'
[1.023s] Level 1:colcon.colcon_core.package_identification:_identify(src/opencv_tools) by extension 'ignore_ament_install'
[1.023s] Level 1:colcon.colcon_core.package_identification:_identify(src/opencv_tools) by extensions ['colcon_pkg']
[1.024s] Level 1:colcon.colcon_core.package_identification:_identify(src/opencv_tools) by extension 'colcon_pkg'
[1.024s] Level 1:colcon.colcon_core.package_identification:_identify(src/opencv_tools) by extensions ['colcon_meta']
[1.024s] Level 1:colcon.colcon_core.package_identification:_identify(src/opencv_tools) by extension 'colcon_meta'
[1.024s] Level 1:colcon.colcon_core.package_identification:_identify(src/opencv_tools) by extensions ['ros']
[1.024s] Level 1:colcon.colcon_core.package_identification:_identify(src/opencv_tools) by extension 'ros'
[1.024s] DEBUG:colcon.colcon_core.package_identification:Package 'src/opencv_tools' with type 'ros.ament_python' and name 'opencv_tools'
[1.025s] Level 1:colcon.colcon_core.package_identification:_identify(src/py_pubsub) by extensions ['ignore', 'ignore_ament_install']
[1.025s] Level 1:colcon.colcon_core.package_identification:_identify(src/py_pubsub) by extension 'ignore'
[1.025s] Level 1:colcon.colcon_core.package_identification:_identify(src/py_pubsub) by extension 'ignore_ament_install'
[1.025s] Level 1:colcon.colcon_core.package_identification:_identify(src/py_pubsub) by extensions ['colcon_pkg']
[1.025s] Level 1:colcon.colcon_core.package_identification:_identify(src/py_pubsub) by extension 'colcon_pkg'
[1.025s] Level 1:colcon.colcon_core.package_identification:_identify(src/py_pubsub) by extensions ['colcon_meta']
[1.025s] Level 1:colcon.colcon_core.package_identification:_identify(src/py_pubsub) by extension 'colcon_meta'
[1.025s] Level 1:colcon.colcon_core.package_identification:_identify(src/py_pubsub) by extensions ['ros']
[1.025s] Level 1:colcon.colcon_core.package_identification:_identify(src/py_pubsub) by extension 'ros'
[1.026s] DEBUG:colcon.colcon_core.package_identification:Package 'src/py_pubsub' with type 'ros.ament_python' and name 'py_pubsub'
[1.027s] Level 1:colcon.colcon_core.package_identification:_identify(src/py_srvcli) by extensions ['ignore', 'ignore_ament_install']
[1.027s] Level 1:colcon.colcon_core.package_identification:_identify(src/py_srvcli) by extension 'ignore'
[1.027s] Level 1:colcon.colcon_core.package_identification:_identify(src/py_srvcli) by extension 'ignore_ament_install'
[1.027s] Level 1:colcon.colcon_core.package_identification:_identify(src/py_srvcli) by extensions ['colcon_pkg']
[1.027s] Level 1:colcon.colcon_core.package_identification:_identify(src/py_srvcli) by extension 'colcon_pkg'
[1.027s] Level 1:colcon.colcon_core.package_identification:_identify(src/py_srvcli) by extensions ['colcon_meta']
[1.027s] Level 1:colcon.colcon_core.package_identification:_identify(src/py_srvcli) by extension 'colcon_meta'
[1.027s] Level 1:colcon.colcon_core.package_identification:_identify(src/py_srvcli) by extensions ['ros']
[1.027s] Level 1:colcon.colcon_core.package_identification:_identify(src/py_srvcli) by extension 'ros'
[1.028s] DEBUG:colcon.colcon_core.package_identification:Package 'src/py_srvcli' with type 'ros.ament_python' and name 'py_srvcli'
[1.028s] Level 1:colcon.colcon_core.package_discovery:discover_packages(recursive) using defaults
[1.028s] Level 1:colcon.colcon_core.package_discovery:discover_packages(ignore) discover
[1.028s] Level 1:colcon.colcon_core.package_discovery:discover_packages(ignore) using defaults
[1.028s] Level 1:colcon.colcon_core.package_discovery:discover_packages(path) discover
[1.028s] Level 1:colcon.colcon_core.package_discovery:discover_packages(path) using defaults
[1.099s] Level 1:colcon.colcon_core.package_discovery:discover_packages(prefix_path) check parameters
[1.100s] Level 1:colcon.colcon_core.package_discovery:discover_packages(prefix_path) discover
[1.121s] DEBUG:colcon.colcon_installed_package_information.package_discovery:Found 290 installed packages in /opt/ros/humble
[1.122s] Level 1:colcon.colcon_core.package_discovery:discover_packages(prefix_path) using defaults
[1.230s] Level 5:colcon.colcon_core.verb:set package 'cpp_pubsub' build argument 'cmake_args' from command line to 'None'
[1.230s] Level 5:colcon.colcon_core.verb:set package 'cpp_pubsub' build argument 'cmake_target' from command line to 'None'
[1.230s] Level 5:colcon.colcon_core.verb:set package 'cpp_pubsub' build argument 'cmake_target_skip_unavailable' from command line to 'False'
[1.230s] Level 5:colcon.colcon_core.verb:set package 'cpp_pubsub' build argument 'cmake_clean_cache' from command line to 'False'
[1.230s] Level 5:colcon.colcon_core.verb:set package 'cpp_pubsub' build argument 'cmake_clean_first' from command line to 'False'
[1.230s] Level 5:colcon.colcon_core.verb:set package 'cpp_pubsub' build argument 'cmake_force_configure' from command line to 'False'
[1.230s] Level 5:colcon.colcon_core.verb:set package 'cpp_pubsub' build argument 'ament_cmake_args' from command line to 'None'
[1.230s] Level 5:colcon.colcon_core.verb:set package 'cpp_pubsub' build argument 'catkin_cmake_args' from command line to 'None'
[1.230s] Level 5:colcon.colcon_core.verb:set package 'cpp_pubsub' build argument 'catkin_skip_building_tests' from command line to 'False'
[1.230s] DEBUG:colcon.colcon_core.verb:Building package 'cpp_pubsub' with the following arguments: {'ament_cmake_args': None, 'build_base': '/home/parallels/ros2_ws/build/cpp_pubsub', 'catkin_cmake_args': None, 'catkin_skip_building_tests': False, 'cmake_args': None, 'cmake_clean_cache': False, 'cmake_clean_first': False, 'cmake_force_configure': False, 'cmake_target': None, 'cmake_target_skip_unavailable': False, 'install_base': '/home/parallels/ros2_ws/install/cpp_pubsub', 'merge_install': False, 'path': '/home/parallels/ros2_ws/src/cpp_pubsub', 'symlink_install': False, 'test_result_base': None}
[1.238s] Level 5:colcon.colcon_core.verb:set package 'cpp_srvcli' build argument 'cmake_args' from command line to 'None'
[1.238s] Level 5:colcon.colcon_core.verb:set package 'cpp_srvcli' build argument 'cmake_target' from command line to 'None'
[1.238s] Level 5:colcon.colcon_core.verb:set package 'cpp_srvcli' build argument 'cmake_target_skip_unavailable' from command line to 'False'
[1.238s] Level 5:colcon.colcon_core.verb:set package 'cpp_srvcli' build argument 'cmake_clean_cache' from command line to 'False'
[1.238s] Level 5:colcon.colcon_core.verb:set package 'cpp_srvcli' build argument 'cmake_clean_first' from command line to 'False'
[1.238s] Level 5:colcon.colcon_core.verb:set package 'cpp_srvcli' build argument 'cmake_force_configure' from command line to 'False'
[1.238s] Level 5:colcon.colcon_core.verb:set package 'cpp_srvcli' build argument 'ament_cmake_args' from command line to 'None'
[1.238s] Level 5:colcon.colcon_core.verb:set package 'cpp_srvcli' build argument 'catkin_cmake_args' from command line to 'None'
[1.238s] Level 5:colcon.colcon_core.verb:set package 'cpp_srvcli' build argument 'catkin_skip_building_tests' from command line to 'False'
[1.238s] DEBUG:colcon.colcon_core.verb:Building package 'cpp_srvcli' with the following arguments: {'ament_cmake_args': None, 'build_base': '/home/parallels/ros2_ws/build/cpp_srvcli', 'catkin_cmake_args': None, 'catkin_skip_building_tests': False, 'cmake_args': None, 'cmake_clean_cache': False, 'cmake_clean_first': False, 'cmake_force_configure': False, 'cmake_target': None, 'cmake_target_skip_unavailable': False, 'install_base': '/home/parallels/ros2_ws/install/cpp_srvcli', 'merge_install': False, 'path': '/home/parallels/ros2_ws/src/cpp_srvcli', 'symlink_install': False, 'test_result_base': None}
[1.246s] Level 5:colcon.colcon_core.verb:set package 'custom_interfaces' build argument 'cmake_args' from command line to 'None'
[1.246s] Level 5:colcon.colcon_core.verb:set package 'custom_interfaces' build argument 'cmake_target' from command line to 'None'
[1.246s] Level 5:colcon.colcon_core.verb:set package 'custom_interfaces' build argument 'cmake_target_skip_unavailable' from command line to 'False'
[1.246s] Level 5:colcon.colcon_core.verb:set package 'custom_interfaces' build argument 'cmake_clean_cache' from command line to 'False'
[1.246s] Level 5:colcon.colcon_core.verb:set package 'custom_interfaces' build argument 'cmake_clean_first' from command line to 'False'
[1.247s] Level 5:colcon.colcon_core.verb:set package 'custom_interfaces' build argument 'cmake_force_configure' from command line to 'False'
[1.247s] Level 5:colcon.colcon_core.verb:set package 'custom_interfaces' build argument 'ament_cmake_args' from command line to 'None'
[1.247s] Level 5:colcon.colcon_core.verb:set package 'custom_interfaces' build argument 'catkin_cmake_args' from command line to 'None'
[1.247s] Level 5:colcon.colcon_core.verb:set package 'custom_interfaces' build argument 'catkin_skip_building_tests' from command line to 'False'
[1.247s] DEBUG:colcon.colcon_core.verb:Building package 'custom_interfaces' with the following arguments: {'ament_cmake_args': None, 'build_base': '/home/parallels/ros2_ws/build/custom_interfaces', 'catkin_cmake_args': None, 'catkin_skip_building_tests': False, 'cmake_args': None, 'cmake_clean_cache': False, 'cmake_clean_first': False, 'cmake_force_configure': False, 'cmake_target': None, 'cmake_target_skip_unavailable': False, 'install_base': '/home/parallels/ros2_ws/install/custom_interfaces', 'merge_install': False, 'path': '/home/parallels/ros2_ws/src/custom_interfaces', 'symlink_install': False, 'test_result_base': None}
[1.255s] Level 5:colcon.colcon_core.verb:set package 'opencv_tools' build argument 'cmake_args' from command line to 'None'
[1.255s] Level 5:colcon.colcon_core.verb:set package 'opencv_tools' build argument 'cmake_target' from command line to 'None'
[1.255s] Level 5:colcon.colcon_core.verb:set package 'opencv_tools' build argument 'cmake_target_skip_unavailable' from command line to 'False'
[1.255s] Level 5:colcon.colcon_core.verb:set package 'opencv_tools' build argument 'cmake_clean_cache' from command line to 'False'
[1.255s] Level 5:colcon.colcon_core.verb:set package 'opencv_tools' build argument 'cmake_clean_first' from command line to 'False'
[1.255s] Level 5:colcon.colcon_core.verb:set package 'opencv_tools' build argument 'cmake_force_configure' from command line to 'False'
[1.255s] Level 5:colcon.colcon_core.verb:set package 'opencv_tools' build argument 'ament_cmake_args' from command line to 'None'
[1.255s] Level 5:colcon.colcon_core.verb:set package 'opencv_tools' build argument 'catkin_cmake_args' from command line to 'None'
[1.255s] Level 5:colcon.colcon_core.verb:set package 'opencv_tools' build argument 'catkin_skip_building_tests' from command line to 'False'
[1.255s] DEBUG:colcon.colcon_core.verb:Building package 'opencv_tools' with the following arguments: {'ament_cmake_args': None, 'build_base': '/home/parallels/ros2_ws/build/opencv_tools', 'catkin_cmake_args': None, 'catkin_skip_building_tests': False, 'cmake_args': None, 'cmake_clean_cache': False, 'cmake_clean_first': False, 'cmake_force_configure': False, 'cmake_target': None, 'cmake_target_skip_unavailable': False, 'install_base': '/home/parallels/ros2_ws/install/opencv_tools', 'merge_install': False, 'path': '/home/parallels/ros2_ws/src/opencv_tools', 'symlink_install': False, 'test_result_base': None}
[1.263s] Level 5:colcon.colcon_core.verb:set package 'py_pubsub' build argument 'cmake_args' from command line to 'None'
[1.263s] Level 5:colcon.colcon_core.verb:set package 'py_pubsub' build argument 'cmake_target' from command line to 'None'
[1.263s] Level 5:colcon.colcon_core.verb:set package 'py_pubsub' build argument 'cmake_target_skip_unavailable' from command line to 'False'
[1.263s] Level 5:colcon.colcon_core.verb:set package 'py_pubsub' build argument 'cmake_clean_cache' from command line to 'False'
[1.263s] Level 5:colcon.colcon_core.verb:set package 'py_pubsub' build argument 'cmake_clean_first' from command line to 'False'
[1.263s] Level 5:colcon.colcon_core.verb:set package 'py_pubsub' build argument 'cmake_force_configure' from command line to 'False'
[1.263s] Level 5:colcon.colcon_core.verb:set package 'py_pubsub' build argument 'ament_cmake_args' from command line to 'None'
[1.263s] Level 5:colcon.colcon_core.verb:set package 'py_pubsub' build argument 'catkin_cmake_args' from command line to 'None'
[1.263s] Level 5:colcon.colcon_core.verb:set package 'py_pubsub' build argument 'catkin_skip_building_tests' from command line to 'False'
[1.263s] DEBUG:colcon.colcon_core.verb:Building package 'py_pubsub' with the following arguments: {'ament_cmake_args': None, 'build_base': '/home/parallels/ros2_ws/build/py_pubsub', 'catkin_cmake_args': None, 'catkin_skip_building_tests': False, 'cmake_args': None, 'cmake_clean_cache': False, 'cmake_clean_first': False, 'cmake_force_configure': False, 'cmake_target': None, 'cmake_target_skip_unavailable': False, 'install_base': '/home/parallels/ros2_ws/install/py_pubsub', 'merge_install': False, 'path': '/home/parallels/ros2_ws/src/py_pubsub', 'symlink_install': False, 'test_result_base': None}
[1.271s] Level 5:colcon.colcon_core.verb:set package 'py_srvcli' build argument 'cmake_args' from command line to 'None'
[1.271s] Level 5:colcon.colcon_core.verb:set package 'py_srvcli' build argument 'cmake_target' from command line to 'None'
[1.271s] Level 5:colcon.colcon_core.verb:set package 'py_srvcli' build argument 'cmake_target_skip_unavailable' from command line to 'False'
[1.271s] Level 5:colcon.colcon_core.verb:set package 'py_srvcli' build argument 'cmake_clean_cache' from command line to 'False'
[1.271s] Level 5:colcon.colcon_core.verb:set package 'py_srvcli' build argument 'cmake_clean_first' from command line to 'False'
[1.271s] Level 5:colcon.colcon_core.verb:set package 'py_srvcli' build argument 'cmake_force_configure' from command line to 'False'
[1.271s] Level 5:colcon.colcon_core.verb:set package 'py_srvcli' build argument 'ament_cmake_args' from command line to 'None'
[1.271s] Level 5:colcon.colcon_core.verb:set package 'py_srvcli' build argument 'catkin_cmake_args' from command line to 'None'
[1.271s] Level 5:colcon.colcon_core.verb:set package 'py_srvcli' build argument 'catkin_skip_building_tests' from command line to 'False'
[1.271s] DEBUG:colcon.colcon_core.verb:Building package 'py_srvcli' with the following arguments: {'ament_cmake_args': None, 'build_base': '/home/parallels/ros2_ws/build/py_srvcli', 'catkin_cmake_args': None, 'catkin_skip_building_tests': False, 'cmake_args': None, 'cmake_clean_cache': False, 'cmake_clean_first': False, 'cmake_force_configure': False, 'cmake_target': None, 'cmake_target_skip_unavailable': False, 'install_base': '/home/parallels/ros2_ws/install/py_srvcli', 'merge_install': False, 'path': '/home/parallels/ros2_ws/src/py_srvcli', 'symlink_install': False, 'test_result_base': None}
[1.280s] INFO:colcon.colcon_core.executor:Executing jobs using 'parallel' executor
[1.289s] DEBUG:colcon.colcon_parallel_executor.executor.parallel:run_until_complete
[1.289s] INFO:colcon.colcon_ros.task.ament_cmake.build:Building ROS package in '/home/parallels/ros2_ws/src/cpp_pubsub' with build type 'ament_cmake'
[1.289s] INFO:colcon.colcon_cmake.task.cmake.build:Building CMake package in '/home/parallels/ros2_ws/src/cpp_pubsub'
[1.307s] INFO:colcon.colcon_core.plugin_system:Skipping extension 'colcon_core.shell.bat': Not used on non-Windows systems
[1.307s] INFO:colcon.colcon_core.shell:Skip shell extension 'powershell' for command environment: Not usable outside of PowerShell
[1.307s] DEBUG:colcon.colcon_core.shell:Skip shell extension 'dsv' for command environment
[1.329s] INFO:colcon.colcon_ros.task.ament_cmake.build:Building ROS package in '/home/parallels/ros2_ws/src/cpp_srvcli' with build type 'ament_cmake'
[1.329s] INFO:colcon.colcon_cmake.task.cmake.build:Building CMake package in '/home/parallels/ros2_ws/src/cpp_srvcli'
[1.339s] INFO:colcon.colcon_core.shell:Skip shell extension 'powershell' for command environment: Not usable outside of PowerShell
[1.339s] DEBUG:colcon.colcon_core.shell:Skip shell extension 'dsv' for command environment
[1.362s] DEBUG:colcon.colcon_core.event_handler.log_command:Invoking command in '/home/parallels/ros2_ws/build/cpp_pubsub': CMAKE_PREFIX_PATH=/opt/ros/humble /usr/bin/cmake --build /home/parallels/ros2_ws/build/cpp_pubsub -- -j2 -l2
[1.368s] DEBUG:colcon.colcon_core.event_handler.log_command:Invoking command in '/home/parallels/ros2_ws/build/cpp_srvcli': CMAKE_PREFIX_PATH=/opt/ros/humble /usr/bin/cmake --build /home/parallels/ros2_ws/build/cpp_srvcli -- -j2 -l2
[1.602s] DEBUG:colcon.colcon_core.event_handler.log_command:Invoked command in '/home/parallels/ros2_ws/build/cpp_srvcli' returned '0': CMAKE_PREFIX_PATH=/opt/ros/humble /usr/bin/cmake --build /home/parallels/ros2_ws/build/cpp_srvcli -- -j2 -l2
[1.639s] DEBUG:colcon.colcon_core.event_handler.log_command:Invoking command in '/home/parallels/ros2_ws/build/cpp_srvcli': CMAKE_PREFIX_PATH=/opt/ros/humble /usr/bin/cmake --install /home/parallels/ros2_ws/build/cpp_srvcli
[1.640s] DEBUG:colcon.colcon_core.event_handler.log_command:Invoked command in '/home/parallels/ros2_ws/build/cpp_pubsub' returned '0': CMAKE_PREFIX_PATH=/opt/ros/humble /usr/bin/cmake --build /home/parallels/ros2_ws/build/cpp_pubsub -- -j2 -l2
[1.660s] DEBUG:colcon.colcon_core.event_handler.log_command:Invoking command in '/home/parallels/ros2_ws/build/cpp_pubsub': CMAKE_PREFIX_PATH=/opt/ros/humble /usr/bin/cmake --install /home/parallels/ros2_ws/build/cpp_pubsub
[1.662s] Level 1:colcon.colcon_core.environment:create_environment_scripts_only(cpp_srvcli)
[1.663s] DEBUG:colcon.colcon_core.event_handler.log_command:Invoked command in '/home/parallels/ros2_ws/build/cpp_srvcli' returned '0': CMAKE_PREFIX_PATH=/opt/ros/humble /usr/bin/cmake --install /home/parallels/ros2_ws/build/cpp_srvcli
[1.688s] Level 1:colcon.colcon_core.environment:checking '/home/parallels/ros2_ws/install/cpp_srvcli' for CMake module files
[1.689s] Level 1:colcon.colcon_core.environment:checking '/home/parallels/ros2_ws/install/cpp_srvcli' for CMake config files
[1.689s] Level 1:colcon.colcon_core.shell:create_environment_hook('cpp_srvcli', 'cmake_prefix_path')
[1.699s] INFO:colcon.colcon_core.shell:Creating environment hook '/home/parallels/ros2_ws/install/cpp_srvcli/share/cpp_srvcli/hook/cmake_prefix_path.ps1'
[1.700s] INFO:colcon.colcon_core.shell:Creating environment descriptor '/home/parallels/ros2_ws/install/cpp_srvcli/share/cpp_srvcli/hook/cmake_prefix_path.dsv'
[1.700s] INFO:colcon.colcon_core.shell:Creating environment hook '/home/parallels/ros2_ws/install/cpp_srvcli/share/cpp_srvcli/hook/cmake_prefix_path.sh'
[1.701s] Level 1:colcon.colcon_core.environment:checking '/home/parallels/ros2_ws/install/cpp_srvcli/lib'
[1.701s] Level 1:colcon.colcon_core.environment:checking '/home/parallels/ros2_ws/install/cpp_srvcli/bin'
[1.701s] Level 1:colcon.colcon_core.environment:checking '/home/parallels/ros2_ws/install/cpp_srvcli/lib/pkgconfig/cpp_srvcli.pc'
[1.702s] Level 1:colcon.colcon_core.environment:checking '/home/parallels/ros2_ws/install/cpp_srvcli/lib/python3.10/site-packages'
[1.702s] Level 1:colcon.colcon_core.environment:checking '/home/parallels/ros2_ws/install/cpp_srvcli/bin'
[1.719s] INFO:colcon.colcon_core.shell:Creating package script '/home/parallels/ros2_ws/install/cpp_srvcli/share/cpp_srvcli/package.ps1'
[1.720s] INFO:colcon.colcon_core.shell:Creating package descriptor '/home/parallels/ros2_ws/install/cpp_srvcli/share/cpp_srvcli/package.dsv'
[1.721s] INFO:colcon.colcon_core.shell:Creating package script '/home/parallels/ros2_ws/install/cpp_srvcli/share/cpp_srvcli/package.sh'
[1.722s] INFO:colcon.colcon_core.shell:Creating package script '/home/parallels/ros2_ws/install/cpp_srvcli/share/cpp_srvcli/package.bash'
[1.723s] INFO:colcon.colcon_core.shell:Creating package script '/home/parallels/ros2_ws/install/cpp_srvcli/share/cpp_srvcli/package.zsh'
[1.724s] Level 1:colcon.colcon_core.environment:create_file_with_runtime_dependencies(/home/parallels/ros2_ws/install/cpp_srvcli/share/colcon-core/packages/cpp_srvcli)
[1.725s] Level 1:colcon.colcon_core.environment:create_environment_scripts_only(cpp_pubsub)
[1.725s] DEBUG:colcon.colcon_core.event_handler.log_command:Invoked command in '/home/parallels/ros2_ws/build/cpp_pubsub' returned '0': CMAKE_PREFIX_PATH=/opt/ros/humble /usr/bin/cmake --install /home/parallels/ros2_ws/build/cpp_pubsub
[1.734s] Level 1:colcon.colcon_core.environment:checking '/home/parallels/ros2_ws/install/cpp_pubsub' for CMake module files
[1.735s] Level 1:colcon.colcon_core.environment:checking '/home/parallels/ros2_ws/install/cpp_pubsub' for CMake config files
[1.736s] Level 1:colcon.colcon_core.shell:create_environment_hook('cpp_pubsub', 'cmake_prefix_path')
[1.746s] INFO:colcon.colcon_core.shell:Creating environment hook '/home/parallels/ros2_ws/install/cpp_pubsub/share/cpp_pubsub/hook/cmake_prefix_path.ps1'
[1.746s] INFO:colcon.colcon_core.shell:Creating environment descriptor '/home/parallels/ros2_ws/install/cpp_pubsub/share/cpp_pubsub/hook/cmake_prefix_path.dsv'
[1.746s] INFO:colcon.colcon_core.shell:Creating environment hook '/home/parallels/ros2_ws/install/cpp_pubsub/share/cpp_pubsub/hook/cmake_prefix_path.sh'
[1.746s] Level 1:colcon.colcon_core.environment:checking '/home/parallels/ros2_ws/install/cpp_pubsub/lib'
[1.746s] Level 1:colcon.colcon_core.shell:create_environment_hook('cpp_pubsub', 'ld_library_path_lib')
[1.755s] INFO:colcon.colcon_core.shell:Creating environment hook '/home/parallels/ros2_ws/install/cpp_pubsub/share/cpp_pubsub/hook/ld_library_path_lib.ps1'
[1.755s] INFO:colcon.colcon_core.shell:Creating environment descriptor '/home/parallels/ros2_ws/install/cpp_pubsub/share/cpp_pubsub/hook/ld_library_path_lib.dsv'
[1.755s] INFO:colcon.colcon_core.shell:Creating environment hook '/home/parallels/ros2_ws/install/cpp_pubsub/share/cpp_pubsub/hook/ld_library_path_lib.sh'
[1.756s] Level 1:colcon.colcon_core.environment:checking '/home/parallels/ros2_ws/install/cpp_pubsub/bin'
[1.756s] Level 1:colcon.colcon_core.environment:checking '/home/parallels/ros2_ws/install/cpp_pubsub/lib/pkgconfig/cpp_pubsub.pc'
[1.756s] Level 1:colcon.colcon_core.environment:checking '/home/parallels/ros2_ws/install/cpp_pubsub/lib/python3.10/site-packages'
[1.756s] Level 1:colcon.colcon_core.environment:checking '/home/parallels/ros2_ws/install/cpp_pubsub/bin'
[1.765s] INFO:colcon.colcon_core.shell:Creating package script '/home/parallels/ros2_ws/install/cpp_pubsub/share/cpp_pubsub/package.ps1'
[1.765s] INFO:colcon.colcon_core.shell:Creating package descriptor '/home/parallels/ros2_ws/install/cpp_pubsub/share/cpp_pubsub/package.dsv'
[1.765s] INFO:colcon.colcon_core.shell:Creating package script '/home/parallels/ros2_ws/install/cpp_pubsub/share/cpp_pubsub/package.sh'
[1.765s] INFO:colcon.colcon_core.shell:Creating package script '/home/parallels/ros2_ws/install/cpp_pubsub/share/cpp_pubsub/package.bash'
[1.765s] INFO:colcon.colcon_core.shell:Creating package script '/home/parallels/ros2_ws/install/cpp_pubsub/share/cpp_pubsub/package.zsh'
[1.766s] Level 1:colcon.colcon_core.environment:create_file_with_runtime_dependencies(/home/parallels/ros2_ws/install/cpp_pubsub/share/colcon-core/packages/cpp_pubsub)
[1.775s] Level 1:colcon.colcon_core.environment:create_environment_scripts_only(cpp_srvcli)
[1.784s] Level 1:colcon.colcon_core.environment:checking '/home/parallels/ros2_ws/install/cpp_srvcli' for CMake module files
[1.785s] Level 1:colcon.colcon_core.environment:checking '/home/parallels/ros2_ws/install/cpp_srvcli' for CMake config files
[1.785s] Level 1:colcon.colcon_core.shell:create_environment_hook('cpp_srvcli', 'cmake_prefix_path')
[1.793s] INFO:colcon.colcon_core.shell:Creating environment hook '/home/parallels/ros2_ws/install/cpp_srvcli/share/cpp_srvcli/hook/cmake_prefix_path.ps1'
[1.793s] INFO:colcon.colcon_core.shell:Creating environment descriptor '/home/parallels/ros2_ws/install/cpp_srvcli/share/cpp_srvcli/hook/cmake_prefix_path.dsv'
[1.794s] INFO:colcon.colcon_core.shell:Creating environment hook '/home/parallels/ros2_ws/install/cpp_srvcli/share/cpp_srvcli/hook/cmake_prefix_path.sh'
[1.794s] Level 1:colcon.colcon_core.environment:checking '/home/parallels/ros2_ws/install/cpp_srvcli/lib'
[1.794s] Level 1:colcon.colcon_core.environment:checking '/home/parallels/ros2_ws/install/cpp_srvcli/bin'
[1.794s] Level 1:colcon.colcon_core.environment:checking '/home/parallels/ros2_ws/install/cpp_srvcli/lib/pkgconfig/cpp_srvcli.pc'
[1.794s] Level 1:colcon.colcon_core.environment:checking '/home/parallels/ros2_ws/install/cpp_srvcli/lib/python3.10/site-packages'
[1.794s] Level 1:colcon.colcon_core.environment:checking '/home/parallels/ros2_ws/install/cpp_srvcli/bin'
[1.805s] INFO:colcon.colcon_core.shell:Creating package script '/home/parallels/ros2_ws/install/cpp_srvcli/share/cpp_srvcli/package.ps1'
[1.806s] INFO:colcon.colcon_core.shell:Creating package descriptor '/home/parallels/ros2_ws/install/cpp_srvcli/share/cpp_srvcli/package.dsv'
[1.806s] INFO:colcon.colcon_core.shell:Creating package script '/home/parallels/ros2_ws/install/cpp_srvcli/share/cpp_srvcli/package.sh'
[1.806s] INFO:colcon.colcon_core.shell:Creating package script '/home/parallels/ros2_ws/install/cpp_srvcli/share/cpp_srvcli/package.bash'
[1.806s] INFO:colcon.colcon_core.shell:Creating package script '/home/parallels/ros2_ws/install/cpp_srvcli/share/cpp_srvcli/package.zsh'
[1.807s] Level 1:colcon.colcon_core.environment:create_file_with_runtime_dependencies(/home/parallels/ros2_ws/install/cpp_srvcli/share/colcon-core/packages/cpp_srvcli)
[1.807s] INFO:colcon.colcon_ros.task.ament_cmake.build:Building ROS package in '/home/parallels/ros2_ws/src/custom_interfaces' with build type 'ament_cmake'
[1.807s] INFO:colcon.colcon_cmake.task.cmake.build:Building CMake package in '/home/parallels/ros2_ws/src/custom_interfaces'
[1.817s] INFO:colcon.colcon_core.shell:Skip shell extension 'powershell' for command environment: Not usable outside of PowerShell
[1.817s] DEBUG:colcon.colcon_core.shell:Skip shell extension 'dsv' for command environment
[1.847s] Level 1:colcon.colcon_core.environment:create_environment_scripts_only(cpp_pubsub)
[1.855s] Level 1:colcon.colcon_core.environment:checking '/home/parallels/ros2_ws/install/cpp_pubsub' for CMake module files
[1.856s] Level 1:colcon.colcon_core.environment:checking '/home/parallels/ros2_ws/install/cpp_pubsub' for CMake config files
[1.856s] Level 1:colcon.colcon_core.shell:create_environment_hook('cpp_pubsub', 'cmake_prefix_path')
[1.865s] INFO:colcon.colcon_core.shell:Creating environment hook '/home/parallels/ros2_ws/install/cpp_pubsub/share/cpp_pubsub/hook/cmake_prefix_path.ps1'
[1.866s] INFO:colcon.colcon_core.shell:Creating environment descriptor '/home/parallels/ros2_ws/install/cpp_pubsub/share/cpp_pubsub/hook/cmake_prefix_path.dsv'
[1.866s] INFO:colcon.colcon_core.shell:Creating environment hook '/home/parallels/ros2_ws/install/cpp_pubsub/share/cpp_pubsub/hook/cmake_prefix_path.sh'
[1.866s] Level 1:colcon.colcon_core.environment:checking '/home/parallels/ros2_ws/install/cpp_pubsub/lib'
[1.866s] Level 1:colcon.colcon_core.shell:create_environment_hook('cpp_pubsub', 'ld_library_path_lib')
[1.874s] INFO:colcon.colcon_core.shell:Creating environment hook '/home/parallels/ros2_ws/install/cpp_pubsub/share/cpp_pubsub/hook/ld_library_path_lib.ps1'
[1.875s] INFO:colcon.colcon_core.shell:Creating environment descriptor '/home/parallels/ros2_ws/install/cpp_pubsub/share/cpp_pubsub/hook/ld_library_path_lib.dsv'
[1.875s] INFO:colcon.colcon_core.shell:Creating environment hook '/home/parallels/ros2_ws/install/cpp_pubsub/share/cpp_pubsub/hook/ld_library_path_lib.sh'
[1.875s] Level 1:colcon.colcon_core.environment:checking '/home/parallels/ros2_ws/install/cpp_pubsub/bin'
[1.875s] Level 1:colcon.colcon_core.environment:checking '/home/parallels/ros2_ws/install/cpp_pubsub/lib/pkgconfig/cpp_pubsub.pc'
[1.875s] Level 1:colcon.colcon_core.environment:checking '/home/parallels/ros2_ws/install/cpp_pubsub/lib/python3.10/site-packages'
[1.876s] Level 1:colcon.colcon_core.environment:checking '/home/parallels/ros2_ws/install/cpp_pubsub/bin'
[1.884s] INFO:colcon.colcon_core.shell:Creating package script '/home/parallels/ros2_ws/install/cpp_pubsub/share/cpp_pubsub/package.ps1'
[1.884s] INFO:colcon.colcon_core.shell:Creating package descriptor '/home/parallels/ros2_ws/install/cpp_pubsub/share/cpp_pubsub/package.dsv'
[1.884s] INFO:colcon.colcon_core.shell:Creating package script '/home/parallels/ros2_ws/install/cpp_pubsub/share/cpp_pubsub/package.sh'
[1.885s] INFO:colcon.colcon_core.shell:Creating package script '/home/parallels/ros2_ws/install/cpp_pubsub/share/cpp_pubsub/package.bash'
[1.885s] INFO:colcon.colcon_core.shell:Creating package script '/home/parallels/ros2_ws/install/cpp_pubsub/share/cpp_pubsub/package.zsh'
[1.885s] Level 1:colcon.colcon_core.environment:create_file_with_runtime_dependencies(/home/parallels/ros2_ws/install/cpp_pubsub/share/colcon-core/packages/cpp_pubsub)
[1.886s] INFO:colcon.colcon_ros.task.ament_python.build:Building ROS package in '/home/parallels/ros2_ws/src/opencv_tools' with build type 'ament_python'
[1.886s] Level 1:colcon.colcon_core.shell:create_environment_hook('opencv_tools', 'ament_prefix_path')
[1.894s] INFO:colcon.colcon_core.shell:Creating environment hook '/home/parallels/ros2_ws/install/opencv_tools/share/opencv_tools/hook/ament_prefix_path.ps1'
[1.895s] INFO:colcon.colcon_core.shell:Creating environment descriptor '/home/parallels/ros2_ws/install/opencv_tools/share/opencv_tools/hook/ament_prefix_path.dsv'
[1.895s] INFO:colcon.colcon_core.shell:Creating environment hook '/home/parallels/ros2_ws/install/opencv_tools/share/opencv_tools/hook/ament_prefix_path.sh'
[1.905s] INFO:colcon.colcon_core.shell:Skip shell extension 'powershell' for command environment: Not usable outside of PowerShell
[1.905s] DEBUG:colcon.colcon_core.shell:Skip shell extension 'dsv' for command environment
[1.927s] DEBUG:colcon.colcon_core.event_handler.log_command:Invoking command in '/home/parallels/ros2_ws/build/custom_interfaces': CMAKE_PREFIX_PATH=/opt/ros/humble /usr/bin/cmake --build /home/parallels/ros2_ws/build/custom_interfaces -- -j2 -l2
[2.389s] INFO:colcon.colcon_core.task.python.build:Building Python package in '/home/parallels/ros2_ws/src/opencv_tools'
[2.410s] INFO:colcon.colcon_core.shell:Skip shell extension 'powershell' for command environment: Not usable outside of PowerShell
[2.414s] DEBUG:colcon.colcon_core.shell:Skip shell extension 'dsv' for command environment
[2.839s] DEBUG:colcon.colcon_core.event_handler.log_command:Invoked command in '/home/parallels/ros2_ws/build/custom_interfaces' returned '0': CMAKE_PREFIX_PATH=/opt/ros/humble /usr/bin/cmake --build /home/parallels/ros2_ws/build/custom_interfaces -- -j2 -l2
[2.961s] DEBUG:colcon.colcon_core.event_handler.log_command:Invoking command in '/home/parallels/ros2_ws/src/opencv_tools': PYTHONPATH=/home/parallels/ros2_ws/build/opencv_tools/prefix_override:/home/parallels/ros2_ws/install/opencv_tools/lib/python3.10/site-packages:${PYTHONPATH} /usr/bin/python3 setup.py egg_info --egg-base ../../build/opencv_tools build --build-base /home/parallels/ros2_ws/build/opencv_tools/build install --record /home/parallels/ros2_ws/build/opencv_tools/install.log --single-version-externally-managed
[3.228s] DEBUG:colcon.colcon_core.event_handler.log_command:Invoked command in '/home/parallels/ros2_ws/src/opencv_tools' returned '0': PYTHONPATH=/home/parallels/ros2_ws/build/opencv_tools/prefix_override:/home/parallels/ros2_ws/install/opencv_tools/lib/python3.10/site-packages:${PYTHONPATH} /usr/bin/python3 setup.py egg_info --egg-base ../../build/opencv_tools build --build-base /home/parallels/ros2_ws/build/opencv_tools/build install --record /home/parallels/ros2_ws/build/opencv_tools/install.log --single-version-externally-managed
[3.243s] Level 1:colcon.colcon_core.environment:checking '/home/parallels/ros2_ws/install/opencv_tools' for CMake module files
[3.244s] Level 1:colcon.colcon_core.environment:checking '/home/parallels/ros2_ws/install/opencv_tools' for CMake config files
[3.247s] Level 1:colcon.colcon_core.environment:checking '/home/parallels/ros2_ws/install/opencv_tools/lib'
[3.248s] Level 1:colcon.colcon_core.environment:checking '/home/parallels/ros2_ws/install/opencv_tools/bin'
[3.249s] Level 1:colcon.colcon_core.environment:checking '/home/parallels/ros2_ws/install/opencv_tools/lib/pkgconfig/opencv_tools.pc'
[3.249s] Level 1:colcon.colcon_core.environment:checking '/home/parallels/ros2_ws/install/opencv_tools/lib/python3.10/site-packages'
[3.249s] Level 1:colcon.colcon_core.shell:create_environment_hook('opencv_tools', 'pythonpath')
[3.263s] INFO:colcon.colcon_core.shell:Creating environment hook '/home/parallels/ros2_ws/install/opencv_tools/share/opencv_tools/hook/pythonpath.ps1'
[3.263s] INFO:colcon.colcon_core.shell:Creating environment descriptor '/home/parallels/ros2_ws/install/opencv_tools/share/opencv_tools/hook/pythonpath.dsv'
[3.264s] INFO:colcon.colcon_core.shell:Creating environment hook '/home/parallels/ros2_ws/install/opencv_tools/share/opencv_tools/hook/pythonpath.sh'
[3.264s] Level 1:colcon.colcon_core.environment:checking '/home/parallels/ros2_ws/install/opencv_tools/bin'
[3.264s] Level 1:colcon.colcon_core.environment:create_environment_scripts_only(opencv_tools)
[3.275s] INFO:colcon.colcon_core.shell:Creating package script '/home/parallels/ros2_ws/install/opencv_tools/share/opencv_tools/package.ps1'
[3.275s] INFO:colcon.colcon_core.shell:Creating package descriptor '/home/parallels/ros2_ws/install/opencv_tools/share/opencv_tools/package.dsv'
[3.275s] INFO:colcon.colcon_core.shell:Creating package script '/home/parallels/ros2_ws/install/opencv_tools/share/opencv_tools/package.sh'
[3.276s] INFO:colcon.colcon_core.shell:Creating package script '/home/parallels/ros2_ws/install/opencv_tools/share/opencv_tools/package.bash'
[3.276s] INFO:colcon.colcon_core.shell:Creating package script '/home/parallels/ros2_ws/install/opencv_tools/share/opencv_tools/package.zsh'
[3.276s] Level 1:colcon.colcon_core.environment:create_file_with_runtime_dependencies(/home/parallels/ros2_ws/install/opencv_tools/share/colcon-core/packages/opencv_tools)
[3.278s] INFO:colcon.colcon_ros.task.ament_python.build:Building ROS package in '/home/parallels/ros2_ws/src/py_pubsub' with build type 'ament_python'
[3.278s] Level 1:colcon.colcon_core.shell:create_environment_hook('py_pubsub', 'ament_prefix_path')
[3.290s] INFO:colcon.colcon_core.shell:Creating environment hook '/home/parallels/ros2_ws/install/py_pubsub/share/py_pubsub/hook/ament_prefix_path.ps1'
[3.292s] INFO:colcon.colcon_core.shell:Creating environment descriptor '/home/parallels/ros2_ws/install/py_pubsub/share/py_pubsub/hook/ament_prefix_path.dsv'
[3.292s] INFO:colcon.colcon_core.shell:Creating environment hook '/home/parallels/ros2_ws/install/py_pubsub/share/py_pubsub/hook/ament_prefix_path.sh'
[3.303s] INFO:colcon.colcon_core.shell:Skip shell extension 'powershell' for command environment: Not usable outside of PowerShell
[3.303s] DEBUG:colcon.colcon_core.shell:Skip shell extension 'dsv' for command environment
[3.575s] INFO:colcon.colcon_core.task.python.build:Building Python package in '/home/parallels/ros2_ws/src/py_pubsub'
[3.584s] INFO:colcon.colcon_core.shell:Skip shell extension 'powershell' for command environment: Not usable outside of PowerShell
[3.584s] DEBUG:colcon.colcon_core.shell:Skip shell extension 'dsv' for command environment
[3.904s] DEBUG:colcon.colcon_core.event_handler.log_command:Invoking command in '/home/parallels/ros2_ws/src/py_pubsub': PYTHONPATH=/home/parallels/ros2_ws/build/py_pubsub/prefix_override:/home/parallels/ros2_ws/install/py_pubsub/lib/python3.10/site-packages:${PYTHONPATH} /usr/bin/python3 setup.py egg_info --egg-base ../../build/py_pubsub build --build-base /home/parallels/ros2_ws/build/py_pubsub/build install --record /home/parallels/ros2_ws/build/py_pubsub/install.log --single-version-externally-managed
[4.108s] DEBUG:colcon.colcon_core.event_handler.log_command:Invoking command in '/home/parallels/ros2_ws/build/custom_interfaces': CMAKE_PREFIX_PATH=/opt/ros/humble /usr/bin/cmake --install /home/parallels/ros2_ws/build/custom_interfaces
[4.285s] DEBUG:colcon.colcon_core.event_handler.log_command:Invoked command in '/home/parallels/ros2_ws/src/py_pubsub' returned '0': PYTHONPATH=/home/parallels/ros2_ws/build/py_pubsub/prefix_override:/home/parallels/ros2_ws/install/py_pubsub/lib/python3.10/site-packages:${PYTHONPATH} /usr/bin/python3 setup.py egg_info --egg-base ../../build/py_pubsub build --build-base /home/parallels/ros2_ws/build/py_pubsub/build install --record /home/parallels/ros2_ws/build/py_pubsub/install.log --single-version-externally-managed
[4.300s] Level 1:colcon.colcon_core.environment:checking '/home/parallels/ros2_ws/install/py_pubsub' for CMake module files
[4.300s] Level 1:colcon.colcon_core.environment:checking '/home/parallels/ros2_ws/install/py_pubsub' for CMake config files
[4.301s] Level 1:colcon.colcon_core.environment:checking '/home/parallels/ros2_ws/install/py_pubsub/lib'
[4.301s] Level 1:colcon.colcon_core.environment:checking '/home/parallels/ros2_ws/install/py_pubsub/bin'
[4.301s] Level 1:colcon.colcon_core.environment:checking '/home/parallels/ros2_ws/install/py_pubsub/lib/pkgconfig/py_pubsub.pc'
[4.302s] Level 1:colcon.colcon_core.environment:checking '/home/parallels/ros2_ws/install/py_pubsub/lib/python3.10/site-packages'
[4.302s] Level 1:colcon.colcon_core.shell:create_environment_hook('py_pubsub', 'pythonpath')
[4.345s] INFO:colcon.colcon_core.shell:Creating environment hook '/home/parallels/ros2_ws/install/py_pubsub/share/py_pubsub/hook/pythonpath.ps1'
[4.349s] INFO:colcon.colcon_core.shell:Creating environment descriptor '/home/parallels/ros2_ws/install/py_pubsub/share/py_pubsub/hook/pythonpath.dsv'
[4.349s] INFO:colcon.colcon_core.shell:Creating environment hook '/home/parallels/ros2_ws/install/py_pubsub/share/py_pubsub/hook/pythonpath.sh'
[4.350s] Level 1:colcon.colcon_core.environment:checking '/home/parallels/ros2_ws/install/py_pubsub/bin'
[4.350s] Level 1:colcon.colcon_core.environment:create_environment_scripts_only(py_pubsub)
[4.361s] INFO:colcon.colcon_core.shell:Creating package script '/home/parallels/ros2_ws/install/py_pubsub/share/py_pubsub/package.ps1'
[4.362s] INFO:colcon.colcon_core.shell:Creating package descriptor '/home/parallels/ros2_ws/install/py_pubsub/share/py_pubsub/package.dsv'
[4.362s] INFO:colcon.colcon_core.shell:Creating package script '/home/parallels/ros2_ws/install/py_pubsub/share/py_pubsub/package.sh'
[4.362s] INFO:colcon.colcon_core.shell:Creating package script '/home/parallels/ros2_ws/install/py_pubsub/share/py_pubsub/package.bash'
[4.363s] INFO:colcon.colcon_core.shell:Creating package script '/home/parallels/ros2_ws/install/py_pubsub/share/py_pubsub/package.zsh'
[4.363s] Level 1:colcon.colcon_core.environment:create_file_with_runtime_dependencies(/home/parallels/ros2_ws/install/py_pubsub/share/colcon-core/packages/py_pubsub)
[4.363s] INFO:colcon.colcon_ros.task.ament_python.build:Building ROS package in '/home/parallels/ros2_ws/src/py_srvcli' with build type 'ament_python'
[4.364s] Level 1:colcon.colcon_core.shell:create_environment_hook('py_srvcli', 'ament_prefix_path')
[4.382s] INFO:colcon.colcon_core.shell:Creating environment hook '/home/parallels/ros2_ws/install/py_srvcli/share/py_srvcli/hook/ament_prefix_path.ps1'
[4.385s] INFO:colcon.colcon_core.shell:Creating environment descriptor '/home/parallels/ros2_ws/install/py_srvcli/share/py_srvcli/hook/ament_prefix_path.dsv'
[4.385s] INFO:colcon.colcon_core.shell:Creating environment hook '/home/parallels/ros2_ws/install/py_srvcli/share/py_srvcli/hook/ament_prefix_path.sh'
[4.399s] INFO:colcon.colcon_core.shell:Skip shell extension 'powershell' for command environment: Not usable outside of PowerShell
[4.399s] DEBUG:colcon.colcon_core.shell:Skip shell extension 'dsv' for command environment
[4.421s] Level 1:colcon.colcon_core.environment:create_environment_scripts_only(custom_interfaces)
[4.423s] DEBUG:colcon.colcon_core.event_handler.log_command:Invoked command in '/home/parallels/ros2_ws/build/custom_interfaces' returned '0': CMAKE_PREFIX_PATH=/opt/ros/humble /usr/bin/cmake --install /home/parallels/ros2_ws/build/custom_interfaces
[4.432s] Level 1:colcon.colcon_core.environment:checking '/home/parallels/ros2_ws/install/custom_interfaces' for CMake module files
[4.433s] Level 1:colcon.colcon_core.environment:checking '/home/parallels/ros2_ws/install/custom_interfaces' for CMake config files
[4.434s] Level 1:colcon.colcon_core.shell:create_environment_hook('custom_interfaces', 'cmake_prefix_path')
[4.442s] INFO:colcon.colcon_core.shell:Creating environment hook '/home/parallels/ros2_ws/install/custom_interfaces/share/custom_interfaces/hook/cmake_prefix_path.ps1'
[4.443s] INFO:colcon.colcon_core.shell:Creating environment descriptor '/home/parallels/ros2_ws/install/custom_interfaces/share/custom_interfaces/hook/cmake_prefix_path.dsv'
[4.443s] INFO:colcon.colcon_core.shell:Creating environment hook '/home/parallels/ros2_ws/install/custom_interfaces/share/custom_interfaces/hook/cmake_prefix_path.sh'
[4.443s] Level 1:colcon.colcon_core.environment:checking '/home/parallels/ros2_ws/install/custom_interfaces/lib'
[4.443s] Level 1:colcon.colcon_core.shell:create_environment_hook('custom_interfaces', 'ld_library_path_lib')
[4.453s] INFO:colcon.colcon_core.shell:Creating environment hook '/home/parallels/ros2_ws/install/custom_interfaces/share/custom_interfaces/hook/ld_library_path_lib.ps1'
[4.454s] INFO:colcon.colcon_core.shell:Creating environment descriptor '/home/parallels/ros2_ws/install/custom_interfaces/share/custom_interfaces/hook/ld_library_path_lib.dsv'
[4.454s] INFO:colcon.colcon_core.shell:Creating environment hook '/home/parallels/ros2_ws/install/custom_interfaces/share/custom_interfaces/hook/ld_library_path_lib.sh'
[4.454s] Level 1:colcon.colcon_core.environment:checking '/home/parallels/ros2_ws/install/custom_interfaces/bin'
[4.454s] Level 1:colcon.colcon_core.environment:checking '/home/parallels/ros2_ws/install/custom_interfaces/lib/pkgconfig/custom_interfaces.pc'
[4.455s] Level 1:colcon.colcon_core.environment:checking '/home/parallels/ros2_ws/install/custom_interfaces/lib/python3.10/site-packages'
[4.455s] Level 1:colcon.colcon_core.environment:checking '/home/parallels/ros2_ws/install/custom_interfaces/bin'
[4.464s] INFO:colcon.colcon_core.shell:Creating package script '/home/parallels/ros2_ws/install/custom_interfaces/share/custom_interfaces/package.ps1'
[4.464s] INFO:colcon.colcon_core.shell:Creating package descriptor '/home/parallels/ros2_ws/install/custom_interfaces/share/custom_interfaces/package.dsv'
[4.464s] INFO:colcon.colcon_core.shell:Creating package script '/home/parallels/ros2_ws/install/custom_interfaces/share/custom_interfaces/package.sh'
[4.465s] INFO:colcon.colcon_core.shell:Creating package script '/home/parallels/ros2_ws/install/custom_interfaces/share/custom_interfaces/package.bash'
[4.465s] INFO:colcon.colcon_core.shell:Creating package script '/home/parallels/ros2_ws/install/custom_interfaces/share/custom_interfaces/package.zsh'
[4.465s] Level 1:colcon.colcon_core.environment:create_file_with_runtime_dependencies(/home/parallels/ros2_ws/install/custom_interfaces/share/colcon-core/packages/custom_interfaces)
[4.830s] INFO:colcon.colcon_core.task.python.build:Building Python package in '/home/parallels/ros2_ws/src/py_srvcli'
[4.845s] INFO:colcon.colcon_core.shell:Skip shell extension 'powershell' for command environment: Not usable outside of PowerShell
[4.846s] DEBUG:colcon.colcon_core.shell:Skip shell extension 'dsv' for command environment
[5.285s] DEBUG:colcon.colcon_core.event_handler.log_command:Invoking command in '/home/parallels/ros2_ws/src/py_srvcli': PYTHONPATH=/home/parallels/ros2_ws/build/py_srvcli/prefix_override:/home/parallels/ros2_ws/install/py_srvcli/lib/python3.10/site-packages:${PYTHONPATH} /usr/bin/python3 setup.py egg_info --egg-base ../../build/py_srvcli build --build-base /home/parallels/ros2_ws/build/py_srvcli/build install --record /home/parallels/ros2_ws/build/py_srvcli/install.log --single-version-externally-managed
[5.456s] Level 1:colcon.colcon_core.environment:create_environment_scripts_only(custom_interfaces)
[5.465s] Level 1:colcon.colcon_core.environment:checking '/home/parallels/ros2_ws/install/custom_interfaces' for CMake module files
[5.466s] Level 1:colcon.colcon_core.environment:checking '/home/parallels/ros2_ws/install/custom_interfaces' for CMake config files
[5.466s] Level 1:colcon.colcon_core.shell:create_environment_hook('custom_interfaces', 'cmake_prefix_path')
[5.475s] INFO:colcon.colcon_core.shell:Creating environment hook '/home/parallels/ros2_ws/install/custom_interfaces/share/custom_interfaces/hook/cmake_prefix_path.ps1'
[5.476s] INFO:colcon.colcon_core.shell:Creating environment descriptor '/home/parallels/ros2_ws/install/custom_interfaces/share/custom_interfaces/hook/cmake_prefix_path.dsv'
[5.478s] INFO:colcon.colcon_core.shell:Creating environment hook '/home/parallels/ros2_ws/install/custom_interfaces/share/custom_interfaces/hook/cmake_prefix_path.sh'
[5.479s] Level 1:colcon.colcon_core.environment:checking '/home/parallels/ros2_ws/install/custom_interfaces/lib'
[5.479s] Level 1:colcon.colcon_core.shell:create_environment_hook('custom_interfaces', 'ld_library_path_lib')
[5.489s] INFO:colcon.colcon_core.shell:Creating environment hook '/home/parallels/ros2_ws/install/custom_interfaces/share/custom_interfaces/hook/ld_library_path_lib.ps1'
[5.490s] INFO:colcon.colcon_core.shell:Creating environment descriptor '/home/parallels/ros2_ws/install/custom_interfaces/share/custom_interfaces/hook/ld_library_path_lib.dsv'
[5.490s] INFO:colcon.colcon_core.shell:Creating environment hook '/home/parallels/ros2_ws/install/custom_interfaces/share/custom_interfaces/hook/ld_library_path_lib.sh'
[5.490s] Level 1:colcon.colcon_core.environment:checking '/home/parallels/ros2_ws/install/custom_interfaces/bin'
[5.491s] Level 1:colcon.colcon_core.environment:checking '/home/parallels/ros2_ws/install/custom_interfaces/lib/pkgconfig/custom_interfaces.pc'
[5.491s] Level 1:colcon.colcon_core.environment:checking '/home/parallels/ros2_ws/install/custom_interfaces/lib/python3.10/site-packages'
[5.491s] Level 1:colcon.colcon_core.environment:checking '/home/parallels/ros2_ws/install/custom_interfaces/bin'
[5.500s] INFO:colcon.colcon_core.shell:Creating package script '/home/parallels/ros2_ws/install/custom_interfaces/share/custom_interfaces/package.ps1'
[5.500s] INFO:colcon.colcon_core.shell:Creating package descriptor '/home/parallels/ros2_ws/install/custom_interfaces/share/custom_interfaces/package.dsv'
[5.501s] INFO:colcon.colcon_core.shell:Creating package script '/home/parallels/ros2_ws/install/custom_interfaces/share/custom_interfaces/package.sh'
[5.501s] INFO:colcon.colcon_core.shell:Creating package script '/home/parallels/ros2_ws/install/custom_interfaces/share/custom_interfaces/package.bash'
[5.502s] INFO:colcon.colcon_core.shell:Creating package script '/home/parallels/ros2_ws/install/custom_interfaces/share/custom_interfaces/package.zsh'
[5.503s] Level 1:colcon.colcon_core.environment:create_file_with_runtime_dependencies(/home/parallels/ros2_ws/install/custom_interfaces/share/colcon-core/packages/custom_interfaces)
[5.659s] DEBUG:colcon.colcon_core.event_handler.log_command:Invoked command in '/home/parallels/ros2_ws/src/py_srvcli' returned '0': PYTHONPATH=/home/parallels/ros2_ws/build/py_srvcli/prefix_override:/home/parallels/ros2_ws/install/py_srvcli/lib/python3.10/site-packages:${PYTHONPATH} /usr/bin/python3 setup.py egg_info --egg-base ../../build/py_srvcli build --build-base /home/parallels/ros2_ws/build/py_srvcli/build install --record /home/parallels/ros2_ws/build/py_srvcli/install.log --single-version-externally-managed
[5.665s] Level 1:colcon.colcon_core.environment:checking '/home/parallels/ros2_ws/install/py_srvcli' for CMake module files
[5.666s] Level 1:colcon.colcon_core.environment:checking '/home/parallels/ros2_ws/install/py_srvcli' for CMake config files
[5.666s] Level 1:colcon.colcon_core.environment:checking '/home/parallels/ros2_ws/install/py_srvcli/lib'
[5.666s] Level 1:colcon.colcon_core.environment:checking '/home/parallels/ros2_ws/install/py_srvcli/bin'
[5.666s] Level 1:colcon.colcon_core.environment:checking '/home/parallels/ros2_ws/install/py_srvcli/lib/pkgconfig/py_srvcli.pc'
[5.667s] Level 1:colcon.colcon_core.environment:checking '/home/parallels/ros2_ws/install/py_srvcli/lib/python3.10/site-packages'
[5.667s] Level 1:colcon.colcon_core.shell:create_environment_hook('py_srvcli', 'pythonpath')
[5.675s] INFO:colcon.colcon_core.shell:Creating environment hook '/home/parallels/ros2_ws/install/py_srvcli/share/py_srvcli/hook/pythonpath.ps1'
[5.676s] INFO:colcon.colcon_core.shell:Creating environment descriptor '/home/parallels/ros2_ws/install/py_srvcli/share/py_srvcli/hook/pythonpath.dsv'
[5.676s] INFO:colcon.colcon_core.shell:Creating environment hook '/home/parallels/ros2_ws/install/py_srvcli/share/py_srvcli/hook/pythonpath.sh'
[5.677s] Level 1:colcon.colcon_core.environment:checking '/home/parallels/ros2_ws/install/py_srvcli/bin'
[5.677s] Level 1:colcon.colcon_core.environment:create_environment_scripts_only(py_srvcli)
[5.687s] INFO:colcon.colcon_core.shell:Creating package script '/home/parallels/ros2_ws/install/py_srvcli/share/py_srvcli/package.ps1'
[5.688s] INFO:colcon.colcon_core.shell:Creating package descriptor '/home/parallels/ros2_ws/install/py_srvcli/share/py_srvcli/package.dsv'
[5.688s] INFO:colcon.colcon_core.shell:Creating package script '/home/parallels/ros2_ws/install/py_srvcli/share/py_srvcli/package.sh'
[5.689s] INFO:colcon.colcon_core.shell:Creating package script '/home/parallels/ros2_ws/install/py_srvcli/share/py_srvcli/package.bash'
[5.689s] INFO:colcon.colcon_core.shell:Creating package script '/home/parallels/ros2_ws/install/py_srvcli/share/py_srvcli/package.zsh'
[5.689s] Level 1:colcon.colcon_core.environment:create_file_with_runtime_dependencies(/home/parallels/ros2_ws/install/py_srvcli/share/colcon-core/packages/py_srvcli)
[5.691s] DEBUG:colcon.colcon_parallel_executor.executor.parallel:closing loop
[5.691s] DEBUG:colcon.colcon_parallel_executor.executor.parallel:loop closed
[5.691s] DEBUG:colcon.colcon_parallel_executor.executor.parallel:run_until_complete finished with '0'
[5.691s] DEBUG:colcon.colcon_core.event_reactor:joining thread
[5.723s] INFO:colcon.colcon_core.plugin_system:Skipping extension 'colcon_notification.desktop_notification.terminal_notifier': Not used on non-Darwin systems
[5.723s] INFO:colcon.colcon_core.plugin_system:Skipping extension 'colcon_notification.desktop_notification.win32': Not used on non-Windows systems
[5.723s] INFO:colcon.colcon_notification.desktop_notification:Sending desktop notification using 'notify2'
[5.827s] DEBUG:colcon.colcon_core.event_reactor:joined thread
[5.841s] INFO:colcon.colcon_core.shell:Creating prefix script '/home/parallels/ros2_ws/install/local_setup.ps1'
[5.843s] INFO:colcon.colcon_core.shell:Creating prefix util module '/home/parallels/ros2_ws/install/_local_setup_util_ps1.py'
[5.845s] INFO:colcon.colcon_core.shell:Creating prefix chain script '/home/parallels/ros2_ws/install/setup.ps1'
[5.880s] INFO:colcon.colcon_core.shell:Creating prefix script '/home/parallels/ros2_ws/install/local_setup.sh'
[5.882s] INFO:colcon.colcon_core.shell:Creating prefix util module '/home/parallels/ros2_ws/install/_local_setup_util_sh.py'
[5.883s] INFO:colcon.colcon_core.shell:Creating prefix chain script '/home/parallels/ros2_ws/install/setup.sh'
[5.910s] INFO:colcon.colcon_core.shell:Creating prefix script '/home/parallels/ros2_ws/install/local_setup.bash'
[5.911s] INFO:colcon.colcon_core.shell:Creating prefix chain script '/home/parallels/ros2_ws/install/setup.bash'
[5.930s] INFO:colcon.colcon_core.shell:Creating prefix script '/home/parallels/ros2_ws/install/local_setup.zsh'
[5.930s] INFO:colcon.colcon_core.shell:Creating prefix chain script '/home/parallels/ros2_ws/install/setup.zsh'
