[1.351s] Invoking command in '/home/parallels/ros2_ws/src/opencv_tools': PYTHONPATH=/home/parallels/ros2_ws/build/opencv_tools/prefix_override:/home/parallels/ros2_ws/install/opencv_tools/lib/python3.10/site-packages:${PYTHONPATH} /usr/bin/python3 setup.py egg_info --egg-base ../../build/opencv_tools build --build-base /home/parallels/ros2_ws/build/opencv_tools/build install --record /home/parallels/ros2_ws/build/opencv_tools/install.log --single-version-externally-managed
[1.579s] running egg_info
[1.580s] writing ../../build/opencv_tools/opencv_tools.egg-info/PKG-INFO
[1.581s] writing dependency_links to ../../build/opencv_tools/opencv_tools.egg-info/dependency_links.txt
[1.582s] writing entry points to ../../build/opencv_tools/opencv_tools.egg-info/entry_points.txt
[1.583s] writing requirements to ../../build/opencv_tools/opencv_tools.egg-info/requires.txt
[1.584s] writing top-level names to ../../build/opencv_tools/opencv_tools.egg-info/top_level.txt
[1.586s] reading manifest file '../../build/opencv_tools/opencv_tools.egg-info/SOURCES.txt'
[1.587s] writing manifest file '../../build/opencv_tools/opencv_tools.egg-info/SOURCES.txt'
[1.588s] running build
[1.589s] running build_py
[1.589s] copying opencv_tools/basic_image_publisher.py -> /home/parallels/ros2_ws/build/opencv_tools/build/lib/opencv_tools
[1.590s] running install
[1.591s] /usr/lib/python3/dist-packages/setuptools/command/install.py:34: SetuptoolsDeprecationWarning: setup.py install is deprecated. Use build and pip and other standards-based tools.
[1.591s]   warnings.warn(
[1.592s] running install_lib
[1.593s] copying /home/parallels/ros2_ws/build/opencv_tools/build/lib/opencv_tools/basic_image_publisher.py -> /home/parallels/ros2_ws/install/opencv_tools/lib/python3.10/site-packages/opencv_tools
[1.595s] byte-compiling /home/parallels/ros2_ws/install/opencv_tools/lib/python3.10/site-packages/opencv_tools/basic_image_publisher.py to basic_image_publisher.cpython-310.pyc
[1.597s] running install_data
[1.597s] running install_egg_info
[1.599s] removing '/home/parallels/ros2_ws/install/opencv_tools/lib/python3.10/site-packages/opencv_tools-0.0.0-py3.10.egg-info' (and everything under it)
[1.611s] Copying ../../build/opencv_tools/opencv_tools.egg-info to /home/parallels/ros2_ws/install/opencv_tools/lib/python3.10/site-packages/opencv_tools-0.0.0-py3.10.egg-info
[1.612s] running install_scripts
[1.631s] Installing img_publisher script to /home/parallels/ros2_ws/install/opencv_tools/lib/opencv_tools
[1.632s] Installing img_subscriber script to /home/parallels/ros2_ws/install/opencv_tools/lib/opencv_tools
[1.633s] writing list of installed files to '/home/parallels/ros2_ws/build/opencv_tools/install.log'
[1.657s] Invoked command in '/home/parallels/ros2_ws/src/opencv_tools' returned '0': PYTHONPATH=/home/parallels/ros2_ws/build/opencv_tools/prefix_override:/home/parallels/ros2_ws/install/opencv_tools/lib/python3.10/site-packages:${PYTHONPATH} /usr/bin/python3 setup.py egg_info --egg-base ../../build/opencv_tools build --build-base /home/parallels/ros2_ws/build/opencv_tools/build install --record /home/parallels/ros2_ws/build/opencv_tools/install.log --single-version-externally-managed
