[0.546s] Invoking command in '/home/parallels/ros2_ws/src/py_pubsub': PYTHONPATH=/home/parallels/ros2_ws/build/py_pubsub/prefix_override:/home/parallels/ros2_ws/install/py_pubsub/lib/python3.10/site-packages:${PYTHONPATH} /usr/bin/python3 setup.py egg_info --egg-base ../../build/py_pubsub build --build-base /home/parallels/ros2_ws/build/py_pubsub/build install --record /home/parallels/ros2_ws/build/py_pubsub/install.log --single-version-externally-managed
[0.741s] running egg_info
[0.742s] creating ../../build/py_pubsub/py_pubsub.egg-info
[0.742s] writing ../../build/py_pubsub/py_pubsub.egg-info/PKG-INFO
[0.743s] writing dependency_links to ../../build/py_pubsub/py_pubsub.egg-info/dependency_links.txt
[0.743s] writing entry points to ../../build/py_pubsub/py_pubsub.egg-info/entry_points.txt
[0.744s] writing requirements to ../../build/py_pubsub/py_pubsub.egg-info/requires.txt
[0.744s] writing top-level names to ../../build/py_pubsub/py_pubsub.egg-info/top_level.txt
[0.744s] writing manifest file '../../build/py_pubsub/py_pubsub.egg-info/SOURCES.txt'
[0.745s] reading manifest file '../../build/py_pubsub/py_pubsub.egg-info/SOURCES.txt'
[0.745s] adding license file 'LICENSE'
[0.745s] writing manifest file '../../build/py_pubsub/py_pubsub.egg-info/SOURCES.txt'
[0.745s] running build
[0.745s] running build_py
[0.745s] creating /home/parallels/ros2_ws/build/py_pubsub/build
[0.745s] creating /home/parallels/ros2_ws/build/py_pubsub/build/lib
[0.746s] creating /home/parallels/ros2_ws/build/py_pubsub/build/lib/py_pubsub
[0.746s] copying py_pubsub/publisher_member_function.py -> /home/parallels/ros2_ws/build/py_pubsub/build/lib/py_pubsub
[0.746s] copying py_pubsub/__init__.py -> /home/parallels/ros2_ws/build/py_pubsub/build/lib/py_pubsub
[0.746s] copying py_pubsub/subscriber_member_function.py -> /home/parallels/ros2_ws/build/py_pubsub/build/lib/py_pubsub
[0.746s] running install
[0.746s] /usr/lib/python3/dist-packages/setuptools/command/install.py:34: SetuptoolsDeprecationWarning: setup.py install is deprecated. Use build and pip and other standards-based tools.
[0.746s]   warnings.warn(
[0.746s] running install_lib
[0.747s] creating /home/parallels/ros2_ws/install/py_pubsub/lib/python3.10/site-packages/py_pubsub
[0.747s] copying /home/parallels/ros2_ws/build/py_pubsub/build/lib/py_pubsub/publisher_member_function.py -> /home/parallels/ros2_ws/install/py_pubsub/lib/python3.10/site-packages/py_pubsub
[0.747s] copying /home/parallels/ros2_ws/build/py_pubsub/build/lib/py_pubsub/__init__.py -> /home/parallels/ros2_ws/install/py_pubsub/lib/python3.10/site-packages/py_pubsub
[0.747s] copying /home/parallels/ros2_ws/build/py_pubsub/build/lib/py_pubsub/subscriber_member_function.py -> /home/parallels/ros2_ws/install/py_pubsub/lib/python3.10/site-packages/py_pubsub
[0.747s] byte-compiling /home/parallels/ros2_ws/install/py_pubsub/lib/python3.10/site-packages/py_pubsub/publisher_member_function.py to publisher_member_function.cpython-310.pyc
[0.748s] byte-compiling /home/parallels/ros2_ws/install/py_pubsub/lib/python3.10/site-packages/py_pubsub/__init__.py to __init__.cpython-310.pyc
[0.748s] byte-compiling /home/parallels/ros2_ws/install/py_pubsub/lib/python3.10/site-packages/py_pubsub/subscriber_member_function.py to subscriber_member_function.cpython-310.pyc
[0.748s] running install_data
[0.748s] creating /home/parallels/ros2_ws/install/py_pubsub/share/ament_index
[0.748s] creating /home/parallels/ros2_ws/install/py_pubsub/share/ament_index/resource_index
[0.748s] creating /home/parallels/ros2_ws/install/py_pubsub/share/ament_index/resource_index/packages
[0.748s] copying resource/py_pubsub -> /home/parallels/ros2_ws/install/py_pubsub/share/ament_index/resource_index/packages
[0.748s] copying package.xml -> /home/parallels/ros2_ws/install/py_pubsub/share/py_pubsub
[0.749s] running install_egg_info
[0.749s] Copying ../../build/py_pubsub/py_pubsub.egg-info to /home/parallels/ros2_ws/install/py_pubsub/lib/python3.10/site-packages/py_pubsub-0.0.0-py3.10.egg-info
[0.750s] running install_scripts
[0.765s] Installing listener script to /home/parallels/ros2_ws/install/py_pubsub/lib/py_pubsub
[0.765s] Installing talker script to /home/parallels/ros2_ws/install/py_pubsub/lib/py_pubsub
[0.765s] writing list of installed files to '/home/parallels/ros2_ws/build/py_pubsub/install.log'
[0.784s] Invoked command in '/home/parallels/ros2_ws/src/py_pubsub' returned '0': PYTHONPATH=/home/parallels/ros2_ws/build/py_pubsub/prefix_override:/home/parallels/ros2_ws/install/py_pubsub/lib/python3.10/site-packages:${PYTHONPATH} /usr/bin/python3 setup.py egg_info --egg-base ../../build/py_pubsub build --build-base /home/parallels/ros2_ws/build/py_pubsub/build install --record /home/parallels/ros2_ws/build/py_pubsub/install.log --single-version-externally-managed
