[35m[1mConsolidate compiler generated dependencies of target minimal_opencv_ros2_node[0m
[ 50%] [32mBuilding CXX object CMakeFiles/minimal_opencv_ros2_node.dir/src/minimal_opencv_ros2_node.cpp.o[0m
[100%] [32m[1mLinking CXX executable minimal_opencv_ros2_node[0m
[100%] Built target minimal_opencv_ros2_node
-- Install configuration: ""
-- Installing: /home/parallels/ros2_ws/install/my_opencv_demo/lib/my_opencv_demo/minimal_opencv_ros2_node
-- Set runtime path of "/home/parallels/ros2_ws/install/my_opencv_demo/lib/my_opencv_demo/minimal_opencv_ros2_node" to ""
-- Up-to-date: /home/parallels/ros2_ws/install/my_opencv_demo/share/ament_index/resource_index/package_run_dependencies/my_opencv_demo
-- Up-to-date: /home/parallels/ros2_ws/install/my_opencv_demo/share/ament_index/resource_index/parent_prefix_path/my_opencv_demo
-- Up-to-date: /home/parallels/ros2_ws/install/my_opencv_demo/share/my_opencv_demo/environment/ament_prefix_path.sh
-- Up-to-date: /home/parallels/ros2_ws/install/my_opencv_demo/share/my_opencv_demo/environment/ament_prefix_path.dsv
-- Up-to-date: /home/parallels/ros2_ws/install/my_opencv_demo/share/my_opencv_demo/environment/path.sh
-- Up-to-date: /home/parallels/ros2_ws/install/my_opencv_demo/share/my_opencv_demo/environment/path.dsv
-- Up-to-date: /home/parallels/ros2_ws/install/my_opencv_demo/share/my_opencv_demo/local_setup.bash
-- Up-to-date: /home/parallels/ros2_ws/install/my_opencv_demo/share/my_opencv_demo/local_setup.sh
-- Up-to-date: /home/parallels/ros2_ws/install/my_opencv_demo/share/my_opencv_demo/local_setup.zsh
-- Up-to-date: /home/parallels/ros2_ws/install/my_opencv_demo/share/my_opencv_demo/local_setup.dsv
-- Installing: /home/parallels/ros2_ws/install/my_opencv_demo/share/my_opencv_demo/package.dsv
-- Up-to-date: /home/parallels/ros2_ws/install/my_opencv_demo/share/ament_index/resource_index/packages/my_opencv_demo
-- Up-to-date: /home/parallels/ros2_ws/install/my_opencv_demo/share/my_opencv_demo/cmake/my_opencv_demoConfig.cmake
-- Up-to-date: /home/parallels/ros2_ws/install/my_opencv_demo/share/my_opencv_demo/cmake/my_opencv_demoConfig-version.cmake
-- Up-to-date: /home/parallels/ros2_ws/install/my_opencv_demo/share/my_opencv_demo/package.xml
