[0.041s] Invoking command in '/home/parallels/ros2_ws/build/tutorial_interfaces': /usr/bin/cmake --build /home/parallels/ros2_ws/build/tutorial_interfaces -- -j2 -l2
[0.148s] -- Found ament_cmake: 1.3.8 (/opt/ros/humble/share/ament_cmake/cmake)
[0.323s] -- Found rclcpp: 16.0.8 (/opt/ros/humble/share/rclcpp/cmake)
[0.383s] -- Found rosidl_generator_c: 3.1.5 (/opt/ros/humble/share/rosidl_generator_c/cmake)
[0.388s] -- Found rosidl_adapter: 3.1.5 (/opt/ros/humble/share/rosidl_adapter/cmake)
[0.398s] -- Found rosidl_generator_cpp: 3.1.5 (/opt/ros/humble/share/rosidl_generator_cpp/cmake)
[0.420s] -- Using all available rosidl_typesupport_c: rosidl_typesupport_fastrtps_c;rosidl_typesupport_introspection_c
[0.443s] -- Using all available rosidl_typesupport_cpp: rosidl_typesupport_fastrtps_cpp;rosidl_typesupport_introspection_cpp
[0.577s] -- Found rmw_implementation_cmake: 6.1.1 (/opt/ros/humble/share/rmw_implementation_cmake/cmake)
[0.582s] -- Found rmw_fastrtps_cpp: 6.2.6 (/opt/ros/humble/share/rmw_fastrtps_cpp/cmake)
[0.738s] -- Found OpenSSL: /usr/lib/aarch64-linux-gnu/libcrypto.so (found version "3.0.2")  
[0.774s] -- Found FastRTPS: /opt/ros/humble/include  
[0.838s] -- Using RMW implementation 'rmw_fastrtps_cpp' as default
[0.853s] -- Looking for pthread.h
[1.012s] -- Looking for pthread.h - found
[1.013s] -- Performing Test CMAKE_HAVE_LIBC_PTHREAD
[1.101s] -- Performing Test CMAKE_HAVE_LIBC_PTHREAD - Success
[1.101s] -- Found Threads: TRUE  
[1.282s] -- Found tutorial_interfaces: 0.0.0 (/home/parallels/ros2_ws/install/tutorial_interfaces/share/tutorial_interfaces/cmake)
[1.477s] Error parsing '/home/parallels/ros2_ws/src/tutorial_interfaces/package.xml':
[1.540s] Traceback (most recent call last):
[1.540s]   File "/opt/ros/humble/share/ament_cmake_core/cmake/core/package_xml_2_cmake.py", line 150, in <module>
[1.540s]     main()
[1.540s]   File "/opt/ros/humble/share/ament_cmake_core/cmake/core/package_xml_2_cmake.py", line 53, in main
[1.540s]     raise e
[1.541s]   File "/opt/ros/humble/share/ament_cmake_core/cmake/core/package_xml_2_cmake.py", line 49, in main
[1.541s]     package = parse_package_string(
[1.541s]   File "/usr/lib/python3/dist-packages/catkin_pkg/package.py", line 788, in parse_package_string
[1.541s]     pkg.validate(warnings=warnings)
[1.541s]   File "/usr/lib/python3/dist-packages/catkin_pkg/package.py", line 330, in validate
[1.541s]     raise InvalidPackage('\n'.join(errors), self.filename)
[1.542s] catkin_pkg.package.InvalidPackage: Error(s) in package '/home/parallels/ros2_ws/src/tutorial_interfaces/package.xml':
[1.542s] The package "tutorial_interfaces" must not "build_depend" on a package with the same name as this package
[1.542s] The package "tutorial_interfaces" must not "build_export_depend" on a package with the same name as this package
[1.542s] The package "tutorial_interfaces" must not "exec_depend" on a package with the same name as this package
[1.557s] [31mCMake Error at /opt/ros/humble/share/ament_cmake_core/cmake/core/ament_package_xml.cmake:95 (message):
[1.558s]   execute_process(/usr/bin/python3
[1.558s]   /opt/ros/humble/share/ament_cmake_core/cmake/core/package_xml_2_cmake.py
[1.558s]   /home/parallels/ros2_ws/src/tutorial_interfaces/package.xml
[1.558s]   /home/parallels/ros2_ws/build/tutorial_interfaces/ament_cmake_core/package.cmake)
[1.558s]   returned error code 1
[1.558s] Call Stack (most recent call first):
[1.558s]   /opt/ros/humble/share/ament_cmake_core/cmake/core/ament_package_xml.cmake:49 (_ament_package_xml)
[1.558s]   /opt/ros/humble/share/ament_cmake_core/cmake/core/ament_package.cmake:63 (ament_package_xml)
[1.558s]   CMakeLists.txt:23 (ament_package)
[1.558s] 
[1.558s] [0m
[1.559s] -- Configuring incomplete, errors occurred!
[1.559s] See also "/home/parallels/ros2_ws/build/tutorial_interfaces/CMakeFiles/CMakeOutput.log".
[1.577s] gmake: *** [Makefile:1179: cmake_check_build_system] Error 1
[1.577s] Invoked command in '/home/parallels/ros2_ws/build/tutorial_interfaces' returned '2': /usr/bin/cmake --build /home/parallels/ros2_ws/build/tutorial_interfaces -- -j2 -l2
