[0.553s] Invoking command in '/home/parallels/ros2_ws/src/py_srvcli': PYTHONPATH=/home/parallels/ros2_ws/build/py_srvcli/prefix_override:/home/parallels/ros2_ws/install/py_srvcli/lib/python3.10/site-packages:${PYTHONPATH} /usr/bin/python3 setup.py egg_info --egg-base ../../build/py_srvcli build --build-base /home/parallels/ros2_ws/build/py_srvcli/build install --record /home/parallels/ros2_ws/build/py_srvcli/install.log --single-version-externally-managed
[0.721s] running egg_info
[0.721s] creating ../../build/py_srvcli/py_srvcli.egg-info
[0.722s] writing ../../build/py_srvcli/py_srvcli.egg-info/PKG-INFO
[0.722s] writing dependency_links to ../../build/py_srvcli/py_srvcli.egg-info/dependency_links.txt
[0.722s] writing entry points to ../../build/py_srvcli/py_srvcli.egg-info/entry_points.txt
[0.722s] writing requirements to ../../build/py_srvcli/py_srvcli.egg-info/requires.txt
[0.722s] writing top-level names to ../../build/py_srvcli/py_srvcli.egg-info/top_level.txt
[0.722s] writing manifest file '../../build/py_srvcli/py_srvcli.egg-info/SOURCES.txt'
[0.723s] reading manifest file '../../build/py_srvcli/py_srvcli.egg-info/SOURCES.txt'
[0.723s] adding license file 'LICENSE'
[0.724s] writing manifest file '../../build/py_srvcli/py_srvcli.egg-info/SOURCES.txt'
[0.724s] running build
[0.724s] running build_py
[0.724s] creating /home/parallels/ros2_ws/build/py_srvcli/build
[0.724s] creating /home/parallels/ros2_ws/build/py_srvcli/build/lib
[0.724s] creating /home/parallels/ros2_ws/build/py_srvcli/build/lib/py_srvcli
[0.724s] copying py_srvcli/service_member_function.py -> /home/parallels/ros2_ws/build/py_srvcli/build/lib/py_srvcli
[0.724s] copying py_srvcli/__init__.py -> /home/parallels/ros2_ws/build/py_srvcli/build/lib/py_srvcli
[0.724s] copying py_srvcli/client_member_function.py -> /home/parallels/ros2_ws/build/py_srvcli/build/lib/py_srvcli
[0.724s] running install
[0.725s] /usr/lib/python3/dist-packages/setuptools/command/install.py:34: SetuptoolsDeprecationWarning: setup.py install is deprecated. Use build and pip and other standards-based tools.
[0.725s]   warnings.warn(
[0.725s] running install_lib
[0.726s] creating /home/parallels/ros2_ws/install/py_srvcli/lib/python3.10/site-packages/py_srvcli
[0.726s] copying /home/parallels/ros2_ws/build/py_srvcli/build/lib/py_srvcli/service_member_function.py -> /home/parallels/ros2_ws/install/py_srvcli/lib/python3.10/site-packages/py_srvcli
[0.726s] copying /home/parallels/ros2_ws/build/py_srvcli/build/lib/py_srvcli/__init__.py -> /home/parallels/ros2_ws/install/py_srvcli/lib/python3.10/site-packages/py_srvcli
[0.726s] copying /home/parallels/ros2_ws/build/py_srvcli/build/lib/py_srvcli/client_member_function.py -> /home/parallels/ros2_ws/install/py_srvcli/lib/python3.10/site-packages/py_srvcli
[0.726s] byte-compiling /home/parallels/ros2_ws/install/py_srvcli/lib/python3.10/site-packages/py_srvcli/service_member_function.py to service_member_function.cpython-310.pyc
[0.727s] byte-compiling /home/parallels/ros2_ws/install/py_srvcli/lib/python3.10/site-packages/py_srvcli/__init__.py to __init__.cpython-310.pyc
[0.727s] byte-compiling /home/parallels/ros2_ws/install/py_srvcli/lib/python3.10/site-packages/py_srvcli/client_member_function.py to client_member_function.cpython-310.pyc
[0.727s] running install_data
[0.728s] creating /home/parallels/ros2_ws/install/py_srvcli/share/ament_index
[0.728s] creating /home/parallels/ros2_ws/install/py_srvcli/share/ament_index/resource_index
[0.728s] creating /home/parallels/ros2_ws/install/py_srvcli/share/ament_index/resource_index/packages
[0.728s] copying resource/py_srvcli -> /home/parallels/ros2_ws/install/py_srvcli/share/ament_index/resource_index/packages
[0.728s] copying package.xml -> /home/parallels/ros2_ws/install/py_srvcli/share/py_srvcli
[0.728s] running install_egg_info
[0.729s] Copying ../../build/py_srvcli/py_srvcli.egg-info to /home/parallels/ros2_ws/install/py_srvcli/lib/python3.10/site-packages/py_srvcli-0.0.0-py3.10.egg-info
[0.729s] running install_scripts
[0.746s] Installing client script to /home/parallels/ros2_ws/install/py_srvcli/lib/py_srvcli
[0.746s] Installing service script to /home/parallels/ros2_ws/install/py_srvcli/lib/py_srvcli
[0.746s] writing list of installed files to '/home/parallels/ros2_ws/build/py_srvcli/install.log'
[0.768s] Invoked command in '/home/parallels/ros2_ws/src/py_srvcli' returned '0': PYTHONPATH=/home/parallels/ros2_ws/build/py_srvcli/prefix_override:/home/parallels/ros2_ws/install/py_srvcli/lib/python3.10/site-packages:${PYTHONPATH} /usr/bin/python3 setup.py egg_info --egg-base ../../build/py_srvcli build --build-base /home/parallels/ros2_ws/build/py_srvcli/build install --record /home/parallels/ros2_ws/build/py_srvcli/install.log --single-version-externally-managed
