[  2%] Built target cpp_pubsub__cpp
[ 11%] Built target cpp_pubsub__rosidl_generator_c
[35m[1mConsolidate compiler generated dependencies of target talker[0m
[ 11%] Built target ament_cmake_python_copy_cpp_pubsub
[ 14%] [32mBuilding CXX object CMakeFiles/talker.dir/src/publisher_member_function.cpp.o[0m
[ 20%] Built target listener
[ 28%] Built target cpp_pubsub__rosidl_typesupport_cpp
[ 37%] Built target cpp_pubsub__rosidl_typesupport_fastrtps_c
[ 45%] Built target cpp_pubsub__rosidl_typesupport_fastrtps_cpp
[ 54%] Built target cpp_pubsub__rosidl_typesupport_introspection_c
[ 62%] Built target cpp_pubsub__rosidl_typesupport_c
[ 71%] Built target cpp_pubsub__rosidl_typesupport_introspection_cpp
running egg_info
writing cpp_pubsub.egg-info/PKG-INFO
writing dependency_links to cpp_pubsub.egg-info/dependency_links.txt
writing top-level names to cpp_pubsub.egg-info/top_level.txt
reading manifest file 'cpp_pubsub.egg-info/SOURCES.txt'
writing manifest file 'cpp_pubsub.egg-info/SOURCES.txt'
[ 71%] Built target ament_cmake_python_build_cpp_pubsub_egg
[ 71%] Built target cpp_pubsub
[ 74%] Built target cpp_pubsub__py
[ 80%] Built target cpp_pubsub__rosidl_generator_py
[ 85%] Built target cpp_pubsub__rosidl_typesupport_fastrtps_c__pyext
[ 91%] Built target cpp_pubsub__rosidl_typesupport_introspection_c__pyext
[ 97%] Built target cpp_pubsub__rosidl_typesupport_c__pyext
[100%] [32m[1mLinking CXX executable talker[0m
[100%] Built target talker
-- Install configuration: ""
-- Up-to-date: /home/parallels/ros2_ws/install/cpp_pubsub/share/ament_index/resource_index/rosidl_interfaces/cpp_pubsub
-- Up-to-date: /home/parallels/ros2_ws/install/cpp_pubsub/include/cpp_pubsub/cpp_pubsub
-- Up-to-date: /home/parallels/ros2_ws/install/cpp_pubsub/include/cpp_pubsub/cpp_pubsub/msg
-- Up-to-date: /home/parallels/ros2_ws/install/cpp_pubsub/include/cpp_pubsub/cpp_pubsub/msg/rosidl_generator_c__visibility_control.h
-- Up-to-date: /home/parallels/ros2_ws/install/cpp_pubsub/include/cpp_pubsub/cpp_pubsub/msg/detail
-- Up-to-date: /home/parallels/ros2_ws/install/cpp_pubsub/include/cpp_pubsub/cpp_pubsub/msg/detail/num__struct.h
-- Up-to-date: /home/parallels/ros2_ws/install/cpp_pubsub/include/cpp_pubsub/cpp_pubsub/msg/detail/num__functions.c
-- Up-to-date: /home/parallels/ros2_ws/install/cpp_pubsub/include/cpp_pubsub/cpp_pubsub/msg/detail/num__functions.h
-- Up-to-date: /home/parallels/ros2_ws/install/cpp_pubsub/include/cpp_pubsub/cpp_pubsub/msg/detail/num__type_support.h
-- Up-to-date: /home/parallels/ros2_ws/install/cpp_pubsub/include/cpp_pubsub/cpp_pubsub/msg/num.h
-- Up-to-date: /home/parallels/ros2_ws/install/cpp_pubsub/share/cpp_pubsub/environment/library_path.sh
-- Up-to-date: /home/parallels/ros2_ws/install/cpp_pubsub/share/cpp_pubsub/environment/library_path.dsv
-- Up-to-date: /home/parallels/ros2_ws/install/cpp_pubsub/lib/libcpp_pubsub__rosidl_generator_c.so
-- Up-to-date: /home/parallels/ros2_ws/install/cpp_pubsub/include/cpp_pubsub/cpp_pubsub
-- Up-to-date: /home/parallels/ros2_ws/install/cpp_pubsub/include/cpp_pubsub/cpp_pubsub/msg
-- Up-to-date: /home/parallels/ros2_ws/install/cpp_pubsub/include/cpp_pubsub/cpp_pubsub/msg/detail
-- Up-to-date: /home/parallels/ros2_ws/install/cpp_pubsub/include/cpp_pubsub/cpp_pubsub/msg/detail/num__rosidl_typesupport_fastrtps_c.h
-- Up-to-date: /home/parallels/ros2_ws/install/cpp_pubsub/include/cpp_pubsub/cpp_pubsub/msg/rosidl_typesupport_fastrtps_c__visibility_control.h
-- Up-to-date: /home/parallels/ros2_ws/install/cpp_pubsub/lib/libcpp_pubsub__rosidl_typesupport_fastrtps_c.so
-- Up-to-date: /home/parallels/ros2_ws/install/cpp_pubsub/include/cpp_pubsub/cpp_pubsub
-- Up-to-date: /home/parallels/ros2_ws/install/cpp_pubsub/include/cpp_pubsub/cpp_pubsub/msg
-- Up-to-date: /home/parallels/ros2_ws/install/cpp_pubsub/include/cpp_pubsub/cpp_pubsub/msg/detail
-- Up-to-date: /home/parallels/ros2_ws/install/cpp_pubsub/include/cpp_pubsub/cpp_pubsub/msg/detail/num__traits.hpp
-- Up-to-date: /home/parallels/ros2_ws/install/cpp_pubsub/include/cpp_pubsub/cpp_pubsub/msg/detail/num__builder.hpp
-- Up-to-date: /home/parallels/ros2_ws/install/cpp_pubsub/include/cpp_pubsub/cpp_pubsub/msg/detail/num__struct.hpp
-- Up-to-date: /home/parallels/ros2_ws/install/cpp_pubsub/include/cpp_pubsub/cpp_pubsub/msg/num.hpp
-- Up-to-date: /home/parallels/ros2_ws/install/cpp_pubsub/include/cpp_pubsub/cpp_pubsub
-- Up-to-date: /home/parallels/ros2_ws/install/cpp_pubsub/include/cpp_pubsub/cpp_pubsub/msg
-- Up-to-date: /home/parallels/ros2_ws/install/cpp_pubsub/include/cpp_pubsub/cpp_pubsub/msg/detail
-- Up-to-date: /home/parallels/ros2_ws/install/cpp_pubsub/include/cpp_pubsub/cpp_pubsub/msg/detail/dds_fastrtps
-- Up-to-date: /home/parallels/ros2_ws/install/cpp_pubsub/include/cpp_pubsub/cpp_pubsub/msg/detail/num__rosidl_typesupport_fastrtps_cpp.hpp
-- Up-to-date: /home/parallels/ros2_ws/install/cpp_pubsub/include/cpp_pubsub/cpp_pubsub/msg/rosidl_typesupport_fastrtps_cpp__visibility_control.h
-- Up-to-date: /home/parallels/ros2_ws/install/cpp_pubsub/lib/libcpp_pubsub__rosidl_typesupport_fastrtps_cpp.so
-- Up-to-date: /home/parallels/ros2_ws/install/cpp_pubsub/include/cpp_pubsub/cpp_pubsub
-- Up-to-date: /home/parallels/ros2_ws/install/cpp_pubsub/include/cpp_pubsub/cpp_pubsub/msg
-- Up-to-date: /home/parallels/ros2_ws/install/cpp_pubsub/include/cpp_pubsub/cpp_pubsub/msg/detail
-- Up-to-date: /home/parallels/ros2_ws/install/cpp_pubsub/include/cpp_pubsub/cpp_pubsub/msg/detail/num__type_support.c
-- Up-to-date: /home/parallels/ros2_ws/install/cpp_pubsub/include/cpp_pubsub/cpp_pubsub/msg/detail/num__rosidl_typesupport_introspection_c.h
-- Up-to-date: /home/parallels/ros2_ws/install/cpp_pubsub/include/cpp_pubsub/cpp_pubsub/msg/rosidl_typesupport_introspection_c__visibility_control.h
-- Up-to-date: /home/parallels/ros2_ws/install/cpp_pubsub/lib/libcpp_pubsub__rosidl_typesupport_introspection_c.so
-- Up-to-date: /home/parallels/ros2_ws/install/cpp_pubsub/lib/libcpp_pubsub__rosidl_typesupport_c.so
-- Up-to-date: /home/parallels/ros2_ws/install/cpp_pubsub/include/cpp_pubsub/cpp_pubsub
-- Up-to-date: /home/parallels/ros2_ws/install/cpp_pubsub/include/cpp_pubsub/cpp_pubsub/msg
-- Up-to-date: /home/parallels/ros2_ws/install/cpp_pubsub/include/cpp_pubsub/cpp_pubsub/msg/detail
-- Up-to-date: /home/parallels/ros2_ws/install/cpp_pubsub/include/cpp_pubsub/cpp_pubsub/msg/detail/num__type_support.cpp
-- Up-to-date: /home/parallels/ros2_ws/install/cpp_pubsub/include/cpp_pubsub/cpp_pubsub/msg/detail/num__rosidl_typesupport_introspection_cpp.hpp
-- Up-to-date: /home/parallels/ros2_ws/install/cpp_pubsub/lib/libcpp_pubsub__rosidl_typesupport_introspection_cpp.so
-- Up-to-date: /home/parallels/ros2_ws/install/cpp_pubsub/lib/libcpp_pubsub__rosidl_typesupport_cpp.so
-- Up-to-date: /home/parallels/ros2_ws/install/cpp_pubsub/share/cpp_pubsub/environment/pythonpath.sh
-- Up-to-date: /home/parallels/ros2_ws/install/cpp_pubsub/share/cpp_pubsub/environment/pythonpath.dsv
-- Up-to-date: /home/parallels/ros2_ws/install/cpp_pubsub/local/lib/python3.10/dist-packages/cpp_pubsub-0.0.0-py3.10.egg-info
-- Installing: /home/parallels/ros2_ws/install/cpp_pubsub/local/lib/python3.10/dist-packages/cpp_pubsub-0.0.0-py3.10.egg-info/dependency_links.txt
-- Installing: /home/parallels/ros2_ws/install/cpp_pubsub/local/lib/python3.10/dist-packages/cpp_pubsub-0.0.0-py3.10.egg-info/top_level.txt
-- Installing: /home/parallels/ros2_ws/install/cpp_pubsub/local/lib/python3.10/dist-packages/cpp_pubsub-0.0.0-py3.10.egg-info/PKG-INFO
-- Installing: /home/parallels/ros2_ws/install/cpp_pubsub/local/lib/python3.10/dist-packages/cpp_pubsub-0.0.0-py3.10.egg-info/SOURCES.txt
-- Up-to-date: /home/parallels/ros2_ws/install/cpp_pubsub/local/lib/python3.10/dist-packages/cpp_pubsub
-- Up-to-date: /home/parallels/ros2_ws/install/cpp_pubsub/local/lib/python3.10/dist-packages/cpp_pubsub/cpp_pubsub_s__rosidl_typesupport_c.cpython-310-aarch64-linux-gnu.so
-- Up-to-date: /home/parallels/ros2_ws/install/cpp_pubsub/local/lib/python3.10/dist-packages/cpp_pubsub/cpp_pubsub_s__rosidl_typesupport_introspection_c.cpython-310-aarch64-linux-gnu.so
-- Up-to-date: /home/parallels/ros2_ws/install/cpp_pubsub/local/lib/python3.10/dist-packages/cpp_pubsub/cpp_pubsub_s__rosidl_typesupport_fastrtps_c.cpython-310-aarch64-linux-gnu.so
-- Up-to-date: /home/parallels/ros2_ws/install/cpp_pubsub/local/lib/python3.10/dist-packages/cpp_pubsub/msg
-- Up-to-date: /home/parallels/ros2_ws/install/cpp_pubsub/local/lib/python3.10/dist-packages/cpp_pubsub/msg/_num_s.c
-- Up-to-date: /home/parallels/ros2_ws/install/cpp_pubsub/local/lib/python3.10/dist-packages/cpp_pubsub/msg/__init__.py
-- Up-to-date: /home/parallels/ros2_ws/install/cpp_pubsub/local/lib/python3.10/dist-packages/cpp_pubsub/msg/_num.py
-- Up-to-date: /home/parallels/ros2_ws/install/cpp_pubsub/local/lib/python3.10/dist-packages/cpp_pubsub/_cpp_pubsub_s.ep.rosidl_typesupport_c.c
-- Up-to-date: /home/parallels/ros2_ws/install/cpp_pubsub/local/lib/python3.10/dist-packages/cpp_pubsub/__init__.py
-- Up-to-date: /home/parallels/ros2_ws/install/cpp_pubsub/local/lib/python3.10/dist-packages/cpp_pubsub/libcpp_pubsub__rosidl_generator_py.so
-- Up-to-date: /home/parallels/ros2_ws/install/cpp_pubsub/local/lib/python3.10/dist-packages/cpp_pubsub/_cpp_pubsub_s.ep.rosidl_typesupport_introspection_c.c
-- Up-to-date: /home/parallels/ros2_ws/install/cpp_pubsub/local/lib/python3.10/dist-packages/cpp_pubsub/_cpp_pubsub_s.ep.rosidl_typesupport_fastrtps_c.c
Listing '/home/parallels/ros2_ws/install/cpp_pubsub/local/lib/python3.10/dist-packages/cpp_pubsub'...
Listing '/home/parallels/ros2_ws/install/cpp_pubsub/local/lib/python3.10/dist-packages/cpp_pubsub/msg'...
-- Up-to-date: /home/parallels/ros2_ws/install/cpp_pubsub/local/lib/python3.10/dist-packages/cpp_pubsub/cpp_pubsub_s__rosidl_typesupport_fastrtps_c.cpython-310-aarch64-linux-gnu.so
-- Up-to-date: /home/parallels/ros2_ws/install/cpp_pubsub/local/lib/python3.10/dist-packages/cpp_pubsub/cpp_pubsub_s__rosidl_typesupport_introspection_c.cpython-310-aarch64-linux-gnu.so
-- Up-to-date: /home/parallels/ros2_ws/install/cpp_pubsub/local/lib/python3.10/dist-packages/cpp_pubsub/cpp_pubsub_s__rosidl_typesupport_c.cpython-310-aarch64-linux-gnu.so
-- Up-to-date: /home/parallels/ros2_ws/install/cpp_pubsub/lib/libcpp_pubsub__rosidl_generator_py.so
-- Up-to-date: /home/parallels/ros2_ws/install/cpp_pubsub/share/cpp_pubsub/msg/Num.idl
-- Up-to-date: /home/parallels/ros2_ws/install/cpp_pubsub/share/cpp_pubsub/msg/Num.msg
-- Installing: /home/parallels/ros2_ws/install/cpp_pubsub/lib/cpp_pubsub/talker
-- Set runtime path of "/home/parallels/ros2_ws/install/cpp_pubsub/lib/cpp_pubsub/talker" to ""
-- Up-to-date: /home/parallels/ros2_ws/install/cpp_pubsub/lib/cpp_pubsub/listener
-- Up-to-date: /home/parallels/ros2_ws/install/cpp_pubsub/share/ament_index/resource_index/package_run_dependencies/cpp_pubsub
-- Up-to-date: /home/parallels/ros2_ws/install/cpp_pubsub/share/ament_index/resource_index/parent_prefix_path/cpp_pubsub
-- Up-to-date: /home/parallels/ros2_ws/install/cpp_pubsub/share/cpp_pubsub/environment/ament_prefix_path.sh
-- Up-to-date: /home/parallels/ros2_ws/install/cpp_pubsub/share/cpp_pubsub/environment/ament_prefix_path.dsv
-- Up-to-date: /home/parallels/ros2_ws/install/cpp_pubsub/share/cpp_pubsub/environment/path.sh
-- Up-to-date: /home/parallels/ros2_ws/install/cpp_pubsub/share/cpp_pubsub/environment/path.dsv
-- Up-to-date: /home/parallels/ros2_ws/install/cpp_pubsub/share/cpp_pubsub/local_setup.bash
-- Up-to-date: /home/parallels/ros2_ws/install/cpp_pubsub/share/cpp_pubsub/local_setup.sh
-- Up-to-date: /home/parallels/ros2_ws/install/cpp_pubsub/share/cpp_pubsub/local_setup.zsh
-- Up-to-date: /home/parallels/ros2_ws/install/cpp_pubsub/share/cpp_pubsub/local_setup.dsv
-- Installing: /home/parallels/ros2_ws/install/cpp_pubsub/share/cpp_pubsub/package.dsv
-- Up-to-date: /home/parallels/ros2_ws/install/cpp_pubsub/share/ament_index/resource_index/packages/cpp_pubsub
-- Up-to-date: /home/parallels/ros2_ws/install/cpp_pubsub/share/cpp_pubsub/cmake/export_cpp_pubsub__rosidl_generator_cExport.cmake
-- Up-to-date: /home/parallels/ros2_ws/install/cpp_pubsub/share/cpp_pubsub/cmake/export_cpp_pubsub__rosidl_generator_cExport-noconfig.cmake
-- Up-to-date: /home/parallels/ros2_ws/install/cpp_pubsub/share/cpp_pubsub/cmake/export_cpp_pubsub__rosidl_typesupport_fastrtps_cExport.cmake
-- Up-to-date: /home/parallels/ros2_ws/install/cpp_pubsub/share/cpp_pubsub/cmake/export_cpp_pubsub__rosidl_typesupport_fastrtps_cExport-noconfig.cmake
-- Up-to-date: /home/parallels/ros2_ws/install/cpp_pubsub/share/cpp_pubsub/cmake/export_cpp_pubsub__rosidl_generator_cppExport.cmake
-- Up-to-date: /home/parallels/ros2_ws/install/cpp_pubsub/share/cpp_pubsub/cmake/export_cpp_pubsub__rosidl_typesupport_fastrtps_cppExport.cmake
-- Up-to-date: /home/parallels/ros2_ws/install/cpp_pubsub/share/cpp_pubsub/cmake/export_cpp_pubsub__rosidl_typesupport_fastrtps_cppExport-noconfig.cmake
-- Up-to-date: /home/parallels/ros2_ws/install/cpp_pubsub/share/cpp_pubsub/cmake/cpp_pubsub__rosidl_typesupport_introspection_cExport.cmake
-- Up-to-date: /home/parallels/ros2_ws/install/cpp_pubsub/share/cpp_pubsub/cmake/cpp_pubsub__rosidl_typesupport_introspection_cExport-noconfig.cmake
-- Up-to-date: /home/parallels/ros2_ws/install/cpp_pubsub/share/cpp_pubsub/cmake/cpp_pubsub__rosidl_typesupport_cExport.cmake
-- Up-to-date: /home/parallels/ros2_ws/install/cpp_pubsub/share/cpp_pubsub/cmake/cpp_pubsub__rosidl_typesupport_cExport-noconfig.cmake
-- Up-to-date: /home/parallels/ros2_ws/install/cpp_pubsub/share/cpp_pubsub/cmake/cpp_pubsub__rosidl_typesupport_introspection_cppExport.cmake
-- Up-to-date: /home/parallels/ros2_ws/install/cpp_pubsub/share/cpp_pubsub/cmake/cpp_pubsub__rosidl_typesupport_introspection_cppExport-noconfig.cmake
-- Up-to-date: /home/parallels/ros2_ws/install/cpp_pubsub/share/cpp_pubsub/cmake/cpp_pubsub__rosidl_typesupport_cppExport.cmake
-- Up-to-date: /home/parallels/ros2_ws/install/cpp_pubsub/share/cpp_pubsub/cmake/cpp_pubsub__rosidl_typesupport_cppExport-noconfig.cmake
-- Up-to-date: /home/parallels/ros2_ws/install/cpp_pubsub/share/cpp_pubsub/cmake/export_cpp_pubsub__rosidl_generator_pyExport.cmake
-- Up-to-date: /home/parallels/ros2_ws/install/cpp_pubsub/share/cpp_pubsub/cmake/export_cpp_pubsub__rosidl_generator_pyExport-noconfig.cmake
-- Up-to-date: /home/parallels/ros2_ws/install/cpp_pubsub/share/cpp_pubsub/cmake/rosidl_cmake-extras.cmake
-- Up-to-date: /home/parallels/ros2_ws/install/cpp_pubsub/share/cpp_pubsub/cmake/ament_cmake_export_dependencies-extras.cmake
-- Up-to-date: /home/parallels/ros2_ws/install/cpp_pubsub/share/cpp_pubsub/cmake/ament_cmake_export_include_directories-extras.cmake
-- Up-to-date: /home/parallels/ros2_ws/install/cpp_pubsub/share/cpp_pubsub/cmake/ament_cmake_export_libraries-extras.cmake
-- Up-to-date: /home/parallels/ros2_ws/install/cpp_pubsub/share/cpp_pubsub/cmake/ament_cmake_export_targets-extras.cmake
-- Up-to-date: /home/parallels/ros2_ws/install/cpp_pubsub/share/cpp_pubsub/cmake/rosidl_cmake_export_typesupport_targets-extras.cmake
-- Up-to-date: /home/parallels/ros2_ws/install/cpp_pubsub/share/cpp_pubsub/cmake/rosidl_cmake_export_typesupport_libraries-extras.cmake
-- Up-to-date: /home/parallels/ros2_ws/install/cpp_pubsub/share/cpp_pubsub/cmake/cpp_pubsubConfig.cmake
-- Up-to-date: /home/parallels/ros2_ws/install/cpp_pubsub/share/cpp_pubsub/cmake/cpp_pubsubConfig-version.cmake
-- Up-to-date: /home/parallels/ros2_ws/install/cpp_pubsub/share/cpp_pubsub/package.xml
