[0.041s] Invoking command in '/home/parallels/ros2_ws/build/examples_rclcpp_multithreaded_executor': CMAKE_PREFIX_PATH=/opt/ros/humble /usr/bin/cmake /home/parallels/ros2_ws/src/examples/rclcpp/executors/multithreaded_executor -DAMENT_CMAKE_SYMLINK_INSTALL=1 -DCMAKE_INSTALL_PREFIX=/home/parallels/ros2_ws/install/examples_rclcpp_multithreaded_executor
[0.082s] -- The C compiler identification is GNU 11.4.0
[0.133s] -- The CXX compiler identification is GNU 11.4.0
[0.139s] -- Detecting C compiler ABI info
[0.191s] -- Detecting C compiler ABI info - done
[0.198s] -- Check for working C compiler: /usr/bin/cc - skipped
[0.199s] -- Detecting C compile features
[0.199s] -- Detecting C compile features - done
[0.202s] -- Detecting CXX compiler ABI info
[0.268s] -- Detecting CXX compiler ABI info - done
[0.276s] -- Check for working CXX compiler: /usr/bin/c++ - skipped
[0.276s] -- Detecting CXX compile features
[0.277s] -- Detecting CXX compile features - done
[0.279s] -- Found ament_cmake: 1.3.8 (/opt/ros/humble/share/ament_cmake/cmake)
[0.411s] -- Found Python3: /usr/bin/python3 (found version "3.10.12") found components: Interpreter 
[0.467s] -- Override CMake install command with custom implementation using symlinks instead of copying resources
[0.489s] -- Found rclcpp: 16.0.8 (/opt/ros/humble/share/rclcpp/cmake)
[0.533s] -- Found rosidl_generator_c: 3.1.5 (/opt/ros/humble/share/rosidl_generator_c/cmake)
[0.538s] -- Found rosidl_adapter: 3.1.5 (/opt/ros/humble/share/rosidl_adapter/cmake)
[0.545s] -- Found rosidl_generator_cpp: 3.1.5 (/opt/ros/humble/share/rosidl_generator_cpp/cmake)
[0.558s] -- Using all available rosidl_typesupport_c: rosidl_typesupport_fastrtps_c;rosidl_typesupport_introspection_c
[0.576s] -- Using all available rosidl_typesupport_cpp: rosidl_typesupport_fastrtps_cpp;rosidl_typesupport_introspection_cpp
[0.647s] -- Found rmw_implementation_cmake: 6.1.1 (/opt/ros/humble/share/rmw_implementation_cmake/cmake)
[0.650s] -- Found rmw_fastrtps_cpp: 6.2.6 (/opt/ros/humble/share/rmw_fastrtps_cpp/cmake)
[0.738s] -- Found OpenSSL: /usr/lib/aarch64-linux-gnu/libcrypto.so (found version "3.0.2")  
[0.766s] -- Found FastRTPS: /opt/ros/humble/include  
[0.817s] -- Using RMW implementation 'rmw_fastrtps_cpp' as default
[0.829s] -- Looking for pthread.h
[0.885s] -- Looking for pthread.h - found
[0.886s] -- Performing Test CMAKE_HAVE_LIBC_PTHREAD
[0.944s] -- Performing Test CMAKE_HAVE_LIBC_PTHREAD - Success
[0.945s] -- Found Threads: TRUE  
[1.128s] -- Found ament_lint_auto: 0.12.10 (/opt/ros/humble/share/ament_lint_auto/cmake)
[1.201s] -- Added test 'copyright' to check source files copyright and LICENSE
[1.202s] -- Added test 'cppcheck' to perform static code analysis on C / C++ code
[1.202s] -- Configured cppcheck include dirs: 
[1.202s] -- Configured cppcheck exclude dirs and/or files: 
[1.203s] -- Added test 'cpplint' to check C / C++ code against the Google style
[1.203s] -- Configured cpplint exclude dirs and/or files: 
[1.203s] -- Added test 'lint_cmake' to check CMake code style
[1.204s] -- Added test 'uncrustify' to check C / C++ code style
[1.204s] -- Configured uncrustify additional arguments: 
[1.205s] -- Added test 'xmllint' to check XML markup files
[1.206s] -- Configuring done
[1.213s] -- Generating done
[1.215s] -- Build files have been written to: /home/parallels/ros2_ws/build/examples_rclcpp_multithreaded_executor
[1.224s] Invoked command in '/home/parallels/ros2_ws/build/examples_rclcpp_multithreaded_executor' returned '0': CMAKE_PREFIX_PATH=/opt/ros/humble /usr/bin/cmake /home/parallels/ros2_ws/src/examples/rclcpp/executors/multithreaded_executor -DAMENT_CMAKE_SYMLINK_INSTALL=1 -DCMAKE_INSTALL_PREFIX=/home/parallels/ros2_ws/install/examples_rclcpp_multithreaded_executor
[1.224s] Invoking command in '/home/parallels/ros2_ws/build/examples_rclcpp_multithreaded_executor': CMAKE_PREFIX_PATH=/opt/ros/humble /usr/bin/cmake --build /home/parallels/ros2_ws/build/examples_rclcpp_multithreaded_executor -- -j2 -l2
[1.261s] [ 50%] [32mBuilding CXX object CMakeFiles/multithreaded_executor.dir/multithreaded_executor.cpp.o[0m
[8.710s] [100%] [32m[1mLinking CXX executable multithreaded_executor[0m
[9.126s] [100%] Built target multithreaded_executor
[9.135s] Invoked command in '/home/parallels/ros2_ws/build/examples_rclcpp_multithreaded_executor' returned '0': CMAKE_PREFIX_PATH=/opt/ros/humble /usr/bin/cmake --build /home/parallels/ros2_ws/build/examples_rclcpp_multithreaded_executor -- -j2 -l2
[9.152s] Invoking command in '/home/parallels/ros2_ws/build/examples_rclcpp_multithreaded_executor': CMAKE_PREFIX_PATH=/opt/ros/humble /usr/bin/cmake --install /home/parallels/ros2_ws/build/examples_rclcpp_multithreaded_executor
[9.157s] -- Install configuration: ""
[9.158s] -- Execute custom install script
[9.158s] -- Symlinking: /home/parallels/ros2_ws/install/examples_rclcpp_multithreaded_executor/lib/examples_rclcpp_multithreaded_executor/multithreaded_executor
[9.165s] -- Symlinking: /home/parallels/ros2_ws/install/examples_rclcpp_multithreaded_executor/share/ament_index/resource_index/package_run_dependencies/examples_rclcpp_multithreaded_executor
[9.170s] -- Symlinking: /home/parallels/ros2_ws/install/examples_rclcpp_multithreaded_executor/share/ament_index/resource_index/parent_prefix_path/examples_rclcpp_multithreaded_executor
[9.176s] -- Symlinking: /home/parallels/ros2_ws/install/examples_rclcpp_multithreaded_executor/share/examples_rclcpp_multithreaded_executor/environment/ament_prefix_path.sh
[9.182s] -- Symlinking: /home/parallels/ros2_ws/install/examples_rclcpp_multithreaded_executor/share/examples_rclcpp_multithreaded_executor/environment/ament_prefix_path.dsv
[9.188s] -- Symlinking: /home/parallels/ros2_ws/install/examples_rclcpp_multithreaded_executor/share/examples_rclcpp_multithreaded_executor/environment/path.sh
[9.195s] -- Symlinking: /home/parallels/ros2_ws/install/examples_rclcpp_multithreaded_executor/share/examples_rclcpp_multithreaded_executor/environment/path.dsv
[9.201s] -- Symlinking: /home/parallels/ros2_ws/install/examples_rclcpp_multithreaded_executor/share/examples_rclcpp_multithreaded_executor/local_setup.bash
[9.208s] -- Symlinking: /home/parallels/ros2_ws/install/examples_rclcpp_multithreaded_executor/share/examples_rclcpp_multithreaded_executor/local_setup.sh
[9.214s] -- Symlinking: /home/parallels/ros2_ws/install/examples_rclcpp_multithreaded_executor/share/examples_rclcpp_multithreaded_executor/local_setup.zsh
[9.220s] -- Symlinking: /home/parallels/ros2_ws/install/examples_rclcpp_multithreaded_executor/share/examples_rclcpp_multithreaded_executor/local_setup.dsv
[9.225s] -- Symlinking: /home/parallels/ros2_ws/install/examples_rclcpp_multithreaded_executor/share/examples_rclcpp_multithreaded_executor/package.dsv
[9.232s] -- Symlinking: /home/parallels/ros2_ws/install/examples_rclcpp_multithreaded_executor/share/ament_index/resource_index/packages/examples_rclcpp_multithreaded_executor
[9.238s] -- Symlinking: /home/parallels/ros2_ws/install/examples_rclcpp_multithreaded_executor/share/examples_rclcpp_multithreaded_executor/cmake/examples_rclcpp_multithreaded_executorConfig.cmake
[9.244s] -- Symlinking: /home/parallels/ros2_ws/install/examples_rclcpp_multithreaded_executor/share/examples_rclcpp_multithreaded_executor/cmake/examples_rclcpp_multithreaded_executorConfig-version.cmake
[9.249s] -- Symlinking: /home/parallels/ros2_ws/install/examples_rclcpp_multithreaded_executor/share/examples_rclcpp_multithreaded_executor/package.xml
[9.260s] Invoked command in '/home/parallels/ros2_ws/build/examples_rclcpp_multithreaded_executor' returned '0': CMAKE_PREFIX_PATH=/opt/ros/humble /usr/bin/cmake --install /home/parallels/ros2_ws/build/examples_rclcpp_multithreaded_executor
