[0.905s] DEBUG:colcon:Command line arguments: ['/usr/bin/colcon', 'build']
[0.905s] DEBUG:colcon:Parsed command line arguments: Namespace(log_base=None, log_level=None, verb_name='build', build_base='build', install_base='install', merge_install=False, symlink_install=False, test_result_base=None, continue_on_error=False, executor='parallel', parallel_workers=2, event_handlers=None, ignore_user_meta=False, metas=['./colcon.meta'], base_paths=['.'], packages_ignore=None, packages_ignore_regex=None, paths=None, packages_up_to=None, packages_up_to_regex=None, packages_above=None, packages_above_and_dependencies=None, packages_above_depth=None, packages_select_by_dep=None, packages_skip_by_dep=None, packages_skip_up_to=None, packages_select_build_failed=False, packages_skip_build_finished=False, packages_select_test_failures=False, packages_skip_test_passed=False, packages_select=None, packages_skip=None, packages_select_regex=None, packages_skip_regex=None, packages_start=None, packages_end=None, allow_overriding=[], cmake_args=None, cmake_target=None, cmake_target_skip_unavailable=False, cmake_clean_cache=False, cmake_clean_first=False, cmake_force_configure=False, ament_cmake_args=None, catkin_cmake_args=None, catkin_skip_building_tests=False, verb_parser=<colcon_defaults.argument_parser.defaults.DefaultArgumentsDecorator object at 0xffff82a709d0>, verb_extension=<colcon_core.verb.build.BuildVerb object at 0xffff82fd78e0>, main=<bound method BuildVerb.main of <colcon_core.verb.build.BuildVerb object at 0xffff82fd78e0>>)
[0.959s] Level 1:colcon.colcon_core.package_discovery:discover_packages(colcon_meta) check parameters
[0.959s] Level 1:colcon.colcon_core.package_discovery:discover_packages(recursive) check parameters
[0.959s] Level 1:colcon.colcon_core.package_discovery:discover_packages(ignore) check parameters
[0.959s] Level 1:colcon.colcon_core.package_discovery:discover_packages(path) check parameters
[0.959s] Level 1:colcon.colcon_core.package_discovery:discover_packages(colcon_meta) discover
[0.959s] Level 1:colcon.colcon_core.package_discovery:discover_packages(recursive) discover
[0.959s] INFO:colcon.colcon_core.package_discovery:Crawling recursively for packages in '/home/parallels/ros2_ws'
[0.959s] Level 1:colcon.colcon_core.package_identification:_identify(.) by extensions ['ignore', 'ignore_ament_install']
[0.959s] Level 1:colcon.colcon_core.package_identification:_identify(.) by extension 'ignore'
[0.959s] Level 1:colcon.colcon_core.package_identification:_identify(.) by extension 'ignore_ament_install'
[0.959s] Level 1:colcon.colcon_core.package_identification:_identify(.) by extensions ['colcon_pkg']
[0.959s] Level 1:colcon.colcon_core.package_identification:_identify(.) by extension 'colcon_pkg'
[0.959s] Level 1:colcon.colcon_core.package_identification:_identify(.) by extensions ['colcon_meta']
[0.959s] Level 1:colcon.colcon_core.package_identification:_identify(.) by extension 'colcon_meta'
[0.959s] Level 1:colcon.colcon_core.package_identification:_identify(.) by extensions ['ros']
[0.959s] Level 1:colcon.colcon_core.package_identification:_identify(.) by extension 'ros'
[0.972s] Level 1:colcon.colcon_core.package_identification:_identify(.) by extensions ['cmake', 'python']
[0.972s] Level 1:colcon.colcon_core.package_identification:_identify(.) by extension 'cmake'
[0.972s] Level 1:colcon.colcon_core.package_identification:_identify(.) by extension 'python'
[0.972s] Level 1:colcon.colcon_core.package_identification:_identify(.) by extensions ['python_setup_py']
[0.972s] Level 1:colcon.colcon_core.package_identification:_identify(.) by extension 'python_setup_py'
[0.972s] Level 1:colcon.colcon_core.package_identification:_identify(build) by extensions ['ignore', 'ignore_ament_install']
[0.973s] Level 1:colcon.colcon_core.package_identification:_identify(build) by extension 'ignore'
[0.973s] Level 1:colcon.colcon_core.package_identification:_identify(build) ignored
[0.973s] Level 1:colcon.colcon_core.package_identification:_identify(install) by extensions ['ignore', 'ignore_ament_install']
[0.973s] Level 1:colcon.colcon_core.package_identification:_identify(install) by extension 'ignore'
[0.973s] Level 1:colcon.colcon_core.package_identification:_identify(install) ignored
[0.973s] Level 1:colcon.colcon_core.package_identification:_identify(log) by extensions ['ignore', 'ignore_ament_install']
[0.973s] Level 1:colcon.colcon_core.package_identification:_identify(log) by extension 'ignore'
[0.973s] Level 1:colcon.colcon_core.package_identification:_identify(log) ignored
[0.973s] Level 1:colcon.colcon_core.package_identification:_identify(src) by extensions ['ignore', 'ignore_ament_install']
[0.973s] Level 1:colcon.colcon_core.package_identification:_identify(src) by extension 'ignore'
[0.973s] Level 1:colcon.colcon_core.package_identification:_identify(src) by extension 'ignore_ament_install'
[0.973s] Level 1:colcon.colcon_core.package_identification:_identify(src) by extensions ['colcon_pkg']
[0.973s] Level 1:colcon.colcon_core.package_identification:_identify(src) by extension 'colcon_pkg'
[0.973s] Level 1:colcon.colcon_core.package_identification:_identify(src) by extensions ['colcon_meta']
[0.973s] Level 1:colcon.colcon_core.package_identification:_identify(src) by extension 'colcon_meta'
[0.973s] Level 1:colcon.colcon_core.package_identification:_identify(src) by extensions ['ros']
[0.973s] Level 1:colcon.colcon_core.package_identification:_identify(src) by extension 'ros'
[0.973s] Level 1:colcon.colcon_core.package_identification:_identify(src) by extensions ['cmake', 'python']
[0.973s] Level 1:colcon.colcon_core.package_identification:_identify(src) by extension 'cmake'
[0.973s] Level 1:colcon.colcon_core.package_identification:_identify(src) by extension 'python'
[0.973s] Level 1:colcon.colcon_core.package_identification:_identify(src) by extensions ['python_setup_py']
[0.974s] Level 1:colcon.colcon_core.package_identification:_identify(src) by extension 'python_setup_py'
[0.974s] Level 1:colcon.colcon_core.package_identification:_identify(src/cpp_pubsub) by extensions ['ignore', 'ignore_ament_install']
[0.974s] Level 1:colcon.colcon_core.package_identification:_identify(src/cpp_pubsub) by extension 'ignore'
[0.974s] Level 1:colcon.colcon_core.package_identification:_identify(src/cpp_pubsub) by extension 'ignore_ament_install'
[0.974s] Level 1:colcon.colcon_core.package_identification:_identify(src/cpp_pubsub) by extensions ['colcon_pkg']
[0.974s] Level 1:colcon.colcon_core.package_identification:_identify(src/cpp_pubsub) by extension 'colcon_pkg'
[0.974s] Level 1:colcon.colcon_core.package_identification:_identify(src/cpp_pubsub) by extensions ['colcon_meta']
[0.974s] Level 1:colcon.colcon_core.package_identification:_identify(src/cpp_pubsub) by extension 'colcon_meta'
[0.974s] Level 1:colcon.colcon_core.package_identification:_identify(src/cpp_pubsub) by extensions ['ros']
[0.974s] Level 1:colcon.colcon_core.package_identification:_identify(src/cpp_pubsub) by extension 'ros'
[0.977s] DEBUG:colcon.colcon_core.package_identification:Package 'src/cpp_pubsub' with type 'ros.ament_cmake' and name 'cpp_pubsub'
[0.977s] Level 1:colcon.colcon_core.package_identification:_identify(src/cpp_srvcli) by extensions ['ignore', 'ignore_ament_install']
[0.977s] Level 1:colcon.colcon_core.package_identification:_identify(src/cpp_srvcli) by extension 'ignore'
[0.977s] Level 1:colcon.colcon_core.package_identification:_identify(src/cpp_srvcli) by extension 'ignore_ament_install'
[0.977s] Level 1:colcon.colcon_core.package_identification:_identify(src/cpp_srvcli) by extensions ['colcon_pkg']
[0.977s] Level 1:colcon.colcon_core.package_identification:_identify(src/cpp_srvcli) by extension 'colcon_pkg'
[0.977s] Level 1:colcon.colcon_core.package_identification:_identify(src/cpp_srvcli) by extensions ['colcon_meta']
[0.977s] Level 1:colcon.colcon_core.package_identification:_identify(src/cpp_srvcli) by extension 'colcon_meta'
[0.977s] Level 1:colcon.colcon_core.package_identification:_identify(src/cpp_srvcli) by extensions ['ros']
[0.977s] Level 1:colcon.colcon_core.package_identification:_identify(src/cpp_srvcli) by extension 'ros'
[0.978s] DEBUG:colcon.colcon_core.package_identification:Package 'src/cpp_srvcli' with type 'ros.ament_cmake' and name 'cpp_srvcli'
[0.979s] Level 1:colcon.colcon_core.package_identification:_identify(src/custom_interfaces) by extensions ['ignore', 'ignore_ament_install']
[0.979s] Level 1:colcon.colcon_core.package_identification:_identify(src/custom_interfaces) by extension 'ignore'
[0.979s] Level 1:colcon.colcon_core.package_identification:_identify(src/custom_interfaces) by extension 'ignore_ament_install'
[0.979s] Level 1:colcon.colcon_core.package_identification:_identify(src/custom_interfaces) by extensions ['colcon_pkg']
[0.979s] Level 1:colcon.colcon_core.package_identification:_identify(src/custom_interfaces) by extension 'colcon_pkg'
[0.979s] Level 1:colcon.colcon_core.package_identification:_identify(src/custom_interfaces) by extensions ['colcon_meta']
[0.979s] Level 1:colcon.colcon_core.package_identification:_identify(src/custom_interfaces) by extension 'colcon_meta'
[0.979s] Level 1:colcon.colcon_core.package_identification:_identify(src/custom_interfaces) by extensions ['ros']
[0.979s] Level 1:colcon.colcon_core.package_identification:_identify(src/custom_interfaces) by extension 'ros'
[0.980s] DEBUG:colcon.colcon_core.package_identification:Package 'src/custom_interfaces' with type 'ros.ament_cmake' and name 'custom_interfaces'
[0.980s] Level 1:colcon.colcon_core.package_identification:_identify(src/opencv_tools) by extensions ['ignore', 'ignore_ament_install']
[0.980s] Level 1:colcon.colcon_core.package_identification:_identify(src/opencv_tools) by extension 'ignore'
[0.980s] Level 1:colcon.colcon_core.package_identification:_identify(src/opencv_tools) by extension 'ignore_ament_install'
[0.980s] Level 1:colcon.colcon_core.package_identification:_identify(src/opencv_tools) by extensions ['colcon_pkg']
[0.980s] Level 1:colcon.colcon_core.package_identification:_identify(src/opencv_tools) by extension 'colcon_pkg'
[0.980s] Level 1:colcon.colcon_core.package_identification:_identify(src/opencv_tools) by extensions ['colcon_meta']
[0.980s] Level 1:colcon.colcon_core.package_identification:_identify(src/opencv_tools) by extension 'colcon_meta'
[0.980s] Level 1:colcon.colcon_core.package_identification:_identify(src/opencv_tools) by extensions ['ros']
[0.980s] Level 1:colcon.colcon_core.package_identification:_identify(src/opencv_tools) by extension 'ros'
[0.981s] DEBUG:colcon.colcon_core.package_identification:Package 'src/opencv_tools' with type 'ros.ament_python' and name 'opencv_tools'
[0.982s] Level 1:colcon.colcon_core.package_identification:_identify(src/py_pubsub) by extensions ['ignore', 'ignore_ament_install']
[0.982s] Level 1:colcon.colcon_core.package_identification:_identify(src/py_pubsub) by extension 'ignore'
[0.982s] Level 1:colcon.colcon_core.package_identification:_identify(src/py_pubsub) by extension 'ignore_ament_install'
[0.982s] Level 1:colcon.colcon_core.package_identification:_identify(src/py_pubsub) by extensions ['colcon_pkg']
[0.982s] Level 1:colcon.colcon_core.package_identification:_identify(src/py_pubsub) by extension 'colcon_pkg'
[0.982s] Level 1:colcon.colcon_core.package_identification:_identify(src/py_pubsub) by extensions ['colcon_meta']
[0.982s] Level 1:colcon.colcon_core.package_identification:_identify(src/py_pubsub) by extension 'colcon_meta'
[0.982s] Level 1:colcon.colcon_core.package_identification:_identify(src/py_pubsub) by extensions ['ros']
[0.982s] Level 1:colcon.colcon_core.package_identification:_identify(src/py_pubsub) by extension 'ros'
[0.985s] DEBUG:colcon.colcon_core.package_identification:Package 'src/py_pubsub' with type 'ros.ament_python' and name 'py_pubsub'
[0.985s] Level 1:colcon.colcon_core.package_identification:_identify(src/py_srvcli) by extensions ['ignore', 'ignore_ament_install']
[0.985s] Level 1:colcon.colcon_core.package_identification:_identify(src/py_srvcli) by extension 'ignore'
[0.985s] Level 1:colcon.colcon_core.package_identification:_identify(src/py_srvcli) by extension 'ignore_ament_install'
[0.985s] Level 1:colcon.colcon_core.package_identification:_identify(src/py_srvcli) by extensions ['colcon_pkg']
[0.985s] Level 1:colcon.colcon_core.package_identification:_identify(src/py_srvcli) by extension 'colcon_pkg'
[0.985s] Level 1:colcon.colcon_core.package_identification:_identify(src/py_srvcli) by extensions ['colcon_meta']
[0.985s] Level 1:colcon.colcon_core.package_identification:_identify(src/py_srvcli) by extension 'colcon_meta'
[0.985s] Level 1:colcon.colcon_core.package_identification:_identify(src/py_srvcli) by extensions ['ros']
[0.985s] Level 1:colcon.colcon_core.package_identification:_identify(src/py_srvcli) by extension 'ros'
[0.986s] DEBUG:colcon.colcon_core.package_identification:Package 'src/py_srvcli' with type 'ros.ament_python' and name 'py_srvcli'
[0.986s] Level 1:colcon.colcon_core.package_discovery:discover_packages(recursive) using defaults
[0.986s] Level 1:colcon.colcon_core.package_discovery:discover_packages(ignore) discover
[0.986s] Level 1:colcon.colcon_core.package_discovery:discover_packages(ignore) using defaults
[0.986s] Level 1:colcon.colcon_core.package_discovery:discover_packages(path) discover
[0.986s] Level 1:colcon.colcon_core.package_discovery:discover_packages(path) using defaults
[1.072s] Level 1:colcon.colcon_core.package_discovery:discover_packages(prefix_path) check parameters
[1.073s] Level 1:colcon.colcon_core.package_discovery:discover_packages(prefix_path) discover
[1.104s] DEBUG:colcon.colcon_installed_package_information.package_discovery:Found 290 installed packages in /opt/ros/humble
[1.105s] Level 1:colcon.colcon_core.package_discovery:discover_packages(prefix_path) using defaults
[1.214s] Level 5:colcon.colcon_core.verb:set package 'cpp_pubsub' build argument 'cmake_args' from command line to 'None'
[1.214s] Level 5:colcon.colcon_core.verb:set package 'cpp_pubsub' build argument 'cmake_target' from command line to 'None'
[1.214s] Level 5:colcon.colcon_core.verb:set package 'cpp_pubsub' build argument 'cmake_target_skip_unavailable' from command line to 'False'
[1.214s] Level 5:colcon.colcon_core.verb:set package 'cpp_pubsub' build argument 'cmake_clean_cache' from command line to 'False'
[1.214s] Level 5:colcon.colcon_core.verb:set package 'cpp_pubsub' build argument 'cmake_clean_first' from command line to 'False'
[1.214s] Level 5:colcon.colcon_core.verb:set package 'cpp_pubsub' build argument 'cmake_force_configure' from command line to 'False'
[1.214s] Level 5:colcon.colcon_core.verb:set package 'cpp_pubsub' build argument 'ament_cmake_args' from command line to 'None'
[1.214s] Level 5:colcon.colcon_core.verb:set package 'cpp_pubsub' build argument 'catkin_cmake_args' from command line to 'None'
[1.214s] Level 5:colcon.colcon_core.verb:set package 'cpp_pubsub' build argument 'catkin_skip_building_tests' from command line to 'False'
[1.214s] DEBUG:colcon.colcon_core.verb:Building package 'cpp_pubsub' with the following arguments: {'ament_cmake_args': None, 'build_base': '/home/parallels/ros2_ws/build/cpp_pubsub', 'catkin_cmake_args': None, 'catkin_skip_building_tests': False, 'cmake_args': None, 'cmake_clean_cache': False, 'cmake_clean_first': False, 'cmake_force_configure': False, 'cmake_target': None, 'cmake_target_skip_unavailable': False, 'install_base': '/home/parallels/ros2_ws/install/cpp_pubsub', 'merge_install': False, 'path': '/home/parallels/ros2_ws/src/cpp_pubsub', 'symlink_install': False, 'test_result_base': None}
[1.223s] Level 5:colcon.colcon_core.verb:set package 'cpp_srvcli' build argument 'cmake_args' from command line to 'None'
[1.223s] Level 5:colcon.colcon_core.verb:set package 'cpp_srvcli' build argument 'cmake_target' from command line to 'None'
[1.223s] Level 5:colcon.colcon_core.verb:set package 'cpp_srvcli' build argument 'cmake_target_skip_unavailable' from command line to 'False'
[1.223s] Level 5:colcon.colcon_core.verb:set package 'cpp_srvcli' build argument 'cmake_clean_cache' from command line to 'False'
[1.223s] Level 5:colcon.colcon_core.verb:set package 'cpp_srvcli' build argument 'cmake_clean_first' from command line to 'False'
[1.223s] Level 5:colcon.colcon_core.verb:set package 'cpp_srvcli' build argument 'cmake_force_configure' from command line to 'False'
[1.223s] Level 5:colcon.colcon_core.verb:set package 'cpp_srvcli' build argument 'ament_cmake_args' from command line to 'None'
[1.223s] Level 5:colcon.colcon_core.verb:set package 'cpp_srvcli' build argument 'catkin_cmake_args' from command line to 'None'
[1.223s] Level 5:colcon.colcon_core.verb:set package 'cpp_srvcli' build argument 'catkin_skip_building_tests' from command line to 'False'
[1.223s] DEBUG:colcon.colcon_core.verb:Building package 'cpp_srvcli' with the following arguments: {'ament_cmake_args': None, 'build_base': '/home/parallels/ros2_ws/build/cpp_srvcli', 'catkin_cmake_args': None, 'catkin_skip_building_tests': False, 'cmake_args': None, 'cmake_clean_cache': False, 'cmake_clean_first': False, 'cmake_force_configure': False, 'cmake_target': None, 'cmake_target_skip_unavailable': False, 'install_base': '/home/parallels/ros2_ws/install/cpp_srvcli', 'merge_install': False, 'path': '/home/parallels/ros2_ws/src/cpp_srvcli', 'symlink_install': False, 'test_result_base': None}
[1.233s] Level 5:colcon.colcon_core.verb:set package 'custom_interfaces' build argument 'cmake_args' from command line to 'None'
[1.233s] Level 5:colcon.colcon_core.verb:set package 'custom_interfaces' build argument 'cmake_target' from command line to 'None'
[1.233s] Level 5:colcon.colcon_core.verb:set package 'custom_interfaces' build argument 'cmake_target_skip_unavailable' from command line to 'False'
[1.233s] Level 5:colcon.colcon_core.verb:set package 'custom_interfaces' build argument 'cmake_clean_cache' from command line to 'False'
[1.233s] Level 5:colcon.colcon_core.verb:set package 'custom_interfaces' build argument 'cmake_clean_first' from command line to 'False'
[1.233s] Level 5:colcon.colcon_core.verb:set package 'custom_interfaces' build argument 'cmake_force_configure' from command line to 'False'
[1.233s] Level 5:colcon.colcon_core.verb:set package 'custom_interfaces' build argument 'ament_cmake_args' from command line to 'None'
[1.233s] Level 5:colcon.colcon_core.verb:set package 'custom_interfaces' build argument 'catkin_cmake_args' from command line to 'None'
[1.233s] Level 5:colcon.colcon_core.verb:set package 'custom_interfaces' build argument 'catkin_skip_building_tests' from command line to 'False'
[1.233s] DEBUG:colcon.colcon_core.verb:Building package 'custom_interfaces' with the following arguments: {'ament_cmake_args': None, 'build_base': '/home/parallels/ros2_ws/build/custom_interfaces', 'catkin_cmake_args': None, 'catkin_skip_building_tests': False, 'cmake_args': None, 'cmake_clean_cache': False, 'cmake_clean_first': False, 'cmake_force_configure': False, 'cmake_target': None, 'cmake_target_skip_unavailable': False, 'install_base': '/home/parallels/ros2_ws/install/custom_interfaces', 'merge_install': False, 'path': '/home/parallels/ros2_ws/src/custom_interfaces', 'symlink_install': False, 'test_result_base': None}
[1.242s] Level 5:colcon.colcon_core.verb:set package 'opencv_tools' build argument 'cmake_args' from command line to 'None'
[1.242s] Level 5:colcon.colcon_core.verb:set package 'opencv_tools' build argument 'cmake_target' from command line to 'None'
[1.242s] Level 5:colcon.colcon_core.verb:set package 'opencv_tools' build argument 'cmake_target_skip_unavailable' from command line to 'False'
[1.242s] Level 5:colcon.colcon_core.verb:set package 'opencv_tools' build argument 'cmake_clean_cache' from command line to 'False'
[1.242s] Level 5:colcon.colcon_core.verb:set package 'opencv_tools' build argument 'cmake_clean_first' from command line to 'False'
[1.242s] Level 5:colcon.colcon_core.verb:set package 'opencv_tools' build argument 'cmake_force_configure' from command line to 'False'
[1.242s] Level 5:colcon.colcon_core.verb:set package 'opencv_tools' build argument 'ament_cmake_args' from command line to 'None'
[1.242s] Level 5:colcon.colcon_core.verb:set package 'opencv_tools' build argument 'catkin_cmake_args' from command line to 'None'
[1.242s] Level 5:colcon.colcon_core.verb:set package 'opencv_tools' build argument 'catkin_skip_building_tests' from command line to 'False'
[1.242s] DEBUG:colcon.colcon_core.verb:Building package 'opencv_tools' with the following arguments: {'ament_cmake_args': None, 'build_base': '/home/parallels/ros2_ws/build/opencv_tools', 'catkin_cmake_args': None, 'catkin_skip_building_tests': False, 'cmake_args': None, 'cmake_clean_cache': False, 'cmake_clean_first': False, 'cmake_force_configure': False, 'cmake_target': None, 'cmake_target_skip_unavailable': False, 'install_base': '/home/parallels/ros2_ws/install/opencv_tools', 'merge_install': False, 'path': '/home/parallels/ros2_ws/src/opencv_tools', 'symlink_install': False, 'test_result_base': None}
[1.250s] Level 5:colcon.colcon_core.verb:set package 'py_pubsub' build argument 'cmake_args' from command line to 'None'
[1.250s] Level 5:colcon.colcon_core.verb:set package 'py_pubsub' build argument 'cmake_target' from command line to 'None'
[1.250s] Level 5:colcon.colcon_core.verb:set package 'py_pubsub' build argument 'cmake_target_skip_unavailable' from command line to 'False'
[1.250s] Level 5:colcon.colcon_core.verb:set package 'py_pubsub' build argument 'cmake_clean_cache' from command line to 'False'
[1.250s] Level 5:colcon.colcon_core.verb:set package 'py_pubsub' build argument 'cmake_clean_first' from command line to 'False'
[1.250s] Level 5:colcon.colcon_core.verb:set package 'py_pubsub' build argument 'cmake_force_configure' from command line to 'False'
[1.250s] Level 5:colcon.colcon_core.verb:set package 'py_pubsub' build argument 'ament_cmake_args' from command line to 'None'
[1.250s] Level 5:colcon.colcon_core.verb:set package 'py_pubsub' build argument 'catkin_cmake_args' from command line to 'None'
[1.250s] Level 5:colcon.colcon_core.verb:set package 'py_pubsub' build argument 'catkin_skip_building_tests' from command line to 'False'
[1.250s] DEBUG:colcon.colcon_core.verb:Building package 'py_pubsub' with the following arguments: {'ament_cmake_args': None, 'build_base': '/home/parallels/ros2_ws/build/py_pubsub', 'catkin_cmake_args': None, 'catkin_skip_building_tests': False, 'cmake_args': None, 'cmake_clean_cache': False, 'cmake_clean_first': False, 'cmake_force_configure': False, 'cmake_target': None, 'cmake_target_skip_unavailable': False, 'install_base': '/home/parallels/ros2_ws/install/py_pubsub', 'merge_install': False, 'path': '/home/parallels/ros2_ws/src/py_pubsub', 'symlink_install': False, 'test_result_base': None}
[1.258s] Level 5:colcon.colcon_core.verb:set package 'py_srvcli' build argument 'cmake_args' from command line to 'None'
[1.258s] Level 5:colcon.colcon_core.verb:set package 'py_srvcli' build argument 'cmake_target' from command line to 'None'
[1.258s] Level 5:colcon.colcon_core.verb:set package 'py_srvcli' build argument 'cmake_target_skip_unavailable' from command line to 'False'
[1.258s] Level 5:colcon.colcon_core.verb:set package 'py_srvcli' build argument 'cmake_clean_cache' from command line to 'False'
[1.259s] Level 5:colcon.colcon_core.verb:set package 'py_srvcli' build argument 'cmake_clean_first' from command line to 'False'
[1.259s] Level 5:colcon.colcon_core.verb:set package 'py_srvcli' build argument 'cmake_force_configure' from command line to 'False'
[1.259s] Level 5:colcon.colcon_core.verb:set package 'py_srvcli' build argument 'ament_cmake_args' from command line to 'None'
[1.259s] Level 5:colcon.colcon_core.verb:set package 'py_srvcli' build argument 'catkin_cmake_args' from command line to 'None'
[1.259s] Level 5:colcon.colcon_core.verb:set package 'py_srvcli' build argument 'catkin_skip_building_tests' from command line to 'False'
[1.259s] DEBUG:colcon.colcon_core.verb:Building package 'py_srvcli' with the following arguments: {'ament_cmake_args': None, 'build_base': '/home/parallels/ros2_ws/build/py_srvcli', 'catkin_cmake_args': None, 'catkin_skip_building_tests': False, 'cmake_args': None, 'cmake_clean_cache': False, 'cmake_clean_first': False, 'cmake_force_configure': False, 'cmake_target': None, 'cmake_target_skip_unavailable': False, 'install_base': '/home/parallels/ros2_ws/install/py_srvcli', 'merge_install': False, 'path': '/home/parallels/ros2_ws/src/py_srvcli', 'symlink_install': False, 'test_result_base': None}
[1.267s] INFO:colcon.colcon_core.executor:Executing jobs using 'parallel' executor
[1.275s] DEBUG:colcon.colcon_parallel_executor.executor.parallel:run_until_complete
[1.275s] INFO:colcon.colcon_ros.task.ament_cmake.build:Building ROS package in '/home/parallels/ros2_ws/src/cpp_pubsub' with build type 'ament_cmake'
[1.276s] INFO:colcon.colcon_cmake.task.cmake.build:Building CMake package in '/home/parallels/ros2_ws/src/cpp_pubsub'
[1.291s] INFO:colcon.colcon_core.plugin_system:Skipping extension 'colcon_core.shell.bat': Not used on non-Windows systems
[1.292s] INFO:colcon.colcon_core.shell:Skip shell extension 'powershell' for command environment: Not usable outside of PowerShell
[1.292s] DEBUG:colcon.colcon_core.shell:Skip shell extension 'dsv' for command environment
[1.315s] INFO:colcon.colcon_ros.task.ament_cmake.build:Building ROS package in '/home/parallels/ros2_ws/src/cpp_srvcli' with build type 'ament_cmake'
[1.315s] INFO:colcon.colcon_cmake.task.cmake.build:Building CMake package in '/home/parallels/ros2_ws/src/cpp_srvcli'
[1.325s] INFO:colcon.colcon_core.shell:Skip shell extension 'powershell' for command environment: Not usable outside of PowerShell
[1.325s] DEBUG:colcon.colcon_core.shell:Skip shell extension 'dsv' for command environment
[1.350s] DEBUG:colcon.colcon_core.event_handler.log_command:Invoking command in '/home/parallels/ros2_ws/build/cpp_pubsub': CMAKE_PREFIX_PATH=/opt/ros/humble /usr/bin/cmake --build /home/parallels/ros2_ws/build/cpp_pubsub -- -j2 -l2
[1.355s] DEBUG:colcon.colcon_core.event_handler.log_command:Invoking command in '/home/parallels/ros2_ws/build/cpp_srvcli': CMAKE_PREFIX_PATH=/opt/ros/humble /usr/bin/cmake --build /home/parallels/ros2_ws/build/cpp_srvcli -- -j2 -l2
[1.614s] DEBUG:colcon.colcon_core.event_handler.log_command:Invoked command in '/home/parallels/ros2_ws/build/cpp_srvcli' returned '0': CMAKE_PREFIX_PATH=/opt/ros/humble /usr/bin/cmake --build /home/parallels/ros2_ws/build/cpp_srvcli -- -j2 -l2
[1.619s] DEBUG:colcon.colcon_core.event_handler.log_command:Invoked command in '/home/parallels/ros2_ws/build/cpp_pubsub' returned '0': CMAKE_PREFIX_PATH=/opt/ros/humble /usr/bin/cmake --build /home/parallels/ros2_ws/build/cpp_pubsub -- -j2 -l2
[1.657s] DEBUG:colcon.colcon_core.event_handler.log_command:Invoking command in '/home/parallels/ros2_ws/build/cpp_srvcli': CMAKE_PREFIX_PATH=/opt/ros/humble /usr/bin/cmake --install /home/parallels/ros2_ws/build/cpp_srvcli
[1.672s] DEBUG:colcon.colcon_core.event_handler.log_command:Invoking command in '/home/parallels/ros2_ws/build/cpp_pubsub': CMAKE_PREFIX_PATH=/opt/ros/humble /usr/bin/cmake --install /home/parallels/ros2_ws/build/cpp_pubsub
[1.695s] Level 1:colcon.colcon_core.environment:create_environment_scripts_only(cpp_srvcli)
[1.696s] DEBUG:colcon.colcon_core.event_handler.log_command:Invoked command in '/home/parallels/ros2_ws/build/cpp_srvcli' returned '0': CMAKE_PREFIX_PATH=/opt/ros/humble /usr/bin/cmake --install /home/parallels/ros2_ws/build/cpp_srvcli
[1.720s] Level 1:colcon.colcon_core.environment:checking '/home/parallels/ros2_ws/install/cpp_srvcli' for CMake module files
[1.721s] Level 1:colcon.colcon_core.environment:checking '/home/parallels/ros2_ws/install/cpp_srvcli' for CMake config files
[1.721s] Level 1:colcon.colcon_core.shell:create_environment_hook('cpp_srvcli', 'cmake_prefix_path')
[1.742s] INFO:colcon.colcon_core.shell:Creating environment hook '/home/parallels/ros2_ws/install/cpp_srvcli/share/cpp_srvcli/hook/cmake_prefix_path.ps1'
[1.743s] INFO:colcon.colcon_core.shell:Creating environment descriptor '/home/parallels/ros2_ws/install/cpp_srvcli/share/cpp_srvcli/hook/cmake_prefix_path.dsv'
[1.744s] INFO:colcon.colcon_core.shell:Creating environment hook '/home/parallels/ros2_ws/install/cpp_srvcli/share/cpp_srvcli/hook/cmake_prefix_path.sh'
[1.745s] Level 1:colcon.colcon_core.environment:checking '/home/parallels/ros2_ws/install/cpp_srvcli/lib'
[1.745s] Level 1:colcon.colcon_core.environment:checking '/home/parallels/ros2_ws/install/cpp_srvcli/bin'
[1.745s] Level 1:colcon.colcon_core.environment:checking '/home/parallels/ros2_ws/install/cpp_srvcli/lib/pkgconfig/cpp_srvcli.pc'
[1.745s] Level 1:colcon.colcon_core.environment:checking '/home/parallels/ros2_ws/install/cpp_srvcli/lib/python3.10/site-packages'
[1.745s] Level 1:colcon.colcon_core.environment:checking '/home/parallels/ros2_ws/install/cpp_srvcli/bin'
[1.766s] INFO:colcon.colcon_core.shell:Creating package script '/home/parallels/ros2_ws/install/cpp_srvcli/share/cpp_srvcli/package.ps1'
[1.767s] INFO:colcon.colcon_core.shell:Creating package descriptor '/home/parallels/ros2_ws/install/cpp_srvcli/share/cpp_srvcli/package.dsv'
[1.768s] INFO:colcon.colcon_core.shell:Creating package script '/home/parallels/ros2_ws/install/cpp_srvcli/share/cpp_srvcli/package.sh'
[1.769s] INFO:colcon.colcon_core.shell:Creating package script '/home/parallels/ros2_ws/install/cpp_srvcli/share/cpp_srvcli/package.bash'
[1.770s] INFO:colcon.colcon_core.shell:Creating package script '/home/parallels/ros2_ws/install/cpp_srvcli/share/cpp_srvcli/package.zsh'
[1.771s] Level 1:colcon.colcon_core.environment:create_file_with_runtime_dependencies(/home/parallels/ros2_ws/install/cpp_srvcli/share/colcon-core/packages/cpp_srvcli)
[1.777s] Level 1:colcon.colcon_core.environment:create_environment_scripts_only(cpp_pubsub)
[1.778s] DEBUG:colcon.colcon_core.event_handler.log_command:Invoked command in '/home/parallels/ros2_ws/build/cpp_pubsub' returned '0': CMAKE_PREFIX_PATH=/opt/ros/humble /usr/bin/cmake --install /home/parallels/ros2_ws/build/cpp_pubsub
[1.797s] Level 1:colcon.colcon_core.environment:checking '/home/parallels/ros2_ws/install/cpp_pubsub' for CMake module files
[1.798s] Level 1:colcon.colcon_core.environment:checking '/home/parallels/ros2_ws/install/cpp_pubsub' for CMake config files
[1.799s] Level 1:colcon.colcon_core.shell:create_environment_hook('cpp_pubsub', 'cmake_prefix_path')
[1.827s] INFO:colcon.colcon_core.shell:Creating environment hook '/home/parallels/ros2_ws/install/cpp_pubsub/share/cpp_pubsub/hook/cmake_prefix_path.ps1'
[1.833s] INFO:colcon.colcon_core.shell:Creating environment descriptor '/home/parallels/ros2_ws/install/cpp_pubsub/share/cpp_pubsub/hook/cmake_prefix_path.dsv'
[1.835s] INFO:colcon.colcon_core.shell:Creating environment hook '/home/parallels/ros2_ws/install/cpp_pubsub/share/cpp_pubsub/hook/cmake_prefix_path.sh'
[1.837s] Level 1:colcon.colcon_core.environment:checking '/home/parallels/ros2_ws/install/cpp_pubsub/lib'
[1.837s] Level 1:colcon.colcon_core.shell:create_environment_hook('cpp_pubsub', 'ld_library_path_lib')
[1.857s] INFO:colcon.colcon_core.shell:Creating environment hook '/home/parallels/ros2_ws/install/cpp_pubsub/share/cpp_pubsub/hook/ld_library_path_lib.ps1'
[1.857s] INFO:colcon.colcon_core.shell:Creating environment descriptor '/home/parallels/ros2_ws/install/cpp_pubsub/share/cpp_pubsub/hook/ld_library_path_lib.dsv'
[1.858s] INFO:colcon.colcon_core.shell:Creating environment hook '/home/parallels/ros2_ws/install/cpp_pubsub/share/cpp_pubsub/hook/ld_library_path_lib.sh'
[1.858s] Level 1:colcon.colcon_core.environment:checking '/home/parallels/ros2_ws/install/cpp_pubsub/bin'
[1.858s] Level 1:colcon.colcon_core.environment:checking '/home/parallels/ros2_ws/install/cpp_pubsub/lib/pkgconfig/cpp_pubsub.pc'
[1.858s] Level 1:colcon.colcon_core.environment:checking '/home/parallels/ros2_ws/install/cpp_pubsub/lib/python3.10/site-packages'
[1.859s] Level 1:colcon.colcon_core.environment:checking '/home/parallels/ros2_ws/install/cpp_pubsub/bin'
[1.871s] INFO:colcon.colcon_core.shell:Creating package script '/home/parallels/ros2_ws/install/cpp_pubsub/share/cpp_pubsub/package.ps1'
[1.872s] INFO:colcon.colcon_core.shell:Creating package descriptor '/home/parallels/ros2_ws/install/cpp_pubsub/share/cpp_pubsub/package.dsv'
[1.872s] INFO:colcon.colcon_core.shell:Creating package script '/home/parallels/ros2_ws/install/cpp_pubsub/share/cpp_pubsub/package.sh'
[1.873s] INFO:colcon.colcon_core.shell:Creating package script '/home/parallels/ros2_ws/install/cpp_pubsub/share/cpp_pubsub/package.bash'
[1.873s] INFO:colcon.colcon_core.shell:Creating package script '/home/parallels/ros2_ws/install/cpp_pubsub/share/cpp_pubsub/package.zsh'
[1.874s] Level 1:colcon.colcon_core.environment:create_file_with_runtime_dependencies(/home/parallels/ros2_ws/install/cpp_pubsub/share/colcon-core/packages/cpp_pubsub)
[1.889s] Level 1:colcon.colcon_core.environment:create_environment_scripts_only(cpp_srvcli)
[1.906s] Level 1:colcon.colcon_core.environment:checking '/home/parallels/ros2_ws/install/cpp_srvcli' for CMake module files
[1.906s] Level 1:colcon.colcon_core.environment:checking '/home/parallels/ros2_ws/install/cpp_srvcli' for CMake config files
[1.906s] Level 1:colcon.colcon_core.shell:create_environment_hook('cpp_srvcli', 'cmake_prefix_path')
[1.918s] INFO:colcon.colcon_core.shell:Creating environment hook '/home/parallels/ros2_ws/install/cpp_srvcli/share/cpp_srvcli/hook/cmake_prefix_path.ps1'
[1.918s] INFO:colcon.colcon_core.shell:Creating environment descriptor '/home/parallels/ros2_ws/install/cpp_srvcli/share/cpp_srvcli/hook/cmake_prefix_path.dsv'
[1.919s] INFO:colcon.colcon_core.shell:Creating environment hook '/home/parallels/ros2_ws/install/cpp_srvcli/share/cpp_srvcli/hook/cmake_prefix_path.sh'
[1.919s] Level 1:colcon.colcon_core.environment:checking '/home/parallels/ros2_ws/install/cpp_srvcli/lib'
[1.919s] Level 1:colcon.colcon_core.environment:checking '/home/parallels/ros2_ws/install/cpp_srvcli/bin'
[1.920s] Level 1:colcon.colcon_core.environment:checking '/home/parallels/ros2_ws/install/cpp_srvcli/lib/pkgconfig/cpp_srvcli.pc'
[1.921s] Level 1:colcon.colcon_core.environment:checking '/home/parallels/ros2_ws/install/cpp_srvcli/lib/python3.10/site-packages'
[1.922s] Level 1:colcon.colcon_core.environment:checking '/home/parallels/ros2_ws/install/cpp_srvcli/bin'
[1.962s] INFO:colcon.colcon_core.shell:Creating package script '/home/parallels/ros2_ws/install/cpp_srvcli/share/cpp_srvcli/package.ps1'
[1.964s] INFO:colcon.colcon_core.shell:Creating package descriptor '/home/parallels/ros2_ws/install/cpp_srvcli/share/cpp_srvcli/package.dsv'
[1.966s] INFO:colcon.colcon_core.shell:Creating package script '/home/parallels/ros2_ws/install/cpp_srvcli/share/cpp_srvcli/package.sh'
[1.967s] INFO:colcon.colcon_core.shell:Creating package script '/home/parallels/ros2_ws/install/cpp_srvcli/share/cpp_srvcli/package.bash'
[1.968s] INFO:colcon.colcon_core.shell:Creating package script '/home/parallels/ros2_ws/install/cpp_srvcli/share/cpp_srvcli/package.zsh'
[1.969s] Level 1:colcon.colcon_core.environment:create_file_with_runtime_dependencies(/home/parallels/ros2_ws/install/cpp_srvcli/share/colcon-core/packages/cpp_srvcli)
[1.971s] INFO:colcon.colcon_ros.task.ament_cmake.build:Building ROS package in '/home/parallels/ros2_ws/src/custom_interfaces' with build type 'ament_cmake'
[1.971s] INFO:colcon.colcon_cmake.task.cmake.build:Building CMake package in '/home/parallels/ros2_ws/src/custom_interfaces'
[2.019s] INFO:colcon.colcon_core.shell:Skip shell extension 'powershell' for command environment: Not usable outside of PowerShell
[2.020s] DEBUG:colcon.colcon_core.shell:Skip shell extension 'dsv' for command environment
[2.066s] Level 1:colcon.colcon_core.environment:create_environment_scripts_only(cpp_pubsub)
[2.075s] Level 1:colcon.colcon_core.environment:checking '/home/parallels/ros2_ws/install/cpp_pubsub' for CMake module files
[2.075s] Level 1:colcon.colcon_core.environment:checking '/home/parallels/ros2_ws/install/cpp_pubsub' for CMake config files
[2.075s] Level 1:colcon.colcon_core.shell:create_environment_hook('cpp_pubsub', 'cmake_prefix_path')
[2.087s] INFO:colcon.colcon_core.shell:Creating environment hook '/home/parallels/ros2_ws/install/cpp_pubsub/share/cpp_pubsub/hook/cmake_prefix_path.ps1'
[2.087s] INFO:colcon.colcon_core.shell:Creating environment descriptor '/home/parallels/ros2_ws/install/cpp_pubsub/share/cpp_pubsub/hook/cmake_prefix_path.dsv'
[2.088s] INFO:colcon.colcon_core.shell:Creating environment hook '/home/parallels/ros2_ws/install/cpp_pubsub/share/cpp_pubsub/hook/cmake_prefix_path.sh'
[2.088s] Level 1:colcon.colcon_core.environment:checking '/home/parallels/ros2_ws/install/cpp_pubsub/lib'
[2.088s] Level 1:colcon.colcon_core.shell:create_environment_hook('cpp_pubsub', 'ld_library_path_lib')
[2.097s] INFO:colcon.colcon_core.shell:Creating environment hook '/home/parallels/ros2_ws/install/cpp_pubsub/share/cpp_pubsub/hook/ld_library_path_lib.ps1'
[2.098s] INFO:colcon.colcon_core.shell:Creating environment descriptor '/home/parallels/ros2_ws/install/cpp_pubsub/share/cpp_pubsub/hook/ld_library_path_lib.dsv'
[2.098s] INFO:colcon.colcon_core.shell:Creating environment hook '/home/parallels/ros2_ws/install/cpp_pubsub/share/cpp_pubsub/hook/ld_library_path_lib.sh'
[2.098s] Level 1:colcon.colcon_core.environment:checking '/home/parallels/ros2_ws/install/cpp_pubsub/bin'
[2.098s] Level 1:colcon.colcon_core.environment:checking '/home/parallels/ros2_ws/install/cpp_pubsub/lib/pkgconfig/cpp_pubsub.pc'
[2.098s] Level 1:colcon.colcon_core.environment:checking '/home/parallels/ros2_ws/install/cpp_pubsub/lib/python3.10/site-packages'
[2.098s] Level 1:colcon.colcon_core.environment:checking '/home/parallels/ros2_ws/install/cpp_pubsub/bin'
[2.108s] INFO:colcon.colcon_core.shell:Creating package script '/home/parallels/ros2_ws/install/cpp_pubsub/share/cpp_pubsub/package.ps1'
[2.108s] INFO:colcon.colcon_core.shell:Creating package descriptor '/home/parallels/ros2_ws/install/cpp_pubsub/share/cpp_pubsub/package.dsv'
[2.109s] INFO:colcon.colcon_core.shell:Creating package script '/home/parallels/ros2_ws/install/cpp_pubsub/share/cpp_pubsub/package.sh'
[2.109s] INFO:colcon.colcon_core.shell:Creating package script '/home/parallels/ros2_ws/install/cpp_pubsub/share/cpp_pubsub/package.bash'
[2.109s] INFO:colcon.colcon_core.shell:Creating package script '/home/parallels/ros2_ws/install/cpp_pubsub/share/cpp_pubsub/package.zsh'
[2.110s] Level 1:colcon.colcon_core.environment:create_file_with_runtime_dependencies(/home/parallels/ros2_ws/install/cpp_pubsub/share/colcon-core/packages/cpp_pubsub)
[2.110s] INFO:colcon.colcon_ros.task.ament_python.build:Building ROS package in '/home/parallels/ros2_ws/src/opencv_tools' with build type 'ament_python'
[2.111s] Level 1:colcon.colcon_core.shell:create_environment_hook('opencv_tools', 'ament_prefix_path')
[2.120s] INFO:colcon.colcon_core.shell:Creating environment hook '/home/parallels/ros2_ws/install/opencv_tools/share/opencv_tools/hook/ament_prefix_path.ps1'
[2.121s] INFO:colcon.colcon_core.shell:Creating environment descriptor '/home/parallels/ros2_ws/install/opencv_tools/share/opencv_tools/hook/ament_prefix_path.dsv'
[2.121s] INFO:colcon.colcon_core.shell:Creating environment hook '/home/parallels/ros2_ws/install/opencv_tools/share/opencv_tools/hook/ament_prefix_path.sh'
[2.131s] INFO:colcon.colcon_core.shell:Skip shell extension 'powershell' for command environment: Not usable outside of PowerShell
[2.131s] DEBUG:colcon.colcon_core.shell:Skip shell extension 'dsv' for command environment
[2.155s] DEBUG:colcon.colcon_core.event_handler.log_command:Invoking command in '/home/parallels/ros2_ws/build/custom_interfaces': CMAKE_PREFIX_PATH=/opt/ros/humble /usr/bin/cmake --build /home/parallels/ros2_ws/build/custom_interfaces -- -j2 -l2
[2.477s] INFO:colcon.colcon_core.task.python.build:Building Python package in '/home/parallels/ros2_ws/src/opencv_tools'
[2.494s] INFO:colcon.colcon_core.shell:Skip shell extension 'powershell' for command environment: Not usable outside of PowerShell
[2.494s] DEBUG:colcon.colcon_core.shell:Skip shell extension 'dsv' for command environment
[3.059s] DEBUG:colcon.colcon_core.event_handler.log_command:Invoking command in '/home/parallels/ros2_ws/src/opencv_tools': PYTHONPATH=/home/parallels/ros2_ws/build/opencv_tools/prefix_override:/home/parallels/ros2_ws/install/opencv_tools/lib/python3.10/site-packages:${PYTHONPATH} /usr/bin/python3 setup.py egg_info --egg-base ../../build/opencv_tools build --build-base /home/parallels/ros2_ws/build/opencv_tools/build install --record /home/parallels/ros2_ws/build/opencv_tools/install.log --single-version-externally-managed
[3.473s] DEBUG:colcon.colcon_core.event_handler.log_command:Invoked command in '/home/parallels/ros2_ws/src/opencv_tools' returned '0': PYTHONPATH=/home/parallels/ros2_ws/build/opencv_tools/prefix_override:/home/parallels/ros2_ws/install/opencv_tools/lib/python3.10/site-packages:${PYTHONPATH} /usr/bin/python3 setup.py egg_info --egg-base ../../build/opencv_tools build --build-base /home/parallels/ros2_ws/build/opencv_tools/build install --record /home/parallels/ros2_ws/build/opencv_tools/install.log --single-version-externally-managed
[3.488s] Level 1:colcon.colcon_core.environment:checking '/home/parallels/ros2_ws/install/opencv_tools' for CMake module files
[3.490s] Level 1:colcon.colcon_core.environment:checking '/home/parallels/ros2_ws/install/opencv_tools' for CMake config files
[3.491s] Level 1:colcon.colcon_core.environment:checking '/home/parallels/ros2_ws/install/opencv_tools/lib'
[3.491s] Level 1:colcon.colcon_core.environment:checking '/home/parallels/ros2_ws/install/opencv_tools/bin'
[3.491s] Level 1:colcon.colcon_core.environment:checking '/home/parallels/ros2_ws/install/opencv_tools/lib/pkgconfig/opencv_tools.pc'
[3.492s] Level 1:colcon.colcon_core.environment:checking '/home/parallels/ros2_ws/install/opencv_tools/lib/python3.10/site-packages'
[3.492s] Level 1:colcon.colcon_core.shell:create_environment_hook('opencv_tools', 'pythonpath')
[3.508s] INFO:colcon.colcon_core.shell:Creating environment hook '/home/parallels/ros2_ws/install/opencv_tools/share/opencv_tools/hook/pythonpath.ps1'
[3.509s] INFO:colcon.colcon_core.shell:Creating environment descriptor '/home/parallels/ros2_ws/install/opencv_tools/share/opencv_tools/hook/pythonpath.dsv'
[3.510s] INFO:colcon.colcon_core.shell:Creating environment hook '/home/parallels/ros2_ws/install/opencv_tools/share/opencv_tools/hook/pythonpath.sh'
[3.513s] Level 1:colcon.colcon_core.environment:checking '/home/parallels/ros2_ws/install/opencv_tools/bin'
[3.513s] Level 1:colcon.colcon_core.environment:create_environment_scripts_only(opencv_tools)
[3.537s] INFO:colcon.colcon_core.shell:Creating package script '/home/parallels/ros2_ws/install/opencv_tools/share/opencv_tools/package.ps1'
[3.539s] INFO:colcon.colcon_core.shell:Creating package descriptor '/home/parallels/ros2_ws/install/opencv_tools/share/opencv_tools/package.dsv'
[3.539s] INFO:colcon.colcon_core.shell:Creating package script '/home/parallels/ros2_ws/install/opencv_tools/share/opencv_tools/package.sh'
[3.540s] INFO:colcon.colcon_core.shell:Creating package script '/home/parallels/ros2_ws/install/opencv_tools/share/opencv_tools/package.bash'
[3.540s] INFO:colcon.colcon_core.shell:Creating package script '/home/parallels/ros2_ws/install/opencv_tools/share/opencv_tools/package.zsh'
[3.541s] Level 1:colcon.colcon_core.environment:create_file_with_runtime_dependencies(/home/parallels/ros2_ws/install/opencv_tools/share/colcon-core/packages/opencv_tools)
[3.542s] INFO:colcon.colcon_ros.task.ament_python.build:Building ROS package in '/home/parallels/ros2_ws/src/py_pubsub' with build type 'ament_python'
[3.543s] Level 1:colcon.colcon_core.shell:create_environment_hook('py_pubsub', 'ament_prefix_path')
[3.570s] INFO:colcon.colcon_core.shell:Creating environment hook '/home/parallels/ros2_ws/install/py_pubsub/share/py_pubsub/hook/ament_prefix_path.ps1'
[3.572s] INFO:colcon.colcon_core.shell:Creating environment descriptor '/home/parallels/ros2_ws/install/py_pubsub/share/py_pubsub/hook/ament_prefix_path.dsv'
[3.573s] INFO:colcon.colcon_core.shell:Creating environment hook '/home/parallels/ros2_ws/install/py_pubsub/share/py_pubsub/hook/ament_prefix_path.sh'
[3.603s] INFO:colcon.colcon_core.shell:Skip shell extension 'powershell' for command environment: Not usable outside of PowerShell
[3.603s] DEBUG:colcon.colcon_core.shell:Skip shell extension 'dsv' for command environment
[4.171s] INFO:colcon.colcon_core.task.python.build:Building Python package in '/home/parallels/ros2_ws/src/py_pubsub'
[4.191s] INFO:colcon.colcon_core.shell:Skip shell extension 'powershell' for command environment: Not usable outside of PowerShell
[4.191s] DEBUG:colcon.colcon_core.shell:Skip shell extension 'dsv' for command environment
[4.244s] DEBUG:colcon.colcon_core.event_handler.log_command:Invoked command in '/home/parallels/ros2_ws/build/custom_interfaces' returned '0': CMAKE_PREFIX_PATH=/opt/ros/humble /usr/bin/cmake --build /home/parallels/ros2_ws/build/custom_interfaces -- -j2 -l2
[4.807s] DEBUG:colcon.colcon_core.event_handler.log_command:Invoking command in '/home/parallels/ros2_ws/src/py_pubsub': PYTHONPATH=/home/parallels/ros2_ws/build/py_pubsub/prefix_override:/home/parallels/ros2_ws/install/py_pubsub/lib/python3.10/site-packages:${PYTHONPATH} /usr/bin/python3 setup.py egg_info --egg-base ../../build/py_pubsub build --build-base /home/parallels/ros2_ws/build/py_pubsub/build install --record /home/parallels/ros2_ws/build/py_pubsub/install.log --single-version-externally-managed
[5.259s] DEBUG:colcon.colcon_core.event_handler.log_command:Invoked command in '/home/parallels/ros2_ws/src/py_pubsub' returned '0': PYTHONPATH=/home/parallels/ros2_ws/build/py_pubsub/prefix_override:/home/parallels/ros2_ws/install/py_pubsub/lib/python3.10/site-packages:${PYTHONPATH} /usr/bin/python3 setup.py egg_info --egg-base ../../build/py_pubsub build --build-base /home/parallels/ros2_ws/build/py_pubsub/build install --record /home/parallels/ros2_ws/build/py_pubsub/install.log --single-version-externally-managed
[5.272s] Level 1:colcon.colcon_core.environment:checking '/home/parallels/ros2_ws/install/py_pubsub' for CMake module files
[5.272s] Level 1:colcon.colcon_core.environment:checking '/home/parallels/ros2_ws/install/py_pubsub' for CMake config files
[5.283s] Level 1:colcon.colcon_core.environment:checking '/home/parallels/ros2_ws/install/py_pubsub/lib'
[5.283s] Level 1:colcon.colcon_core.environment:checking '/home/parallels/ros2_ws/install/py_pubsub/bin'
[5.283s] Level 1:colcon.colcon_core.environment:checking '/home/parallels/ros2_ws/install/py_pubsub/lib/pkgconfig/py_pubsub.pc'
[5.283s] Level 1:colcon.colcon_core.environment:checking '/home/parallels/ros2_ws/install/py_pubsub/lib/python3.10/site-packages'
[5.283s] Level 1:colcon.colcon_core.shell:create_environment_hook('py_pubsub', 'pythonpath')
[5.321s] INFO:colcon.colcon_core.shell:Creating environment hook '/home/parallels/ros2_ws/install/py_pubsub/share/py_pubsub/hook/pythonpath.ps1'
[5.322s] INFO:colcon.colcon_core.shell:Creating environment descriptor '/home/parallels/ros2_ws/install/py_pubsub/share/py_pubsub/hook/pythonpath.dsv'
[5.324s] INFO:colcon.colcon_core.shell:Creating environment hook '/home/parallels/ros2_ws/install/py_pubsub/share/py_pubsub/hook/pythonpath.sh'
[5.326s] Level 1:colcon.colcon_core.environment:checking '/home/parallels/ros2_ws/install/py_pubsub/bin'
[5.326s] Level 1:colcon.colcon_core.environment:create_environment_scripts_only(py_pubsub)
[5.351s] INFO:colcon.colcon_core.shell:Creating package script '/home/parallels/ros2_ws/install/py_pubsub/share/py_pubsub/package.ps1'
[5.352s] INFO:colcon.colcon_core.shell:Creating package descriptor '/home/parallels/ros2_ws/install/py_pubsub/share/py_pubsub/package.dsv'
[5.355s] INFO:colcon.colcon_core.shell:Creating package script '/home/parallels/ros2_ws/install/py_pubsub/share/py_pubsub/package.sh'
[5.357s] INFO:colcon.colcon_core.shell:Creating package script '/home/parallels/ros2_ws/install/py_pubsub/share/py_pubsub/package.bash'
[5.359s] INFO:colcon.colcon_core.shell:Creating package script '/home/parallels/ros2_ws/install/py_pubsub/share/py_pubsub/package.zsh'
[5.362s] Level 1:colcon.colcon_core.environment:create_file_with_runtime_dependencies(/home/parallels/ros2_ws/install/py_pubsub/share/colcon-core/packages/py_pubsub)
[5.365s] INFO:colcon.colcon_ros.task.ament_python.build:Building ROS package in '/home/parallels/ros2_ws/src/py_srvcli' with build type 'ament_python'
[5.365s] Level 1:colcon.colcon_core.shell:create_environment_hook('py_srvcli', 'ament_prefix_path')
[5.400s] INFO:colcon.colcon_core.shell:Creating environment hook '/home/parallels/ros2_ws/install/py_srvcli/share/py_srvcli/hook/ament_prefix_path.ps1'
[5.412s] INFO:colcon.colcon_core.shell:Creating environment descriptor '/home/parallels/ros2_ws/install/py_srvcli/share/py_srvcli/hook/ament_prefix_path.dsv'
[5.412s] INFO:colcon.colcon_core.shell:Creating environment hook '/home/parallels/ros2_ws/install/py_srvcli/share/py_srvcli/hook/ament_prefix_path.sh'
[5.432s] INFO:colcon.colcon_core.shell:Skip shell extension 'powershell' for command environment: Not usable outside of PowerShell
[5.432s] DEBUG:colcon.colcon_core.shell:Skip shell extension 'dsv' for command environment
[6.112s] INFO:colcon.colcon_core.task.python.build:Building Python package in '/home/parallels/ros2_ws/src/py_srvcli'
[6.127s] INFO:colcon.colcon_core.shell:Skip shell extension 'powershell' for command environment: Not usable outside of PowerShell
[6.127s] DEBUG:colcon.colcon_core.shell:Skip shell extension 'dsv' for command environment
[6.581s] DEBUG:colcon.colcon_core.event_handler.log_command:Invoking command in '/home/parallels/ros2_ws/build/custom_interfaces': CMAKE_PREFIX_PATH=/opt/ros/humble /usr/bin/cmake --install /home/parallels/ros2_ws/build/custom_interfaces
[7.025s] Level 1:colcon.colcon_core.environment:create_environment_scripts_only(custom_interfaces)
[7.025s] DEBUG:colcon.colcon_core.event_handler.log_command:Invoked command in '/home/parallels/ros2_ws/build/custom_interfaces' returned '0': CMAKE_PREFIX_PATH=/opt/ros/humble /usr/bin/cmake --install /home/parallels/ros2_ws/build/custom_interfaces
[7.045s] Level 1:colcon.colcon_core.environment:checking '/home/parallels/ros2_ws/install/custom_interfaces' for CMake module files
[7.045s] Level 1:colcon.colcon_core.environment:checking '/home/parallels/ros2_ws/install/custom_interfaces' for CMake config files
[7.048s] Level 1:colcon.colcon_core.shell:create_environment_hook('custom_interfaces', 'cmake_prefix_path')
[7.063s] INFO:colcon.colcon_core.shell:Creating environment hook '/home/parallels/ros2_ws/install/custom_interfaces/share/custom_interfaces/hook/cmake_prefix_path.ps1'
[7.065s] INFO:colcon.colcon_core.shell:Creating environment descriptor '/home/parallels/ros2_ws/install/custom_interfaces/share/custom_interfaces/hook/cmake_prefix_path.dsv'
[7.065s] INFO:colcon.colcon_core.shell:Creating environment hook '/home/parallels/ros2_ws/install/custom_interfaces/share/custom_interfaces/hook/cmake_prefix_path.sh'
[7.066s] Level 1:colcon.colcon_core.environment:checking '/home/parallels/ros2_ws/install/custom_interfaces/lib'
[7.066s] Level 1:colcon.colcon_core.shell:create_environment_hook('custom_interfaces', 'ld_library_path_lib')
[7.097s] INFO:colcon.colcon_core.shell:Creating environment hook '/home/parallels/ros2_ws/install/custom_interfaces/share/custom_interfaces/hook/ld_library_path_lib.ps1'
[7.097s] INFO:colcon.colcon_core.shell:Creating environment descriptor '/home/parallels/ros2_ws/install/custom_interfaces/share/custom_interfaces/hook/ld_library_path_lib.dsv'
[7.097s] INFO:colcon.colcon_core.shell:Creating environment hook '/home/parallels/ros2_ws/install/custom_interfaces/share/custom_interfaces/hook/ld_library_path_lib.sh'
[7.098s] Level 1:colcon.colcon_core.environment:checking '/home/parallels/ros2_ws/install/custom_interfaces/bin'
[7.098s] Level 1:colcon.colcon_core.environment:checking '/home/parallels/ros2_ws/install/custom_interfaces/lib/pkgconfig/custom_interfaces.pc'
[7.098s] Level 1:colcon.colcon_core.environment:checking '/home/parallels/ros2_ws/install/custom_interfaces/lib/python3.10/site-packages'
[7.098s] Level 1:colcon.colcon_core.environment:checking '/home/parallels/ros2_ws/install/custom_interfaces/bin'
[7.111s] INFO:colcon.colcon_core.shell:Creating package script '/home/parallels/ros2_ws/install/custom_interfaces/share/custom_interfaces/package.ps1'
[7.114s] INFO:colcon.colcon_core.shell:Creating package descriptor '/home/parallels/ros2_ws/install/custom_interfaces/share/custom_interfaces/package.dsv'
[7.115s] INFO:colcon.colcon_core.shell:Creating package script '/home/parallels/ros2_ws/install/custom_interfaces/share/custom_interfaces/package.sh'
[7.116s] INFO:colcon.colcon_core.shell:Creating package script '/home/parallels/ros2_ws/install/custom_interfaces/share/custom_interfaces/package.bash'
[7.118s] INFO:colcon.colcon_core.shell:Creating package script '/home/parallels/ros2_ws/install/custom_interfaces/share/custom_interfaces/package.zsh'
[7.120s] Level 1:colcon.colcon_core.environment:create_file_with_runtime_dependencies(/home/parallels/ros2_ws/install/custom_interfaces/share/colcon-core/packages/custom_interfaces)
[7.132s] DEBUG:colcon.colcon_core.event_handler.log_command:Invoking command in '/home/parallels/ros2_ws/src/py_srvcli': PYTHONPATH=/home/parallels/ros2_ws/build/py_srvcli/prefix_override:/home/parallels/ros2_ws/install/py_srvcli/lib/python3.10/site-packages:${PYTHONPATH} /usr/bin/python3 setup.py egg_info --egg-base ../../build/py_srvcli build --build-base /home/parallels/ros2_ws/build/py_srvcli/build install --record /home/parallels/ros2_ws/build/py_srvcli/install.log --single-version-externally-managed
[7.577s] DEBUG:colcon.colcon_core.event_handler.log_command:Invoked command in '/home/parallels/ros2_ws/src/py_srvcli' returned '0': PYTHONPATH=/home/parallels/ros2_ws/build/py_srvcli/prefix_override:/home/parallels/ros2_ws/install/py_srvcli/lib/python3.10/site-packages:${PYTHONPATH} /usr/bin/python3 setup.py egg_info --egg-base ../../build/py_srvcli build --build-base /home/parallels/ros2_ws/build/py_srvcli/build install --record /home/parallels/ros2_ws/build/py_srvcli/install.log --single-version-externally-managed
[7.582s] Level 1:colcon.colcon_core.environment:checking '/home/parallels/ros2_ws/install/py_srvcli' for CMake module files
[7.583s] Level 1:colcon.colcon_core.environment:checking '/home/parallels/ros2_ws/install/py_srvcli' for CMake config files
[7.584s] Level 1:colcon.colcon_core.environment:checking '/home/parallels/ros2_ws/install/py_srvcli/lib'
[7.585s] Level 1:colcon.colcon_core.environment:checking '/home/parallels/ros2_ws/install/py_srvcli/bin'
[7.585s] Level 1:colcon.colcon_core.environment:checking '/home/parallels/ros2_ws/install/py_srvcli/lib/pkgconfig/py_srvcli.pc'
[7.586s] Level 1:colcon.colcon_core.environment:checking '/home/parallels/ros2_ws/install/py_srvcli/lib/python3.10/site-packages'
[7.586s] Level 1:colcon.colcon_core.shell:create_environment_hook('py_srvcli', 'pythonpath')
[7.599s] INFO:colcon.colcon_core.shell:Creating environment hook '/home/parallels/ros2_ws/install/py_srvcli/share/py_srvcli/hook/pythonpath.ps1'
[7.599s] INFO:colcon.colcon_core.shell:Creating environment descriptor '/home/parallels/ros2_ws/install/py_srvcli/share/py_srvcli/hook/pythonpath.dsv'
[7.599s] INFO:colcon.colcon_core.shell:Creating environment hook '/home/parallels/ros2_ws/install/py_srvcli/share/py_srvcli/hook/pythonpath.sh'
[7.600s] Level 1:colcon.colcon_core.environment:checking '/home/parallels/ros2_ws/install/py_srvcli/bin'
[7.600s] Level 1:colcon.colcon_core.environment:create_environment_scripts_only(py_srvcli)
[7.612s] INFO:colcon.colcon_core.shell:Creating package script '/home/parallels/ros2_ws/install/py_srvcli/share/py_srvcli/package.ps1'
[7.612s] INFO:colcon.colcon_core.shell:Creating package descriptor '/home/parallels/ros2_ws/install/py_srvcli/share/py_srvcli/package.dsv'
[7.612s] INFO:colcon.colcon_core.shell:Creating package script '/home/parallels/ros2_ws/install/py_srvcli/share/py_srvcli/package.sh'
[7.612s] INFO:colcon.colcon_core.shell:Creating package script '/home/parallels/ros2_ws/install/py_srvcli/share/py_srvcli/package.bash'
[7.613s] INFO:colcon.colcon_core.shell:Creating package script '/home/parallels/ros2_ws/install/py_srvcli/share/py_srvcli/package.zsh'
[7.613s] Level 1:colcon.colcon_core.environment:create_file_with_runtime_dependencies(/home/parallels/ros2_ws/install/py_srvcli/share/colcon-core/packages/py_srvcli)
[8.054s] Level 1:colcon.colcon_core.environment:create_environment_scripts_only(custom_interfaces)
[8.071s] Level 1:colcon.colcon_core.environment:checking '/home/parallels/ros2_ws/install/custom_interfaces' for CMake module files
[8.077s] Level 1:colcon.colcon_core.environment:checking '/home/parallels/ros2_ws/install/custom_interfaces' for CMake config files
[8.079s] Level 1:colcon.colcon_core.shell:create_environment_hook('custom_interfaces', 'cmake_prefix_path')
[8.096s] INFO:colcon.colcon_core.shell:Creating environment hook '/home/parallels/ros2_ws/install/custom_interfaces/share/custom_interfaces/hook/cmake_prefix_path.ps1'
[8.097s] INFO:colcon.colcon_core.shell:Creating environment descriptor '/home/parallels/ros2_ws/install/custom_interfaces/share/custom_interfaces/hook/cmake_prefix_path.dsv'
[8.100s] INFO:colcon.colcon_core.shell:Creating environment hook '/home/parallels/ros2_ws/install/custom_interfaces/share/custom_interfaces/hook/cmake_prefix_path.sh'
[8.101s] Level 1:colcon.colcon_core.environment:checking '/home/parallels/ros2_ws/install/custom_interfaces/lib'
[8.101s] Level 1:colcon.colcon_core.shell:create_environment_hook('custom_interfaces', 'ld_library_path_lib')
[8.112s] INFO:colcon.colcon_core.shell:Creating environment hook '/home/parallels/ros2_ws/install/custom_interfaces/share/custom_interfaces/hook/ld_library_path_lib.ps1'
[8.113s] INFO:colcon.colcon_core.shell:Creating environment descriptor '/home/parallels/ros2_ws/install/custom_interfaces/share/custom_interfaces/hook/ld_library_path_lib.dsv'
[8.114s] INFO:colcon.colcon_core.shell:Creating environment hook '/home/parallels/ros2_ws/install/custom_interfaces/share/custom_interfaces/hook/ld_library_path_lib.sh'
[8.114s] Level 1:colcon.colcon_core.environment:checking '/home/parallels/ros2_ws/install/custom_interfaces/bin'
[8.114s] Level 1:colcon.colcon_core.environment:checking '/home/parallels/ros2_ws/install/custom_interfaces/lib/pkgconfig/custom_interfaces.pc'
[8.115s] Level 1:colcon.colcon_core.environment:checking '/home/parallels/ros2_ws/install/custom_interfaces/lib/python3.10/site-packages'
[8.115s] Level 1:colcon.colcon_core.environment:checking '/home/parallels/ros2_ws/install/custom_interfaces/bin'
[8.127s] INFO:colcon.colcon_core.shell:Creating package script '/home/parallels/ros2_ws/install/custom_interfaces/share/custom_interfaces/package.ps1'
[8.127s] INFO:colcon.colcon_core.shell:Creating package descriptor '/home/parallels/ros2_ws/install/custom_interfaces/share/custom_interfaces/package.dsv'
[8.128s] INFO:colcon.colcon_core.shell:Creating package script '/home/parallels/ros2_ws/install/custom_interfaces/share/custom_interfaces/package.sh'
[8.128s] INFO:colcon.colcon_core.shell:Creating package script '/home/parallels/ros2_ws/install/custom_interfaces/share/custom_interfaces/package.bash'
[8.128s] INFO:colcon.colcon_core.shell:Creating package script '/home/parallels/ros2_ws/install/custom_interfaces/share/custom_interfaces/package.zsh'
[8.128s] Level 1:colcon.colcon_core.environment:create_file_with_runtime_dependencies(/home/parallels/ros2_ws/install/custom_interfaces/share/colcon-core/packages/custom_interfaces)
[8.129s] DEBUG:colcon.colcon_parallel_executor.executor.parallel:closing loop
[8.129s] DEBUG:colcon.colcon_parallel_executor.executor.parallel:loop closed
[8.129s] DEBUG:colcon.colcon_parallel_executor.executor.parallel:run_until_complete finished with '0'
[8.129s] DEBUG:colcon.colcon_core.event_reactor:joining thread
[8.165s] INFO:colcon.colcon_core.plugin_system:Skipping extension 'colcon_notification.desktop_notification.terminal_notifier': Not used on non-Darwin systems
[8.165s] INFO:colcon.colcon_core.plugin_system:Skipping extension 'colcon_notification.desktop_notification.win32': Not used on non-Windows systems
[8.165s] INFO:colcon.colcon_notification.desktop_notification:Sending desktop notification using 'notify2'
[8.250s] DEBUG:colcon.colcon_core.event_reactor:joined thread
[8.261s] INFO:colcon.colcon_core.shell:Creating prefix script '/home/parallels/ros2_ws/install/local_setup.ps1'
[8.265s] INFO:colcon.colcon_core.shell:Creating prefix util module '/home/parallels/ros2_ws/install/_local_setup_util_ps1.py'
[8.267s] INFO:colcon.colcon_core.shell:Creating prefix chain script '/home/parallels/ros2_ws/install/setup.ps1'
[8.278s] INFO:colcon.colcon_core.shell:Creating prefix script '/home/parallels/ros2_ws/install/local_setup.sh'
[8.279s] INFO:colcon.colcon_core.shell:Creating prefix util module '/home/parallels/ros2_ws/install/_local_setup_util_sh.py'
[8.280s] INFO:colcon.colcon_core.shell:Creating prefix chain script '/home/parallels/ros2_ws/install/setup.sh'
[8.304s] INFO:colcon.colcon_core.shell:Creating prefix script '/home/parallels/ros2_ws/install/local_setup.bash'
[8.305s] INFO:colcon.colcon_core.shell:Creating prefix chain script '/home/parallels/ros2_ws/install/setup.bash'
[8.318s] INFO:colcon.colcon_core.shell:Creating prefix script '/home/parallels/ros2_ws/install/local_setup.zsh'
[8.318s] INFO:colcon.colcon_core.shell:Creating prefix chain script '/home/parallels/ros2_ws/install/setup.zsh'
