[0.034s] Invoking command in '/home/parallels/ros2_ws/build/cpp_pubsub': CMAKE_PREFIX_PATH=/opt/ros/humble /usr/bin/cmake --build /home/parallels/ros2_ws/build/cpp_pubsub -- -j2 -l2
[0.057s] -- Found ament_cmake: 1.3.8 (/opt/ros/humble/share/ament_cmake/cmake)
[0.155s] -- Found rclcpp: 16.0.8 (/opt/ros/humble/share/rclcpp/cmake)
[0.181s] -- Found rosidl_generator_c: 3.1.5 (/opt/ros/humble/share/rosidl_generator_c/cmake)
[0.183s] -- Found rosidl_adapter: 3.1.5 (/opt/ros/humble/share/rosidl_adapter/cmake)
[0.188s] -- Found rosidl_generator_cpp: 3.1.5 (/opt/ros/humble/share/rosidl_generator_cpp/cmake)
[0.197s] -- Using all available rosidl_typesupport_c: rosidl_typesupport_fastrtps_c;rosidl_typesupport_introspection_c
[0.211s] -- Using all available rosidl_typesupport_cpp: rosidl_typesupport_fastrtps_cpp;rosidl_typesupport_introspection_cpp
[0.262s] -- Found rmw_implementation_cmake: 6.1.1 (/opt/ros/humble/share/rmw_implementation_cmake/cmake)
[0.263s] -- Found rmw_fastrtps_cpp: 6.2.6 (/opt/ros/humble/share/rmw_fastrtps_cpp/cmake)
[0.369s] -- Using RMW implementation 'rmw_fastrtps_cpp' as default
[0.662s] [31mCMake Error at /opt/ros/humble/share/rosidl_cmake/cmake/rosidl_generate_interfaces.cmake:229 (message):
[0.662s]   Packages installing interfaces must include
[0.662s]   '<member_of_group>rosidl_interface_packages</member_of_group>' in their
[0.662s]   package.xml
[0.663s] Call Stack (most recent call first):
[0.663s]   CMakeLists.txt:20 (rosidl_generate_interfaces)
[0.663s] 
[0.663s] [0m
[0.666s] -- Configuring incomplete, errors occurred!
[0.666s] See also "/home/parallels/ros2_ws/build/cpp_pubsub/CMakeFiles/CMakeOutput.log".
[0.668s] gmake: *** [Makefile:308: cmake_check_build_system] Error 1
[0.670s] Invoked command in '/home/parallels/ros2_ws/build/cpp_pubsub' returned '2': CMAKE_PREFIX_PATH=/opt/ros/humble /usr/bin/cmake --build /home/parallels/ros2_ws/build/cpp_pubsub -- -j2 -l2
