[0.053s] Invoking command in '/home/parallels/ros2_ws/build/custom_interfaces': CMAKE_PREFIX_PATH=${CMAKE_PREFIX_PATH}:/home/parallels/ros2_ws/install/py_srvcli:/home/parallels/ros2_ws/install/py_pubsub:/home/parallels/ros2_ws/install/launch_testing_examples:/home/parallels/ros2_ws/install/examples_rclpy_pointcloud_publisher:/home/parallels/ros2_ws/install/examples_rclpy_minimal_subscriber:/home/parallels/ros2_ws/install/examples_rclpy_minimal_service:/home/parallels/ros2_ws/install/examples_rclpy_minimal_publisher:/home/parallels/ros2_ws/install/examples_rclpy_minimal_client:/home/parallels/ros2_ws/install/examples_rclpy_minimal_action_server:/home/parallels/ros2_ws/install/examples_rclpy_minimal_action_client:/home/parallels/ros2_ws/install/examples_rclpy_guard_conditions:/home/parallels/ros2_ws/install/examples_rclpy_executors:/opt/ros/humble /usr/bin/cmake /home/parallels/ros2_ws/src/custom_interfaces -DCMAKE_INSTALL_PREFIX=/home/parallels/ros2_ws/install/custom_interfaces
[0.238s] -- The C compiler identification is GNU 11.4.0
[0.366s] -- The CXX compiler identification is GNU 11.4.0
[0.384s] -- Detecting C compiler ABI info
[0.480s] -- Detecting C compiler ABI info - done
[0.484s] -- Check for working C compiler: /usr/bin/cc - skipped
[0.485s] -- Detecting C compile features
[0.487s] -- Detecting C compile features - done
[0.492s] -- Detecting CXX compiler ABI info
[0.580s] -- Detecting CXX compiler ABI info - done
[0.584s] -- Check for working CXX compiler: /usr/bin/c++ - skipped
[0.584s] -- Detecting CXX compile features
[0.586s] -- Detecting CXX compile features - done
[0.602s] -- Found ament_cmake: 1.3.8 (/opt/ros/humble/share/ament_cmake/cmake)
[0.810s] -- Found Python3: /usr/bin/python3 (found version "3.10.12") found components: Interpreter 
[0.994s] -- Found rosidl_default_generators: 1.2.0 (/opt/ros/humble/share/rosidl_default_generators/cmake)
[1.007s] -- Using all available rosidl_typesupport_c: rosidl_typesupport_fastrtps_c;rosidl_typesupport_introspection_c
[1.027s] -- Found rosidl_adapter: 3.1.5 (/opt/ros/humble/share/rosidl_adapter/cmake)
[1.130s] -- Using all available rosidl_typesupport_cpp: rosidl_typesupport_fastrtps_cpp;rosidl_typesupport_introspection_cpp
[1.699s] [31mCMake Error at /opt/ros/humble/share/ament_cmake_core/cmake/core/ament_package_xml.cmake:53 (message):
[1.699s]   ament_package_xml() package name 'custom_interfaces' in '/package.xml' does
[1.699s]   not match current PROJECT_NAME 'example_interfaces'.  You must call
[1.699s]   project() with the same package name before.
[1.699s] Call Stack (most recent call first):
[1.699s]   /opt/ros/humble/share/rosidl_cmake/cmake/rosidl_generate_interfaces.cmake:226 (ament_package_xml)
[1.699s]   CMakeLists.txt:17 (rosidl_generate_interfaces)
[1.699s] 
[1.699s] [0m
[1.699s] -- Configuring incomplete, errors occurred!
[1.699s] See also "/home/parallels/ros2_ws/build/custom_interfaces/CMakeFiles/CMakeOutput.log".
[1.705s] Invoked command in '/home/parallels/ros2_ws/build/custom_interfaces' returned '1': CMAKE_PREFIX_PATH=${CMAKE_PREFIX_PATH}:/home/parallels/ros2_ws/install/py_srvcli:/home/parallels/ros2_ws/install/py_pubsub:/home/parallels/ros2_ws/install/launch_testing_examples:/home/parallels/ros2_ws/install/examples_rclpy_pointcloud_publisher:/home/parallels/ros2_ws/install/examples_rclpy_minimal_subscriber:/home/parallels/ros2_ws/install/examples_rclpy_minimal_service:/home/parallels/ros2_ws/install/examples_rclpy_minimal_publisher:/home/parallels/ros2_ws/install/examples_rclpy_minimal_client:/home/parallels/ros2_ws/install/examples_rclpy_minimal_action_server:/home/parallels/ros2_ws/install/examples_rclpy_minimal_action_client:/home/parallels/ros2_ws/install/examples_rclpy_guard_conditions:/home/parallels/ros2_ws/install/examples_rclpy_executors:/opt/ros/humble /usr/bin/cmake /home/parallels/ros2_ws/src/custom_interfaces -DCMAKE_INSTALL_PREFIX=/home/parallels/ros2_ws/install/custom_interfaces
