[0.069s] Invoking command in '/home/parallels/ros2_ws/build/cpp_pubsub': CMAKE_PREFIX_PATH=${CMAKE_PREFIX_PATH}:/home/parallels/ros2_ws/install/py_srvcli:/home/parallels/ros2_ws/install/py_pubsub:/home/parallels/ros2_ws/install/launch_testing_examples:/home/parallels/ros2_ws/install/examples_rclpy_pointcloud_publisher:/home/parallels/ros2_ws/install/examples_rclpy_minimal_subscriber:/home/parallels/ros2_ws/install/examples_rclpy_minimal_service:/home/parallels/ros2_ws/install/examples_rclpy_minimal_publisher:/home/parallels/ros2_ws/install/examples_rclpy_minimal_client:/home/parallels/ros2_ws/install/examples_rclpy_minimal_action_server:/home/parallels/ros2_ws/install/examples_rclpy_minimal_action_client:/home/parallels/ros2_ws/install/examples_rclpy_guard_conditions:/home/parallels/ros2_ws/install/examples_rclpy_executors:/opt/ros/humble /usr/bin/cmake --build /home/parallels/ros2_ws/build/cpp_pubsub -- -j2 -l2
[0.171s] -- Found ament_cmake: 1.3.8 (/opt/ros/humble/share/ament_cmake/cmake)
[0.387s] -- Found rclcpp: 16.0.8 (/opt/ros/humble/share/rclcpp/cmake)
[0.471s] -- Found rosidl_generator_c: 3.1.5 (/opt/ros/humble/share/rosidl_generator_c/cmake)
[0.474s] -- Found rosidl_adapter: 3.1.5 (/opt/ros/humble/share/rosidl_adapter/cmake)
[0.487s] -- Found rosidl_generator_cpp: 3.1.5 (/opt/ros/humble/share/rosidl_generator_cpp/cmake)
[0.510s] -- Using all available rosidl_typesupport_c: rosidl_typesupport_fastrtps_c;rosidl_typesupport_introspection_c
[0.535s] -- Using all available rosidl_typesupport_cpp: rosidl_typesupport_fastrtps_cpp;rosidl_typesupport_introspection_cpp
[0.618s] -- Found rmw_implementation_cmake: 6.1.1 (/opt/ros/humble/share/rmw_implementation_cmake/cmake)
[0.621s] -- Found rmw_fastrtps_cpp: 6.2.6 (/opt/ros/humble/share/rmw_fastrtps_cpp/cmake)
[0.766s] -- Using RMW implementation 'rmw_fastrtps_cpp' as default
[0.929s] -- Found geometry_msgs: 4.2.3 (/opt/ros/humble/share/geometry_msgs/cmake)
[0.972s] -- Found rosidl_default_generators: 1.2.0 (/opt/ros/humble/share/rosidl_default_generators/cmake)
[1.260s] -- Found ament_cmake_ros: 0.10.0 (/opt/ros/humble/share/ament_cmake_ros/cmake)
[1.655s] -- Using all available rosidl_typesupport_c: rosidl_typesupport_fastrtps_c;rosidl_typesupport_introspection_c
[1.808s] -- Using all available rosidl_typesupport_cpp: rosidl_typesupport_fastrtps_cpp;rosidl_typesupport_introspection_cpp
[1.833s] -- Found python_cmake_module: 0.10.0 (/opt/ros/humble/share/python_cmake_module/cmake)
[1.858s] -- Using PYTHON_EXECUTABLE: /usr/bin/python3
[1.859s] -- Using PYTHON_INCLUDE_DIRS: /usr/include/python3.10
[1.859s] -- Using PYTHON_LIBRARIES: /usr/lib/aarch64-linux-gnu/libpython3.10.so
[1.901s] [31mCMake Error at /opt/ros/humble/share/ament_cmake_target_dependencies/cmake/ament_target_dependencies.cmake:77 (message):
[1.901s]   ament_target_dependencies() the passed package name 'custom_interfaces' was
[1.901s]   not found before
[1.901s] Call Stack (most recent call first):
[1.901s]   CMakeLists.txt:23 (ament_target_dependencies)
[1.901s] 
[1.901s] [0m
[1.901s] -- Configuring incomplete, errors occurred!
[1.901s] See also "/home/parallels/ros2_ws/build/cpp_pubsub/CMakeFiles/CMakeOutput.log".
[1.907s] gmake: *** [Makefile:829: cmake_check_build_system] Error 1
[1.908s] Invoked command in '/home/parallels/ros2_ws/build/cpp_pubsub' returned '2': CMAKE_PREFIX_PATH=${CMAKE_PREFIX_PATH}:/home/parallels/ros2_ws/install/py_srvcli:/home/parallels/ros2_ws/install/py_pubsub:/home/parallels/ros2_ws/install/launch_testing_examples:/home/parallels/ros2_ws/install/examples_rclpy_pointcloud_publisher:/home/parallels/ros2_ws/install/examples_rclpy_minimal_subscriber:/home/parallels/ros2_ws/install/examples_rclpy_minimal_service:/home/parallels/ros2_ws/install/examples_rclpy_minimal_publisher:/home/parallels/ros2_ws/install/examples_rclpy_minimal_client:/home/parallels/ros2_ws/install/examples_rclpy_minimal_action_server:/home/parallels/ros2_ws/install/examples_rclpy_minimal_action_client:/home/parallels/ros2_ws/install/examples_rclpy_guard_conditions:/home/parallels/ros2_ws/install/examples_rclpy_executors:/opt/ros/humble /usr/bin/cmake --build /home/parallels/ros2_ws/build/cpp_pubsub -- -j2 -l2
