[0.898s] Invoking command in '/home/parallels/ros2_ws/src/py_srvcli': PYTHONPATH=/home/parallels/ros2_ws/build/py_srvcli/prefix_override:/home/parallels/ros2_ws/install/py_srvcli/lib/python3.10/site-packages:${PYTHONPATH} /usr/bin/python3 setup.py egg_info --egg-base ../../build/py_srvcli build --build-base /home/parallels/ros2_ws/build/py_srvcli/build install --record /home/parallels/ros2_ws/build/py_srvcli/install.log --single-version-externally-managed
[1.160s] running egg_info
[1.163s] writing ../../build/py_srvcli/py_srvcli.egg-info/PKG-INFO
[1.163s] writing dependency_links to ../../build/py_srvcli/py_srvcli.egg-info/dependency_links.txt
[1.163s] writing entry points to ../../build/py_srvcli/py_srvcli.egg-info/entry_points.txt
[1.163s] writing requirements to ../../build/py_srvcli/py_srvcli.egg-info/requires.txt
[1.163s] writing top-level names to ../../build/py_srvcli/py_srvcli.egg-info/top_level.txt
[1.165s] reading manifest file '../../build/py_srvcli/py_srvcli.egg-info/SOURCES.txt'
[1.167s] adding license file 'LICENSE'
[1.167s] writing manifest file '../../build/py_srvcli/py_srvcli.egg-info/SOURCES.txt'
[1.167s] running build
[1.167s] running build_py
[1.167s] running install
[1.168s] /usr/lib/python3/dist-packages/setuptools/command/install.py:34: SetuptoolsDeprecationWarning: setup.py install is deprecated. Use build and pip and other standards-based tools.
[1.168s]   warnings.warn(
[1.168s] running install_lib
[1.170s] running install_data
[1.171s] running install_egg_info
[1.171s] removing '/home/parallels/ros2_ws/install/py_srvcli/lib/python3.10/site-packages/py_srvcli-0.0.0-py3.10.egg-info' (and everything under it)
[1.173s] Copying ../../build/py_srvcli/py_srvcli.egg-info to /home/parallels/ros2_ws/install/py_srvcli/lib/python3.10/site-packages/py_srvcli-0.0.0-py3.10.egg-info
[1.173s] running install_scripts
[1.197s] Installing client script to /home/parallels/ros2_ws/install/py_srvcli/lib/py_srvcli
[1.197s] Installing service script to /home/parallels/ros2_ws/install/py_srvcli/lib/py_srvcli
[1.197s] writing list of installed files to '/home/parallels/ros2_ws/build/py_srvcli/install.log'
[1.251s] Invoked command in '/home/parallels/ros2_ws/src/py_srvcli' returned '0': PYTHONPATH=/home/parallels/ros2_ws/build/py_srvcli/prefix_override:/home/parallels/ros2_ws/install/py_srvcli/lib/python3.10/site-packages:${PYTHONPATH} /usr/bin/python3 setup.py egg_info --egg-base ../../build/py_srvcli build --build-base /home/parallels/ros2_ws/build/py_srvcli/build install --record /home/parallels/ros2_ws/build/py_srvcli/install.log --single-version-externally-managed
