[0.638s] Invoking command in '/home/parallels/ros2_ws/build/examples_rclpy_pointcloud_publisher': PYTHONPATH=/home/parallels/ros2_ws/build/examples_rclpy_pointcloud_publisher/prefix_override:/home/parallels/ros2_ws/install/examples_rclpy_pointcloud_publisher/lib/python3.10/site-packages:${PYTHONPATH} /usr/bin/python3 setup.py develop --editable --build-directory /home/parallels/ros2_ws/build/examples_rclpy_pointcloud_publisher/build --no-deps install_data
[0.878s] running develop
[0.879s] /usr/lib/python3/dist-packages/setuptools/command/easy_install.py:158: EasyInstallDeprecationWarning: easy_install command is deprecated. Use build and pip and other standards-based tools.
[0.879s]   warnings.warn(
[0.880s] /usr/lib/python3/dist-packages/setuptools/command/install.py:34: SetuptoolsDeprecationWarning: setup.py install is deprecated. Use build and pip and other standards-based tools.
[0.880s]   warnings.warn(
[1.013s] running egg_info
[1.013s] creating examples_rclpy_pointcloud_publisher.egg-info
[1.014s] writing examples_rclpy_pointcloud_publisher.egg-info/PKG-INFO
[1.014s] writing dependency_links to examples_rclpy_pointcloud_publisher.egg-info/dependency_links.txt
[1.014s] writing entry points to examples_rclpy_pointcloud_publisher.egg-info/entry_points.txt
[1.015s] writing requirements to examples_rclpy_pointcloud_publisher.egg-info/requires.txt
[1.015s] writing top-level names to examples_rclpy_pointcloud_publisher.egg-info/top_level.txt
[1.015s] writing manifest file 'examples_rclpy_pointcloud_publisher.egg-info/SOURCES.txt'
[1.017s] reading manifest file 'examples_rclpy_pointcloud_publisher.egg-info/SOURCES.txt'
[1.018s] writing manifest file 'examples_rclpy_pointcloud_publisher.egg-info/SOURCES.txt'
[1.019s] running build_ext
[1.019s] Creating /home/parallels/ros2_ws/install/examples_rclpy_pointcloud_publisher/lib/python3.10/site-packages/examples-rclpy-pointcloud-publisher.egg-link (link to .)
[1.020s] Installing pointcloud_publisher script to /home/parallels/ros2_ws/install/examples_rclpy_pointcloud_publisher/lib/examples_rclpy_pointcloud_publisher
[1.020s] 
[1.021s] Installed /home/parallels/ros2_ws/build/examples_rclpy_pointcloud_publisher
[1.021s] running install_data
[1.021s] creating /home/parallels/ros2_ws/install/examples_rclpy_pointcloud_publisher/share/ament_index
[1.021s] creating /home/parallels/ros2_ws/install/examples_rclpy_pointcloud_publisher/share/ament_index/resource_index
[1.021s] creating /home/parallels/ros2_ws/install/examples_rclpy_pointcloud_publisher/share/ament_index/resource_index/packages
[1.021s] copying resource/examples_rclpy_pointcloud_publisher -> /home/parallels/ros2_ws/install/examples_rclpy_pointcloud_publisher/share/ament_index/resource_index/packages
[1.021s] copying package.xml -> /home/parallels/ros2_ws/install/examples_rclpy_pointcloud_publisher/share/examples_rclpy_pointcloud_publisher
[1.050s] Invoked command in '/home/parallels/ros2_ws/build/examples_rclpy_pointcloud_publisher' returned '0': PYTHONPATH=/home/parallels/ros2_ws/build/examples_rclpy_pointcloud_publisher/prefix_override:/home/parallels/ros2_ws/install/examples_rclpy_pointcloud_publisher/lib/python3.10/site-packages:${PYTHONPATH} /usr/bin/python3 setup.py develop --editable --build-directory /home/parallels/ros2_ws/build/examples_rclpy_pointcloud_publisher/build --no-deps install_data
