[0.700s] Invoking command in '/home/parallels/ros2_ws/src/py_srvcli': PYTHONPATH=/home/parallels/ros2_ws/build/py_srvcli/prefix_override:/home/parallels/ros2_ws/install/py_srvcli/lib/python3.10/site-packages:${PYTHONPATH} /usr/bin/python3 setup.py egg_info --egg-base ../../build/py_srvcli build --build-base /home/parallels/ros2_ws/build/py_srvcli/build install --record /home/parallels/ros2_ws/build/py_srvcli/install.log --single-version-externally-managed
[0.946s] running egg_info
[0.947s] writing ../../build/py_srvcli/py_srvcli.egg-info/PKG-INFO
[0.948s] writing dependency_links to ../../build/py_srvcli/py_srvcli.egg-info/dependency_links.txt
[0.948s] writing entry points to ../../build/py_srvcli/py_srvcli.egg-info/entry_points.txt
[0.949s] writing requirements to ../../build/py_srvcli/py_srvcli.egg-info/requires.txt
[0.949s] writing top-level names to ../../build/py_srvcli/py_srvcli.egg-info/top_level.txt
[0.951s] reading manifest file '../../build/py_srvcli/py_srvcli.egg-info/SOURCES.txt'
[0.951s] adding license file 'LICENSE'
[0.952s] writing manifest file '../../build/py_srvcli/py_srvcli.egg-info/SOURCES.txt'
[0.952s] running build
[0.952s] running build_py
[0.953s] running install
[0.953s] /usr/lib/python3/dist-packages/setuptools/command/install.py:34: SetuptoolsDeprecationWarning: setup.py install is deprecated. Use build and pip and other standards-based tools.
[0.953s]   warnings.warn(
[0.953s] running install_lib
[0.954s] running install_data
[0.955s] running install_egg_info
[0.957s] removing '/home/parallels/ros2_ws/install/py_srvcli/lib/python3.10/site-packages/py_srvcli-0.0.0-py3.10.egg-info' (and everything under it)
[0.957s] Copying ../../build/py_srvcli/py_srvcli.egg-info to /home/parallels/ros2_ws/install/py_srvcli/lib/python3.10/site-packages/py_srvcli-0.0.0-py3.10.egg-info
[0.958s] running install_scripts
[0.980s] Installing client script to /home/parallels/ros2_ws/install/py_srvcli/lib/py_srvcli
[0.981s] Installing service script to /home/parallels/ros2_ws/install/py_srvcli/lib/py_srvcli
[0.981s] writing list of installed files to '/home/parallels/ros2_ws/build/py_srvcli/install.log'
[1.009s] Invoked command in '/home/parallels/ros2_ws/src/py_srvcli' returned '0': PYTHONPATH=/home/parallels/ros2_ws/build/py_srvcli/prefix_override:/home/parallels/ros2_ws/install/py_srvcli/lib/python3.10/site-packages:${PYTHONPATH} /usr/bin/python3 setup.py egg_info --egg-base ../../build/py_srvcli build --build-base /home/parallels/ros2_ws/build/py_srvcli/build install --record /home/parallels/ros2_ws/build/py_srvcli/install.log --single-version-externally-managed
