[1.236s] DEBUG:colcon:Command line arguments: ['/usr/bin/colcon', 'build', '--packages-select', 'my_opencv_demo']
[1.236s] DEBUG:colcon:Parsed command line arguments: Namespace(log_base=None, log_level=None, verb_name='build', build_base='build', install_base='install', merge_install=False, symlink_install=False, test_result_base=None, continue_on_error=False, executor='parallel', parallel_workers=2, event_handlers=None, ignore_user_meta=False, metas=['./colcon.meta'], base_paths=['.'], packages_ignore=None, packages_ignore_regex=None, paths=None, packages_up_to=None, packages_up_to_regex=None, packages_above=None, packages_above_and_dependencies=None, packages_above_depth=None, packages_select_by_dep=None, packages_skip_by_dep=None, packages_skip_up_to=None, packages_select_build_failed=False, packages_skip_build_finished=False, packages_select_test_failures=False, packages_skip_test_passed=False, packages_select=['my_opencv_demo'], packages_skip=None, packages_select_regex=None, packages_skip_regex=None, packages_start=None, packages_end=None, allow_overriding=[], cmake_args=None, cmake_target=None, cmake_target_skip_unavailable=False, cmake_clean_cache=False, cmake_clean_first=False, cmake_force_configure=False, ament_cmake_args=None, catkin_cmake_args=None, catkin_skip_building_tests=False, verb_parser=<colcon_defaults.argument_parser.defaults.DefaultArgumentsDecorator object at 0xffff87f6fbb0>, verb_extension=<colcon_core.verb.build.BuildVerb object at 0xffff884d7880>, main=<bound method BuildVerb.main of <colcon_core.verb.build.BuildVerb object at 0xffff884d7880>>)
[1.311s] Level 1:colcon.colcon_core.package_discovery:discover_packages(colcon_meta) check parameters
[1.312s] Level 1:colcon.colcon_core.package_discovery:discover_packages(recursive) check parameters
[1.312s] Level 1:colcon.colcon_core.package_discovery:discover_packages(ignore) check parameters
[1.312s] Level 1:colcon.colcon_core.package_discovery:discover_packages(path) check parameters
[1.312s] Level 1:colcon.colcon_core.package_discovery:discover_packages(colcon_meta) discover
[1.312s] Level 1:colcon.colcon_core.package_discovery:discover_packages(recursive) discover
[1.312s] INFO:colcon.colcon_core.package_discovery:Crawling recursively for packages in '/home/parallels/ros2_ws'
[1.312s] Level 1:colcon.colcon_core.package_identification:_identify(.) by extensions ['ignore', 'ignore_ament_install']
[1.312s] Level 1:colcon.colcon_core.package_identification:_identify(.) by extension 'ignore'
[1.312s] Level 1:colcon.colcon_core.package_identification:_identify(.) by extension 'ignore_ament_install'
[1.312s] Level 1:colcon.colcon_core.package_identification:_identify(.) by extensions ['colcon_pkg']
[1.312s] Level 1:colcon.colcon_core.package_identification:_identify(.) by extension 'colcon_pkg'
[1.312s] Level 1:colcon.colcon_core.package_identification:_identify(.) by extensions ['colcon_meta']
[1.312s] Level 1:colcon.colcon_core.package_identification:_identify(.) by extension 'colcon_meta'
[1.312s] Level 1:colcon.colcon_core.package_identification:_identify(.) by extensions ['ros']
[1.312s] Level 1:colcon.colcon_core.package_identification:_identify(.) by extension 'ros'
[1.332s] Level 1:colcon.colcon_core.package_identification:_identify(.) by extensions ['cmake', 'python']
[1.332s] Level 1:colcon.colcon_core.package_identification:_identify(.) by extension 'cmake'
[1.332s] Level 1:colcon.colcon_core.package_identification:_identify(.) by extension 'python'
[1.332s] Level 1:colcon.colcon_core.package_identification:_identify(.) by extensions ['python_setup_py']
[1.332s] Level 1:colcon.colcon_core.package_identification:_identify(.) by extension 'python_setup_py'
[1.332s] Level 1:colcon.colcon_core.package_identification:_identify(build) by extensions ['ignore', 'ignore_ament_install']
[1.332s] Level 1:colcon.colcon_core.package_identification:_identify(build) by extension 'ignore'
[1.332s] Level 1:colcon.colcon_core.package_identification:_identify(build) ignored
[1.332s] Level 1:colcon.colcon_core.package_identification:_identify(install) by extensions ['ignore', 'ignore_ament_install']
[1.333s] Level 1:colcon.colcon_core.package_identification:_identify(install) by extension 'ignore'
[1.333s] Level 1:colcon.colcon_core.package_identification:_identify(install) ignored
[1.333s] Level 1:colcon.colcon_core.package_identification:_identify(log) by extensions ['ignore', 'ignore_ament_install']
[1.333s] Level 1:colcon.colcon_core.package_identification:_identify(log) by extension 'ignore'
[1.333s] Level 1:colcon.colcon_core.package_identification:_identify(log) ignored
[1.333s] Level 1:colcon.colcon_core.package_identification:_identify(src) by extensions ['ignore', 'ignore_ament_install']
[1.333s] Level 1:colcon.colcon_core.package_identification:_identify(src) by extension 'ignore'
[1.333s] Level 1:colcon.colcon_core.package_identification:_identify(src) by extension 'ignore_ament_install'
[1.333s] Level 1:colcon.colcon_core.package_identification:_identify(src) by extensions ['colcon_pkg']
[1.334s] Level 1:colcon.colcon_core.package_identification:_identify(src) by extension 'colcon_pkg'
[1.334s] Level 1:colcon.colcon_core.package_identification:_identify(src) by extensions ['colcon_meta']
[1.334s] Level 1:colcon.colcon_core.package_identification:_identify(src) by extension 'colcon_meta'
[1.334s] Level 1:colcon.colcon_core.package_identification:_identify(src) by extensions ['ros']
[1.334s] Level 1:colcon.colcon_core.package_identification:_identify(src) by extension 'ros'
[1.334s] Level 1:colcon.colcon_core.package_identification:_identify(src) by extensions ['cmake', 'python']
[1.334s] Level 1:colcon.colcon_core.package_identification:_identify(src) by extension 'cmake'
[1.334s] Level 1:colcon.colcon_core.package_identification:_identify(src) by extension 'python'
[1.334s] Level 1:colcon.colcon_core.package_identification:_identify(src) by extensions ['python_setup_py']
[1.334s] Level 1:colcon.colcon_core.package_identification:_identify(src) by extension 'python_setup_py'
[1.334s] Level 1:colcon.colcon_core.package_identification:_identify(src/cpp_pubsub) by extensions ['ignore', 'ignore_ament_install']
[1.334s] Level 1:colcon.colcon_core.package_identification:_identify(src/cpp_pubsub) by extension 'ignore'
[1.334s] Level 1:colcon.colcon_core.package_identification:_identify(src/cpp_pubsub) by extension 'ignore_ament_install'
[1.334s] Level 1:colcon.colcon_core.package_identification:_identify(src/cpp_pubsub) by extensions ['colcon_pkg']
[1.334s] Level 1:colcon.colcon_core.package_identification:_identify(src/cpp_pubsub) by extension 'colcon_pkg'
[1.334s] Level 1:colcon.colcon_core.package_identification:_identify(src/cpp_pubsub) by extensions ['colcon_meta']
[1.334s] Level 1:colcon.colcon_core.package_identification:_identify(src/cpp_pubsub) by extension 'colcon_meta'
[1.334s] Level 1:colcon.colcon_core.package_identification:_identify(src/cpp_pubsub) by extensions ['ros']
[1.334s] Level 1:colcon.colcon_core.package_identification:_identify(src/cpp_pubsub) by extension 'ros'
[1.339s] DEBUG:colcon.colcon_core.package_identification:Package 'src/cpp_pubsub' with type 'ros.ament_cmake' and name 'cpp_pubsub'
[1.340s] Level 1:colcon.colcon_core.package_identification:_identify(src/cpp_srvcli) by extensions ['ignore', 'ignore_ament_install']
[1.340s] Level 1:colcon.colcon_core.package_identification:_identify(src/cpp_srvcli) by extension 'ignore'
[1.340s] Level 1:colcon.colcon_core.package_identification:_identify(src/cpp_srvcli) by extension 'ignore_ament_install'
[1.340s] Level 1:colcon.colcon_core.package_identification:_identify(src/cpp_srvcli) by extensions ['colcon_pkg']
[1.340s] Level 1:colcon.colcon_core.package_identification:_identify(src/cpp_srvcli) by extension 'colcon_pkg'
[1.340s] Level 1:colcon.colcon_core.package_identification:_identify(src/cpp_srvcli) by extensions ['colcon_meta']
[1.340s] Level 1:colcon.colcon_core.package_identification:_identify(src/cpp_srvcli) by extension 'colcon_meta'
[1.340s] Level 1:colcon.colcon_core.package_identification:_identify(src/cpp_srvcli) by extensions ['ros']
[1.340s] Level 1:colcon.colcon_core.package_identification:_identify(src/cpp_srvcli) by extension 'ros'
[1.342s] DEBUG:colcon.colcon_core.package_identification:Package 'src/cpp_srvcli' with type 'ros.ament_cmake' and name 'cpp_srvcli'
[1.342s] Level 1:colcon.colcon_core.package_identification:_identify(src/custom_interfaces) by extensions ['ignore', 'ignore_ament_install']
[1.342s] Level 1:colcon.colcon_core.package_identification:_identify(src/custom_interfaces) by extension 'ignore'
[1.343s] Level 1:colcon.colcon_core.package_identification:_identify(src/custom_interfaces) by extension 'ignore_ament_install'
[1.343s] Level 1:colcon.colcon_core.package_identification:_identify(src/custom_interfaces) by extensions ['colcon_pkg']
[1.343s] Level 1:colcon.colcon_core.package_identification:_identify(src/custom_interfaces) by extension 'colcon_pkg'
[1.343s] Level 1:colcon.colcon_core.package_identification:_identify(src/custom_interfaces) by extensions ['colcon_meta']
[1.343s] Level 1:colcon.colcon_core.package_identification:_identify(src/custom_interfaces) by extension 'colcon_meta'
[1.343s] Level 1:colcon.colcon_core.package_identification:_identify(src/custom_interfaces) by extensions ['ros']
[1.343s] Level 1:colcon.colcon_core.package_identification:_identify(src/custom_interfaces) by extension 'ros'
[1.343s] DEBUG:colcon.colcon_core.package_identification:Package 'src/custom_interfaces' with type 'ros.ament_cmake' and name 'custom_interfaces'
[1.344s] Level 1:colcon.colcon_core.package_identification:_identify(src/my_opencv_demo) by extensions ['ignore', 'ignore_ament_install']
[1.344s] Level 1:colcon.colcon_core.package_identification:_identify(src/my_opencv_demo) by extension 'ignore'
[1.344s] Level 1:colcon.colcon_core.package_identification:_identify(src/my_opencv_demo) by extension 'ignore_ament_install'
[1.344s] Level 1:colcon.colcon_core.package_identification:_identify(src/my_opencv_demo) by extensions ['colcon_pkg']
[1.344s] Level 1:colcon.colcon_core.package_identification:_identify(src/my_opencv_demo) by extension 'colcon_pkg'
[1.344s] Level 1:colcon.colcon_core.package_identification:_identify(src/my_opencv_demo) by extensions ['colcon_meta']
[1.344s] Level 1:colcon.colcon_core.package_identification:_identify(src/my_opencv_demo) by extension 'colcon_meta'
[1.344s] Level 1:colcon.colcon_core.package_identification:_identify(src/my_opencv_demo) by extensions ['ros']
[1.344s] Level 1:colcon.colcon_core.package_identification:_identify(src/my_opencv_demo) by extension 'ros'
[1.345s] DEBUG:colcon.colcon_core.package_identification:Package 'src/my_opencv_demo' with type 'ros.ament_cmake' and name 'my_opencv_demo'
[1.346s] Level 1:colcon.colcon_core.package_identification:_identify(src/py_pubsub) by extensions ['ignore', 'ignore_ament_install']
[1.346s] Level 1:colcon.colcon_core.package_identification:_identify(src/py_pubsub) by extension 'ignore'
[1.346s] Level 1:colcon.colcon_core.package_identification:_identify(src/py_pubsub) by extension 'ignore_ament_install'
[1.346s] Level 1:colcon.colcon_core.package_identification:_identify(src/py_pubsub) by extensions ['colcon_pkg']
[1.346s] Level 1:colcon.colcon_core.package_identification:_identify(src/py_pubsub) by extension 'colcon_pkg'
[1.346s] Level 1:colcon.colcon_core.package_identification:_identify(src/py_pubsub) by extensions ['colcon_meta']
[1.346s] Level 1:colcon.colcon_core.package_identification:_identify(src/py_pubsub) by extension 'colcon_meta'
[1.346s] Level 1:colcon.colcon_core.package_identification:_identify(src/py_pubsub) by extensions ['ros']
[1.346s] Level 1:colcon.colcon_core.package_identification:_identify(src/py_pubsub) by extension 'ros'
[1.347s] DEBUG:colcon.colcon_core.package_identification:Package 'src/py_pubsub' with type 'ros.ament_python' and name 'py_pubsub'
[1.347s] Level 1:colcon.colcon_core.package_identification:_identify(src/py_srvcli) by extensions ['ignore', 'ignore_ament_install']
[1.347s] Level 1:colcon.colcon_core.package_identification:_identify(src/py_srvcli) by extension 'ignore'
[1.347s] Level 1:colcon.colcon_core.package_identification:_identify(src/py_srvcli) by extension 'ignore_ament_install'
[1.347s] Level 1:colcon.colcon_core.package_identification:_identify(src/py_srvcli) by extensions ['colcon_pkg']
[1.347s] Level 1:colcon.colcon_core.package_identification:_identify(src/py_srvcli) by extension 'colcon_pkg'
[1.347s] Level 1:colcon.colcon_core.package_identification:_identify(src/py_srvcli) by extensions ['colcon_meta']
[1.347s] Level 1:colcon.colcon_core.package_identification:_identify(src/py_srvcli) by extension 'colcon_meta'
[1.347s] Level 1:colcon.colcon_core.package_identification:_identify(src/py_srvcli) by extensions ['ros']
[1.347s] Level 1:colcon.colcon_core.package_identification:_identify(src/py_srvcli) by extension 'ros'
[1.348s] DEBUG:colcon.colcon_core.package_identification:Package 'src/py_srvcli' with type 'ros.ament_python' and name 'py_srvcli'
[1.348s] Level 1:colcon.colcon_core.package_discovery:discover_packages(recursive) using defaults
[1.349s] Level 1:colcon.colcon_core.package_discovery:discover_packages(ignore) discover
[1.349s] Level 1:colcon.colcon_core.package_discovery:discover_packages(ignore) using defaults
[1.349s] Level 1:colcon.colcon_core.package_discovery:discover_packages(path) discover
[1.349s] Level 1:colcon.colcon_core.package_discovery:discover_packages(path) using defaults
[1.423s] INFO:colcon.colcon_core.package_selection:Skipping not selected package 'cpp_pubsub' in 'src/cpp_pubsub'
[1.423s] INFO:colcon.colcon_core.package_selection:Skipping not selected package 'cpp_srvcli' in 'src/cpp_srvcli'
[1.423s] INFO:colcon.colcon_core.package_selection:Skipping not selected package 'custom_interfaces' in 'src/custom_interfaces'
[1.423s] INFO:colcon.colcon_core.package_selection:Skipping not selected package 'py_pubsub' in 'src/py_pubsub'
[1.423s] INFO:colcon.colcon_core.package_selection:Skipping not selected package 'py_srvcli' in 'src/py_srvcli'
[1.447s] Level 1:colcon.colcon_core.package_discovery:discover_packages(prefix_path) check parameters
[1.448s] Level 1:colcon.colcon_core.package_discovery:discover_packages(prefix_path) discover
[1.498s] DEBUG:colcon.colcon_installed_package_information.package_discovery:Found 290 installed packages in /opt/ros/humble
[1.500s] Level 1:colcon.colcon_core.package_discovery:discover_packages(prefix_path) using defaults
[1.675s] Level 5:colcon.colcon_core.verb:set package 'my_opencv_demo' build argument 'cmake_args' from command line to 'None'
[1.675s] Level 5:colcon.colcon_core.verb:set package 'my_opencv_demo' build argument 'cmake_target' from command line to 'None'
[1.675s] Level 5:colcon.colcon_core.verb:set package 'my_opencv_demo' build argument 'cmake_target_skip_unavailable' from command line to 'False'
[1.675s] Level 5:colcon.colcon_core.verb:set package 'my_opencv_demo' build argument 'cmake_clean_cache' from command line to 'False'
[1.675s] Level 5:colcon.colcon_core.verb:set package 'my_opencv_demo' build argument 'cmake_clean_first' from command line to 'False'
[1.675s] Level 5:colcon.colcon_core.verb:set package 'my_opencv_demo' build argument 'cmake_force_configure' from command line to 'False'
[1.675s] Level 5:colcon.colcon_core.verb:set package 'my_opencv_demo' build argument 'ament_cmake_args' from command line to 'None'
[1.675s] Level 5:colcon.colcon_core.verb:set package 'my_opencv_demo' build argument 'catkin_cmake_args' from command line to 'None'
[1.675s] Level 5:colcon.colcon_core.verb:set package 'my_opencv_demo' build argument 'catkin_skip_building_tests' from command line to 'False'
[1.675s] DEBUG:colcon.colcon_core.verb:Building package 'my_opencv_demo' with the following arguments: {'ament_cmake_args': None, 'build_base': '/home/parallels/ros2_ws/build/my_opencv_demo', 'catkin_cmake_args': None, 'catkin_skip_building_tests': False, 'cmake_args': None, 'cmake_clean_cache': False, 'cmake_clean_first': False, 'cmake_force_configure': False, 'cmake_target': None, 'cmake_target_skip_unavailable': False, 'install_base': '/home/parallels/ros2_ws/install/my_opencv_demo', 'merge_install': False, 'path': '/home/parallels/ros2_ws/src/my_opencv_demo', 'symlink_install': False, 'test_result_base': None}
[1.687s] INFO:colcon.colcon_core.executor:Executing jobs using 'parallel' executor
[1.696s] DEBUG:colcon.colcon_parallel_executor.executor.parallel:run_until_complete
[1.696s] INFO:colcon.colcon_ros.task.ament_cmake.build:Building ROS package in '/home/parallels/ros2_ws/src/my_opencv_demo' with build type 'ament_cmake'
[1.697s] INFO:colcon.colcon_cmake.task.cmake.build:Building CMake package in '/home/parallels/ros2_ws/src/my_opencv_demo'
[1.726s] INFO:colcon.colcon_core.plugin_system:Skipping extension 'colcon_core.shell.bat': Not used on non-Windows systems
[1.726s] INFO:colcon.colcon_core.shell:Skip shell extension 'powershell' for command environment: Not usable outside of PowerShell
[1.726s] DEBUG:colcon.colcon_core.shell:Skip shell extension 'dsv' for command environment
[1.770s] DEBUG:colcon.colcon_core.event_handler.log_command:Invoking command in '/home/parallels/ros2_ws/build/my_opencv_demo': CMAKE_PREFIX_PATH=/opt/ros/humble /usr/bin/cmake --build /home/parallels/ros2_ws/build/my_opencv_demo -- -j2 -l2
[12.408s] DEBUG:colcon.colcon_core.event_handler.log_command:Invoked command in '/home/parallels/ros2_ws/build/my_opencv_demo' returned '0': CMAKE_PREFIX_PATH=/opt/ros/humble /usr/bin/cmake --build /home/parallels/ros2_ws/build/my_opencv_demo -- -j2 -l2
[12.484s] DEBUG:colcon.colcon_core.event_handler.log_command:Invoking command in '/home/parallels/ros2_ws/build/my_opencv_demo': CMAKE_PREFIX_PATH=/opt/ros/humble /usr/bin/cmake --install /home/parallels/ros2_ws/build/my_opencv_demo
[12.519s] Level 1:colcon.colcon_core.environment:create_environment_scripts_only(my_opencv_demo)
[12.522s] DEBUG:colcon.colcon_core.event_handler.log_command:Invoked command in '/home/parallels/ros2_ws/build/my_opencv_demo' returned '0': CMAKE_PREFIX_PATH=/opt/ros/humble /usr/bin/cmake --install /home/parallels/ros2_ws/build/my_opencv_demo
[12.722s] Level 1:colcon.colcon_core.environment:checking '/home/parallels/ros2_ws/install/my_opencv_demo' for CMake module files
[12.724s] Level 1:colcon.colcon_core.environment:checking '/home/parallels/ros2_ws/install/my_opencv_demo' for CMake config files
[12.725s] Level 1:colcon.colcon_core.shell:create_environment_hook('my_opencv_demo', 'cmake_prefix_path')
[12.745s] INFO:colcon.colcon_core.shell:Creating environment hook '/home/parallels/ros2_ws/install/my_opencv_demo/share/my_opencv_demo/hook/cmake_prefix_path.ps1'
[12.753s] INFO:colcon.colcon_core.shell:Creating environment descriptor '/home/parallels/ros2_ws/install/my_opencv_demo/share/my_opencv_demo/hook/cmake_prefix_path.dsv'
[12.754s] INFO:colcon.colcon_core.shell:Creating environment hook '/home/parallels/ros2_ws/install/my_opencv_demo/share/my_opencv_demo/hook/cmake_prefix_path.sh'
[12.756s] Level 1:colcon.colcon_core.environment:checking '/home/parallels/ros2_ws/install/my_opencv_demo/lib'
[12.756s] Level 1:colcon.colcon_core.environment:checking '/home/parallels/ros2_ws/install/my_opencv_demo/bin'
[12.756s] Level 1:colcon.colcon_core.environment:checking '/home/parallels/ros2_ws/install/my_opencv_demo/lib/pkgconfig/my_opencv_demo.pc'
[12.759s] Level 1:colcon.colcon_core.environment:checking '/home/parallels/ros2_ws/install/my_opencv_demo/lib/python3.10/site-packages'
[12.759s] Level 1:colcon.colcon_core.environment:checking '/home/parallels/ros2_ws/install/my_opencv_demo/bin'
[12.776s] INFO:colcon.colcon_core.shell:Creating package script '/home/parallels/ros2_ws/install/my_opencv_demo/share/my_opencv_demo/package.ps1'
[12.778s] INFO:colcon.colcon_core.shell:Creating package descriptor '/home/parallels/ros2_ws/install/my_opencv_demo/share/my_opencv_demo/package.dsv'
[12.779s] INFO:colcon.colcon_core.shell:Creating package script '/home/parallels/ros2_ws/install/my_opencv_demo/share/my_opencv_demo/package.sh'
[12.780s] INFO:colcon.colcon_core.shell:Creating package script '/home/parallels/ros2_ws/install/my_opencv_demo/share/my_opencv_demo/package.bash'
[12.782s] INFO:colcon.colcon_core.shell:Creating package script '/home/parallels/ros2_ws/install/my_opencv_demo/share/my_opencv_demo/package.zsh'
[12.784s] Level 1:colcon.colcon_core.environment:create_file_with_runtime_dependencies(/home/parallels/ros2_ws/install/my_opencv_demo/share/colcon-core/packages/my_opencv_demo)
[12.831s] Level 1:colcon.colcon_core.environment:create_environment_scripts_only(my_opencv_demo)
[12.849s] Level 1:colcon.colcon_core.environment:checking '/home/parallels/ros2_ws/install/my_opencv_demo' for CMake module files
[12.849s] Level 1:colcon.colcon_core.environment:checking '/home/parallels/ros2_ws/install/my_opencv_demo' for CMake config files
[12.850s] Level 1:colcon.colcon_core.shell:create_environment_hook('my_opencv_demo', 'cmake_prefix_path')
[12.861s] INFO:colcon.colcon_core.shell:Creating environment hook '/home/parallels/ros2_ws/install/my_opencv_demo/share/my_opencv_demo/hook/cmake_prefix_path.ps1'
[12.861s] INFO:colcon.colcon_core.shell:Creating environment descriptor '/home/parallels/ros2_ws/install/my_opencv_demo/share/my_opencv_demo/hook/cmake_prefix_path.dsv'
[12.862s] INFO:colcon.colcon_core.shell:Creating environment hook '/home/parallels/ros2_ws/install/my_opencv_demo/share/my_opencv_demo/hook/cmake_prefix_path.sh'
[12.862s] Level 1:colcon.colcon_core.environment:checking '/home/parallels/ros2_ws/install/my_opencv_demo/lib'
[12.863s] Level 1:colcon.colcon_core.environment:checking '/home/parallels/ros2_ws/install/my_opencv_demo/bin'
[12.863s] Level 1:colcon.colcon_core.environment:checking '/home/parallels/ros2_ws/install/my_opencv_demo/lib/pkgconfig/my_opencv_demo.pc'
[12.863s] Level 1:colcon.colcon_core.environment:checking '/home/parallels/ros2_ws/install/my_opencv_demo/lib/python3.10/site-packages'
[12.863s] Level 1:colcon.colcon_core.environment:checking '/home/parallels/ros2_ws/install/my_opencv_demo/bin'
[12.878s] INFO:colcon.colcon_core.shell:Creating package script '/home/parallels/ros2_ws/install/my_opencv_demo/share/my_opencv_demo/package.ps1'
[12.879s] INFO:colcon.colcon_core.shell:Creating package descriptor '/home/parallels/ros2_ws/install/my_opencv_demo/share/my_opencv_demo/package.dsv'
[12.879s] INFO:colcon.colcon_core.shell:Creating package script '/home/parallels/ros2_ws/install/my_opencv_demo/share/my_opencv_demo/package.sh'
[12.880s] INFO:colcon.colcon_core.shell:Creating package script '/home/parallels/ros2_ws/install/my_opencv_demo/share/my_opencv_demo/package.bash'
[12.880s] INFO:colcon.colcon_core.shell:Creating package script '/home/parallels/ros2_ws/install/my_opencv_demo/share/my_opencv_demo/package.zsh'
[12.881s] Level 1:colcon.colcon_core.environment:create_file_with_runtime_dependencies(/home/parallels/ros2_ws/install/my_opencv_demo/share/colcon-core/packages/my_opencv_demo)
[12.885s] DEBUG:colcon.colcon_parallel_executor.executor.parallel:closing loop
[12.886s] DEBUG:colcon.colcon_parallel_executor.executor.parallel:loop closed
[12.886s] DEBUG:colcon.colcon_parallel_executor.executor.parallel:run_until_complete finished with '0'
[12.887s] DEBUG:colcon.colcon_core.event_reactor:joining thread
[13.070s] INFO:colcon.colcon_core.plugin_system:Skipping extension 'colcon_notification.desktop_notification.terminal_notifier': Not used on non-Darwin systems
[13.070s] INFO:colcon.colcon_core.plugin_system:Skipping extension 'colcon_notification.desktop_notification.win32': Not used on non-Windows systems
[13.070s] INFO:colcon.colcon_notification.desktop_notification:Sending desktop notification using 'notify2'
[13.417s] DEBUG:colcon.colcon_core.event_reactor:joined thread
[13.436s] INFO:colcon.colcon_core.shell:Creating prefix script '/home/parallels/ros2_ws/install/local_setup.ps1'
[13.438s] INFO:colcon.colcon_core.shell:Creating prefix util module '/home/parallels/ros2_ws/install/_local_setup_util_ps1.py'
[13.439s] INFO:colcon.colcon_core.shell:Creating prefix chain script '/home/parallels/ros2_ws/install/setup.ps1'
[13.464s] INFO:colcon.colcon_core.shell:Creating prefix script '/home/parallels/ros2_ws/install/local_setup.sh'
[13.466s] INFO:colcon.colcon_core.shell:Creating prefix util module '/home/parallels/ros2_ws/install/_local_setup_util_sh.py'
[13.467s] INFO:colcon.colcon_core.shell:Creating prefix chain script '/home/parallels/ros2_ws/install/setup.sh'
[13.485s] INFO:colcon.colcon_core.shell:Creating prefix script '/home/parallels/ros2_ws/install/local_setup.bash'
[13.486s] INFO:colcon.colcon_core.shell:Creating prefix chain script '/home/parallels/ros2_ws/install/setup.bash'
[13.501s] INFO:colcon.colcon_core.shell:Creating prefix script '/home/parallels/ros2_ws/install/local_setup.zsh'
[13.502s] INFO:colcon.colcon_core.shell:Creating prefix chain script '/home/parallels/ros2_ws/install/setup.zsh'
