[0.723s] Invoking command in '/home/parallels/ros2_ws/build/examples_rclpy_minimal_client': PYTHONPATH=/home/parallels/ros2_ws/build/examples_rclpy_minimal_client/prefix_override:/home/parallels/ros2_ws/install/examples_rclpy_minimal_client/lib/python3.10/site-packages:${PYTHONPATH} /usr/bin/python3 setup.py develop --editable --build-directory /home/parallels/ros2_ws/build/examples_rclpy_minimal_client/build --no-deps install_data
[1.115s] running develop
[1.115s] /usr/lib/python3/dist-packages/setuptools/command/easy_install.py:158: EasyInstallDeprecationWarning: easy_install command is deprecated. Use build and pip and other standards-based tools.
[1.115s]   warnings.warn(
[1.117s] /usr/lib/python3/dist-packages/setuptools/command/install.py:34: SetuptoolsDeprecationWarning: setup.py install is deprecated. Use build and pip and other standards-based tools.
[1.117s]   warnings.warn(
[1.345s] running egg_info
[1.345s] creating examples_rclpy_minimal_client.egg-info
[1.346s] writing examples_rclpy_minimal_client.egg-info/PKG-INFO
[1.346s] writing dependency_links to examples_rclpy_minimal_client.egg-info/dependency_links.txt
[1.347s] writing entry points to examples_rclpy_minimal_client.egg-info/entry_points.txt
[1.347s] writing requirements to examples_rclpy_minimal_client.egg-info/requires.txt
[1.347s] writing top-level names to examples_rclpy_minimal_client.egg-info/top_level.txt
[1.348s] writing manifest file 'examples_rclpy_minimal_client.egg-info/SOURCES.txt'
[1.351s] reading manifest file 'examples_rclpy_minimal_client.egg-info/SOURCES.txt'
[1.352s] writing manifest file 'examples_rclpy_minimal_client.egg-info/SOURCES.txt'
[1.354s] running build_ext
[1.354s] Creating /home/parallels/ros2_ws/install/examples_rclpy_minimal_client/lib/python3.10/site-packages/examples-rclpy-minimal-client.egg-link (link to .)
[1.355s] Installing client script to /home/parallels/ros2_ws/install/examples_rclpy_minimal_client/lib/examples_rclpy_minimal_client
[1.356s] Installing client_async script to /home/parallels/ros2_ws/install/examples_rclpy_minimal_client/lib/examples_rclpy_minimal_client
[1.356s] Installing client_async_callback script to /home/parallels/ros2_ws/install/examples_rclpy_minimal_client/lib/examples_rclpy_minimal_client
[1.356s] Installing client_async_member_function script to /home/parallels/ros2_ws/install/examples_rclpy_minimal_client/lib/examples_rclpy_minimal_client
[1.357s] 
[1.357s] Installed /home/parallels/ros2_ws/build/examples_rclpy_minimal_client
[1.357s] running install_data
[1.357s] creating /home/parallels/ros2_ws/install/examples_rclpy_minimal_client/share/ament_index
[1.357s] creating /home/parallels/ros2_ws/install/examples_rclpy_minimal_client/share/ament_index/resource_index
[1.358s] creating /home/parallels/ros2_ws/install/examples_rclpy_minimal_client/share/ament_index/resource_index/packages
[1.359s] copying resource/examples_rclpy_minimal_client -> /home/parallels/ros2_ws/install/examples_rclpy_minimal_client/share/ament_index/resource_index/packages
[1.359s] copying package.xml -> /home/parallels/ros2_ws/install/examples_rclpy_minimal_client/share/examples_rclpy_minimal_client
[1.430s] Invoked command in '/home/parallels/ros2_ws/build/examples_rclpy_minimal_client' returned '0': PYTHONPATH=/home/parallels/ros2_ws/build/examples_rclpy_minimal_client/prefix_override:/home/parallels/ros2_ws/install/examples_rclpy_minimal_client/lib/python3.10/site-packages:${PYTHONPATH} /usr/bin/python3 setup.py develop --editable --build-directory /home/parallels/ros2_ws/build/examples_rclpy_minimal_client/build --no-deps install_data
