[0.093s] Invoking command in '/home/parallels/ros2_ws/build/examples_rclcpp_minimal_publisher': CMAKE_PREFIX_PATH=/opt/ros/humble /usr/bin/cmake /home/parallels/ros2_ws/src/examples/rclcpp/topics/minimal_publisher -DAMENT_CMAKE_SYMLINK_INSTALL=1 -DCMAKE_INSTALL_PREFIX=/home/parallels/ros2_ws/install/examples_rclcpp_minimal_publisher
[0.412s] -- The C compiler identification is GNU 11.4.0
[0.524s] -- The CXX compiler identification is GNU 11.4.0
[0.570s] -- Detecting C compiler ABI info
[0.641s] -- Detecting C compiler ABI info - done
[0.647s] -- Check for working C compiler: /usr/bin/cc - skipped
[0.649s] -- Detecting C compile features
[0.656s] -- Detecting C compile features - done
[0.660s] -- Detecting CXX compiler ABI info
[0.721s] -- Detecting CXX compiler ABI info - done
[0.727s] -- Check for working CXX compiler: /usr/bin/c++ - skipped
[0.728s] -- Detecting CXX compile features
[0.728s] -- Detecting CXX compile features - done
[0.747s] -- Found ament_cmake: 1.3.8 (/opt/ros/humble/share/ament_cmake/cmake)
[1.066s] -- Found Python3: /usr/bin/python3 (found version "3.10.12") found components: Interpreter 
[1.178s] -- Override CMake install command with custom implementation using symlinks instead of copying resources
[1.207s] -- Found rclcpp: 16.0.8 (/opt/ros/humble/share/rclcpp/cmake)
[1.274s] -- Found rosidl_generator_c: 3.1.5 (/opt/ros/humble/share/rosidl_generator_c/cmake)
[1.279s] -- Found rosidl_adapter: 3.1.5 (/opt/ros/humble/share/rosidl_adapter/cmake)
[1.287s] -- Found rosidl_generator_cpp: 3.1.5 (/opt/ros/humble/share/rosidl_generator_cpp/cmake)
[1.304s] -- Using all available rosidl_typesupport_c: rosidl_typesupport_fastrtps_c;rosidl_typesupport_introspection_c
[1.324s] -- Using all available rosidl_typesupport_cpp: rosidl_typesupport_fastrtps_cpp;rosidl_typesupport_introspection_cpp
[1.440s] -- Found rmw_implementation_cmake: 6.1.1 (/opt/ros/humble/share/rmw_implementation_cmake/cmake)
[1.446s] -- Found rmw_fastrtps_cpp: 6.2.6 (/opt/ros/humble/share/rmw_fastrtps_cpp/cmake)
[1.626s] -- Found OpenSSL: /usr/lib/aarch64-linux-gnu/libcrypto.so (found version "3.0.2")  
[1.670s] -- Found FastRTPS: /opt/ros/humble/include  
[1.713s] -- Using RMW implementation 'rmw_fastrtps_cpp' as default
[1.733s] -- Looking for pthread.h
[1.921s] -- Looking for pthread.h - found
[1.921s] -- Performing Test CMAKE_HAVE_LIBC_PTHREAD
[1.984s] -- Performing Test CMAKE_HAVE_LIBC_PTHREAD - Success
[1.984s] -- Found Threads: TRUE  
[2.277s] -- Found ament_lint_auto: 0.12.10 (/opt/ros/humble/share/ament_lint_auto/cmake)
[2.433s] -- Added test 'copyright' to check source files copyright and LICENSE
[2.437s] -- Added test 'cppcheck' to perform static code analysis on C / C++ code
[2.437s] -- Configured cppcheck include dirs: 
[2.437s] -- Configured cppcheck exclude dirs and/or files: 
[2.438s] -- Added test 'cpplint' to check C / C++ code against the Google style
[2.440s] -- Configured cpplint exclude dirs and/or files: 
[2.441s] -- Added test 'lint_cmake' to check CMake code style
[2.443s] -- Added test 'uncrustify' to check C / C++ code style
[2.443s] -- Configured uncrustify additional arguments: 
[2.444s] -- Added test 'xmllint' to check XML markup files
[2.452s] -- Configuring done
[2.505s] -- Generating done
[2.507s] -- Build files have been written to: /home/parallels/ros2_ws/build/examples_rclcpp_minimal_publisher
[2.514s] Invoked command in '/home/parallels/ros2_ws/build/examples_rclcpp_minimal_publisher' returned '0': CMAKE_PREFIX_PATH=/opt/ros/humble /usr/bin/cmake /home/parallels/ros2_ws/src/examples/rclcpp/topics/minimal_publisher -DAMENT_CMAKE_SYMLINK_INSTALL=1 -DCMAKE_INSTALL_PREFIX=/home/parallels/ros2_ws/install/examples_rclcpp_minimal_publisher
[2.515s] Invoking command in '/home/parallels/ros2_ws/build/examples_rclcpp_minimal_publisher': CMAKE_PREFIX_PATH=/opt/ros/humble /usr/bin/cmake --build /home/parallels/ros2_ws/build/examples_rclcpp_minimal_publisher -- -j2 -l2
[2.551s] [  8%] [32mBuilding CXX object CMakeFiles/publisher_lambda.dir/lambda.cpp.o[0m
[2.594s] [ 16%] [32mBuilding CXX object CMakeFiles/publisher_member_function.dir/member_function.cpp.o[0m
[9.608s] [ 25%] [32m[1mLinking CXX executable publisher_lambda[0m
[9.815s] [ 25%] Built target publisher_lambda
[9.881s] [ 33%] [32m[1mLinking CXX executable publisher_member_function[0m
[10.056s] [ 33%] Built target publisher_member_function
[10.071s] [ 41%] [32mBuilding CXX object CMakeFiles/publisher_member_function_with_type_adapter.dir/member_function_with_type_adapter.cpp.o[0m
[13.674s] [ 50%] [32m[1mLinking CXX executable publisher_member_function_with_type_adapter[0m
[13.861s] [ 50%] Built target publisher_member_function_with_type_adapter
[13.875s] [ 58%] [32mBuilding CXX object CMakeFiles/publisher_member_function_with_unique_network_flow_endpoints.dir/member_function_with_unique_network_flow_endpoints.cpp.o[0m
[17.628s] [ 66%] [32m[1mLinking CXX executable publisher_member_function_with_unique_network_flow_endpoints[0m
[17.834s] [ 66%] Built target publisher_member_function_with_unique_network_flow_endpoints
[17.848s] [ 75%] [32mBuilding CXX object CMakeFiles/publisher_wait_for_all_acked.dir/member_function_with_wait_for_all_acked.cpp.o[0m
[21.379s] [ 83%] [32m[1mLinking CXX executable publisher_wait_for_all_acked[0m
[21.537s] [ 83%] Built target publisher_wait_for_all_acked
[21.552s] [ 91%] [32mBuilding CXX object CMakeFiles/publisher_not_composable.dir/not_composable.cpp.o[0m
[24.805s] [100%] [32m[1mLinking CXX executable publisher_not_composable[0m
[24.975s] [100%] Built target publisher_not_composable
[24.995s] Invoked command in '/home/parallels/ros2_ws/build/examples_rclcpp_minimal_publisher' returned '0': CMAKE_PREFIX_PATH=/opt/ros/humble /usr/bin/cmake --build /home/parallels/ros2_ws/build/examples_rclcpp_minimal_publisher -- -j2 -l2
[25.023s] Invoking command in '/home/parallels/ros2_ws/build/examples_rclcpp_minimal_publisher': CMAKE_PREFIX_PATH=/opt/ros/humble /usr/bin/cmake --install /home/parallels/ros2_ws/build/examples_rclcpp_minimal_publisher
[25.029s] -- Install configuration: ""
[25.030s] -- Execute custom install script
[25.031s] -- Symlinking: /home/parallels/ros2_ws/install/examples_rclcpp_minimal_publisher/lib/examples_rclcpp_minimal_publisher/publisher_lambda
[25.037s] -- Symlinking: /home/parallels/ros2_ws/install/examples_rclcpp_minimal_publisher/lib/examples_rclcpp_minimal_publisher/publisher_member_function
[25.043s] -- Symlinking: /home/parallels/ros2_ws/install/examples_rclcpp_minimal_publisher/lib/examples_rclcpp_minimal_publisher/publisher_member_function_with_type_adapter
[25.048s] -- Symlinking: /home/parallels/ros2_ws/install/examples_rclcpp_minimal_publisher/lib/examples_rclcpp_minimal_publisher/publisher_member_function_with_unique_network_flow_endpoints
[25.054s] -- Symlinking: /home/parallels/ros2_ws/install/examples_rclcpp_minimal_publisher/lib/examples_rclcpp_minimal_publisher/publisher_wait_for_all_acked
[25.062s] -- Symlinking: /home/parallels/ros2_ws/install/examples_rclcpp_minimal_publisher/lib/examples_rclcpp_minimal_publisher/publisher_not_composable
[25.068s] -- Symlinking: /home/parallels/ros2_ws/install/examples_rclcpp_minimal_publisher/share/ament_index/resource_index/package_run_dependencies/examples_rclcpp_minimal_publisher
[25.073s] -- Symlinking: /home/parallels/ros2_ws/install/examples_rclcpp_minimal_publisher/share/ament_index/resource_index/parent_prefix_path/examples_rclcpp_minimal_publisher
[25.079s] -- Symlinking: /home/parallels/ros2_ws/install/examples_rclcpp_minimal_publisher/share/examples_rclcpp_minimal_publisher/environment/ament_prefix_path.sh
[25.085s] -- Symlinking: /home/parallels/ros2_ws/install/examples_rclcpp_minimal_publisher/share/examples_rclcpp_minimal_publisher/environment/ament_prefix_path.dsv
[25.091s] -- Symlinking: /home/parallels/ros2_ws/install/examples_rclcpp_minimal_publisher/share/examples_rclcpp_minimal_publisher/environment/path.sh
[25.097s] -- Symlinking: /home/parallels/ros2_ws/install/examples_rclcpp_minimal_publisher/share/examples_rclcpp_minimal_publisher/environment/path.dsv
[25.103s] -- Symlinking: /home/parallels/ros2_ws/install/examples_rclcpp_minimal_publisher/share/examples_rclcpp_minimal_publisher/local_setup.bash
[25.110s] -- Symlinking: /home/parallels/ros2_ws/install/examples_rclcpp_minimal_publisher/share/examples_rclcpp_minimal_publisher/local_setup.sh
[25.116s] -- Symlinking: /home/parallels/ros2_ws/install/examples_rclcpp_minimal_publisher/share/examples_rclcpp_minimal_publisher/local_setup.zsh
[25.122s] -- Symlinking: /home/parallels/ros2_ws/install/examples_rclcpp_minimal_publisher/share/examples_rclcpp_minimal_publisher/local_setup.dsv
[25.128s] -- Symlinking: /home/parallels/ros2_ws/install/examples_rclcpp_minimal_publisher/share/examples_rclcpp_minimal_publisher/package.dsv
[25.134s] -- Symlinking: /home/parallels/ros2_ws/install/examples_rclcpp_minimal_publisher/share/ament_index/resource_index/packages/examples_rclcpp_minimal_publisher
[25.140s] -- Symlinking: /home/parallels/ros2_ws/install/examples_rclcpp_minimal_publisher/share/examples_rclcpp_minimal_publisher/cmake/examples_rclcpp_minimal_publisherConfig.cmake
[25.145s] -- Symlinking: /home/parallels/ros2_ws/install/examples_rclcpp_minimal_publisher/share/examples_rclcpp_minimal_publisher/cmake/examples_rclcpp_minimal_publisherConfig-version.cmake
[25.151s] -- Symlinking: /home/parallels/ros2_ws/install/examples_rclcpp_minimal_publisher/share/examples_rclcpp_minimal_publisher/package.xml
[25.162s] Invoked command in '/home/parallels/ros2_ws/build/examples_rclcpp_minimal_publisher' returned '0': CMAKE_PREFIX_PATH=/opt/ros/humble /usr/bin/cmake --install /home/parallels/ros2_ws/build/examples_rclcpp_minimal_publisher
