[0.094s] Invoking command in '/home/parallels/ros2_ws/build/examples_rclcpp_minimal_action_server': CMAKE_PREFIX_PATH=/opt/ros/humble /usr/bin/cmake /home/parallels/ros2_ws/src/examples/rclcpp/actions/minimal_action_server -DAMENT_CMAKE_SYMLINK_INSTALL=1 -DCMAKE_INSTALL_PREFIX=/home/parallels/ros2_ws/install/examples_rclcpp_minimal_action_server
[0.248s] -- The C compiler identification is GNU 11.4.0
[0.347s] -- The CXX compiler identification is GNU 11.4.0
[0.361s] -- Detecting C compiler ABI info
[0.413s] -- Detecting C compiler ABI info - done
[0.418s] -- Check for working C compiler: /usr/bin/cc - skipped
[0.419s] -- Detecting C compile features
[0.420s] -- Detecting C compile features - done
[0.423s] -- Detecting CXX compiler ABI info
[0.485s] -- Detecting CXX compiler ABI info - done
[0.489s] -- Check for working CXX compiler: /usr/bin/c++ - skipped
[0.489s] -- Detecting CXX compile features
[0.490s] -- Detecting CXX compile features - done
[0.496s] -- Found ament_cmake: 1.3.8 (/opt/ros/humble/share/ament_cmake/cmake)
[0.756s] -- Found Python3: /usr/bin/python3 (found version "3.10.12") found components: Interpreter 
[0.876s] -- Override CMake install command with custom implementation using symlinks instead of copying resources
[0.930s] -- Found example_interfaces: 0.9.3 (/opt/ros/humble/share/example_interfaces/cmake)
[1.008s] -- Found rosidl_generator_c: 3.1.5 (/opt/ros/humble/share/rosidl_generator_c/cmake)
[1.016s] -- Found rosidl_adapter: 3.1.5 (/opt/ros/humble/share/rosidl_adapter/cmake)
[1.035s] -- Found rosidl_generator_cpp: 3.1.5 (/opt/ros/humble/share/rosidl_generator_cpp/cmake)
[1.063s] -- Using all available rosidl_typesupport_c: rosidl_typesupport_fastrtps_c;rosidl_typesupport_introspection_c
[1.091s] -- Using all available rosidl_typesupport_cpp: rosidl_typesupport_fastrtps_cpp;rosidl_typesupport_introspection_cpp
[1.260s] -- Found rclcpp: 16.0.8 (/opt/ros/humble/share/rclcpp/cmake)
[1.375s] -- Found rmw_implementation_cmake: 6.1.1 (/opt/ros/humble/share/rmw_implementation_cmake/cmake)
[1.380s] -- Found rmw_fastrtps_cpp: 6.2.6 (/opt/ros/humble/share/rmw_fastrtps_cpp/cmake)
[1.686s] -- Found OpenSSL: /usr/lib/aarch64-linux-gnu/libcrypto.so (found version "3.0.2")  
[1.738s] -- Found FastRTPS: /opt/ros/humble/include  
[1.823s] -- Using RMW implementation 'rmw_fastrtps_cpp' as default
[1.844s] -- Looking for pthread.h
[2.028s] -- Looking for pthread.h - found
[2.028s] -- Performing Test CMAKE_HAVE_LIBC_PTHREAD
[2.227s] -- Performing Test CMAKE_HAVE_LIBC_PTHREAD - Success
[2.228s] -- Found Threads: TRUE  
[2.577s] -- Found rclcpp_action: 16.0.8 (/opt/ros/humble/share/rclcpp_action/cmake)
[2.642s] -- Found ament_lint_auto: 0.12.10 (/opt/ros/humble/share/ament_lint_auto/cmake)
[2.784s] -- Added test 'copyright' to check source files copyright and LICENSE
[2.785s] -- Added test 'cppcheck' to perform static code analysis on C / C++ code
[2.785s] -- Configured cppcheck include dirs: 
[2.785s] -- Configured cppcheck exclude dirs and/or files: 
[2.786s] -- Added test 'cpplint' to check C / C++ code against the Google style
[2.786s] -- Configured cpplint exclude dirs and/or files: 
[2.789s] -- Added test 'lint_cmake' to check CMake code style
[2.790s] -- Added test 'uncrustify' to check C / C++ code style
[2.790s] -- Configured uncrustify additional arguments: 
[2.791s] -- Added test 'xmllint' to check XML markup files
[2.792s] -- Configuring done
[2.817s] -- Generating done
[2.819s] -- Build files have been written to: /home/parallels/ros2_ws/build/examples_rclcpp_minimal_action_server
[2.830s] Invoked command in '/home/parallels/ros2_ws/build/examples_rclcpp_minimal_action_server' returned '0': CMAKE_PREFIX_PATH=/opt/ros/humble /usr/bin/cmake /home/parallels/ros2_ws/src/examples/rclcpp/actions/minimal_action_server -DAMENT_CMAKE_SYMLINK_INSTALL=1 -DCMAKE_INSTALL_PREFIX=/home/parallels/ros2_ws/install/examples_rclcpp_minimal_action_server
[2.831s] Invoking command in '/home/parallels/ros2_ws/build/examples_rclcpp_minimal_action_server': CMAKE_PREFIX_PATH=/opt/ros/humble /usr/bin/cmake --build /home/parallels/ros2_ws/build/examples_rclcpp_minimal_action_server -- -j2 -l2
[2.957s] [ 25%] [32mBuilding CXX object CMakeFiles/action_server_member_functions.dir/member_functions.cpp.o[0m
[2.974s] [ 50%] [32mBuilding CXX object CMakeFiles/action_server_not_composable.dir/not_composable.cpp.o[0m
[7.115s] [ 75%] [32m[1mLinking CXX executable action_server_not_composable[0m
[7.196s] [100%] [32m[1mLinking CXX executable action_server_member_functions[0m
[7.332s] [100%] Built target action_server_not_composable
[7.349s] [100%] Built target action_server_member_functions
[7.356s] Invoked command in '/home/parallels/ros2_ws/build/examples_rclcpp_minimal_action_server' returned '0': CMAKE_PREFIX_PATH=/opt/ros/humble /usr/bin/cmake --build /home/parallels/ros2_ws/build/examples_rclcpp_minimal_action_server -- -j2 -l2
[7.377s] Invoking command in '/home/parallels/ros2_ws/build/examples_rclcpp_minimal_action_server': CMAKE_PREFIX_PATH=/opt/ros/humble /usr/bin/cmake --install /home/parallels/ros2_ws/build/examples_rclcpp_minimal_action_server
[7.383s] -- Install configuration: ""
[7.384s] -- Execute custom install script
[7.384s] -- Symlinking: /home/parallels/ros2_ws/install/examples_rclcpp_minimal_action_server/lib/examples_rclcpp_minimal_action_server/action_server_not_composable
[7.389s] -- Symlinking: /home/parallels/ros2_ws/install/examples_rclcpp_minimal_action_server/lib/examples_rclcpp_minimal_action_server/action_server_member_functions
[7.394s] -- Symlinking: /home/parallels/ros2_ws/install/examples_rclcpp_minimal_action_server/share/ament_index/resource_index/package_run_dependencies/examples_rclcpp_minimal_action_server
[7.399s] -- Symlinking: /home/parallels/ros2_ws/install/examples_rclcpp_minimal_action_server/share/ament_index/resource_index/parent_prefix_path/examples_rclcpp_minimal_action_server
[7.403s] -- Symlinking: /home/parallels/ros2_ws/install/examples_rclcpp_minimal_action_server/share/examples_rclcpp_minimal_action_server/environment/ament_prefix_path.sh
[7.408s] -- Symlinking: /home/parallels/ros2_ws/install/examples_rclcpp_minimal_action_server/share/examples_rclcpp_minimal_action_server/environment/ament_prefix_path.dsv
[7.413s] -- Symlinking: /home/parallels/ros2_ws/install/examples_rclcpp_minimal_action_server/share/examples_rclcpp_minimal_action_server/environment/path.sh
[7.418s] -- Symlinking: /home/parallels/ros2_ws/install/examples_rclcpp_minimal_action_server/share/examples_rclcpp_minimal_action_server/environment/path.dsv
[7.423s] -- Symlinking: /home/parallels/ros2_ws/install/examples_rclcpp_minimal_action_server/share/examples_rclcpp_minimal_action_server/local_setup.bash
[7.427s] -- Symlinking: /home/parallels/ros2_ws/install/examples_rclcpp_minimal_action_server/share/examples_rclcpp_minimal_action_server/local_setup.sh
[7.432s] -- Symlinking: /home/parallels/ros2_ws/install/examples_rclcpp_minimal_action_server/share/examples_rclcpp_minimal_action_server/local_setup.zsh
[7.437s] -- Symlinking: /home/parallels/ros2_ws/install/examples_rclcpp_minimal_action_server/share/examples_rclcpp_minimal_action_server/local_setup.dsv
[7.442s] -- Symlinking: /home/parallels/ros2_ws/install/examples_rclcpp_minimal_action_server/share/examples_rclcpp_minimal_action_server/package.dsv
[7.447s] -- Symlinking: /home/parallels/ros2_ws/install/examples_rclcpp_minimal_action_server/share/ament_index/resource_index/packages/examples_rclcpp_minimal_action_server
[7.451s] -- Symlinking: /home/parallels/ros2_ws/install/examples_rclcpp_minimal_action_server/share/examples_rclcpp_minimal_action_server/cmake/examples_rclcpp_minimal_action_serverConfig.cmake
[7.456s] -- Symlinking: /home/parallels/ros2_ws/install/examples_rclcpp_minimal_action_server/share/examples_rclcpp_minimal_action_server/cmake/examples_rclcpp_minimal_action_serverConfig-version.cmake
[7.460s] -- Symlinking: /home/parallels/ros2_ws/install/examples_rclcpp_minimal_action_server/share/examples_rclcpp_minimal_action_server/package.xml
[7.612s] Invoked command in '/home/parallels/ros2_ws/build/examples_rclcpp_minimal_action_server' returned '0': CMAKE_PREFIX_PATH=/opt/ros/humble /usr/bin/cmake --install /home/parallels/ros2_ws/build/examples_rclcpp_minimal_action_server
