[  0%] Built target custom_interfaces__cpp
[ 12%] Built target custom_interfaces__rosidl_generator_c
[ 24%] Built target custom_interfaces__rosidl_typesupport_cpp
[ 24%] Built target ament_cmake_python_copy_custom_interfaces
[ 37%] Built target custom_interfaces__rosidl_typesupport_introspection_c
[ 50%] Built target custom_interfaces__rosidl_typesupport_fastrtps_c
[ 62%] Built target custom_interfaces__rosidl_typesupport_c
[ 74%] Built target custom_interfaces__rosidl_typesupport_fastrtps_cpp
[ 87%] Built target custom_interfaces__rosidl_typesupport_introspection_cpp
[ 87%] Built target custom_interfaces
[ 87%] Built target custom_interfaces__py
[ 99%] Built target custom_interfaces__rosidl_generator_py
running egg_info
writing custom_interfaces.egg-info/PKG-INFO
writing dependency_links to custom_interfaces.egg-info/dependency_links.txt
writing top-level names to custom_interfaces.egg-info/top_level.txt
[ 99%] Built target custom_interfaces__rosidl_typesupport_fastrtps_c__pyext
reading manifest file 'custom_interfaces.egg-info/SOURCES.txt'
writing manifest file 'custom_interfaces.egg-info/SOURCES.txt'
[ 99%] Built target ament_cmake_python_build_custom_interfaces_egg
[ 99%] Built target custom_interfaces__rosidl_typesupport_introspection_c__pyext
[100%] Built target custom_interfaces__rosidl_typesupport_c__pyext
