[0.115s] Invoking command in '/home/parallels/ros2_ws/build/custom_interfaces': CMAKE_PREFIX_PATH=/opt/ros/humble /usr/bin/cmake --build /home/parallels/ros2_ws/build/custom_interfaces -- -j2 -l2
[0.200s] [  0%] Built target custom_interfaces__cpp
[0.206s] [ 12%] Built target custom_interfaces__rosidl_generator_c
[0.258s] [ 24%] Built target custom_interfaces__rosidl_typesupport_cpp
[0.267s] [ 24%] Built target ament_cmake_python_copy_custom_interfaces
[0.314s] [ 37%] Built target custom_interfaces__rosidl_typesupport_fastrtps_c
[0.324s] [ 50%] Built target custom_interfaces__rosidl_typesupport_introspection_c
[0.380s] [ 62%] Built target custom_interfaces__rosidl_typesupport_c
[0.459s] [ 74%] Built target custom_interfaces__rosidl_typesupport_fastrtps_cpp
[0.466s] [ 87%] Built target custom_interfaces__rosidl_typesupport_introspection_cpp
[0.558s] [ 87%] Built target custom_interfaces
[0.678s] [ 87%] Built target custom_interfaces__py
[0.792s] [ 99%] Built target custom_interfaces__rosidl_generator_py
[0.926s] [ 99%] Built target custom_interfaces__rosidl_typesupport_fastrtps_c__pyext
[1.003s] running egg_info
[1.006s] writing custom_interfaces.egg-info/PKG-INFO
[1.006s] writing dependency_links to custom_interfaces.egg-info/dependency_links.txt
[1.006s] writing top-level names to custom_interfaces.egg-info/top_level.txt
[1.014s] reading manifest file 'custom_interfaces.egg-info/SOURCES.txt'
[1.019s] writing manifest file 'custom_interfaces.egg-info/SOURCES.txt'
[1.026s] [ 99%] Built target custom_interfaces__rosidl_typesupport_introspection_c__pyext
[1.059s] [ 99%] Built target ament_cmake_python_build_custom_interfaces_egg
[1.082s] [100%] Built target custom_interfaces__rosidl_typesupport_c__pyext
[1.121s] Invoked command in '/home/parallels/ros2_ws/build/custom_interfaces' returned '0': CMAKE_PREFIX_PATH=/opt/ros/humble /usr/bin/cmake --build /home/parallels/ros2_ws/build/custom_interfaces -- -j2 -l2
