[0.064s] Invoking command in '/home/parallels/ros2_ws/build/cpp_srvcli': CMAKE_PREFIX_PATH=/opt/ros/humble /usr/bin/cmake --build /home/parallels/ros2_ws/build/cpp_srvcli -- -j3 -l3
[0.140s] [ 50%] Built target server
[0.155s] [100%] Built target client
[0.174s] Invoked command in '/home/parallels/ros2_ws/build/cpp_srvcli' returned '0': CMAKE_PREFIX_PATH=/opt/ros/humble /usr/bin/cmake --build /home/parallels/ros2_ws/build/cpp_srvcli -- -j3 -l3
[0.322s] Invoking command in '/home/parallels/ros2_ws/build/cpp_srvcli': CMAKE_PREFIX_PATH=/opt/ros/humble /usr/bin/cmake --install /home/parallels/ros2_ws/build/cpp_srvcli
[0.342s] -- Install configuration: ""
[0.350s] -- Up-to-date: /home/parallels/ros2_ws/install/cpp_srvcli/lib/cpp_srvcli/server
[0.350s] -- Up-to-date: /home/parallels/ros2_ws/install/cpp_srvcli/lib/cpp_srvcli/client
[0.350s] -- Up-to-date: /home/parallels/ros2_ws/install/cpp_srvcli/share/ament_index/resource_index/package_run_dependencies/cpp_srvcli
[0.350s] -- Up-to-date: /home/parallels/ros2_ws/install/cpp_srvcli/share/ament_index/resource_index/parent_prefix_path/cpp_srvcli
[0.350s] -- Up-to-date: /home/parallels/ros2_ws/install/cpp_srvcli/share/cpp_srvcli/environment/ament_prefix_path.sh
[0.350s] -- Up-to-date: /home/parallels/ros2_ws/install/cpp_srvcli/share/cpp_srvcli/environment/ament_prefix_path.dsv
[0.350s] -- Up-to-date: /home/parallels/ros2_ws/install/cpp_srvcli/share/cpp_srvcli/environment/path.sh
[0.350s] -- Up-to-date: /home/parallels/ros2_ws/install/cpp_srvcli/share/cpp_srvcli/environment/path.dsv
[0.350s] -- Up-to-date: /home/parallels/ros2_ws/install/cpp_srvcli/share/cpp_srvcli/local_setup.bash
[0.350s] -- Up-to-date: /home/parallels/ros2_ws/install/cpp_srvcli/share/cpp_srvcli/local_setup.sh
[0.351s] -- Up-to-date: /home/parallels/ros2_ws/install/cpp_srvcli/share/cpp_srvcli/local_setup.zsh
[0.351s] -- Up-to-date: /home/parallels/ros2_ws/install/cpp_srvcli/share/cpp_srvcli/local_setup.dsv
[0.351s] -- Installing: /home/parallels/ros2_ws/install/cpp_srvcli/share/cpp_srvcli/package.dsv
[0.351s] -- Up-to-date: /home/parallels/ros2_ws/install/cpp_srvcli/share/ament_index/resource_index/packages/cpp_srvcli
[0.351s] -- Up-to-date: /home/parallels/ros2_ws/install/cpp_srvcli/share/cpp_srvcli/cmake/cpp_srvcliConfig.cmake
[0.351s] -- Up-to-date: /home/parallels/ros2_ws/install/cpp_srvcli/share/cpp_srvcli/cmake/cpp_srvcliConfig-version.cmake
[0.351s] -- Up-to-date: /home/parallels/ros2_ws/install/cpp_srvcli/share/cpp_srvcli/package.xml
[0.362s] Invoked command in '/home/parallels/ros2_ws/build/cpp_srvcli' returned '0': CMAKE_PREFIX_PATH=/opt/ros/humble /usr/bin/cmake --install /home/parallels/ros2_ws/build/cpp_srvcli
