[0.036s] Invoking command in '/home/parallels/ros2_ws/build/cpp_srvcli': CMAKE_PREFIX_PATH=/opt/ros/humble /usr/bin/cmake --build /home/parallels/ros2_ws/build/cpp_srvcli -- -j2 -l2
[0.251s] [ 50%] Built target client
[0.251s] [100%] Built target server
[0.276s] Invoked command in '/home/parallels/ros2_ws/build/cpp_srvcli' returned '0': CMAKE_PREFIX_PATH=/opt/ros/humble /usr/bin/cmake --build /home/parallels/ros2_ws/build/cpp_srvcli -- -j2 -l2
[0.329s] Invoking command in '/home/parallels/ros2_ws/build/cpp_srvcli': CMAKE_PREFIX_PATH=/opt/ros/humble /usr/bin/cmake --install /home/parallels/ros2_ws/build/cpp_srvcli
[0.336s] -- Install configuration: ""
[0.342s] -- Up-to-date: /home/parallels/ros2_ws/install/cpp_srvcli/lib/cpp_srvcli/server
[0.343s] -- Up-to-date: /home/parallels/ros2_ws/install/cpp_srvcli/lib/cpp_srvcli/client
[0.346s] -- Up-to-date: /home/parallels/ros2_ws/install/cpp_srvcli/share/ament_index/resource_index/package_run_dependencies/cpp_srvcli
[0.347s] -- Up-to-date: /home/parallels/ros2_ws/install/cpp_srvcli/share/ament_index/resource_index/parent_prefix_path/cpp_srvcli
[0.347s] -- Up-to-date: /home/parallels/ros2_ws/install/cpp_srvcli/share/cpp_srvcli/environment/ament_prefix_path.sh
[0.347s] -- Up-to-date: /home/parallels/ros2_ws/install/cpp_srvcli/share/cpp_srvcli/environment/ament_prefix_path.dsv
[0.347s] -- Up-to-date: /home/parallels/ros2_ws/install/cpp_srvcli/share/cpp_srvcli/environment/path.sh
[0.347s] -- Up-to-date: /home/parallels/ros2_ws/install/cpp_srvcli/share/cpp_srvcli/environment/path.dsv
[0.347s] -- Up-to-date: /home/parallels/ros2_ws/install/cpp_srvcli/share/cpp_srvcli/local_setup.bash
[0.347s] -- Up-to-date: /home/parallels/ros2_ws/install/cpp_srvcli/share/cpp_srvcli/local_setup.sh
[0.347s] -- Up-to-date: /home/parallels/ros2_ws/install/cpp_srvcli/share/cpp_srvcli/local_setup.zsh
[0.347s] -- Up-to-date: /home/parallels/ros2_ws/install/cpp_srvcli/share/cpp_srvcli/local_setup.dsv
[0.347s] -- Installing: /home/parallels/ros2_ws/install/cpp_srvcli/share/cpp_srvcli/package.dsv
[0.347s] -- Up-to-date: /home/parallels/ros2_ws/install/cpp_srvcli/share/ament_index/resource_index/packages/cpp_srvcli
[0.347s] -- Up-to-date: /home/parallels/ros2_ws/install/cpp_srvcli/share/cpp_srvcli/cmake/cpp_srvcliConfig.cmake
[0.347s] -- Up-to-date: /home/parallels/ros2_ws/install/cpp_srvcli/share/cpp_srvcli/cmake/cpp_srvcliConfig-version.cmake
[0.347s] -- Up-to-date: /home/parallels/ros2_ws/install/cpp_srvcli/share/cpp_srvcli/package.xml
[0.412s] Invoked command in '/home/parallels/ros2_ws/build/cpp_srvcli' returned '0': CMAKE_PREFIX_PATH=/opt/ros/humble /usr/bin/cmake --install /home/parallels/ros2_ws/build/cpp_srvcli
