[0.860s] Invoking command in '/home/parallels/ros2_ws/src/py_srvcli': PYTHONPATH=/home/parallels/ros2_ws/build/py_srvcli/prefix_override:/home/parallels/ros2_ws/install/py_srvcli/lib/python3.10/site-packages:${PYTHONPATH} /usr/bin/python3 setup.py egg_info --egg-base ../../build/py_srvcli build --build-base /home/parallels/ros2_ws/build/py_srvcli/build install --record /home/parallels/ros2_ws/build/py_srvcli/install.log --single-version-externally-managed
[1.120s] running egg_info
[1.121s] writing ../../build/py_srvcli/py_srvcli.egg-info/PKG-INFO
[1.121s] writing dependency_links to ../../build/py_srvcli/py_srvcli.egg-info/dependency_links.txt
[1.121s] writing entry points to ../../build/py_srvcli/py_srvcli.egg-info/entry_points.txt
[1.123s] writing requirements to ../../build/py_srvcli/py_srvcli.egg-info/requires.txt
[1.123s] writing top-level names to ../../build/py_srvcli/py_srvcli.egg-info/top_level.txt
[1.126s] reading manifest file '../../build/py_srvcli/py_srvcli.egg-info/SOURCES.txt'
[1.126s] adding license file 'LICENSE'
[1.126s] writing manifest file '../../build/py_srvcli/py_srvcli.egg-info/SOURCES.txt'
[1.128s] /usr/lib/python3/dist-packages/setuptools/command/install.py:34: SetuptoolsDeprecationWarning: setup.py install is deprecated. Use build and pip and other standards-based tools.
[1.128s]   warnings.warn(
[1.128s] running build
[1.128s] running build_py
[1.128s] running install
[1.129s] running install_lib
[1.130s] running install_data
[1.130s] running install_egg_info
[1.132s] removing '/home/parallels/ros2_ws/install/py_srvcli/lib/python3.10/site-packages/py_srvcli-0.0.0-py3.10.egg-info' (and everything under it)
[1.140s] Copying ../../build/py_srvcli/py_srvcli.egg-info to /home/parallels/ros2_ws/install/py_srvcli/lib/python3.10/site-packages/py_srvcli-0.0.0-py3.10.egg-info
[1.140s] running install_scripts
[1.159s] Installing client script to /home/parallels/ros2_ws/install/py_srvcli/lib/py_srvcli
[1.160s] Installing service script to /home/parallels/ros2_ws/install/py_srvcli/lib/py_srvcli
[1.160s] writing list of installed files to '/home/parallels/ros2_ws/build/py_srvcli/install.log'
[1.184s] Invoked command in '/home/parallels/ros2_ws/src/py_srvcli' returned '0': PYTHONPATH=/home/parallels/ros2_ws/build/py_srvcli/prefix_override:/home/parallels/ros2_ws/install/py_srvcli/lib/python3.10/site-packages:${PYTHONPATH} /usr/bin/python3 setup.py egg_info --egg-base ../../build/py_srvcli build --build-base /home/parallels/ros2_ws/build/py_srvcli/build install --record /home/parallels/ros2_ws/build/py_srvcli/install.log --single-version-externally-managed
