[35m[1mConsolidate compiler generated dependencies of target cpp_pubsub__rosidl_generator_c[0m
[  2%] Built target cpp_pubsub__cpp
[ 11%] Built target cpp_pubsub__rosidl_generator_c
[35m[1mConsolidate compiler generated dependencies of target talker[0m
[ 11%] Built target ament_cmake_python_copy_cpp_pubsub
[ 14%] [32mBuilding CXX object CMakeFiles/talker.dir/src/publisher_member_function.cpp.o[0m
[35m[1mConsolidate compiler generated dependencies of target listener[0m
[ 20%] Built target listener
[35m[1mConsolidate compiler generated dependencies of target cpp_pubsub__rosidl_typesupport_cpp[0m
[ 28%] Built target cpp_pubsub__rosidl_typesupport_cpp
[35m[1mConsolidate compiler generated dependencies of target cpp_pubsub__rosidl_typesupport_fastrtps_c[0m
[ 37%] Built target cpp_pubsub__rosidl_typesupport_fastrtps_c
[35m[1mConsolidate compiler generated dependencies of target cpp_pubsub__rosidl_typesupport_fastrtps_cpp[0m
[ 45%] Built target cpp_pubsub__rosidl_typesupport_fastrtps_cpp
[35m[1mConsolidate compiler generated dependencies of target cpp_pubsub__rosidl_typesupport_introspection_c[0m
[ 54%] Built target cpp_pubsub__rosidl_typesupport_introspection_c
[35m[1mConsolidate compiler generated dependencies of target cpp_pubsub__rosidl_typesupport_c[0m
[ 62%] Built target cpp_pubsub__rosidl_typesupport_c
[35m[1mConsolidate compiler generated dependencies of target cpp_pubsub__rosidl_typesupport_introspection_cpp[0m
[ 71%] Built target cpp_pubsub__rosidl_typesupport_introspection_cpp
running egg_info
writing cpp_pubsub.egg-info/PKG-INFO
writing dependency_links to cpp_pubsub.egg-info/dependency_links.txt
writing top-level names to cpp_pubsub.egg-info/top_level.txt
reading manifest file 'cpp_pubsub.egg-info/SOURCES.txt'
writing manifest file 'cpp_pubsub.egg-info/SOURCES.txt'
[ 71%] Built target ament_cmake_python_build_cpp_pubsub_egg
